WARNING: Parsing of '.cfg' files as command line arguments is changing!
          Set the environment variable 'export DIRAC_NO_CFG=1' to pass the file as a positional
          argument (this will become the default).
          To modify the local configuration use '--cfg <configfile>' instead.
2025-08-27T00:16:56,047965Z dirac-jobexec INFO: JobID: 1164943142
2025-08-27T00:16:56,058804Z dirac-jobexec INFO: DIRAC JobID 1164943142 is running at site LCG.GRIDKA.de
Executing StepInstance RunScriptStep1 of type ScriptStep1 ['ScriptStep1']
2025-08-27T00:16:58,472983Z dirac-jobexec/CreateDataFile INFO: ===== Executing 12.0.0a30 ===== 
2025-08-27T00:16:58,474263Z dirac-jobexec INFO: Running in MultiProcessor is not allowed here
2025-08-27T00:16:58,474460Z dirac-jobexec/CreateDataFile INFO: Creating Ganga data file data.py from scratch
2025-08-27T00:16:58,819231Z dirac-jobexec/CreateDataFile INFO: Created Ganga data file data.py
2025-08-27T00:16:58,819527Z dirac-jobexec/CreateDataFile INFO: ===== Terminating 12.0.0a30 ===== 
2025-08-27T00:16:58,827755Z dirac-jobexec/LHCbScript INFO: Command is: /cvmfs/lhcb.cern.ch/lhcbdirac/versions/v12.0.0a30-1755085183/Linux-x86_64/bin/python3 jobScript/GaudiExec_afernez_Job_520.16_d9df1e39-3852-412e-950a-87fad13ae701_script.py
2025-08-27T00:23:48,588999Z dirac-jobexec/LHCbScript INFO: /cvmfs/lhcb.cern.ch/lhcbdirac/versions/v12.0.0a30-1755085183/Linux-x86_64/bin/python3 jobScript/GaudiExec_afernez_Job_520.16_d9df1e39-3852-412e-950a-87fad13ae701_script.py execution completed with status 0
2025-08-27T00:23:48,590586Z dirac-jobexec/LHCbScript INFO: Output written to Script1_Ganga_GaudiExec.log, execution complete.
2025-08-27T00:23:48,805724Z dirac-jobexec/LHCbScript INFO: GaudiExec successful
2025-08-27T00:23:48,806580Z dirac-jobexec/LHCbScript INFO: ===== Terminating <class 'LHCbDIRAC.Workflow.Modules.LHCbScript.LHCbScript'> ===== 
2025-08-27T00:23:48,818823Z dirac-jobexec/FileUsage INFO: ===== Executing 12.0.0a30 ===== 
2025-08-27T00:23:48,819630Z dirac-jobexec/FileUsage INFO: Popularity report =  {'/lhcb/MC/2016/ALLSTREAMS.DST/00173812/0000/': 1}
2025-08-27T00:23:48,944055Z dirac-jobexec/FileUsage INFO: Reporting input file usage successful!
2025-08-27T00:23:48,946006Z dirac-jobexec/FileUsage INFO: ===== Terminating 12.0.0a30 ===== 
2025-08-27T00:23:48,963706Z dirac-jobexec/UserJobFinalization INFO: ===== Executing 12.0.0a30 ===== 
2025-08-27T00:23:48,964100Z dirac-jobexec/DIRAC.DataManagementSystem.Utilities.ResolveSE INFO: Resolving workflow output SE description Tier1-USER
2025-08-27T00:23:48,977924Z dirac-jobexec/DIRAC.DataManagementSystem.Utilities.ResolveSE INFO: Found SEs, local first: ['GRIDKA-USER', 'CNAF-USER', 'PIC-USER', 'SARA-USER', 'RAL-USER', 'IN2P3-USER', 'CERN-USER']
2025-08-27T00:23:48,978251Z dirac-jobexec/DIRAC.DataManagementSystem.Utilities.ResolveSE INFO: Resolving workflow output SE description Tier1-Failover
2025-08-27T00:23:48,982188Z dirac-jobexec/DIRAC.DataManagementSystem.Utilities.ResolveSE INFO: Found SEs, local first: ['GRIDKA-FAILOVER', 'RAL-FAILOVER', 'SARA-FAILOVER', 'CERN-EOS-FAILOVER', 'PIC-FAILOVER', 'IN2P3-FAILOVER', 'CNAF-FAILOVER']
2025-08-27T00:23:48,983066Z dirac-jobexec/UserJobFinalization INFO: User specified output file list is: *.root
2025-08-27T00:23:48,984109Z dirac-jobexec/UserJobFinalization INFO: Found a pattern in the output data file list,           extra files to upload are: mc.root
2025-08-27T00:23:48,984238Z dirac-jobexec/UserJobFinalization INFO: Final list of files to upload are: mc.root
2025-08-27T00:23:48,984364Z dirac-jobexec/UserJobFinalization INFO: Constructing user output LFN(s) for mc.root
2025-08-27T00:23:49,170096Z dirac-jobexec/ProductionData INFO: Created the following output data LFN(s):
/lhcb/user/a/afernez/2025_08/1164943/1164943142/mc.root
2025-08-27T00:23:49,170717Z dirac-jobexec/UserJobFinalization INFO: No outputDataFileMask provided, the files with all the extensions will be considered
2025-08-27T00:23:49,170836Z dirac-jobexec/UserJobFinalization INFO: No outputDataStep provided, the files output of all the steps will be considered
2025-08-27T00:23:49,170946Z dirac-jobexec/UserJobFinalization INFO: Will search for POOL GUIDs for: mc.root
2025-08-27T00:23:49,449768Z dirac-jobexec INFO: GUIDs not found from POOL XML Catalogue (and were generated) for: mc.root
2025-08-27T00:23:49,450158Z dirac-jobexec/UserJobFinalization WARN: PoolXMLFile generated GUID(s) for the following files  mc.root
2025-08-27T00:23:49,451730Z dirac-jobexec/DIRAC.DataManagementSystem.Utilities.ResolveSE INFO: Resolving workflow output SE description Tier1-USER
2025-08-27T00:23:49,456492Z dirac-jobexec/DIRAC.DataManagementSystem.Utilities.ResolveSE INFO: Found eligible local SE ['GRIDKA-USER']
2025-08-27T00:23:49,456834Z dirac-jobexec/UserJobFinalization INFO: Ordered list of output SEs is: GRIDKA-USER, RAL-USER, SARA-USER, PIC-USER, CNAF-USER, IN2P3-USER, CERN-USER
2025-08-27T00:23:49,456946Z dirac-jobexec/UserJobFinalization INFO: Creating DISABLE_WATCHDOG_CPU_WALLCLOCK_CHECK in order to disable the Watchdog
2025-08-27T00:23:49,457463Z dirac-jobexec/UserJobFinalization INFO: Attempting to store mc.root to the following SE(s): GRIDKA-USER, RAL-USER, SARA-USER, PIC-USER, CNAF-USER, IN2P3-USER, CERN-USER
2025-08-27T00:23:49,457601Z dirac-jobexec/FailoverTransfer INFO: Attempting dm.putAndRegister ('/lhcb/user/a/afernez/2025_08/1164943/1164943142/mc.root','/tmp/1164943142/mc.root','GRIDKA-USER',guid='720C3591-3D25-4AA1-CE8E-414F5223ADEE',catalog='None', checksum = '7148fe3d')
2025-08-27T00:23:51,179646Z dirac-jobexec/FailoverTransfer INFO: dm.putAndRegister successfully uploaded and registered mc.root to GRIDKA-USER
2025-08-27T00:23:51,502537Z dirac-jobexec/UserJobFinalization INFO: ===== Terminating 12.0.0a30 ===== 
