WARNING: Parsing of '.cfg' files as command line arguments is changing!
          Set the environment variable 'export DIRAC_NO_CFG=1' to pass the file as a positional
          argument (this will become the default).
          To modify the local configuration use '--cfg <configfile>' instead.
2025-08-26T23:38:23,981931Z dirac-jobexec INFO: JobID: 1164942873
2025-08-26T23:38:23,990477Z dirac-jobexec INFO: DIRAC JobID 1164942873 is running at site LCG.RAL.uk
Executing StepInstance RunScriptStep1 of type ScriptStep1 ['ScriptStep1']
2025-08-26T23:38:26,753530Z dirac-jobexec/CreateDataFile INFO: ===== Executing 12.0.0a30 ===== 
2025-08-26T23:38:26,754993Z dirac-jobexec INFO: Running in MultiProcessor is not allowed here
2025-08-26T23:38:26,755219Z dirac-jobexec/CreateDataFile INFO: Creating Ganga data file data.py from scratch
2025-08-26T23:38:27,070919Z dirac-jobexec/CreateDataFile INFO: Created Ganga data file data.py
2025-08-26T23:38:27,071133Z dirac-jobexec/CreateDataFile INFO: ===== Terminating 12.0.0a30 ===== 
2025-08-26T23:38:27,098198Z dirac-jobexec/LHCbScript INFO: Command is: /cvmfs/lhcb.cern.ch/lhcbdirac/versions/v12.0.0a30-1755085183/Linux-x86_64/bin/python3 jobScript/GaudiExec_afernez_Job_511.6_8c77bce8-520e-4300-882d-a080f63d115a_script.py
2025-08-27T05:28:34,202759Z dirac-jobexec/LHCbScript INFO: /cvmfs/lhcb.cern.ch/lhcbdirac/versions/v12.0.0a30-1755085183/Linux-x86_64/bin/python3 jobScript/GaudiExec_afernez_Job_511.6_8c77bce8-520e-4300-882d-a080f63d115a_script.py execution completed with status 0
2025-08-27T05:28:34,203652Z dirac-jobexec/LHCbScript INFO: Output written to Script1_Ganga_GaudiExec.log, execution complete.
2025-08-27T05:28:34,760151Z dirac-jobexec/LHCbScript INFO: GaudiExec successful
2025-08-27T05:28:34,766923Z dirac-jobexec/LHCbScript INFO: ===== Terminating <class 'LHCbDIRAC.Workflow.Modules.LHCbScript.LHCbScript'> ===== 
2025-08-27T05:28:34,877052Z dirac-jobexec/FileUsage INFO: ===== Executing 12.0.0a30 ===== 
2025-08-27T05:28:34,877552Z dirac-jobexec/FileUsage INFO: Popularity report =  {'/lhcb/MC/2016/D0TAUNU.SAFESTRIPTRIG.DST/00140819/0000/': 3}
2025-08-27T05:28:35,075341Z dirac-jobexec/FileUsage INFO: Reporting input file usage successful!
2025-08-27T05:28:35,075866Z dirac-jobexec/FileUsage INFO: ===== Terminating 12.0.0a30 ===== 
2025-08-27T05:28:35,083248Z dirac-jobexec/UserJobFinalization INFO: ===== Executing 12.0.0a30 ===== 
2025-08-27T05:28:35,083757Z dirac-jobexec/DIRAC.DataManagementSystem.Utilities.ResolveSE INFO: Resolving workflow output SE description Tier1-USER
2025-08-27T05:28:35,091849Z dirac-jobexec/DIRAC.DataManagementSystem.Utilities.ResolveSE INFO: Found SEs, local first: ['RAL-USER', 'IN2P3-USER', 'SARA-USER', 'CNAF-USER', 'PIC-USER', 'CERN-USER', 'GRIDKA-USER']
2025-08-27T05:28:35,092287Z dirac-jobexec/DIRAC.DataManagementSystem.Utilities.ResolveSE INFO: Resolving workflow output SE description Tier1-Failover
2025-08-27T05:28:35,097112Z dirac-jobexec/DIRAC.DataManagementSystem.Utilities.ResolveSE INFO: Found SEs, local first: ['RAL-FAILOVER', 'GRIDKA-FAILOVER', 'CERN-EOS-FAILOVER', 'CNAF-FAILOVER', 'PIC-FAILOVER', 'IN2P3-FAILOVER', 'SARA-FAILOVER']
2025-08-27T05:28:35,097683Z dirac-jobexec/UserJobFinalization INFO: User specified output file list is: *.root
2025-08-27T05:28:35,098521Z dirac-jobexec/UserJobFinalization INFO: Found a pattern in the output data file list,           extra files to upload are: mc.root
2025-08-27T05:28:35,098716Z dirac-jobexec/UserJobFinalization INFO: Final list of files to upload are: mc.root
2025-08-27T05:28:35,099048Z dirac-jobexec/UserJobFinalization INFO: Constructing user output LFN(s) for mc.root
2025-08-27T05:28:35,336403Z dirac-jobexec/ProductionData INFO: Created the following output data LFN(s):
/lhcb/user/a/afernez/2025_08/1164942/1164942873/mc.root
2025-08-27T05:28:35,337444Z dirac-jobexec/UserJobFinalization INFO: No outputDataFileMask provided, the files with all the extensions will be considered
2025-08-27T05:28:35,337661Z dirac-jobexec/UserJobFinalization INFO: No outputDataStep provided, the files output of all the steps will be considered
2025-08-27T05:28:35,338021Z dirac-jobexec/UserJobFinalization INFO: Will search for POOL GUIDs for: mc.root
2025-08-27T05:28:35,637455Z dirac-jobexec INFO: GUIDs not found from POOL XML Catalogue (and were generated) for: mc.root
2025-08-27T05:28:35,638259Z dirac-jobexec/UserJobFinalization WARN: PoolXMLFile generated GUID(s) for the following files  mc.root
2025-08-27T05:28:36,012762Z dirac-jobexec/DIRAC.DataManagementSystem.Utilities.ResolveSE INFO: Resolving workflow output SE description Tier1-USER
2025-08-27T05:28:36,019910Z dirac-jobexec/DIRAC.DataManagementSystem.Utilities.ResolveSE INFO: Found eligible local SE ['RAL-USER']
2025-08-27T05:28:36,020579Z dirac-jobexec/UserJobFinalization INFO: Ordered list of output SEs is: RAL-USER, IN2P3-USER, GRIDKA-USER, CNAF-USER, CERN-USER, PIC-USER, SARA-USER
2025-08-27T05:28:36,021290Z dirac-jobexec/UserJobFinalization INFO: Creating DISABLE_WATCHDOG_CPU_WALLCLOCK_CHECK in order to disable the Watchdog
2025-08-27T05:28:36,021974Z dirac-jobexec/UserJobFinalization INFO: Attempting to store mc.root to the following SE(s): RAL-USER, IN2P3-USER, GRIDKA-USER, CNAF-USER, CERN-USER, PIC-USER, SARA-USER
2025-08-27T05:28:36,022096Z dirac-jobexec/FailoverTransfer INFO: Attempting dm.putAndRegister ('/lhcb/user/a/afernez/2025_08/1164942/1164942873/mc.root','/tmp/1164942873/mc.root','RAL-USER',guid='FEEDF8AC-EFE6-A6FD-0C2C-3678EAF0BA36',catalog='None', checksum = 'c753efbb')
2025-08-27T05:28:55,914233Z dirac-jobexec/FailoverTransfer INFO: dm.putAndRegister successfully uploaded and registered mc.root to RAL-USER
2025-08-27T05:28:56,414298Z dirac-jobexec/UserJobFinalization INFO: ===== Terminating 12.0.0a30 ===== 
