WARNING: Parsing of '.cfg' files as command line arguments is changing!
          Set the environment variable 'export DIRAC_NO_CFG=1' to pass the file as a positional
          argument (this will become the default).
          To modify the local configuration use '--cfg <configfile>' instead.
2025-08-27T00:52:47,996884Z dirac-jobexec INFO: JobID: 1164943141
2025-08-27T00:52:48,001252Z dirac-jobexec INFO: DIRAC JobID 1164943141 is running at site LCG.CNAF.it
Executing StepInstance RunScriptStep1 of type ScriptStep1 ['ScriptStep1']
2025-08-27T00:52:49,134790Z dirac-jobexec/CreateDataFile INFO: ===== Executing 12.0.0a30 ===== 
2025-08-27T00:52:49,135393Z dirac-jobexec INFO: Running in MultiProcessor is not allowed here
2025-08-27T00:52:49,135471Z dirac-jobexec/CreateDataFile INFO: Creating Ganga data file data.py from scratch
2025-08-27T00:52:49,520375Z dirac-jobexec/CreateDataFile INFO: Created Ganga data file data.py
2025-08-27T00:52:49,520960Z dirac-jobexec/CreateDataFile INFO: ===== Terminating 12.0.0a30 ===== 
2025-08-27T00:52:49,525032Z dirac-jobexec/LHCbScript INFO: Command is: /cvmfs/lhcb.cern.ch/lhcbdirac/versions/v12.0.0a30-1755085183/Linux-x86_64/bin/python3 jobScript/GaudiExec_afernez_Job_520.15_d9df1e39-3852-412e-950a-87fad13ae701_script.py
2025-08-27T01:01:27,678897Z dirac-jobexec/LHCbScript INFO: /cvmfs/lhcb.cern.ch/lhcbdirac/versions/v12.0.0a30-1755085183/Linux-x86_64/bin/python3 jobScript/GaudiExec_afernez_Job_520.15_d9df1e39-3852-412e-950a-87fad13ae701_script.py execution completed with status 0
2025-08-27T01:01:27,680025Z dirac-jobexec/LHCbScript INFO: Output written to Script1_Ganga_GaudiExec.log, execution complete.
2025-08-27T01:01:28,046943Z dirac-jobexec/LHCbScript INFO: GaudiExec successful
2025-08-27T01:01:28,047722Z dirac-jobexec/LHCbScript INFO: ===== Terminating <class 'LHCbDIRAC.Workflow.Modules.LHCbScript.LHCbScript'> ===== 
2025-08-27T01:01:28,055052Z dirac-jobexec/FileUsage INFO: ===== Executing 12.0.0a30 ===== 
2025-08-27T01:01:28,055746Z dirac-jobexec/FileUsage INFO: Popularity report =  {'/lhcb/MC/2016/ALLSTREAMS.DST/00173812/0000/': 3}
2025-08-27T01:01:28,235878Z dirac-jobexec/FileUsage INFO: Reporting input file usage successful!
2025-08-27T01:01:28,236479Z dirac-jobexec/FileUsage INFO: ===== Terminating 12.0.0a30 ===== 
2025-08-27T01:01:28,240381Z dirac-jobexec/UserJobFinalization INFO: ===== Executing 12.0.0a30 ===== 
2025-08-27T01:01:28,240795Z dirac-jobexec/DIRAC.DataManagementSystem.Utilities.ResolveSE INFO: Resolving workflow output SE description Tier1-USER
2025-08-27T01:01:28,244363Z dirac-jobexec/DIRAC.DataManagementSystem.Utilities.ResolveSE INFO: Found SEs, local first: ['CNAF-USER', 'IN2P3-USER', 'CERN-USER', 'GRIDKA-USER', 'PIC-USER', 'SARA-USER', 'RAL-USER']
2025-08-27T01:01:28,244667Z dirac-jobexec/DIRAC.DataManagementSystem.Utilities.ResolveSE INFO: Resolving workflow output SE description Tier1-Failover
2025-08-27T01:01:28,246590Z dirac-jobexec/DIRAC.DataManagementSystem.Utilities.ResolveSE INFO: Found SEs, local first: ['CNAF-FAILOVER', 'PIC-FAILOVER', 'CERN-EOS-FAILOVER', 'IN2P3-FAILOVER', 'SARA-FAILOVER', 'GRIDKA-FAILOVER', 'RAL-FAILOVER']
2025-08-27T01:01:28,246953Z dirac-jobexec/UserJobFinalization INFO: User specified output file list is: *.root
2025-08-27T01:01:28,247416Z dirac-jobexec/UserJobFinalization INFO: Found a pattern in the output data file list,           extra files to upload are: mc.root
2025-08-27T01:01:28,247603Z dirac-jobexec/UserJobFinalization INFO: Final list of files to upload are: mc.root
2025-08-27T01:01:28,247779Z dirac-jobexec/UserJobFinalization INFO: Constructing user output LFN(s) for mc.root
2025-08-27T01:01:28,424955Z dirac-jobexec/ProductionData INFO: Created the following output data LFN(s):
/lhcb/user/a/afernez/2025_08/1164943/1164943141/mc.root
2025-08-27T01:01:28,425652Z dirac-jobexec/UserJobFinalization INFO: No outputDataFileMask provided, the files with all the extensions will be considered
2025-08-27T01:01:28,426044Z dirac-jobexec/UserJobFinalization INFO: No outputDataStep provided, the files output of all the steps will be considered
2025-08-27T01:01:28,426285Z dirac-jobexec/UserJobFinalization INFO: Will search for POOL GUIDs for: mc.root
2025-08-27T01:01:28,535676Z dirac-jobexec INFO: GUIDs not found from POOL XML Catalogue (and were generated) for: mc.root
2025-08-27T01:01:28,536441Z dirac-jobexec/UserJobFinalization WARN: PoolXMLFile generated GUID(s) for the following files  mc.root
2025-08-27T01:01:28,539142Z dirac-jobexec/DIRAC.DataManagementSystem.Utilities.ResolveSE INFO: Resolving workflow output SE description Tier1-USER
2025-08-27T01:01:28,542119Z dirac-jobexec/DIRAC.DataManagementSystem.Utilities.ResolveSE INFO: Found eligible local SE ['CNAF-USER']
2025-08-27T01:01:28,542514Z dirac-jobexec/UserJobFinalization INFO: Ordered list of output SEs is: CNAF-USER, CERN-USER, PIC-USER, SARA-USER, GRIDKA-USER, RAL-USER, IN2P3-USER
2025-08-27T01:01:28,542783Z dirac-jobexec/UserJobFinalization INFO: Creating DISABLE_WATCHDOG_CPU_WALLCLOCK_CHECK in order to disable the Watchdog
2025-08-27T01:01:28,543258Z dirac-jobexec/UserJobFinalization INFO: Attempting to store mc.root to the following SE(s): CNAF-USER, CERN-USER, PIC-USER, SARA-USER, GRIDKA-USER, RAL-USER, IN2P3-USER
2025-08-27T01:01:28,543475Z dirac-jobexec/FailoverTransfer INFO: Attempting dm.putAndRegister ('/lhcb/user/a/afernez/2025_08/1164943/1164943141/mc.root','/tmp/1164943141/mc.root','CNAF-USER',guid='3A769259-8302-FF0B-1979-B157BFB4D0D8',catalog='None', checksum = '45f8cb9a')
2025-08-27T01:01:32,601584Z dirac-jobexec/FailoverTransfer INFO: dm.putAndRegister successfully uploaded and registered mc.root to CNAF-USER
2025-08-27T01:01:32,952721Z dirac-jobexec/UserJobFinalization INFO: ===== Terminating 12.0.0a30 ===== 
