WARNING: Parsing of '.cfg' files as command line arguments is changing!
          Set the environment variable 'export DIRAC_NO_CFG=1' to pass the file as a positional
          argument (this will become the default).
          To modify the local configuration use '--cfg <configfile>' instead.
2025-08-26T23:21:06,019233Z dirac-jobexec INFO: JobID: 1164942674
2025-08-26T23:21:06,043585Z dirac-jobexec INFO: DIRAC JobID 1164942674 is running at site LCG.GRIDKA.de
Executing StepInstance RunScriptStep1 of type ScriptStep1 ['ScriptStep1']
2025-08-26T23:21:08,486108Z dirac-jobexec/CreateDataFile INFO: ===== Executing 12.0.0a30 ===== 
2025-08-26T23:21:08,487373Z dirac-jobexec INFO: Running in MultiProcessor is not allowed here
2025-08-26T23:21:08,487555Z dirac-jobexec/CreateDataFile INFO: Creating Ganga data file data.py from scratch
2025-08-26T23:21:08,738289Z dirac-jobexec/CreateDataFile INFO: Created Ganga data file data.py
2025-08-26T23:21:08,738552Z dirac-jobexec/CreateDataFile INFO: ===== Terminating 12.0.0a30 ===== 
2025-08-26T23:21:08,747557Z dirac-jobexec/LHCbScript INFO: Command is: /cvmfs/lhcb.cern.ch/lhcbdirac/versions/v12.0.0a30-1755085183/Linux-x86_64/bin/python3 jobScript/GaudiExec_afernez_Job_500.1_8a75fd92-f9de-49f4-9868-0f8bb3727444_script.py
2025-08-27T04:23:29,532231Z dirac-jobexec/LHCbScript INFO: /cvmfs/lhcb.cern.ch/lhcbdirac/versions/v12.0.0a30-1755085183/Linux-x86_64/bin/python3 jobScript/GaudiExec_afernez_Job_500.1_8a75fd92-f9de-49f4-9868-0f8bb3727444_script.py execution completed with status 0
2025-08-27T04:23:29,535291Z dirac-jobexec/LHCbScript INFO: Output written to Script1_Ganga_GaudiExec.log, execution complete.
2025-08-27T04:23:29,768234Z dirac-jobexec/LHCbScript INFO: GaudiExec successful
2025-08-27T04:23:29,773913Z dirac-jobexec/LHCbScript INFO: ===== Terminating <class 'LHCbDIRAC.Workflow.Modules.LHCbScript.LHCbScript'> ===== 
2025-08-27T04:23:29,971209Z dirac-jobexec/FileUsage INFO: ===== Executing 12.0.0a30 ===== 
2025-08-27T04:23:29,971740Z dirac-jobexec/FileUsage INFO: Popularity report =  {'/lhcb/MC/2016/D0TAUNU.SAFESTRIPTRIG.DST/00140822/0000/': 3}
2025-08-27T04:23:30,099738Z dirac-jobexec/FileUsage INFO: Reporting input file usage successful!
2025-08-27T04:23:30,100287Z dirac-jobexec/FileUsage INFO: ===== Terminating 12.0.0a30 ===== 
2025-08-27T04:23:30,105218Z dirac-jobexec/UserJobFinalization INFO: ===== Executing 12.0.0a30 ===== 
2025-08-27T04:23:30,105377Z dirac-jobexec/DIRAC.DataManagementSystem.Utilities.ResolveSE INFO: Resolving workflow output SE description Tier1-USER
2025-08-27T04:23:30,113216Z dirac-jobexec/DIRAC.DataManagementSystem.Utilities.ResolveSE INFO: Found SEs, local first: ['GRIDKA-USER', 'CERN-USER', 'PIC-USER', 'SARA-USER', 'RAL-USER', 'IN2P3-USER', 'CNAF-USER']
2025-08-27T04:23:30,113329Z dirac-jobexec/DIRAC.DataManagementSystem.Utilities.ResolveSE INFO: Resolving workflow output SE description Tier1-Failover
2025-08-27T04:23:30,115775Z dirac-jobexec/DIRAC.DataManagementSystem.Utilities.ResolveSE INFO: Found SEs, local first: ['GRIDKA-FAILOVER', 'IN2P3-FAILOVER', 'RAL-FAILOVER', 'SARA-FAILOVER', 'PIC-FAILOVER', 'CNAF-FAILOVER', 'CERN-EOS-FAILOVER']
2025-08-27T04:23:30,116075Z dirac-jobexec/UserJobFinalization INFO: User specified output file list is: *.root
2025-08-27T04:23:30,116898Z dirac-jobexec/UserJobFinalization INFO: Found a pattern in the output data file list,           extra files to upload are: mc.root
2025-08-27T04:23:30,116964Z dirac-jobexec/UserJobFinalization INFO: Final list of files to upload are: mc.root
2025-08-27T04:23:30,117011Z dirac-jobexec/UserJobFinalization INFO: Constructing user output LFN(s) for mc.root
2025-08-27T04:23:30,252918Z dirac-jobexec/ProductionData INFO: Created the following output data LFN(s):
/lhcb/user/a/afernez/2025_08/1164942/1164942674/mc.root
2025-08-27T04:23:30,253407Z dirac-jobexec/UserJobFinalization INFO: No outputDataFileMask provided, the files with all the extensions will be considered
2025-08-27T04:23:30,253490Z dirac-jobexec/UserJobFinalization INFO: No outputDataStep provided, the files output of all the steps will be considered
2025-08-27T04:23:30,253600Z dirac-jobexec/UserJobFinalization INFO: Will search for POOL GUIDs for: mc.root
2025-08-27T04:23:30,542333Z dirac-jobexec INFO: GUIDs not found from POOL XML Catalogue (and were generated) for: mc.root
2025-08-27T04:23:30,542626Z dirac-jobexec/UserJobFinalization WARN: PoolXMLFile generated GUID(s) for the following files  mc.root
2025-08-27T04:23:30,919504Z dirac-jobexec/DIRAC.DataManagementSystem.Utilities.ResolveSE INFO: Resolving workflow output SE description Tier1-USER
2025-08-27T04:23:30,926395Z dirac-jobexec/DIRAC.DataManagementSystem.Utilities.ResolveSE INFO: Found eligible local SE ['GRIDKA-USER']
2025-08-27T04:23:30,926645Z dirac-jobexec/UserJobFinalization INFO: Ordered list of output SEs is: GRIDKA-USER, IN2P3-USER, CNAF-USER, SARA-USER, RAL-USER, CERN-USER, PIC-USER
2025-08-27T04:23:30,926780Z dirac-jobexec/UserJobFinalization INFO: Creating DISABLE_WATCHDOG_CPU_WALLCLOCK_CHECK in order to disable the Watchdog
2025-08-27T04:23:30,927413Z dirac-jobexec/UserJobFinalization INFO: Attempting to store mc.root to the following SE(s): GRIDKA-USER, IN2P3-USER, CNAF-USER, SARA-USER, RAL-USER, CERN-USER, PIC-USER
2025-08-27T04:23:30,927532Z dirac-jobexec/FailoverTransfer INFO: Attempting dm.putAndRegister ('/lhcb/user/a/afernez/2025_08/1164942/1164942674/mc.root','/tmp/1164942674/mc.root','GRIDKA-USER',guid='F733E9DC-20FD-FB05-9C39-4D88E874A9E8',catalog='None', checksum = 'b85d8e69')
2025-08-27T04:23:33,730111Z dirac-jobexec/FailoverTransfer INFO: dm.putAndRegister successfully uploaded and registered mc.root to GRIDKA-USER
2025-08-27T04:23:34,072873Z dirac-jobexec/UserJobFinalization INFO: ===== Terminating 12.0.0a30 ===== 
