WARNING: Parsing of '.cfg' files as command line arguments is changing!
          Set the environment variable 'export DIRAC_NO_CFG=1' to pass the file as a positional
          argument (this will become the default).
          To modify the local configuration use '--cfg <configfile>' instead.
2025-08-26T23:55:15,223232Z dirac-jobexec INFO: JobID: 1164942881
2025-08-26T23:55:15,232996Z dirac-jobexec INFO: DIRAC JobID 1164942881 is running at site LCG.CERN.cern
Executing StepInstance RunScriptStep1 of type ScriptStep1 ['ScriptStep1']
2025-08-26T23:55:17,096700Z dirac-jobexec/CreateDataFile INFO: ===== Executing 12.0.0a30 ===== 
2025-08-26T23:55:17,097985Z dirac-jobexec INFO: Running in MultiProcessor is not allowed here
2025-08-26T23:55:17,098136Z dirac-jobexec/CreateDataFile INFO: Creating Ganga data file data.py from scratch
2025-08-26T23:55:17,272244Z dirac-jobexec/CreateDataFile INFO: Created Ganga data file data.py
2025-08-26T23:55:17,273090Z dirac-jobexec/CreateDataFile INFO: ===== Terminating 12.0.0a30 ===== 
2025-08-26T23:55:17,284816Z dirac-jobexec/LHCbScript INFO: Command is: /cvmfs/lhcb.cern.ch/lhcbdirac/versions/v12.0.0a30-1755085183/Linux-x86_64/bin/python3 jobScript/GaudiExec_afernez_Job_511.14_8c77bce8-520e-4300-882d-a080f63d115a_script.py
2025-08-27T00:42:44,627708Z dirac-jobexec/LHCbScript INFO: /cvmfs/lhcb.cern.ch/lhcbdirac/versions/v12.0.0a30-1755085183/Linux-x86_64/bin/python3 jobScript/GaudiExec_afernez_Job_511.14_8c77bce8-520e-4300-882d-a080f63d115a_script.py execution completed with status 0
2025-08-27T00:42:44,637678Z dirac-jobexec/LHCbScript INFO: Output written to Script1_Ganga_GaudiExec.log, execution complete.
2025-08-27T00:42:44,951314Z dirac-jobexec/LHCbScript INFO: GaudiExec successful
2025-08-27T00:42:44,956939Z dirac-jobexec/LHCbScript INFO: ===== Terminating <class 'LHCbDIRAC.Workflow.Modules.LHCbScript.LHCbScript'> ===== 
2025-08-27T00:42:45,056163Z dirac-jobexec/FileUsage INFO: ===== Executing 12.0.0a30 ===== 
2025-08-27T00:42:45,056614Z dirac-jobexec/FileUsage INFO: Popularity report =  {'/lhcb/MC/2016/D0TAUNU.SAFESTRIPTRIG.DST/00140819/0000/': 1}
2025-08-27T00:42:45,184604Z dirac-jobexec/FileUsage INFO: Reporting input file usage successful!
2025-08-27T00:42:45,184906Z dirac-jobexec/FileUsage INFO: ===== Terminating 12.0.0a30 ===== 
2025-08-27T00:42:45,190336Z dirac-jobexec/UserJobFinalization INFO: ===== Executing 12.0.0a30 ===== 
2025-08-27T00:42:45,190470Z dirac-jobexec/DIRAC.DataManagementSystem.Utilities.ResolveSE INFO: Resolving workflow output SE description Tier1-USER
2025-08-27T00:42:45,197532Z dirac-jobexec/DIRAC.DataManagementSystem.Utilities.ResolveSE INFO: Found SEs, local first: ['CERN-USER', 'IN2P3-USER', 'RAL-USER', 'PIC-USER', 'CNAF-USER', 'GRIDKA-USER', 'SARA-USER']
2025-08-27T00:42:45,197622Z dirac-jobexec/DIRAC.DataManagementSystem.Utilities.ResolveSE INFO: Resolving workflow output SE description Tier1-Failover
2025-08-27T00:42:45,201593Z dirac-jobexec/DIRAC.DataManagementSystem.Utilities.ResolveSE INFO: Found SEs, local first: ['CERN-EOS-FAILOVER', 'SARA-FAILOVER', 'GRIDKA-FAILOVER', 'PIC-FAILOVER', 'RAL-FAILOVER', 'IN2P3-FAILOVER', 'CNAF-FAILOVER']
2025-08-27T00:42:45,201830Z dirac-jobexec/UserJobFinalization INFO: User specified output file list is: *.root
2025-08-27T00:42:45,202264Z dirac-jobexec/UserJobFinalization INFO: Found a pattern in the output data file list,           extra files to upload are: mc.root
2025-08-27T00:42:45,202332Z dirac-jobexec/UserJobFinalization INFO: Final list of files to upload are: mc.root
2025-08-27T00:42:45,202387Z dirac-jobexec/UserJobFinalization INFO: Constructing user output LFN(s) for mc.root
2025-08-27T00:42:45,379495Z dirac-jobexec/ProductionData INFO: Created the following output data LFN(s):
/lhcb/user/a/afernez/2025_08/1164942/1164942881/mc.root
2025-08-27T00:42:45,379848Z dirac-jobexec/UserJobFinalization INFO: No outputDataFileMask provided, the files with all the extensions will be considered
2025-08-27T00:42:45,379916Z dirac-jobexec/UserJobFinalization INFO: No outputDataStep provided, the files output of all the steps will be considered
2025-08-27T00:42:45,379996Z dirac-jobexec/UserJobFinalization INFO: Will search for POOL GUIDs for: mc.root
2025-08-27T00:42:45,438876Z dirac-jobexec INFO: GUIDs not found from POOL XML Catalogue (and were generated) for: mc.root
2025-08-27T00:42:45,439186Z dirac-jobexec/UserJobFinalization WARN: PoolXMLFile generated GUID(s) for the following files  mc.root
2025-08-27T00:42:45,505218Z dirac-jobexec/DIRAC.DataManagementSystem.Utilities.ResolveSE INFO: Resolving workflow output SE description Tier1-USER
2025-08-27T00:42:45,511105Z dirac-jobexec/DIRAC.DataManagementSystem.Utilities.ResolveSE INFO: Found eligible local SE ['CERN-USER']
2025-08-27T00:42:45,511273Z dirac-jobexec/UserJobFinalization INFO: Ordered list of output SEs is: CERN-USER, IN2P3-USER, SARA-USER, GRIDKA-USER, CNAF-USER, RAL-USER, PIC-USER
2025-08-27T00:42:45,511357Z dirac-jobexec/UserJobFinalization INFO: Creating DISABLE_WATCHDOG_CPU_WALLCLOCK_CHECK in order to disable the Watchdog
2025-08-27T00:42:45,511772Z dirac-jobexec/UserJobFinalization INFO: Attempting to store mc.root to the following SE(s): CERN-USER, IN2P3-USER, SARA-USER, GRIDKA-USER, CNAF-USER, RAL-USER, PIC-USER
2025-08-27T00:42:45,511851Z dirac-jobexec/FailoverTransfer INFO: Attempting dm.putAndRegister ('/lhcb/user/a/afernez/2025_08/1164942/1164942881/mc.root','/tmp/1164942881/mc.root','CERN-USER',guid='4E143CDE-8D12-235A-281B-902D2D9E95BB',catalog='None', checksum = 'bfbb2bc4')
2025-08-27T00:42:47,250636Z dirac-jobexec/FailoverTransfer INFO: dm.putAndRegister successfully uploaded and registered mc.root to CERN-USER
2025-08-27T00:42:47,509990Z dirac-jobexec/UserJobFinalization INFO: ===== Terminating 12.0.0a30 ===== 
