WARNING: Parsing of '.cfg' files as command line arguments is changing!
          Set the environment variable 'export DIRAC_NO_CFG=1' to pass the file as a positional
          argument (this will become the default).
          To modify the local configuration use '--cfg <configfile>' instead.
2025-08-26T23:55:06,503075Z dirac-jobexec INFO: JobID: 1164942699
2025-08-26T23:55:06,514369Z dirac-jobexec INFO: DIRAC JobID 1164942699 is running at site LCG.CERN.cern
Executing StepInstance RunScriptStep1 of type ScriptStep1 ['ScriptStep1']
2025-08-26T23:55:08,539139Z dirac-jobexec/CreateDataFile INFO: ===== Executing 12.0.0a30 ===== 
2025-08-26T23:55:08,540034Z dirac-jobexec INFO: Running in MultiProcessor is not allowed here
2025-08-26T23:55:08,540166Z dirac-jobexec/CreateDataFile INFO: Creating Ganga data file data.py from scratch
2025-08-26T23:55:08,720561Z dirac-jobexec/CreateDataFile INFO: Created Ganga data file data.py
2025-08-26T23:55:08,720738Z dirac-jobexec/CreateDataFile INFO: ===== Terminating 12.0.0a30 ===== 
2025-08-26T23:55:08,726438Z dirac-jobexec/LHCbScript INFO: Command is: /cvmfs/lhcb.cern.ch/lhcbdirac/versions/v12.0.0a30-1755085183/Linux-x86_64/bin/python3 jobScript/GaudiExec_afernez_Job_501.3_c4b7d374-3967-41ba-bc35-1901373c3880_script.py
2025-08-27T03:37:10,940375Z dirac-jobexec/LHCbScript INFO: /cvmfs/lhcb.cern.ch/lhcbdirac/versions/v12.0.0a30-1755085183/Linux-x86_64/bin/python3 jobScript/GaudiExec_afernez_Job_501.3_c4b7d374-3967-41ba-bc35-1901373c3880_script.py execution completed with status 0
2025-08-27T03:37:10,942266Z dirac-jobexec/LHCbScript INFO: Output written to Script1_Ganga_GaudiExec.log, execution complete.
2025-08-27T03:37:11,161782Z dirac-jobexec/LHCbScript INFO: GaudiExec successful
2025-08-27T03:37:11,167503Z dirac-jobexec/LHCbScript INFO: ===== Terminating <class 'LHCbDIRAC.Workflow.Modules.LHCbScript.LHCbScript'> ===== 
2025-08-27T03:37:11,338673Z dirac-jobexec/FileUsage INFO: ===== Executing 12.0.0a30 ===== 
2025-08-27T03:37:11,339175Z dirac-jobexec/FileUsage INFO: Popularity report =  {'/lhcb/MC/2016/D0TAUNU.SAFESTRIPTRIG.DST/00140813/0000/': 3}
2025-08-27T03:37:11,420778Z dirac-jobexec/FileUsage INFO: Reporting input file usage successful!
2025-08-27T03:37:11,421108Z dirac-jobexec/FileUsage INFO: ===== Terminating 12.0.0a30 ===== 
2025-08-27T03:37:11,426834Z dirac-jobexec/UserJobFinalization INFO: ===== Executing 12.0.0a30 ===== 
2025-08-27T03:37:11,426980Z dirac-jobexec/DIRAC.DataManagementSystem.Utilities.ResolveSE INFO: Resolving workflow output SE description Tier1-USER
2025-08-27T03:37:11,435266Z dirac-jobexec/DIRAC.DataManagementSystem.Utilities.ResolveSE INFO: Found SEs, local first: ['CERN-USER', 'SARA-USER', 'PIC-USER', 'CNAF-USER', 'IN2P3-USER', 'GRIDKA-USER', 'RAL-USER']
2025-08-27T03:37:11,435587Z dirac-jobexec/DIRAC.DataManagementSystem.Utilities.ResolveSE INFO: Resolving workflow output SE description Tier1-Failover
2025-08-27T03:37:11,440906Z dirac-jobexec/DIRAC.DataManagementSystem.Utilities.ResolveSE INFO: Found SEs, local first: ['CERN-EOS-FAILOVER', 'IN2P3-FAILOVER', 'RAL-FAILOVER', 'GRIDKA-FAILOVER', 'PIC-FAILOVER', 'CNAF-FAILOVER', 'SARA-FAILOVER']
2025-08-27T03:37:11,441377Z dirac-jobexec/UserJobFinalization INFO: User specified output file list is: *.root
2025-08-27T03:37:11,441967Z dirac-jobexec/UserJobFinalization INFO: Found a pattern in the output data file list,           extra files to upload are: mc.root
2025-08-27T03:37:11,442049Z dirac-jobexec/UserJobFinalization INFO: Final list of files to upload are: mc.root
2025-08-27T03:37:11,442133Z dirac-jobexec/UserJobFinalization INFO: Constructing user output LFN(s) for mc.root
2025-08-27T03:37:11,575976Z dirac-jobexec/ProductionData INFO: Created the following output data LFN(s):
/lhcb/user/a/afernez/2025_08/1164942/1164942699/mc.root
2025-08-27T03:37:11,576380Z dirac-jobexec/UserJobFinalization INFO: No outputDataFileMask provided, the files with all the extensions will be considered
2025-08-27T03:37:11,576452Z dirac-jobexec/UserJobFinalization INFO: No outputDataStep provided, the files output of all the steps will be considered
2025-08-27T03:37:11,576535Z dirac-jobexec/UserJobFinalization INFO: Will search for POOL GUIDs for: mc.root
2025-08-27T03:37:11,868042Z dirac-jobexec INFO: GUIDs not found from POOL XML Catalogue (and were generated) for: mc.root
2025-08-27T03:37:11,868700Z dirac-jobexec/UserJobFinalization WARN: PoolXMLFile generated GUID(s) for the following files  mc.root
2025-08-27T03:37:12,394257Z dirac-jobexec/DIRAC.DataManagementSystem.Utilities.ResolveSE INFO: Resolving workflow output SE description Tier1-USER
2025-08-27T03:37:12,401188Z dirac-jobexec/DIRAC.DataManagementSystem.Utilities.ResolveSE INFO: Found eligible local SE ['CERN-USER']
2025-08-27T03:37:12,401406Z dirac-jobexec/UserJobFinalization INFO: Ordered list of output SEs is: CERN-USER, CNAF-USER, RAL-USER, PIC-USER, SARA-USER, GRIDKA-USER, IN2P3-USER
2025-08-27T03:37:12,401508Z dirac-jobexec/UserJobFinalization INFO: Creating DISABLE_WATCHDOG_CPU_WALLCLOCK_CHECK in order to disable the Watchdog
2025-08-27T03:37:12,403683Z dirac-jobexec/UserJobFinalization INFO: Attempting to store mc.root to the following SE(s): CERN-USER, CNAF-USER, RAL-USER, PIC-USER, SARA-USER, GRIDKA-USER, IN2P3-USER
2025-08-27T03:37:12,403802Z dirac-jobexec/FailoverTransfer INFO: Attempting dm.putAndRegister ('/lhcb/user/a/afernez/2025_08/1164942/1164942699/mc.root','/tmp/1164942699/mc.root','CERN-USER',guid='40B56853-C102-C6A3-47AB-0B8C785C7836',catalog='None', checksum = '2fdbf186')
2025-08-27T03:37:14,644751Z dirac-jobexec/FailoverTransfer INFO: dm.putAndRegister successfully uploaded and registered mc.root to CERN-USER
2025-08-27T03:37:14,841228Z dirac-jobexec/UserJobFinalization INFO: ===== Terminating 12.0.0a30 ===== 
