WARNING: Parsing of '.cfg' files as command line arguments is changing!
          Set the environment variable 'export DIRAC_NO_CFG=1' to pass the file as a positional
          argument (this will become the default).
          To modify the local configuration use '--cfg <configfile>' instead.
2025-08-26T23:09:05,753939Z dirac-jobexec INFO: JobID: 1164942619
2025-08-26T23:09:05,765709Z dirac-jobexec INFO: DIRAC JobID 1164942619 is running at site LCG.SARA.nl
Executing StepInstance RunScriptStep1 of type ScriptStep1 ['ScriptStep1']
2025-08-26T23:09:08,101113Z dirac-jobexec/CreateDataFile INFO: ===== Executing 12.0.0a30 ===== 
2025-08-26T23:09:08,103331Z dirac-jobexec INFO: Running in MultiProcessor is not allowed here
2025-08-26T23:09:08,103840Z dirac-jobexec/CreateDataFile INFO: Creating Ganga data file data.py from scratch
2025-08-26T23:09:08,440007Z dirac-jobexec/CreateDataFile INFO: Created Ganga data file data.py
2025-08-26T23:09:08,440546Z dirac-jobexec/CreateDataFile INFO: ===== Terminating 12.0.0a30 ===== 
2025-08-26T23:09:08,449290Z dirac-jobexec/LHCbScript INFO: Command is: /cvmfs/lhcb.cern.ch/lhcbdirac/versions/v12.0.0a30-1755085183/Linux-x86_64/bin/python3 jobScript/GaudiExec_afernez_Job_496.7_e3c5c5bd-4ba0-469b-bec5-679b83091e74_script.py
2025-08-27T00:34:49,503590Z dirac-jobexec/LHCbScript INFO: /cvmfs/lhcb.cern.ch/lhcbdirac/versions/v12.0.0a30-1755085183/Linux-x86_64/bin/python3 jobScript/GaudiExec_afernez_Job_496.7_e3c5c5bd-4ba0-469b-bec5-679b83091e74_script.py execution completed with status 0
2025-08-27T00:34:49,505551Z dirac-jobexec/LHCbScript INFO: Output written to Script1_Ganga_GaudiExec.log, execution complete.
2025-08-27T00:34:49,848436Z dirac-jobexec/LHCbScript INFO: GaudiExec successful
2025-08-27T00:34:49,849472Z dirac-jobexec/LHCbScript INFO: ===== Terminating <class 'LHCbDIRAC.Workflow.Modules.LHCbScript.LHCbScript'> ===== 
2025-08-27T00:34:49,858369Z dirac-jobexec/FileUsage INFO: ===== Executing 12.0.0a30 ===== 
2025-08-27T00:34:49,859240Z dirac-jobexec/FileUsage INFO: Popularity report =  {'/lhcb/MC/2016/D0TAUNU.SAFESTRIPTRIG.DST/00140846/0000/': 1}
2025-08-27T00:34:50,153877Z dirac-jobexec/FileUsage INFO: Reporting input file usage successful!
2025-08-27T00:34:50,154560Z dirac-jobexec/FileUsage INFO: ===== Terminating 12.0.0a30 ===== 
2025-08-27T00:34:50,161666Z dirac-jobexec/UserJobFinalization INFO: ===== Executing 12.0.0a30 ===== 
2025-08-27T00:34:50,162106Z dirac-jobexec/DIRAC.DataManagementSystem.Utilities.ResolveSE INFO: Resolving workflow output SE description Tier1-USER
2025-08-27T00:34:50,175022Z dirac-jobexec/DIRAC.DataManagementSystem.Utilities.ResolveSE INFO: Found SEs, local first: ['SARA-USER', 'IN2P3-USER', 'CNAF-USER', 'RAL-USER', 'GRIDKA-USER', 'PIC-USER', 'CERN-USER']
2025-08-27T00:34:50,175540Z dirac-jobexec/DIRAC.DataManagementSystem.Utilities.ResolveSE INFO: Resolving workflow output SE description Tier1-Failover
2025-08-27T00:34:50,178767Z dirac-jobexec/DIRAC.DataManagementSystem.Utilities.ResolveSE INFO: Found SEs, local first: ['SARA-FAILOVER', 'CNAF-FAILOVER', 'IN2P3-FAILOVER', 'RAL-FAILOVER', 'PIC-FAILOVER', 'GRIDKA-FAILOVER', 'CERN-EOS-FAILOVER']
2025-08-27T00:34:50,179434Z dirac-jobexec/UserJobFinalization INFO: User specified output file list is: *.root
2025-08-27T00:34:50,180136Z dirac-jobexec/UserJobFinalization INFO: Found a pattern in the output data file list,           extra files to upload are: mc.root
2025-08-27T00:34:50,180435Z dirac-jobexec/UserJobFinalization INFO: Final list of files to upload are: mc.root
2025-08-27T00:34:50,180618Z dirac-jobexec/UserJobFinalization INFO: Constructing user output LFN(s) for mc.root
2025-08-27T00:34:50,387684Z dirac-jobexec/ProductionData INFO: Created the following output data LFN(s):
/lhcb/user/a/afernez/2025_08/1164942/1164942619/mc.root
2025-08-27T00:34:50,388287Z dirac-jobexec/UserJobFinalization INFO: No outputDataFileMask provided, the files with all the extensions will be considered
2025-08-27T00:34:50,388731Z dirac-jobexec/UserJobFinalization INFO: No outputDataStep provided, the files output of all the steps will be considered
2025-08-27T00:34:50,388925Z dirac-jobexec/UserJobFinalization INFO: Will search for POOL GUIDs for: mc.root
2025-08-27T00:34:50,460345Z dirac-jobexec INFO: GUIDs not found from POOL XML Catalogue (and were generated) for: mc.root
2025-08-27T00:34:50,460931Z dirac-jobexec/UserJobFinalization WARN: PoolXMLFile generated GUID(s) for the following files  mc.root
2025-08-27T00:34:50,551358Z dirac-jobexec/DIRAC.DataManagementSystem.Utilities.ResolveSE INFO: Resolving workflow output SE description Tier1-USER
2025-08-27T00:34:50,555732Z dirac-jobexec/DIRAC.DataManagementSystem.Utilities.ResolveSE INFO: Found eligible local SE ['SARA-USER']
2025-08-27T00:34:50,556320Z dirac-jobexec/UserJobFinalization INFO: Ordered list of output SEs is: SARA-USER, IN2P3-USER, PIC-USER, GRIDKA-USER, CERN-USER, RAL-USER, CNAF-USER
2025-08-27T00:34:50,556546Z dirac-jobexec/UserJobFinalization INFO: Creating DISABLE_WATCHDOG_CPU_WALLCLOCK_CHECK in order to disable the Watchdog
2025-08-27T00:34:50,557242Z dirac-jobexec/UserJobFinalization INFO: Attempting to store mc.root to the following SE(s): SARA-USER, IN2P3-USER, PIC-USER, GRIDKA-USER, CERN-USER, RAL-USER, CNAF-USER
2025-08-27T00:34:50,557453Z dirac-jobexec/FailoverTransfer INFO: Attempting dm.putAndRegister ('/lhcb/user/a/afernez/2025_08/1164942/1164942619/mc.root','/tmp/1164942619/mc.root','SARA-USER',guid='77FADC45-3D42-A397-4E4A-043EEFF83502',catalog='None', checksum = '9d4de596')
2025-08-27T00:34:53,331635Z dirac-jobexec/FailoverTransfer INFO: dm.putAndRegister successfully uploaded and registered mc.root to SARA-USER
2025-08-27T00:34:53,706156Z dirac-jobexec/UserJobFinalization INFO: ===== Terminating 12.0.0a30 ===== 
