WARNING: Parsing of '.cfg' files as command line arguments is changing!
          Set the environment variable 'export DIRAC_NO_CFG=1' to pass the file as a positional
          argument (this will become the default).
          To modify the local configuration use '--cfg <configfile>' instead.
2025-08-26T23:52:58,108707Z dirac-jobexec INFO: JobID: 1164942614
2025-08-26T23:52:58,113701Z dirac-jobexec INFO: DIRAC JobID 1164942614 is running at site LCG.CNAF.it
Executing StepInstance RunScriptStep1 of type ScriptStep1 ['ScriptStep1']
2025-08-26T23:52:59,174088Z dirac-jobexec/CreateDataFile INFO: ===== Executing 12.0.0a30 ===== 
2025-08-26T23:52:59,174748Z dirac-jobexec INFO: Running in MultiProcessor is not allowed here
2025-08-26T23:52:59,174824Z dirac-jobexec/CreateDataFile INFO: Creating Ganga data file data.py from scratch
2025-08-26T23:52:59,490818Z dirac-jobexec/CreateDataFile INFO: Created Ganga data file data.py
2025-08-26T23:52:59,491400Z dirac-jobexec/CreateDataFile INFO: ===== Terminating 12.0.0a30 ===== 
2025-08-26T23:52:59,495192Z dirac-jobexec/LHCbScript INFO: Command is: /cvmfs/lhcb.cern.ch/lhcbdirac/versions/v12.0.0a30-1755085183/Linux-x86_64/bin/python3 jobScript/GaudiExec_afernez_Job_496.2_e3c5c5bd-4ba0-469b-bec5-679b83091e74_script.py
2025-08-27T01:57:55,934022Z dirac-jobexec/LHCbScript INFO: /cvmfs/lhcb.cern.ch/lhcbdirac/versions/v12.0.0a30-1755085183/Linux-x86_64/bin/python3 jobScript/GaudiExec_afernez_Job_496.2_e3c5c5bd-4ba0-469b-bec5-679b83091e74_script.py execution completed with status 0
2025-08-27T01:57:55,935618Z dirac-jobexec/LHCbScript INFO: Output written to Script1_Ganga_GaudiExec.log, execution complete.
2025-08-27T01:57:56,376971Z dirac-jobexec/LHCbScript INFO: GaudiExec successful
2025-08-27T01:57:56,377399Z dirac-jobexec/LHCbScript INFO: ===== Terminating <class 'LHCbDIRAC.Workflow.Modules.LHCbScript.LHCbScript'> ===== 
2025-08-27T01:57:56,384491Z dirac-jobexec/FileUsage INFO: ===== Executing 12.0.0a30 ===== 
2025-08-27T01:57:56,384873Z dirac-jobexec/FileUsage INFO: Popularity report =  {'/lhcb/MC/2016/D0TAUNU.SAFESTRIPTRIG.DST/00140846/0000/': 3}
2025-08-27T01:57:56,601359Z dirac-jobexec/FileUsage INFO: Reporting input file usage successful!
2025-08-27T01:57:56,601709Z dirac-jobexec/FileUsage INFO: ===== Terminating 12.0.0a30 ===== 
2025-08-27T01:57:56,606070Z dirac-jobexec/UserJobFinalization INFO: ===== Executing 12.0.0a30 ===== 
2025-08-27T01:57:56,606362Z dirac-jobexec/DIRAC.DataManagementSystem.Utilities.ResolveSE INFO: Resolving workflow output SE description Tier1-USER
2025-08-27T01:57:56,610686Z dirac-jobexec/DIRAC.DataManagementSystem.Utilities.ResolveSE INFO: Found SEs, local first: ['CNAF-USER', 'SARA-USER', 'CERN-USER', 'PIC-USER', 'IN2P3-USER', 'GRIDKA-USER', 'RAL-USER']
2025-08-27T01:57:56,610955Z dirac-jobexec/DIRAC.DataManagementSystem.Utilities.ResolveSE INFO: Resolving workflow output SE description Tier1-Failover
2025-08-27T01:57:56,613324Z dirac-jobexec/DIRAC.DataManagementSystem.Utilities.ResolveSE INFO: Found SEs, local first: ['CNAF-FAILOVER', 'PIC-FAILOVER', 'RAL-FAILOVER', 'GRIDKA-FAILOVER', 'SARA-FAILOVER', 'IN2P3-FAILOVER', 'CERN-EOS-FAILOVER']
2025-08-27T01:57:56,613605Z dirac-jobexec/UserJobFinalization INFO: User specified output file list is: *.root
2025-08-27T01:57:56,614298Z dirac-jobexec/UserJobFinalization INFO: Found a pattern in the output data file list,           extra files to upload are: mc.root
2025-08-27T01:57:56,614417Z dirac-jobexec/UserJobFinalization INFO: Final list of files to upload are: mc.root
2025-08-27T01:57:56,614686Z dirac-jobexec/UserJobFinalization INFO: Constructing user output LFN(s) for mc.root
2025-08-27T01:57:57,624826Z dirac-jobexec/ProductionData INFO: Created the following output data LFN(s):
/lhcb/user/a/afernez/2025_08/1164942/1164942614/mc.root
2025-08-27T01:57:57,625043Z dirac-jobexec/UserJobFinalization INFO: No outputDataFileMask provided, the files with all the extensions will be considered
2025-08-27T01:57:57,625085Z dirac-jobexec/UserJobFinalization INFO: No outputDataStep provided, the files output of all the steps will be considered
2025-08-27T01:57:57,625133Z dirac-jobexec/UserJobFinalization INFO: Will search for POOL GUIDs for: mc.root
2025-08-27T01:57:57,668632Z dirac-jobexec INFO: GUIDs not found from POOL XML Catalogue (and were generated) for: mc.root
2025-08-27T01:57:57,668944Z dirac-jobexec/UserJobFinalization WARN: PoolXMLFile generated GUID(s) for the following files  mc.root
2025-08-27T01:57:57,844502Z dirac-jobexec/DIRAC.DataManagementSystem.Utilities.ResolveSE INFO: Resolving workflow output SE description Tier1-USER
2025-08-27T01:57:57,847256Z dirac-jobexec/DIRAC.DataManagementSystem.Utilities.ResolveSE INFO: Found eligible local SE ['CNAF-USER']
2025-08-27T01:57:57,847756Z dirac-jobexec/UserJobFinalization INFO: Ordered list of output SEs is: CNAF-USER, RAL-USER, CERN-USER, SARA-USER, PIC-USER, IN2P3-USER, GRIDKA-USER
2025-08-27T01:57:57,847906Z dirac-jobexec/UserJobFinalization INFO: Creating DISABLE_WATCHDOG_CPU_WALLCLOCK_CHECK in order to disable the Watchdog
2025-08-27T01:57:57,848459Z dirac-jobexec/UserJobFinalization INFO: Attempting to store mc.root to the following SE(s): CNAF-USER, RAL-USER, CERN-USER, SARA-USER, PIC-USER, IN2P3-USER, GRIDKA-USER
2025-08-27T01:57:57,848586Z dirac-jobexec/FailoverTransfer INFO: Attempting dm.putAndRegister ('/lhcb/user/a/afernez/2025_08/1164942/1164942614/mc.root','/tmp/1164942614/mc.root','CNAF-USER',guid='6CE78E10-AB4C-5AA8-7CB7-F423EC9642AB',catalog='None', checksum = 'fd87c609')
2025-08-27T01:58:02,186335Z dirac-jobexec/FailoverTransfer INFO: dm.putAndRegister successfully uploaded and registered mc.root to CNAF-USER
2025-08-27T01:58:02,538780Z dirac-jobexec/UserJobFinalization INFO: ===== Terminating 12.0.0a30 ===== 
