WARNING: Parsing of '.cfg' files as command line arguments is changing!
          Set the environment variable 'export DIRAC_NO_CFG=1' to pass the file as a positional
          argument (this will become the default).
          To modify the local configuration use '--cfg <configfile>' instead.
2025-08-26T23:07:26,718159Z dirac-jobexec INFO: JobID: 1164942588
2025-08-26T23:07:26,726488Z dirac-jobexec INFO: DIRAC JobID 1164942588 is running at site LCG.SARA.nl
Executing StepInstance RunScriptStep1 of type ScriptStep1 ['ScriptStep1']
2025-08-26T23:07:28,350908Z dirac-jobexec/CreateDataFile INFO: ===== Executing 12.0.0a30 ===== 
2025-08-26T23:07:28,352629Z dirac-jobexec INFO: Running in MultiProcessor is not allowed here
2025-08-26T23:07:28,352858Z dirac-jobexec/CreateDataFile INFO: Creating Ganga data file data.py from scratch
2025-08-26T23:07:28,833186Z dirac-jobexec/CreateDataFile INFO: Created Ganga data file data.py
2025-08-26T23:07:28,833651Z dirac-jobexec/CreateDataFile INFO: ===== Terminating 12.0.0a30 ===== 
2025-08-26T23:07:28,839800Z dirac-jobexec/LHCbScript INFO: Command is: /cvmfs/lhcb.cern.ch/lhcbdirac/versions/v12.0.0a30-1755085183/Linux-x86_64/bin/python3 jobScript/GaudiExec_afernez_Job_494.0_f13e03bc-78a2-4569-adcf-4f9bdb2798a3_script.py
2025-08-27T00:11:25,489052Z dirac-jobexec/LHCbScript INFO: /cvmfs/lhcb.cern.ch/lhcbdirac/versions/v12.0.0a30-1755085183/Linux-x86_64/bin/python3 jobScript/GaudiExec_afernez_Job_494.0_f13e03bc-78a2-4569-adcf-4f9bdb2798a3_script.py execution completed with status 0
2025-08-27T00:11:25,490461Z dirac-jobexec/LHCbScript INFO: Output written to Script1_Ganga_GaudiExec.log, execution complete.
2025-08-27T00:11:25,700451Z dirac-jobexec/LHCbScript INFO: GaudiExec successful
2025-08-27T00:11:25,701867Z dirac-jobexec/LHCbScript INFO: ===== Terminating <class 'LHCbDIRAC.Workflow.Modules.LHCbScript.LHCbScript'> ===== 
2025-08-27T00:11:25,711154Z dirac-jobexec/FileUsage INFO: ===== Executing 12.0.0a30 ===== 
2025-08-27T00:11:25,712533Z dirac-jobexec/FileUsage INFO: Popularity report =  {'/lhcb/MC/2016/D0TAUNU.SAFESTRIPTRIG.DST/00140840/0000/': 1}
2025-08-27T00:11:25,912072Z dirac-jobexec/FileUsage INFO: Reporting input file usage successful!
2025-08-27T00:11:25,913154Z dirac-jobexec/FileUsage INFO: ===== Terminating 12.0.0a30 ===== 
2025-08-27T00:11:25,920730Z dirac-jobexec/UserJobFinalization INFO: ===== Executing 12.0.0a30 ===== 
2025-08-27T00:11:25,921541Z dirac-jobexec/DIRAC.DataManagementSystem.Utilities.ResolveSE INFO: Resolving workflow output SE description Tier1-USER
2025-08-27T00:11:25,930359Z dirac-jobexec/DIRAC.DataManagementSystem.Utilities.ResolveSE INFO: Found SEs, local first: ['SARA-USER', 'CERN-USER', 'CNAF-USER', 'PIC-USER', 'IN2P3-USER', 'GRIDKA-USER', 'RAL-USER']
2025-08-27T00:11:25,931053Z dirac-jobexec/DIRAC.DataManagementSystem.Utilities.ResolveSE INFO: Resolving workflow output SE description Tier1-Failover
2025-08-27T00:11:25,933592Z dirac-jobexec/DIRAC.DataManagementSystem.Utilities.ResolveSE INFO: Found SEs, local first: ['SARA-FAILOVER', 'GRIDKA-FAILOVER', 'IN2P3-FAILOVER', 'CNAF-FAILOVER', 'RAL-FAILOVER', 'PIC-FAILOVER', 'CERN-EOS-FAILOVER']
2025-08-27T00:11:25,934083Z dirac-jobexec/UserJobFinalization INFO: User specified output file list is: *.root
2025-08-27T00:11:25,934631Z dirac-jobexec/UserJobFinalization INFO: Found a pattern in the output data file list,           extra files to upload are: mc.root
2025-08-27T00:11:25,934859Z dirac-jobexec/UserJobFinalization INFO: Final list of files to upload are: mc.root
2025-08-27T00:11:25,934984Z dirac-jobexec/UserJobFinalization INFO: Constructing user output LFN(s) for mc.root
2025-08-27T00:11:26,193984Z dirac-jobexec/ProductionData INFO: Created the following output data LFN(s):
/lhcb/user/a/afernez/2025_08/1164942/1164942588/mc.root
2025-08-27T00:11:26,194710Z dirac-jobexec/UserJobFinalization INFO: No outputDataFileMask provided, the files with all the extensions will be considered
2025-08-27T00:11:26,195399Z dirac-jobexec/UserJobFinalization INFO: No outputDataStep provided, the files output of all the steps will be considered
2025-08-27T00:11:26,195547Z dirac-jobexec/UserJobFinalization INFO: Will search for POOL GUIDs for: mc.root
2025-08-27T00:11:26,256419Z dirac-jobexec INFO: GUIDs not found from POOL XML Catalogue (and were generated) for: mc.root
2025-08-27T00:11:26,257056Z dirac-jobexec/UserJobFinalization WARN: PoolXMLFile generated GUID(s) for the following files  mc.root
2025-08-27T00:11:26,321652Z dirac-jobexec/DIRAC.DataManagementSystem.Utilities.ResolveSE INFO: Resolving workflow output SE description Tier1-USER
2025-08-27T00:11:26,325614Z dirac-jobexec/DIRAC.DataManagementSystem.Utilities.ResolveSE INFO: Found eligible local SE ['SARA-USER']
2025-08-27T00:11:26,326402Z dirac-jobexec/UserJobFinalization INFO: Ordered list of output SEs is: SARA-USER, PIC-USER, IN2P3-USER, GRIDKA-USER, CNAF-USER, RAL-USER, CERN-USER
2025-08-27T00:11:26,326579Z dirac-jobexec/UserJobFinalization INFO: Creating DISABLE_WATCHDOG_CPU_WALLCLOCK_CHECK in order to disable the Watchdog
2025-08-27T00:11:26,327312Z dirac-jobexec/UserJobFinalization INFO: Attempting to store mc.root to the following SE(s): SARA-USER, PIC-USER, IN2P3-USER, GRIDKA-USER, CNAF-USER, RAL-USER, CERN-USER
2025-08-27T00:11:26,327485Z dirac-jobexec/FailoverTransfer INFO: Attempting dm.putAndRegister ('/lhcb/user/a/afernez/2025_08/1164942/1164942588/mc.root','/tmp/1164942588/mc.root','SARA-USER',guid='008E7C12-4617-9AA3-A566-CEC8BE639BB3',catalog='None', checksum = '86bf9c09')
2025-08-27T00:11:29,357861Z dirac-jobexec/FailoverTransfer INFO: dm.putAndRegister successfully uploaded and registered mc.root to SARA-USER
2025-08-27T00:11:29,748665Z dirac-jobexec/UserJobFinalization INFO: ===== Terminating 12.0.0a30 ===== 
