WARNING: Parsing of '.cfg' files as command line arguments is changing!
          Set the environment variable 'export DIRAC_NO_CFG=1' to pass the file as a positional
          argument (this will become the default).
          To modify the local configuration use '--cfg <configfile>' instead.
2025-08-26T23:42:08,464807Z dirac-jobexec INFO: JobID: 1164942947
2025-08-26T23:42:08,469379Z dirac-jobexec INFO: DIRAC JobID 1164942947 is running at site LCG.CNAF.it
Executing StepInstance RunScriptStep1 of type ScriptStep1 ['ScriptStep1']
2025-08-26T23:42:09,749498Z dirac-jobexec/CreateDataFile INFO: ===== Executing 12.0.0a30 ===== 
2025-08-26T23:42:09,750410Z dirac-jobexec INFO: Running in MultiProcessor is not allowed here
2025-08-26T23:42:09,750514Z dirac-jobexec/CreateDataFile INFO: Creating Ganga data file data.py from scratch
2025-08-26T23:42:10,067927Z dirac-jobexec/CreateDataFile INFO: Created Ganga data file data.py
2025-08-26T23:42:10,068222Z dirac-jobexec/CreateDataFile INFO: ===== Terminating 12.0.0a30 ===== 
2025-08-26T23:42:10,073089Z dirac-jobexec/LHCbScript INFO: Command is: /cvmfs/lhcb.cern.ch/lhcbdirac/versions/v12.0.0a30-1755085183/Linux-x86_64/bin/python3 jobScript/GaudiExec_afernez_Job_514.12_ddadf4ec-4bfc-480a-bb15-3a6c8e13ba17_script.py
2025-08-27T01:16:56,253380Z dirac-jobexec/LHCbScript INFO: /cvmfs/lhcb.cern.ch/lhcbdirac/versions/v12.0.0a30-1755085183/Linux-x86_64/bin/python3 jobScript/GaudiExec_afernez_Job_514.12_ddadf4ec-4bfc-480a-bb15-3a6c8e13ba17_script.py execution completed with status 0
2025-08-27T01:16:56,254691Z dirac-jobexec/LHCbScript INFO: Output written to Script1_Ganga_GaudiExec.log, execution complete.
2025-08-27T01:16:56,601406Z dirac-jobexec/LHCbScript INFO: GaudiExec successful
2025-08-27T01:16:56,601845Z dirac-jobexec/LHCbScript INFO: ===== Terminating <class 'LHCbDIRAC.Workflow.Modules.LHCbScript.LHCbScript'> ===== 
2025-08-27T01:16:56,828148Z dirac-jobexec/FileUsage INFO: ===== Executing 12.0.0a30 ===== 
2025-08-27T01:16:56,829036Z dirac-jobexec/FileUsage INFO: Popularity report =  {'/lhcb/MC/2016/D0TAUNU.SAFESTRIPTRIG.DST/00219698/0000/': 1}
2025-08-27T01:16:57,001883Z dirac-jobexec/FileUsage INFO: Reporting input file usage successful!
2025-08-27T01:16:57,002652Z dirac-jobexec/FileUsage INFO: ===== Terminating 12.0.0a30 ===== 
2025-08-27T01:16:57,007675Z dirac-jobexec/UserJobFinalization INFO: ===== Executing 12.0.0a30 ===== 
2025-08-27T01:16:57,008329Z dirac-jobexec/DIRAC.DataManagementSystem.Utilities.ResolveSE INFO: Resolving workflow output SE description Tier1-USER
2025-08-27T01:16:57,012483Z dirac-jobexec/DIRAC.DataManagementSystem.Utilities.ResolveSE INFO: Found SEs, local first: ['CNAF-USER', 'PIC-USER', 'RAL-USER', 'SARA-USER', 'GRIDKA-USER', 'CERN-USER', 'IN2P3-USER']
2025-08-27T01:16:57,013042Z dirac-jobexec/DIRAC.DataManagementSystem.Utilities.ResolveSE INFO: Resolving workflow output SE description Tier1-Failover
2025-08-27T01:16:57,015929Z dirac-jobexec/DIRAC.DataManagementSystem.Utilities.ResolveSE INFO: Found SEs, local first: ['CNAF-FAILOVER', 'SARA-FAILOVER', 'RAL-FAILOVER', 'PIC-FAILOVER', 'GRIDKA-FAILOVER', 'IN2P3-FAILOVER', 'CERN-EOS-FAILOVER']
2025-08-27T01:16:57,016596Z dirac-jobexec/UserJobFinalization INFO: User specified output file list is: *.root
2025-08-27T01:16:57,017057Z dirac-jobexec/UserJobFinalization INFO: Found a pattern in the output data file list,           extra files to upload are: mc.root
2025-08-27T01:16:57,017472Z dirac-jobexec/UserJobFinalization INFO: Final list of files to upload are: mc.root
2025-08-27T01:16:57,017601Z dirac-jobexec/UserJobFinalization INFO: Constructing user output LFN(s) for mc.root
2025-08-27T01:16:57,214714Z dirac-jobexec/ProductionData INFO: Created the following output data LFN(s):
/lhcb/user/a/afernez/2025_08/1164942/1164942947/mc.root
2025-08-27T01:16:57,215129Z dirac-jobexec/UserJobFinalization INFO: No outputDataFileMask provided, the files with all the extensions will be considered
2025-08-27T01:16:57,215655Z dirac-jobexec/UserJobFinalization INFO: No outputDataStep provided, the files output of all the steps will be considered
2025-08-27T01:16:57,215826Z dirac-jobexec/UserJobFinalization INFO: Will search for POOL GUIDs for: mc.root
2025-08-27T01:16:57,272235Z dirac-jobexec INFO: GUIDs not found from POOL XML Catalogue (and were generated) for: mc.root
2025-08-27T01:16:57,272573Z dirac-jobexec/UserJobFinalization WARN: PoolXMLFile generated GUID(s) for the following files  mc.root
2025-08-27T01:16:57,392700Z dirac-jobexec/DIRAC.DataManagementSystem.Utilities.ResolveSE INFO: Resolving workflow output SE description Tier1-USER
2025-08-27T01:16:57,396153Z dirac-jobexec/DIRAC.DataManagementSystem.Utilities.ResolveSE INFO: Found eligible local SE ['CNAF-USER']
2025-08-27T01:16:57,396814Z dirac-jobexec/UserJobFinalization INFO: Ordered list of output SEs is: CNAF-USER, IN2P3-USER, GRIDKA-USER, SARA-USER, RAL-USER, PIC-USER, CERN-USER
2025-08-27T01:16:57,397024Z dirac-jobexec/UserJobFinalization INFO: Creating DISABLE_WATCHDOG_CPU_WALLCLOCK_CHECK in order to disable the Watchdog
2025-08-27T01:16:57,397724Z dirac-jobexec/UserJobFinalization INFO: Attempting to store mc.root to the following SE(s): CNAF-USER, IN2P3-USER, GRIDKA-USER, SARA-USER, RAL-USER, PIC-USER, CERN-USER
2025-08-27T01:16:57,397904Z dirac-jobexec/FailoverTransfer INFO: Attempting dm.putAndRegister ('/lhcb/user/a/afernez/2025_08/1164942/1164942947/mc.root','/tmp/1164942947/mc.root','CNAF-USER',guid='8565C944-49FC-614F-F621-D01089B733C6',catalog='None', checksum = '2c51edb2')
2025-08-27T01:17:02,157747Z dirac-jobexec/FailoverTransfer INFO: dm.putAndRegister successfully uploaded and registered mc.root to CNAF-USER
2025-08-27T01:17:02,536048Z dirac-jobexec/UserJobFinalization INFO: ===== Terminating 12.0.0a30 ===== 
