WARNING: Parsing of '.cfg' files as command line arguments is changing!
          Set the environment variable 'export DIRAC_NO_CFG=1' to pass the file as a positional
          argument (this will become the default).
          To modify the local configuration use '--cfg <configfile>' instead.
2025-08-27T00:12:42,529092Z dirac-jobexec INFO: JobID: 1164943007
2025-08-27T00:12:42,543980Z dirac-jobexec INFO: DIRAC JobID 1164943007 is running at site LCG.GRIDKA.de
Executing StepInstance RunScriptStep1 of type ScriptStep1 ['ScriptStep1']
2025-08-27T00:12:45,623548Z dirac-jobexec/CreateDataFile INFO: ===== Executing 12.0.0a30 ===== 
2025-08-27T00:12:45,625183Z dirac-jobexec INFO: Running in MultiProcessor is not allowed here
2025-08-27T00:12:45,625427Z dirac-jobexec/CreateDataFile INFO: Creating Ganga data file data.py from scratch
2025-08-27T00:12:45,881334Z dirac-jobexec/CreateDataFile INFO: Created Ganga data file data.py
2025-08-27T00:12:45,881709Z dirac-jobexec/CreateDataFile INFO: ===== Terminating 12.0.0a30 ===== 
2025-08-27T00:12:45,890451Z dirac-jobexec/LHCbScript INFO: Command is: /cvmfs/lhcb.cern.ch/lhcbdirac/versions/v12.0.0a30-1755085183/Linux-x86_64/bin/python3 jobScript/GaudiExec_afernez_Job_519.10_95ac0898-b1e3-4ba2-8db7-a0e9916ec57f_script.py
2025-08-27T00:25:46,963096Z dirac-jobexec/LHCbScript INFO: /cvmfs/lhcb.cern.ch/lhcbdirac/versions/v12.0.0a30-1755085183/Linux-x86_64/bin/python3 jobScript/GaudiExec_afernez_Job_519.10_95ac0898-b1e3-4ba2-8db7-a0e9916ec57f_script.py execution completed with status 0
2025-08-27T00:25:46,964370Z dirac-jobexec/LHCbScript INFO: Output written to Script1_Ganga_GaudiExec.log, execution complete.
2025-08-27T00:25:47,292804Z dirac-jobexec/LHCbScript INFO: GaudiExec successful
2025-08-27T00:25:47,293446Z dirac-jobexec/LHCbScript INFO: ===== Terminating <class 'LHCbDIRAC.Workflow.Modules.LHCbScript.LHCbScript'> ===== 
2025-08-27T00:25:47,306414Z dirac-jobexec/FileUsage INFO: ===== Executing 12.0.0a30 ===== 
2025-08-27T00:25:47,306858Z dirac-jobexec/FileUsage INFO: Popularity report =  {'/lhcb/MC/2016/ALLSTREAMS.DST/00173814/0000/': 2}
2025-08-27T00:25:47,421272Z dirac-jobexec/FileUsage INFO: Reporting input file usage successful!
2025-08-27T00:25:47,421650Z dirac-jobexec/FileUsage INFO: ===== Terminating 12.0.0a30 ===== 
2025-08-27T00:25:47,428598Z dirac-jobexec/UserJobFinalization INFO: ===== Executing 12.0.0a30 ===== 
2025-08-27T00:25:47,428894Z dirac-jobexec/DIRAC.DataManagementSystem.Utilities.ResolveSE INFO: Resolving workflow output SE description Tier1-USER
2025-08-27T00:25:47,439999Z dirac-jobexec/DIRAC.DataManagementSystem.Utilities.ResolveSE INFO: Found SEs, local first: ['GRIDKA-USER', 'CNAF-USER', 'RAL-USER', 'IN2P3-USER', 'CERN-USER', 'PIC-USER', 'SARA-USER']
2025-08-27T00:25:47,440264Z dirac-jobexec/DIRAC.DataManagementSystem.Utilities.ResolveSE INFO: Resolving workflow output SE description Tier1-Failover
2025-08-27T00:25:47,444063Z dirac-jobexec/DIRAC.DataManagementSystem.Utilities.ResolveSE INFO: Found SEs, local first: ['GRIDKA-FAILOVER', 'SARA-FAILOVER', 'PIC-FAILOVER', 'RAL-FAILOVER', 'CNAF-FAILOVER', 'CERN-EOS-FAILOVER', 'IN2P3-FAILOVER']
2025-08-27T00:25:47,444518Z dirac-jobexec/UserJobFinalization INFO: User specified output file list is: *.root
2025-08-27T00:25:47,445136Z dirac-jobexec/UserJobFinalization INFO: Found a pattern in the output data file list,           extra files to upload are: mc.root
2025-08-27T00:25:47,445214Z dirac-jobexec/UserJobFinalization INFO: Final list of files to upload are: mc.root
2025-08-27T00:25:47,445276Z dirac-jobexec/UserJobFinalization INFO: Constructing user output LFN(s) for mc.root
2025-08-27T00:25:47,582450Z dirac-jobexec/ProductionData INFO: Created the following output data LFN(s):
/lhcb/user/a/afernez/2025_08/1164943/1164943007/mc.root
2025-08-27T00:25:47,582980Z dirac-jobexec/UserJobFinalization INFO: No outputDataFileMask provided, the files with all the extensions will be considered
2025-08-27T00:25:47,583070Z dirac-jobexec/UserJobFinalization INFO: No outputDataStep provided, the files output of all the steps will be considered
2025-08-27T00:25:47,583172Z dirac-jobexec/UserJobFinalization INFO: Will search for POOL GUIDs for: mc.root
2025-08-27T00:25:47,834535Z dirac-jobexec INFO: GUIDs not found from POOL XML Catalogue (and were generated) for: mc.root
2025-08-27T00:25:47,834844Z dirac-jobexec/UserJobFinalization WARN: PoolXMLFile generated GUID(s) for the following files  mc.root
2025-08-27T00:25:47,837235Z dirac-jobexec/DIRAC.DataManagementSystem.Utilities.ResolveSE INFO: Resolving workflow output SE description Tier1-USER
2025-08-27T00:25:47,840653Z dirac-jobexec/DIRAC.DataManagementSystem.Utilities.ResolveSE INFO: Found eligible local SE ['GRIDKA-USER']
2025-08-27T00:25:47,840807Z dirac-jobexec/UserJobFinalization INFO: Ordered list of output SEs is: GRIDKA-USER, SARA-USER, RAL-USER, CNAF-USER, IN2P3-USER, CERN-USER, PIC-USER
2025-08-27T00:25:47,840871Z dirac-jobexec/UserJobFinalization INFO: Creating DISABLE_WATCHDOG_CPU_WALLCLOCK_CHECK in order to disable the Watchdog
2025-08-27T00:25:47,841253Z dirac-jobexec/UserJobFinalization INFO: Attempting to store mc.root to the following SE(s): GRIDKA-USER, SARA-USER, RAL-USER, CNAF-USER, IN2P3-USER, CERN-USER, PIC-USER
2025-08-27T00:25:47,841318Z dirac-jobexec/FailoverTransfer INFO: Attempting dm.putAndRegister ('/lhcb/user/a/afernez/2025_08/1164943/1164943007/mc.root','/tmp/1164943007/mc.root','GRIDKA-USER',guid='739FDFF4-8AA8-F8B6-28E3-10A5C2D99B07',catalog='None', checksum = 'acfdb763')
2025-08-27T00:25:49,734381Z dirac-jobexec/FailoverTransfer INFO: dm.putAndRegister successfully uploaded and registered mc.root to GRIDKA-USER
2025-08-27T00:25:50,071582Z dirac-jobexec/UserJobFinalization INFO: ===== Terminating 12.0.0a30 ===== 
