WARNING: Parsing of '.cfg' files as command line arguments is changing!
          Set the environment variable 'export DIRAC_NO_CFG=1' to pass the file as a positional
          argument (this will become the default).
          To modify the local configuration use '--cfg <configfile>' instead.
2025-08-26T23:42:52,512026Z dirac-jobexec INFO: JobID: 1164942906
2025-08-26T23:42:52,519036Z dirac-jobexec INFO: DIRAC JobID 1164942906 is running at site LCG.GRIDKA.de
Executing StepInstance RunScriptStep1 of type ScriptStep1 ['ScriptStep1']
2025-08-26T23:42:54,087003Z dirac-jobexec/CreateDataFile INFO: ===== Executing 12.0.0a30 ===== 
2025-08-26T23:42:54,087980Z dirac-jobexec INFO: Running in MultiProcessor is not allowed here
2025-08-26T23:42:54,088093Z dirac-jobexec/CreateDataFile INFO: Creating Ganga data file data.py from scratch
2025-08-26T23:42:54,310934Z dirac-jobexec/CreateDataFile INFO: Created Ganga data file data.py
2025-08-26T23:42:54,311167Z dirac-jobexec/CreateDataFile INFO: ===== Terminating 12.0.0a30 ===== 
2025-08-26T23:42:54,316957Z dirac-jobexec/LHCbScript INFO: Command is: /cvmfs/lhcb.cern.ch/lhcbdirac/versions/v12.0.0a30-1755085183/Linux-x86_64/bin/python3 jobScript/GaudiExec_afernez_Job_513.8_7f5e3e5e-06b7-4152-b8da-bd764075dc4e_script.py
2025-08-27T03:53:58,015625Z dirac-jobexec/LHCbScript INFO: /cvmfs/lhcb.cern.ch/lhcbdirac/versions/v12.0.0a30-1755085183/Linux-x86_64/bin/python3 jobScript/GaudiExec_afernez_Job_513.8_7f5e3e5e-06b7-4152-b8da-bd764075dc4e_script.py execution completed with status 0
2025-08-27T03:53:58,016956Z dirac-jobexec/LHCbScript INFO: Output written to Script1_Ganga_GaudiExec.log, execution complete.
2025-08-27T03:53:58,268793Z dirac-jobexec/LHCbScript INFO: GaudiExec successful
2025-08-27T03:53:58,269233Z dirac-jobexec/LHCbScript INFO: ===== Terminating <class 'LHCbDIRAC.Workflow.Modules.LHCbScript.LHCbScript'> ===== 
2025-08-27T03:53:58,277734Z dirac-jobexec/FileUsage INFO: ===== Executing 12.0.0a30 ===== 
2025-08-27T03:53:58,278115Z dirac-jobexec/FileUsage INFO: Popularity report =  {'/lhcb/MC/2016/D0TAUNU.SAFESTRIPTRIG.DST/00219701/0000/': 2}
2025-08-27T03:53:58,374797Z dirac-jobexec/FileUsage INFO: Reporting input file usage successful!
2025-08-27T03:53:58,375202Z dirac-jobexec/FileUsage INFO: ===== Terminating 12.0.0a30 ===== 
2025-08-27T03:53:58,381841Z dirac-jobexec/UserJobFinalization INFO: ===== Executing 12.0.0a30 ===== 
2025-08-27T03:53:58,382141Z dirac-jobexec/DIRAC.DataManagementSystem.Utilities.ResolveSE INFO: Resolving workflow output SE description Tier1-USER
2025-08-27T03:53:58,391969Z dirac-jobexec/DIRAC.DataManagementSystem.Utilities.ResolveSE INFO: Found SEs, local first: ['GRIDKA-USER', 'SARA-USER', 'RAL-USER', 'PIC-USER', 'IN2P3-USER', 'CERN-USER', 'CNAF-USER']
2025-08-27T03:53:58,392250Z dirac-jobexec/DIRAC.DataManagementSystem.Utilities.ResolveSE INFO: Resolving workflow output SE description Tier1-Failover
2025-08-27T03:53:58,396147Z dirac-jobexec/DIRAC.DataManagementSystem.Utilities.ResolveSE INFO: Found SEs, local first: ['GRIDKA-FAILOVER', 'SARA-FAILOVER', 'CNAF-FAILOVER', 'IN2P3-FAILOVER', 'PIC-FAILOVER', 'CERN-EOS-FAILOVER', 'RAL-FAILOVER']
2025-08-27T03:53:58,396600Z dirac-jobexec/UserJobFinalization INFO: User specified output file list is: *.root
2025-08-27T03:53:58,397296Z dirac-jobexec/UserJobFinalization INFO: Found a pattern in the output data file list,           extra files to upload are: mc.root
2025-08-27T03:53:58,397398Z dirac-jobexec/UserJobFinalization INFO: Final list of files to upload are: mc.root
2025-08-27T03:53:58,397470Z dirac-jobexec/UserJobFinalization INFO: Constructing user output LFN(s) for mc.root
2025-08-27T03:53:58,796139Z dirac-jobexec/ProductionData INFO: Created the following output data LFN(s):
/lhcb/user/a/afernez/2025_08/1164942/1164942906/mc.root
2025-08-27T03:53:58,796621Z dirac-jobexec/UserJobFinalization INFO: No outputDataFileMask provided, the files with all the extensions will be considered
2025-08-27T03:53:58,796730Z dirac-jobexec/UserJobFinalization INFO: No outputDataStep provided, the files output of all the steps will be considered
2025-08-27T03:53:58,796824Z dirac-jobexec/UserJobFinalization INFO: Will search for POOL GUIDs for: mc.root
2025-08-27T03:53:59,006070Z dirac-jobexec INFO: GUIDs not found from POOL XML Catalogue (and were generated) for: mc.root
2025-08-27T03:53:59,006454Z dirac-jobexec/UserJobFinalization WARN: PoolXMLFile generated GUID(s) for the following files  mc.root
2025-08-27T03:53:59,438348Z dirac-jobexec/DIRAC.DataManagementSystem.Utilities.ResolveSE INFO: Resolving workflow output SE description Tier1-USER
2025-08-27T03:53:59,448528Z dirac-jobexec/DIRAC.DataManagementSystem.Utilities.ResolveSE INFO: Found eligible local SE ['GRIDKA-USER']
2025-08-27T03:53:59,448907Z dirac-jobexec/UserJobFinalization INFO: Ordered list of output SEs is: GRIDKA-USER, CNAF-USER, RAL-USER, SARA-USER, CERN-USER, PIC-USER, IN2P3-USER
2025-08-27T03:53:59,449020Z dirac-jobexec/UserJobFinalization INFO: Creating DISABLE_WATCHDOG_CPU_WALLCLOCK_CHECK in order to disable the Watchdog
2025-08-27T03:53:59,449681Z dirac-jobexec/UserJobFinalization INFO: Attempting to store mc.root to the following SE(s): GRIDKA-USER, CNAF-USER, RAL-USER, SARA-USER, CERN-USER, PIC-USER, IN2P3-USER
2025-08-27T03:53:59,449804Z dirac-jobexec/FailoverTransfer INFO: Attempting dm.putAndRegister ('/lhcb/user/a/afernez/2025_08/1164942/1164942906/mc.root','/tmp/1164942906/mc.root','GRIDKA-USER',guid='530C0073-6432-34DE-AEE9-8C1A6EEFE9DB',catalog='None', checksum = 'f054ca7c')
2025-08-27T03:54:02,148149Z dirac-jobexec/FailoverTransfer INFO: dm.putAndRegister successfully uploaded and registered mc.root to GRIDKA-USER
2025-08-27T03:54:02,512335Z dirac-jobexec/UserJobFinalization INFO: ===== Terminating 12.0.0a30 ===== 
