WARNING: Parsing of '.cfg' files as command line arguments is changing!
          Set the environment variable 'export DIRAC_NO_CFG=1' to pass the file as a positional
          argument (this will become the default).
          To modify the local configuration use '--cfg <configfile>' instead.
2025-08-26T23:11:59,617636Z dirac-jobexec INFO: JobID: 1164942624
2025-08-26T23:11:59,621956Z dirac-jobexec INFO: DIRAC JobID 1164942624 is running at site LCG.Beijing.cn
Executing StepInstance RunScriptStep1 of type ScriptStep1 ['ScriptStep1']
2025-08-26T23:12:04,381621Z dirac-jobexec/CreateDataFile INFO: ===== Executing 12.0.0a30 ===== 
2025-08-26T23:12:04,382171Z dirac-jobexec INFO: Running in MultiProcessor is not allowed here
2025-08-26T23:12:04,382260Z dirac-jobexec/CreateDataFile INFO: Creating Ganga data file data.py from scratch
2025-08-26T23:12:07,458114Z dirac-jobexec/CreateDataFile INFO: Created Ganga data file data.py
2025-08-26T23:12:07,458239Z dirac-jobexec/CreateDataFile INFO: ===== Terminating 12.0.0a30 ===== 
2025-08-26T23:12:07,461854Z dirac-jobexec/LHCbScript INFO: Command is: /cvmfs/lhcb.cern.ch/lhcbdirac/versions/v12.0.0a30-1755085183/Linux-x86_64/bin/python3 jobScript/GaudiExec_afernez_Job_496.12_e3c5c5bd-4ba0-469b-bec5-679b83091e74_script.py
2025-08-26T23:54:38,575429Z dirac-jobexec/LHCbScript INFO: /cvmfs/lhcb.cern.ch/lhcbdirac/versions/v12.0.0a30-1755085183/Linux-x86_64/bin/python3 jobScript/GaudiExec_afernez_Job_496.12_e3c5c5bd-4ba0-469b-bec5-679b83091e74_script.py execution completed with status 0
2025-08-26T23:54:38,576033Z dirac-jobexec/LHCbScript INFO: Output written to Script1_Ganga_GaudiExec.log, execution complete.
2025-08-26T23:54:42,077056Z dirac-jobexec/LHCbScript INFO: GaudiExec successful
2025-08-26T23:54:42,077359Z dirac-jobexec/LHCbScript INFO: ===== Terminating <class 'LHCbDIRAC.Workflow.Modules.LHCbScript.LHCbScript'> ===== 
2025-08-26T23:54:42,082366Z dirac-jobexec/FileUsage INFO: ===== Executing 12.0.0a30 ===== 
2025-08-26T23:54:42,082582Z dirac-jobexec/FileUsage INFO: Popularity report =  {'/lhcb/MC/2016/D0TAUNU.SAFESTRIPTRIG.DST/00140846/0000/': 1}
2025-08-26T23:54:44,204301Z dirac-jobexec/FileUsage INFO: Reporting input file usage successful!
2025-08-26T23:54:44,204465Z dirac-jobexec/FileUsage INFO: ===== Terminating 12.0.0a30 ===== 
2025-08-26T23:54:44,207877Z dirac-jobexec/UserJobFinalization INFO: ===== Executing 12.0.0a30 ===== 
2025-08-26T23:54:44,207987Z dirac-jobexec/DIRAC.DataManagementSystem.Utilities.ResolveSE INFO: Resolving workflow output SE description Tier1-USER
2025-08-26T23:54:44,211898Z dirac-jobexec/DIRAC.DataManagementSystem.Utilities.ResolveSE INFO: Found SEs, local first: ['CNAF-USER', 'SARA-USER', 'GRIDKA-USER', 'RAL-USER', 'IN2P3-USER', 'PIC-USER', 'CERN-USER']
2025-08-26T23:54:44,211971Z dirac-jobexec/DIRAC.DataManagementSystem.Utilities.ResolveSE INFO: Resolving workflow output SE description Tier1-Failover
2025-08-26T23:54:44,213804Z dirac-jobexec/DIRAC.DataManagementSystem.Utilities.ResolveSE INFO: Found SEs, local first: ['PIC-FAILOVER', 'SARA-FAILOVER', 'CNAF-FAILOVER', 'RAL-FAILOVER', 'IN2P3-FAILOVER', 'GRIDKA-FAILOVER', 'CERN-EOS-FAILOVER']
2025-08-26T23:54:44,213976Z dirac-jobexec/UserJobFinalization INFO: User specified output file list is: *.root
2025-08-26T23:54:44,214249Z dirac-jobexec/UserJobFinalization INFO: Found a pattern in the output data file list,           extra files to upload are: mc.root
2025-08-26T23:54:44,214298Z dirac-jobexec/UserJobFinalization INFO: Final list of files to upload are: mc.root
2025-08-26T23:54:44,214336Z dirac-jobexec/UserJobFinalization INFO: Constructing user output LFN(s) for mc.root
2025-08-26T23:54:46,324444Z dirac-jobexec/ProductionData INFO: Created the following output data LFN(s):
/lhcb/user/a/afernez/2025_08/1164942/1164942624/mc.root
2025-08-26T23:54:46,324656Z dirac-jobexec/UserJobFinalization INFO: No outputDataFileMask provided, the files with all the extensions will be considered
2025-08-26T23:54:46,324706Z dirac-jobexec/UserJobFinalization INFO: No outputDataStep provided, the files output of all the steps will be considered
2025-08-26T23:54:46,324755Z dirac-jobexec/UserJobFinalization INFO: Will search for POOL GUIDs for: mc.root
2025-08-26T23:54:46,366029Z dirac-jobexec INFO: GUIDs not found from POOL XML Catalogue (and were generated) for: mc.root
2025-08-26T23:54:46,366175Z dirac-jobexec/UserJobFinalization WARN: PoolXMLFile generated GUID(s) for the following files  mc.root
2025-08-26T23:54:46,413558Z dirac-jobexec/DIRAC.DataManagementSystem.Utilities.ResolveSE INFO: Resolving workflow output SE description Tier1-USER
2025-08-26T23:54:46,415814Z dirac-jobexec/DIRAC.DataManagementSystem.Utilities.ResolveSE INFO: Found associated SEs ['CERN-USER'] in /Resources/Countries/cern/AssociatedSEs/Tier1-USER
2025-08-26T23:54:46,415931Z dirac-jobexec/UserJobFinalization INFO: Ordered list of output SEs is: CERN-USER, PIC-USER, GRIDKA-USER, RAL-USER, CNAF-USER, IN2P3-USER, SARA-USER
2025-08-26T23:54:46,415984Z dirac-jobexec/UserJobFinalization INFO: Creating DISABLE_WATCHDOG_CPU_WALLCLOCK_CHECK in order to disable the Watchdog
2025-08-26T23:54:46,416244Z dirac-jobexec/UserJobFinalization INFO: Attempting to store mc.root to the following SE(s): CERN-USER, PIC-USER, GRIDKA-USER, RAL-USER, CNAF-USER, IN2P3-USER, SARA-USER
2025-08-26T23:54:46,416306Z dirac-jobexec/FailoverTransfer INFO: Attempting dm.putAndRegister ('/lhcb/user/a/afernez/2025_08/1164942/1164942624/mc.root','/tmp/1164942624/mc.root','CERN-USER',guid='7115AE31-B917-DAB3-F270-0602D585E9F3',catalog='None', checksum = '57fb9ed8')
2025-08-26T23:55:24,656086Z dirac-jobexec/FailoverTransfer INFO: dm.putAndRegister successfully uploaded and registered mc.root to CERN-USER
2025-08-26T23:55:28,364877Z dirac-jobexec/UserJobFinalization INFO: ===== Terminating 12.0.0a30 ===== 
