120f6a7b-201e-4673-a934-cad38c4c2d4f git@physwkpsc3114ub:~/repositories/lhcb-ntuples-gen.git timestamp=1643785180.339932021s
17558c0f-b788-4f93-a6bb-895bfb56c959 syp@Julian:~/misc/researches/lhcb-data_analysis/lhcb-ntuples-gen timestamp=1542440596.754582121s
1d414183-a99d-4343-83eb-b10815676058 . timestamp=1562982626.569907679s
20a9e73d-38bd-4493-b27e-669241109323 manuelf@physwkpsc3114ub:~/code/temp/lhcb-ntuples-gen timestamp=1645817389.927833073s
2cd07779-f330-412a-a26b-1b7562554e78 syp@Thomas:~/misc/researches/lhcb-data_analysis/lhcb-ntuples-gen timestamp=1542448766.977308315s
410d6921-eab6-40cd-8c2e-6230c24f1b40 alexfernez@DESKTOP-0LO7VQ3:~/LHCb/lhcb-ntuples-gen timestamp=1609218543.1800356s
45285875-ae11-4284-8596-d0affa3685e6 manuelf@manumac.fios-router.home:~/code/temp/lhcb-ntuples-gen timestamp=1577487762.472512s
487d9e66-c3c2-4b59-9f47-f6a440979a19 manuelf@physwkpsc3114ub:~/code/lhcb-ntuples-gen timestamp=1645542905.381226162s
5af6ca5b-8679-403b-9e9d-1b1eef8780d2 manuelf@wireless-10-105-106-145.umd.edu:~/code/lhcb-ntuples-gen timestamp=1545339700.266393s
650b33ad-9d03-4221-a07b-c0331f17d01c suny@lxplus754.cern.ch:/afs/cern.ch/work/s/suny/src/lhcb-ntuples-gen timestamp=1611279148.308339109s
71e59c60-ccf8-4c10-8dd0-ed1b9f7f4364 syp@Henri:~/misc/researches/lhcb-data_analysis/lhcb-ntuples-gen timestamp=1603748995.025451536s
7c8205ed-7dfd-4cf3-ae43-7ccd0c9ca81e alexfernez@DESKTOP-0LO7VQ3:/mnt/c/Users/afern/Documents/UMD/LHCb/plot_scripts/lhcb-ntuples-gen timestamp=1594672440.9127865s
8a75a6de-b26d-4288-a8ec-de96a1ceaf36 syp@Julian:~/misc/researches/lhcb-data_analysis/lhcb-ntuples-gen timestamp=1542440422.628540831s
b0837a9a-e755-40fe-9845-5afac0fe67bf git@Julian:~/repositories/lhcb-ntuples-gen.git timestamp=1542395288.675718544s
c4dc8ac4-aa13-4cd9-ae3f-765d7e420070 manuelf@manu16.fios-router.home:/Volumes/red_t7/lhcb-ntuples-gen timestamp=1636233042.940078s
c9bb7771-36c2-4659-8a06-dfcf04e98998 manuelf@wireless-10-105-109-206.umd.edu:~/code/lhcb-ntuples-gen timestamp=1558734346.904771s
d5ed6d19-e9dd-456a-a142-47bf322e24f5 manuelf@manu16.fios-router.home:~/code/lhcb-ntuples-gen timestamp=1608563945.343196s
d67c8a88-c6be-4fa0-ba53-f80218381389 syp@Pablo:/work/syp/researches/lhcb-data_analysis/lhcb-ntuples-gen timestamp=1577698324.13496s
d95b292e-f6ed-4a07-9d4c-780e42764eef manuelf@manumac.fios-router.home:~/code/lhcb-ntuples-gen timestamp=1588007126.14667s
d970cddd-9d36-488d-893f-65a98470482a syp@physwkpsc3114ub:~/src/lhcb-ntuples-gen timestamp=1644131491.123050187s
e10f5ad7-0cc0-4cd9-bbcc-d082da3ebb7e alex@physwkpsc3114ub:~/lhcb-ntuples-gen timestamp=1645557418.264151252s
ead0543e-7422-441c-b4a6-d3e7ba636a01 manuelf@manumac.fios-router.home:/Volumes/manuelf_t5/lhcb-ntuples-gen timestamp=1594755717.418348s
eba867a4-ecfd-4e78-9772-ccc3d5fb97a6 alexfernez@DESKTOP-0LO7VQ3:/mnt/c/Users/afern/Documents/UMD/LHCb/code/lhcb-ntuples-gen timestamp=1594774081.2043547s
f262a88f-162e-410b-a86d-dc5133112b96 manuelf@physwkpsc3114ub:~/code/temp/lhcb-ntuples-gen timestamp=1645829392.257440864s
fa6da1f9-0491-4b09-a3eb-e043bee2ef15 syp@Thomas:~/.sync/Dropbox/researches/umd-franco/lhcb-ntuples-gen timestamp=1542394810.710839582s
fbb99cab-4165-4083-870b-bc63badb4a9a Glacier timestamp=1643785152.498016715s
