WARNING: Parsing of '.cfg' files as command line arguments is changing!
          Set the environment variable 'export DIRAC_NO_CFG=1' to pass the file as a positional
          argument (this will become the default).
          To modify the local configuration use '--cfg <configfile>' instead.
2025-08-26T23:19:36,987566Z dirac-jobexec INFO: JobID: 1164942567
2025-08-26T23:19:36,991900Z dirac-jobexec INFO: DIRAC JobID 1164942567 is running at site LCG.CNAF.it
Executing StepInstance RunScriptStep1 of type ScriptStep1 ['ScriptStep1']
2025-08-26T23:19:38,049574Z dirac-jobexec/CreateDataFile INFO: ===== Executing 12.0.0a30 ===== 
2025-08-26T23:19:38,050170Z dirac-jobexec INFO: Running in MultiProcessor is not allowed here
2025-08-26T23:19:38,050243Z dirac-jobexec/CreateDataFile INFO: Creating Ganga data file data.py from scratch
2025-08-26T23:19:38,380803Z dirac-jobexec/CreateDataFile INFO: Created Ganga data file data.py
2025-08-26T23:19:38,381393Z dirac-jobexec/CreateDataFile INFO: ===== Terminating 12.0.0a30 ===== 
2025-08-26T23:19:38,385434Z dirac-jobexec/LHCbScript INFO: Command is: /cvmfs/lhcb.cern.ch/lhcbdirac/versions/v12.0.0a30-1755085183/Linux-x86_64/bin/python3 jobScript/GaudiExec_afernez_Job_489.2_03310399-c3fa-40ff-ade7-75b37927ec8d_script.py
2025-08-27T01:39:46,174661Z dirac-jobexec/LHCbScript INFO: /cvmfs/lhcb.cern.ch/lhcbdirac/versions/v12.0.0a30-1755085183/Linux-x86_64/bin/python3 jobScript/GaudiExec_afernez_Job_489.2_03310399-c3fa-40ff-ade7-75b37927ec8d_script.py execution completed with status 0
2025-08-27T01:39:46,176517Z dirac-jobexec/LHCbScript INFO: Output written to Script1_Ganga_GaudiExec.log, execution complete.
2025-08-27T01:39:46,433939Z dirac-jobexec/LHCbScript INFO: GaudiExec successful
2025-08-27T01:39:46,434937Z dirac-jobexec/LHCbScript INFO: ===== Terminating <class 'LHCbDIRAC.Workflow.Modules.LHCbScript.LHCbScript'> ===== 
2025-08-27T01:39:46,580739Z dirac-jobexec/FileUsage INFO: ===== Executing 12.0.0a30 ===== 
2025-08-27T01:39:46,582154Z dirac-jobexec/FileUsage INFO: Popularity report =  {'/lhcb/MC/2016/D0TAUNU.SAFESTRIPTRIG.DST/00140861/0000/': 3}
2025-08-27T01:39:46,755264Z dirac-jobexec/FileUsage INFO: Reporting input file usage successful!
2025-08-27T01:39:46,755862Z dirac-jobexec/FileUsage INFO: ===== Terminating 12.0.0a30 ===== 
2025-08-27T01:39:46,759862Z dirac-jobexec/UserJobFinalization INFO: ===== Executing 12.0.0a30 ===== 
2025-08-27T01:39:46,760370Z dirac-jobexec/DIRAC.DataManagementSystem.Utilities.ResolveSE INFO: Resolving workflow output SE description Tier1-USER
2025-08-27T01:39:46,763843Z dirac-jobexec/DIRAC.DataManagementSystem.Utilities.ResolveSE INFO: Found SEs, local first: ['CNAF-USER', 'CERN-USER', 'PIC-USER', 'SARA-USER', 'RAL-USER', 'IN2P3-USER', 'GRIDKA-USER']
2025-08-27T01:39:46,764297Z dirac-jobexec/DIRAC.DataManagementSystem.Utilities.ResolveSE INFO: Resolving workflow output SE description Tier1-Failover
2025-08-27T01:39:46,766433Z dirac-jobexec/DIRAC.DataManagementSystem.Utilities.ResolveSE INFO: Found SEs, local first: ['CNAF-FAILOVER', 'SARA-FAILOVER', 'RAL-FAILOVER', 'GRIDKA-FAILOVER', 'IN2P3-FAILOVER', 'CERN-EOS-FAILOVER', 'PIC-FAILOVER']
2025-08-27T01:39:46,766903Z dirac-jobexec/UserJobFinalization INFO: User specified output file list is: *.root
2025-08-27T01:39:46,767338Z dirac-jobexec/UserJobFinalization INFO: Found a pattern in the output data file list,           extra files to upload are: mc.root
2025-08-27T01:39:46,767598Z dirac-jobexec/UserJobFinalization INFO: Final list of files to upload are: mc.root
2025-08-27T01:39:46,767691Z dirac-jobexec/UserJobFinalization INFO: Constructing user output LFN(s) for mc.root
2025-08-27T01:39:46,982782Z dirac-jobexec/ProductionData INFO: Created the following output data LFN(s):
/lhcb/user/a/afernez/2025_08/1164942/1164942567/mc.root
2025-08-27T01:39:46,983130Z dirac-jobexec/UserJobFinalization INFO: No outputDataFileMask provided, the files with all the extensions will be considered
2025-08-27T01:39:46,983492Z dirac-jobexec/UserJobFinalization INFO: No outputDataStep provided, the files output of all the steps will be considered
2025-08-27T01:39:46,983617Z dirac-jobexec/UserJobFinalization INFO: Will search for POOL GUIDs for: mc.root
2025-08-27T01:39:47,095545Z dirac-jobexec INFO: GUIDs not found from POOL XML Catalogue (and were generated) for: mc.root
2025-08-27T01:39:47,095823Z dirac-jobexec/UserJobFinalization WARN: PoolXMLFile generated GUID(s) for the following files  mc.root
2025-08-27T01:39:47,319589Z dirac-jobexec/DIRAC.DataManagementSystem.Utilities.ResolveSE INFO: Resolving workflow output SE description Tier1-USER
2025-08-27T01:39:47,322025Z dirac-jobexec/DIRAC.DataManagementSystem.Utilities.ResolveSE INFO: Found eligible local SE ['CNAF-USER']
2025-08-27T01:39:47,322493Z dirac-jobexec/UserJobFinalization INFO: Ordered list of output SEs is: CNAF-USER, PIC-USER, CERN-USER, GRIDKA-USER, IN2P3-USER, RAL-USER, SARA-USER
2025-08-27T01:39:47,322630Z dirac-jobexec/UserJobFinalization INFO: Creating DISABLE_WATCHDOG_CPU_WALLCLOCK_CHECK in order to disable the Watchdog
2025-08-27T01:39:47,323095Z dirac-jobexec/UserJobFinalization INFO: Attempting to store mc.root to the following SE(s): CNAF-USER, PIC-USER, CERN-USER, GRIDKA-USER, IN2P3-USER, RAL-USER, SARA-USER
2025-08-27T01:39:47,323210Z dirac-jobexec/FailoverTransfer INFO: Attempting dm.putAndRegister ('/lhcb/user/a/afernez/2025_08/1164942/1164942567/mc.root','/tmp/1164942567/mc.root','CNAF-USER',guid='B3B75F4E-7B7F-2CDF-D61A-0FED2E66F54B',catalog='None', checksum = '30acf7bd')
2025-08-27T01:39:53,117784Z dirac-jobexec/FailoverTransfer INFO: dm.putAndRegister successfully uploaded and registered mc.root to CNAF-USER
2025-08-27T01:39:53,491425Z dirac-jobexec/UserJobFinalization INFO: ===== Terminating 12.0.0a30 ===== 
