WARNING: Parsing of '.cfg' files as command line arguments is changing!
          Set the environment variable 'export DIRAC_NO_CFG=1' to pass the file as a positional
          argument (this will become the default).
          To modify the local configuration use '--cfg <configfile>' instead.
2025-08-26T23:17:57,115692Z dirac-jobexec INFO: JobID: 1164942693
2025-08-26T23:17:57,123833Z dirac-jobexec INFO: DIRAC JobID 1164942693 is running at site LCG.SARA.nl
Executing StepInstance RunScriptStep1 of type ScriptStep1 ['ScriptStep1']
2025-08-26T23:17:58,829127Z dirac-jobexec/CreateDataFile INFO: ===== Executing 12.0.0a30 ===== 
2025-08-26T23:17:58,830944Z dirac-jobexec INFO: Running in MultiProcessor is not allowed here
2025-08-26T23:17:58,831873Z dirac-jobexec/CreateDataFile INFO: Creating Ganga data file data.py from scratch
2025-08-26T23:17:59,178413Z dirac-jobexec/CreateDataFile INFO: Created Ganga data file data.py
2025-08-26T23:17:59,179626Z dirac-jobexec/CreateDataFile INFO: ===== Terminating 12.0.0a30 ===== 
2025-08-26T23:17:59,186503Z dirac-jobexec/LHCbScript INFO: Command is: /cvmfs/lhcb.cern.ch/lhcbdirac/versions/v12.0.0a30-1755085183/Linux-x86_64/bin/python3 jobScript/GaudiExec_afernez_Job_500.20_8a75fd92-f9de-49f4-9868-0f8bb3727444_script.py
2025-08-27T00:43:36,003195Z dirac-jobexec/LHCbScript INFO: /cvmfs/lhcb.cern.ch/lhcbdirac/versions/v12.0.0a30-1755085183/Linux-x86_64/bin/python3 jobScript/GaudiExec_afernez_Job_500.20_8a75fd92-f9de-49f4-9868-0f8bb3727444_script.py execution completed with status 0
2025-08-27T00:43:36,012655Z dirac-jobexec/LHCbScript INFO: Output written to Script1_Ganga_GaudiExec.log, execution complete.
2025-08-27T00:43:36,533052Z dirac-jobexec/LHCbScript INFO: GaudiExec successful
2025-08-27T00:43:36,534191Z dirac-jobexec/LHCbScript INFO: ===== Terminating <class 'LHCbDIRAC.Workflow.Modules.LHCbScript.LHCbScript'> ===== 
2025-08-27T00:43:36,548774Z dirac-jobexec/FileUsage INFO: ===== Executing 12.0.0a30 ===== 
2025-08-27T00:43:36,549641Z dirac-jobexec/FileUsage INFO: Popularity report =  {'/lhcb/MC/2016/D0TAUNU.SAFESTRIPTRIG.DST/00140822/0000/': 1}
2025-08-27T00:43:36,725544Z dirac-jobexec/FileUsage INFO: Reporting input file usage successful!
2025-08-27T00:43:36,726546Z dirac-jobexec/FileUsage INFO: ===== Terminating 12.0.0a30 ===== 
2025-08-27T00:43:36,736325Z dirac-jobexec/UserJobFinalization INFO: ===== Executing 12.0.0a30 ===== 
2025-08-27T00:43:36,736941Z dirac-jobexec/DIRAC.DataManagementSystem.Utilities.ResolveSE INFO: Resolving workflow output SE description Tier1-USER
2025-08-27T00:43:36,746429Z dirac-jobexec/DIRAC.DataManagementSystem.Utilities.ResolveSE INFO: Found SEs, local first: ['SARA-USER', 'CNAF-USER', 'GRIDKA-USER', 'CERN-USER', 'PIC-USER', 'IN2P3-USER', 'RAL-USER']
2025-08-27T00:43:36,747009Z dirac-jobexec/DIRAC.DataManagementSystem.Utilities.ResolveSE INFO: Resolving workflow output SE description Tier1-Failover
2025-08-27T00:43:36,750810Z dirac-jobexec/DIRAC.DataManagementSystem.Utilities.ResolveSE INFO: Found SEs, local first: ['SARA-FAILOVER', 'CNAF-FAILOVER', 'CERN-EOS-FAILOVER', 'GRIDKA-FAILOVER', 'IN2P3-FAILOVER', 'PIC-FAILOVER', 'RAL-FAILOVER']
2025-08-27T00:43:36,751526Z dirac-jobexec/UserJobFinalization INFO: User specified output file list is: *.root
2025-08-27T00:43:36,752845Z dirac-jobexec/UserJobFinalization INFO: Found a pattern in the output data file list,           extra files to upload are: mc.root
2025-08-27T00:43:36,752997Z dirac-jobexec/UserJobFinalization INFO: Final list of files to upload are: mc.root
2025-08-27T00:43:36,753207Z dirac-jobexec/UserJobFinalization INFO: Constructing user output LFN(s) for mc.root
2025-08-27T00:43:36,947620Z dirac-jobexec/ProductionData INFO: Created the following output data LFN(s):
/lhcb/user/a/afernez/2025_08/1164942/1164942693/mc.root
2025-08-27T00:43:36,949225Z dirac-jobexec/UserJobFinalization INFO: No outputDataFileMask provided, the files with all the extensions will be considered
2025-08-27T00:43:36,949381Z dirac-jobexec/UserJobFinalization INFO: No outputDataStep provided, the files output of all the steps will be considered
2025-08-27T00:43:36,949609Z dirac-jobexec/UserJobFinalization INFO: Will search for POOL GUIDs for: mc.root
2025-08-27T00:43:37,021029Z dirac-jobexec INFO: GUIDs not found from POOL XML Catalogue (and were generated) for: mc.root
2025-08-27T00:43:37,022110Z dirac-jobexec/UserJobFinalization WARN: PoolXMLFile generated GUID(s) for the following files  mc.root
2025-08-27T00:43:37,136297Z dirac-jobexec/DIRAC.DataManagementSystem.Utilities.ResolveSE INFO: Resolving workflow output SE description Tier1-USER
2025-08-27T00:43:37,141173Z dirac-jobexec/DIRAC.DataManagementSystem.Utilities.ResolveSE INFO: Found eligible local SE ['SARA-USER']
2025-08-27T00:43:37,141444Z dirac-jobexec/UserJobFinalization INFO: Ordered list of output SEs is: SARA-USER, CERN-USER, GRIDKA-USER, PIC-USER, IN2P3-USER, CNAF-USER, RAL-USER
2025-08-27T00:43:37,141770Z dirac-jobexec/UserJobFinalization INFO: Creating DISABLE_WATCHDOG_CPU_WALLCLOCK_CHECK in order to disable the Watchdog
2025-08-27T00:43:37,142408Z dirac-jobexec/UserJobFinalization INFO: Attempting to store mc.root to the following SE(s): SARA-USER, CERN-USER, GRIDKA-USER, PIC-USER, IN2P3-USER, CNAF-USER, RAL-USER
2025-08-27T00:43:37,142637Z dirac-jobexec/FailoverTransfer INFO: Attempting dm.putAndRegister ('/lhcb/user/a/afernez/2025_08/1164942/1164942693/mc.root','/tmp/1164942693/mc.root','SARA-USER',guid='AC6C5A9D-4745-0010-9109-F7B69BC529A4',catalog='None', checksum = '727218df')
2025-08-27T00:43:40,171672Z dirac-jobexec/FailoverTransfer INFO: dm.putAndRegister successfully uploaded and registered mc.root to SARA-USER
2025-08-27T00:43:40,558609Z dirac-jobexec/UserJobFinalization INFO: ===== Terminating 12.0.0a30 ===== 
