WARNING: Parsing of '.cfg' files as command line arguments is changing!
          Set the environment variable 'export DIRAC_NO_CFG=1' to pass the file as a positional
          argument (this will become the default).
          To modify the local configuration use '--cfg <configfile>' instead.
2025-08-27T01:02:51,610197Z dirac-jobexec INFO: JobID: 1164943186
2025-08-27T01:02:51,614980Z dirac-jobexec INFO: DIRAC JobID 1164943186 is running at site LCG.CNAF.it
Executing StepInstance RunScriptStep1 of type ScriptStep1 ['ScriptStep1']
2025-08-27T01:02:52,769326Z dirac-jobexec/CreateDataFile INFO: ===== Executing 12.0.0a30 ===== 
2025-08-27T01:02:52,769980Z dirac-jobexec INFO: Running in MultiProcessor is not allowed here
2025-08-27T01:02:52,770061Z dirac-jobexec/CreateDataFile INFO: Creating Ganga data file data.py from scratch
2025-08-27T01:02:53,175384Z dirac-jobexec/CreateDataFile INFO: Created Ganga data file data.py
2025-08-27T01:02:53,175626Z dirac-jobexec/CreateDataFile INFO: ===== Terminating 12.0.0a30 ===== 
2025-08-27T01:02:53,179565Z dirac-jobexec/LHCbScript INFO: Command is: /cvmfs/lhcb.cern.ch/lhcbdirac/versions/v12.0.0a30-1755085183/Linux-x86_64/bin/python3 jobScript/GaudiExec_afernez_Job_521.20_17b524e5-0a01-4861-83f0-5e39600385b7_script.py
2025-08-27T01:06:33,270630Z dirac-jobexec/LHCbScript INFO: /cvmfs/lhcb.cern.ch/lhcbdirac/versions/v12.0.0a30-1755085183/Linux-x86_64/bin/python3 jobScript/GaudiExec_afernez_Job_521.20_17b524e5-0a01-4861-83f0-5e39600385b7_script.py execution completed with status 0
2025-08-27T01:06:33,271868Z dirac-jobexec/LHCbScript INFO: Output written to Script1_Ganga_GaudiExec.log, execution complete.
2025-08-27T01:06:33,478038Z dirac-jobexec/LHCbScript INFO: GaudiExec successful
2025-08-27T01:06:33,478735Z dirac-jobexec/LHCbScript INFO: ===== Terminating <class 'LHCbDIRAC.Workflow.Modules.LHCbScript.LHCbScript'> ===== 
2025-08-27T01:06:33,484019Z dirac-jobexec/FileUsage INFO: ===== Executing 12.0.0a30 ===== 
2025-08-27T01:06:33,484678Z dirac-jobexec/FileUsage INFO: Popularity report =  {'/lhcb/MC/2016/ALLSTREAMS.DST/00173808/0000/': 1}
2025-08-27T01:06:33,686725Z dirac-jobexec/FileUsage INFO: Reporting input file usage successful!
2025-08-27T01:06:33,687291Z dirac-jobexec/FileUsage INFO: ===== Terminating 12.0.0a30 ===== 
2025-08-27T01:06:33,691307Z dirac-jobexec/UserJobFinalization INFO: ===== Executing 12.0.0a30 ===== 
2025-08-27T01:06:33,691779Z dirac-jobexec/DIRAC.DataManagementSystem.Utilities.ResolveSE INFO: Resolving workflow output SE description Tier1-USER
2025-08-27T01:06:33,694841Z dirac-jobexec/DIRAC.DataManagementSystem.Utilities.ResolveSE INFO: Found SEs, local first: ['CNAF-USER', 'GRIDKA-USER', 'RAL-USER', 'PIC-USER', 'IN2P3-USER', 'SARA-USER', 'CERN-USER']
2025-08-27T01:06:33,695198Z dirac-jobexec/DIRAC.DataManagementSystem.Utilities.ResolveSE INFO: Resolving workflow output SE description Tier1-Failover
2025-08-27T01:06:33,697005Z dirac-jobexec/DIRAC.DataManagementSystem.Utilities.ResolveSE INFO: Found SEs, local first: ['CNAF-FAILOVER', 'GRIDKA-FAILOVER', 'CERN-EOS-FAILOVER', 'SARA-FAILOVER', 'PIC-FAILOVER', 'IN2P3-FAILOVER', 'RAL-FAILOVER']
2025-08-27T01:06:33,697433Z dirac-jobexec/UserJobFinalization INFO: User specified output file list is: *.root
2025-08-27T01:06:33,697783Z dirac-jobexec/UserJobFinalization INFO: Found a pattern in the output data file list,           extra files to upload are: mc.root
2025-08-27T01:06:33,698010Z dirac-jobexec/UserJobFinalization INFO: Final list of files to upload are: mc.root
2025-08-27T01:06:33,698083Z dirac-jobexec/UserJobFinalization INFO: Constructing user output LFN(s) for mc.root
2025-08-27T01:06:33,903701Z dirac-jobexec/ProductionData INFO: Created the following output data LFN(s):
/lhcb/user/a/afernez/2025_08/1164943/1164943186/mc.root
2025-08-27T01:06:33,904018Z dirac-jobexec/UserJobFinalization INFO: No outputDataFileMask provided, the files with all the extensions will be considered
2025-08-27T01:06:33,904431Z dirac-jobexec/UserJobFinalization INFO: No outputDataStep provided, the files output of all the steps will be considered
2025-08-27T01:06:33,904550Z dirac-jobexec/UserJobFinalization INFO: Will search for POOL GUIDs for: mc.root
2025-08-27T01:06:34,000344Z dirac-jobexec INFO: GUIDs not found from POOL XML Catalogue (and were generated) for: mc.root
2025-08-27T01:06:34,000636Z dirac-jobexec/UserJobFinalization WARN: PoolXMLFile generated GUID(s) for the following files  mc.root
2025-08-27T01:06:34,001901Z dirac-jobexec/DIRAC.DataManagementSystem.Utilities.ResolveSE INFO: Resolving workflow output SE description Tier1-USER
2025-08-27T01:06:34,004068Z dirac-jobexec/DIRAC.DataManagementSystem.Utilities.ResolveSE INFO: Found eligible local SE ['CNAF-USER']
2025-08-27T01:06:34,004488Z dirac-jobexec/UserJobFinalization INFO: Ordered list of output SEs is: CNAF-USER, GRIDKA-USER, PIC-USER, SARA-USER, CERN-USER, RAL-USER, IN2P3-USER
2025-08-27T01:06:34,004611Z dirac-jobexec/UserJobFinalization INFO: Creating DISABLE_WATCHDOG_CPU_WALLCLOCK_CHECK in order to disable the Watchdog
2025-08-27T01:06:34,005092Z dirac-jobexec/UserJobFinalization INFO: Attempting to store mc.root to the following SE(s): CNAF-USER, GRIDKA-USER, PIC-USER, SARA-USER, CERN-USER, RAL-USER, IN2P3-USER
2025-08-27T01:06:34,005200Z dirac-jobexec/FailoverTransfer INFO: Attempting dm.putAndRegister ('/lhcb/user/a/afernez/2025_08/1164943/1164943186/mc.root','/tmp/1164943186/mc.root','CNAF-USER',guid='0F8C84EB-CAC3-74A4-15D7-46345874500E',catalog='None', checksum = 'cf06c1b8')
2025-08-27T01:06:38,136742Z dirac-jobexec/FailoverTransfer INFO: dm.putAndRegister successfully uploaded and registered mc.root to CNAF-USER
2025-08-27T01:06:38,502753Z dirac-jobexec/UserJobFinalization INFO: ===== Terminating 12.0.0a30 ===== 
