WARNING: Parsing of '.cfg' files as command line arguments is changing!
          Set the environment variable 'export DIRAC_NO_CFG=1' to pass the file as a positional
          argument (this will become the default).
          To modify the local configuration use '--cfg <configfile>' instead.
2025-08-27T05:08:59,937420Z dirac-jobexec INFO: JobID: 1164942689
2025-08-27T05:08:59,943940Z dirac-jobexec INFO: DIRAC JobID 1164942689 is running at site LCG.IN2P3.fr
Executing StepInstance RunScriptStep1 of type ScriptStep1 ['ScriptStep1']
2025-08-27T05:09:01,535594Z dirac-jobexec/CreateDataFile INFO: ===== Executing 12.0.0a30 ===== 
2025-08-27T05:09:01,536346Z dirac-jobexec INFO: Running in MultiProcessor is not allowed here
2025-08-27T05:09:01,536436Z dirac-jobexec/CreateDataFile INFO: Creating Ganga data file data.py from scratch
2025-08-27T05:09:01,690090Z dirac-jobexec/CreateDataFile INFO: Created Ganga data file data.py
2025-08-27T05:09:01,690314Z dirac-jobexec/CreateDataFile INFO: ===== Terminating 12.0.0a30 ===== 
2025-08-27T05:09:01,695816Z dirac-jobexec/LHCbScript INFO: Command is: /cvmfs/lhcb.cern.ch/lhcbdirac/versions/v12.0.0a30-1755085183/Linux-x86_64/bin/python3 jobScript/GaudiExec_afernez_Job_500.16_8a75fd92-f9de-49f4-9868-0f8bb3727444_script.py
2025-08-27T06:23:50,198659Z dirac-jobexec/LHCbScript INFO: /cvmfs/lhcb.cern.ch/lhcbdirac/versions/v12.0.0a30-1755085183/Linux-x86_64/bin/python3 jobScript/GaudiExec_afernez_Job_500.16_8a75fd92-f9de-49f4-9868-0f8bb3727444_script.py execution completed with status 0
2025-08-27T06:23:50,200872Z dirac-jobexec/LHCbScript INFO: Output written to Script1_Ganga_GaudiExec.log, execution complete.
2025-08-27T06:23:50,420979Z dirac-jobexec/LHCbScript INFO: GaudiExec successful
2025-08-27T06:23:50,421559Z dirac-jobexec/LHCbScript INFO: ===== Terminating <class 'LHCbDIRAC.Workflow.Modules.LHCbScript.LHCbScript'> ===== 
2025-08-27T06:23:50,430741Z dirac-jobexec/FileUsage INFO: ===== Executing 12.0.0a30 ===== 
2025-08-27T06:23:50,431404Z dirac-jobexec/FileUsage INFO: Popularity report =  {'/lhcb/MC/2016/D0TAUNU.SAFESTRIPTRIG.DST/00140822/0000/': 1}
2025-08-27T06:23:50,475158Z dirac-jobexec/FileUsage INFO: Reporting input file usage successful!
2025-08-27T06:23:50,475709Z dirac-jobexec/FileUsage INFO: ===== Terminating 12.0.0a30 ===== 
2025-08-27T06:23:50,480219Z dirac-jobexec/UserJobFinalization INFO: ===== Executing 12.0.0a30 ===== 
2025-08-27T06:23:50,480337Z dirac-jobexec/DIRAC.DataManagementSystem.Utilities.ResolveSE INFO: Resolving workflow output SE description Tier1-USER
2025-08-27T06:23:50,486662Z dirac-jobexec/DIRAC.DataManagementSystem.Utilities.ResolveSE INFO: Found SEs, local first: ['IN2P3-USER', 'RAL-USER', 'GRIDKA-USER', 'CNAF-USER', 'CERN-USER', 'SARA-USER', 'PIC-USER']
2025-08-27T06:23:50,486892Z dirac-jobexec/DIRAC.DataManagementSystem.Utilities.ResolveSE INFO: Resolving workflow output SE description Tier1-Failover
2025-08-27T06:23:50,490045Z dirac-jobexec/DIRAC.DataManagementSystem.Utilities.ResolveSE INFO: Found SEs, local first: ['IN2P3-FAILOVER', 'SARA-FAILOVER', 'CERN-EOS-FAILOVER', 'RAL-FAILOVER', 'GRIDKA-FAILOVER', 'CNAF-FAILOVER', 'PIC-FAILOVER']
2025-08-27T06:23:50,490498Z dirac-jobexec/UserJobFinalization INFO: User specified output file list is: *.root
2025-08-27T06:23:50,491155Z dirac-jobexec/UserJobFinalization INFO: Found a pattern in the output data file list,           extra files to upload are: mc.root
2025-08-27T06:23:50,491297Z dirac-jobexec/UserJobFinalization INFO: Final list of files to upload are: mc.root
2025-08-27T06:23:50,491508Z dirac-jobexec/UserJobFinalization INFO: Constructing user output LFN(s) for mc.root
2025-08-27T06:23:50,561183Z dirac-jobexec/ProductionData INFO: Created the following output data LFN(s):
/lhcb/user/a/afernez/2025_08/1164942/1164942689/mc.root
2025-08-27T06:23:50,561746Z dirac-jobexec/UserJobFinalization INFO: No outputDataFileMask provided, the files with all the extensions will be considered
2025-08-27T06:23:50,561957Z dirac-jobexec/UserJobFinalization INFO: No outputDataStep provided, the files output of all the steps will be considered
2025-08-27T06:23:50,562168Z dirac-jobexec/UserJobFinalization INFO: Will search for POOL GUIDs for: mc.root
2025-08-27T06:23:50,624645Z dirac-jobexec INFO: GUIDs not found from POOL XML Catalogue (and were generated) for: mc.root
2025-08-27T06:23:50,625107Z dirac-jobexec/UserJobFinalization WARN: PoolXMLFile generated GUID(s) for the following files  mc.root
2025-08-27T06:23:50,737768Z dirac-jobexec/DIRAC.DataManagementSystem.Utilities.ResolveSE INFO: Resolving workflow output SE description Tier1-USER
2025-08-27T06:23:50,741548Z dirac-jobexec/DIRAC.DataManagementSystem.Utilities.ResolveSE INFO: Found eligible local SE ['IN2P3-USER']
2025-08-27T06:23:50,741825Z dirac-jobexec/UserJobFinalization INFO: Ordered list of output SEs is: IN2P3-USER, GRIDKA-USER, CNAF-USER, PIC-USER, SARA-USER, RAL-USER, CERN-USER
2025-08-27T06:23:50,741926Z dirac-jobexec/UserJobFinalization INFO: Creating DISABLE_WATCHDOG_CPU_WALLCLOCK_CHECK in order to disable the Watchdog
2025-08-27T06:23:50,742362Z dirac-jobexec/UserJobFinalization INFO: Attempting to store mc.root to the following SE(s): IN2P3-USER, GRIDKA-USER, CNAF-USER, PIC-USER, SARA-USER, RAL-USER, CERN-USER
2025-08-27T06:23:50,742440Z dirac-jobexec/FailoverTransfer INFO: Attempting dm.putAndRegister ('/lhcb/user/a/afernez/2025_08/1164942/1164942689/mc.root','/tmp/1164942689/mc.root','IN2P3-USER',guid='481F4777-CEA8-0D95-9B82-39193F6FF65C',catalog='None', checksum = '277989e6')
2025-08-27T06:23:52,398169Z dirac-jobexec/FailoverTransfer INFO: dm.putAndRegister successfully uploaded and registered mc.root to IN2P3-USER
2025-08-27T06:23:52,592611Z dirac-jobexec/UserJobFinalization INFO: ===== Terminating 12.0.0a30 ===== 
