WARNING: Parsing of '.cfg' files as command line arguments is changing!
          Set the environment variable 'export DIRAC_NO_CFG=1' to pass the file as a positional
          argument (this will become the default).
          To modify the local configuration use '--cfg <configfile>' instead.
2025-08-26T22:59:06,722681Z dirac-jobexec INFO: JobID: 1164942484
2025-08-26T22:59:06,734337Z dirac-jobexec INFO: DIRAC JobID 1164942484 is running at site LCG.SARA.nl
Executing StepInstance RunScriptStep1 of type ScriptStep1 ['ScriptStep1']
2025-08-26T22:59:09,423804Z dirac-jobexec/CreateDataFile INFO: ===== Executing 12.0.0a30 ===== 
2025-08-26T22:59:09,425874Z dirac-jobexec INFO: Running in MultiProcessor is not allowed here
2025-08-26T22:59:09,426141Z dirac-jobexec/CreateDataFile INFO: Creating Ganga data file data.py from scratch
2025-08-26T22:59:09,920231Z dirac-jobexec/CreateDataFile INFO: Created Ganga data file data.py
2025-08-26T22:59:09,921119Z dirac-jobexec/CreateDataFile INFO: ===== Terminating 12.0.0a30 ===== 
2025-08-26T22:59:09,929660Z dirac-jobexec/LHCbScript INFO: Command is: /cvmfs/lhcb.cern.ch/lhcbdirac/versions/v12.0.0a30-1755085183/Linux-x86_64/bin/python3 jobScript/GaudiExec_afernez_Job_487.2_6539a772-9c8b-4ec6-9be9-a6fb2e9369b1_script.py
2025-08-26T23:47:01,340322Z dirac-jobexec/LHCbScript INFO: /cvmfs/lhcb.cern.ch/lhcbdirac/versions/v12.0.0a30-1755085183/Linux-x86_64/bin/python3 jobScript/GaudiExec_afernez_Job_487.2_6539a772-9c8b-4ec6-9be9-a6fb2e9369b1_script.py execution completed with status 0
2025-08-26T23:47:01,341570Z dirac-jobexec/LHCbScript INFO: Output written to Script1_Ganga_GaudiExec.log, execution complete.
2025-08-26T23:47:01,705453Z dirac-jobexec/LHCbScript INFO: GaudiExec successful
2025-08-26T23:47:01,706408Z dirac-jobexec/LHCbScript INFO: ===== Terminating <class 'LHCbDIRAC.Workflow.Modules.LHCbScript.LHCbScript'> ===== 
2025-08-26T23:47:01,715992Z dirac-jobexec/FileUsage INFO: ===== Executing 12.0.0a30 ===== 
2025-08-26T23:47:01,716729Z dirac-jobexec/FileUsage INFO: Popularity report =  {'/lhcb/LHCb/Collision16/SEMILEPTONIC.DST/00103400/0000/': 11}
2025-08-26T23:47:01,872025Z dirac-jobexec/FileUsage INFO: Reporting input file usage successful!
2025-08-26T23:47:01,872514Z dirac-jobexec/FileUsage INFO: ===== Terminating 12.0.0a30 ===== 
2025-08-26T23:47:01,880151Z dirac-jobexec/UserJobFinalization INFO: ===== Executing 12.0.0a30 ===== 
2025-08-26T23:47:01,880730Z dirac-jobexec/DIRAC.DataManagementSystem.Utilities.ResolveSE INFO: Resolving workflow output SE description Tier1-USER
2025-08-26T23:47:01,890807Z dirac-jobexec/DIRAC.DataManagementSystem.Utilities.ResolveSE INFO: Found SEs, local first: ['SARA-USER', 'CERN-USER', 'PIC-USER', 'GRIDKA-USER', 'IN2P3-USER', 'RAL-USER', 'CNAF-USER']
2025-08-26T23:47:01,891311Z dirac-jobexec/DIRAC.DataManagementSystem.Utilities.ResolveSE INFO: Resolving workflow output SE description Tier1-Failover
2025-08-26T23:47:01,895210Z dirac-jobexec/DIRAC.DataManagementSystem.Utilities.ResolveSE INFO: Found SEs, local first: ['SARA-FAILOVER', 'CNAF-FAILOVER', 'RAL-FAILOVER', 'CERN-EOS-FAILOVER', 'IN2P3-FAILOVER', 'PIC-FAILOVER', 'GRIDKA-FAILOVER']
2025-08-26T23:47:01,896300Z dirac-jobexec/UserJobFinalization INFO: User specified output file list is: *.root
2025-08-26T23:47:01,897671Z dirac-jobexec/UserJobFinalization INFO: Found a pattern in the output data file list,           extra files to upload are: mu_misid.root
2025-08-26T23:47:01,898162Z dirac-jobexec/UserJobFinalization INFO: Final list of files to upload are: mu_misid.root
2025-08-26T23:47:01,898810Z dirac-jobexec/UserJobFinalization INFO: Constructing user output LFN(s) for mu_misid.root
2025-08-26T23:47:02,127518Z dirac-jobexec/ProductionData INFO: Created the following output data LFN(s):
/lhcb/user/a/afernez/2025_08/1164942/1164942484/mu_misid.root
2025-08-26T23:47:02,128368Z dirac-jobexec/UserJobFinalization INFO: No outputDataFileMask provided, the files with all the extensions will be considered
2025-08-26T23:47:02,128543Z dirac-jobexec/UserJobFinalization INFO: No outputDataStep provided, the files output of all the steps will be considered
2025-08-26T23:47:02,128815Z dirac-jobexec/UserJobFinalization INFO: Will search for POOL GUIDs for: mu_misid.root
2025-08-26T23:47:02,196478Z dirac-jobexec INFO: GUIDs not found from POOL XML Catalogue (and were generated) for: mu_misid.root
2025-08-26T23:47:02,197830Z dirac-jobexec/UserJobFinalization WARN: PoolXMLFile generated GUID(s) for the following files  mu_misid.root
2025-08-26T23:47:02,241014Z dirac-jobexec/DIRAC.DataManagementSystem.Utilities.ResolveSE INFO: Resolving workflow output SE description Tier1-USER
2025-08-26T23:47:02,245135Z dirac-jobexec/DIRAC.DataManagementSystem.Utilities.ResolveSE INFO: Found eligible local SE ['SARA-USER']
2025-08-26T23:47:02,245552Z dirac-jobexec/UserJobFinalization INFO: Ordered list of output SEs is: SARA-USER, CNAF-USER, PIC-USER, RAL-USER, CERN-USER, GRIDKA-USER, IN2P3-USER
2025-08-26T23:47:02,245907Z dirac-jobexec/UserJobFinalization INFO: Creating DISABLE_WATCHDOG_CPU_WALLCLOCK_CHECK in order to disable the Watchdog
2025-08-26T23:47:02,246428Z dirac-jobexec/UserJobFinalization INFO: Attempting to store mu_misid.root to the following SE(s): SARA-USER, CNAF-USER, PIC-USER, RAL-USER, CERN-USER, GRIDKA-USER, IN2P3-USER
2025-08-26T23:47:02,246687Z dirac-jobexec/FailoverTransfer INFO: Attempting dm.putAndRegister ('/lhcb/user/a/afernez/2025_08/1164942/1164942484/mu_misid.root','/tmp/1164942484/mu_misid.root','SARA-USER',guid='1F12B742-E268-1981-131A-E4FD572AD4C2',catalog='None', checksum = 'b045fa3c')
2025-08-26T23:47:04,982475Z dirac-jobexec/FailoverTransfer INFO: dm.putAndRegister successfully uploaded and registered mu_misid.root to SARA-USER
2025-08-26T23:47:05,362903Z dirac-jobexec/UserJobFinalization INFO: ===== Terminating 12.0.0a30 ===== 
