WARNING: Parsing of '.cfg' files as command line arguments is changing!
          Set the environment variable 'export DIRAC_NO_CFG=1' to pass the file as a positional
          argument (this will become the default).
          To modify the local configuration use '--cfg <configfile>' instead.
2025-08-27T03:09:40,955163Z dirac-jobexec INFO: JobID: 1164942894
2025-08-27T03:09:40,962293Z dirac-jobexec INFO: DIRAC JobID 1164942894 is running at site LCG.UKI-LT2-IC-HEP.uk
Executing StepInstance RunScriptStep1 of type ScriptStep1 ['ScriptStep1']
2025-08-27T03:09:42,628404Z dirac-jobexec/CreateDataFile INFO: ===== Executing 12.0.0a30 ===== 
2025-08-27T03:09:42,629694Z dirac-jobexec INFO: Running in MultiProcessor is not allowed here
2025-08-27T03:09:42,629818Z dirac-jobexec/CreateDataFile INFO: Creating Ganga data file data.py from scratch
2025-08-27T03:09:42,931669Z dirac-jobexec/CreateDataFile INFO: Created Ganga data file data.py
2025-08-27T03:09:42,932323Z dirac-jobexec/CreateDataFile INFO: ===== Terminating 12.0.0a30 ===== 
2025-08-27T03:09:42,937087Z dirac-jobexec/LHCbScript INFO: Command is: /cvmfs/lhcb.cern.ch/lhcbdirac/versions/v12.0.0a30-1755085183/Linux-x86_64/bin/python3 jobScript/GaudiExec_afernez_Job_512.12_b901b1bf-bdd4-40f9-ba7a-3d1893ed79cf_script.py
2025-08-27T05:09:40,990673Z dirac-jobexec/LHCbScript INFO: /cvmfs/lhcb.cern.ch/lhcbdirac/versions/v12.0.0a30-1755085183/Linux-x86_64/bin/python3 jobScript/GaudiExec_afernez_Job_512.12_b901b1bf-bdd4-40f9-ba7a-3d1893ed79cf_script.py execution completed with status 0
2025-08-27T05:09:41,006967Z dirac-jobexec/LHCbScript INFO: Output written to Script1_Ganga_GaudiExec.log, execution complete.
2025-08-27T05:09:41,431251Z dirac-jobexec/LHCbScript INFO: GaudiExec successful
2025-08-27T05:09:41,431765Z dirac-jobexec/LHCbScript INFO: ===== Terminating <class 'LHCbDIRAC.Workflow.Modules.LHCbScript.LHCbScript'> ===== 
2025-08-27T05:09:41,729157Z dirac-jobexec/FileUsage INFO: ===== Executing 12.0.0a30 ===== 
2025-08-27T05:09:41,729600Z dirac-jobexec/FileUsage INFO: Popularity report =  {'/lhcb/MC/2016/D0TAUNU.SAFESTRIPTRIG.DST/00140831/0000/': 1}
2025-08-27T05:09:41,870394Z dirac-jobexec/FileUsage INFO: Reporting input file usage successful!
2025-08-27T05:09:41,871304Z dirac-jobexec/FileUsage INFO: ===== Terminating 12.0.0a30 ===== 
2025-08-27T05:09:41,880432Z dirac-jobexec/UserJobFinalization INFO: ===== Executing 12.0.0a30 ===== 
2025-08-27T05:09:41,881237Z dirac-jobexec/DIRAC.DataManagementSystem.Utilities.ResolveSE INFO: Resolving workflow output SE description Tier1-USER
2025-08-27T05:09:41,888191Z dirac-jobexec/DIRAC.DataManagementSystem.Utilities.ResolveSE INFO: Found SEs, local first: ['RAL-USER', 'PIC-USER', 'GRIDKA-USER', 'SARA-USER', 'CERN-USER', 'CNAF-USER', 'IN2P3-USER']
2025-08-27T05:09:41,888878Z dirac-jobexec/DIRAC.DataManagementSystem.Utilities.ResolveSE INFO: Resolving workflow output SE description Tier1-Failover
2025-08-27T05:09:41,893495Z dirac-jobexec/DIRAC.DataManagementSystem.Utilities.ResolveSE INFO: Found SEs, local first: ['IN2P3-FAILOVER', 'GRIDKA-FAILOVER', 'SARA-FAILOVER', 'PIC-FAILOVER', 'CERN-EOS-FAILOVER', 'RAL-FAILOVER', 'CNAF-FAILOVER']
2025-08-27T05:09:41,894403Z dirac-jobexec/UserJobFinalization INFO: User specified output file list is: *.root
2025-08-27T05:09:41,895453Z dirac-jobexec/UserJobFinalization INFO: Found a pattern in the output data file list,           extra files to upload are: mc.root
2025-08-27T05:09:41,895817Z dirac-jobexec/UserJobFinalization INFO: Final list of files to upload are: mc.root
2025-08-27T05:09:41,896132Z dirac-jobexec/UserJobFinalization INFO: Constructing user output LFN(s) for mc.root
2025-08-27T05:09:42,104093Z dirac-jobexec/ProductionData INFO: Created the following output data LFN(s):
/lhcb/user/a/afernez/2025_08/1164942/1164942894/mc.root
2025-08-27T05:09:42,105090Z dirac-jobexec/UserJobFinalization INFO: No outputDataFileMask provided, the files with all the extensions will be considered
2025-08-27T05:09:42,105499Z dirac-jobexec/UserJobFinalization INFO: No outputDataStep provided, the files output of all the steps will be considered
2025-08-27T05:09:42,105871Z dirac-jobexec/UserJobFinalization INFO: Will search for POOL GUIDs for: mc.root
2025-08-27T05:09:42,187905Z dirac-jobexec INFO: GUIDs not found from POOL XML Catalogue (and were generated) for: mc.root
2025-08-27T05:09:42,188735Z dirac-jobexec/UserJobFinalization WARN: PoolXMLFile generated GUID(s) for the following files  mc.root
2025-08-27T05:09:42,308245Z dirac-jobexec/DIRAC.DataManagementSystem.Utilities.ResolveSE INFO: Resolving workflow output SE description Tier1-USER
2025-08-27T05:09:42,313931Z dirac-jobexec/DIRAC.DataManagementSystem.Utilities.ResolveSE INFO: Found associated SEs ['CERN-USER'] in /Resources/Countries/cern/AssociatedSEs/Tier1-USER
2025-08-27T05:09:42,314762Z dirac-jobexec/UserJobFinalization INFO: Ordered list of output SEs is: CERN-USER, GRIDKA-USER, PIC-USER, CNAF-USER, RAL-USER, IN2P3-USER, SARA-USER
2025-08-27T05:09:42,315229Z dirac-jobexec/UserJobFinalization INFO: Creating DISABLE_WATCHDOG_CPU_WALLCLOCK_CHECK in order to disable the Watchdog
2025-08-27T05:09:42,315958Z dirac-jobexec/UserJobFinalization INFO: Attempting to store mc.root to the following SE(s): CERN-USER, GRIDKA-USER, PIC-USER, CNAF-USER, RAL-USER, IN2P3-USER, SARA-USER
2025-08-27T05:09:42,316402Z dirac-jobexec/FailoverTransfer INFO: Attempting dm.putAndRegister ('/lhcb/user/a/afernez/2025_08/1164942/1164942894/mc.root','/tmp/1164942894/mc.root','CERN-USER',guid='6C40BB42-B2EB-EA5C-02D8-4F12BBF0B0F3',catalog='None', checksum = '8934bbde')
2025-08-27T05:09:46,184597Z dirac-jobexec/FailoverTransfer INFO: dm.putAndRegister successfully uploaded and registered mc.root to CERN-USER
2025-08-27T05:09:46,529577Z dirac-jobexec/UserJobFinalization INFO: ===== Terminating 12.0.0a30 ===== 
