WARNING: Parsing of '.cfg' files as command line arguments is changing!
          Set the environment variable 'export DIRAC_NO_CFG=1' to pass the file as a positional
          argument (this will become the default).
          To modify the local configuration use '--cfg <configfile>' instead.
2025-08-27T00:00:07,367131Z dirac-jobexec INFO: JobID: 1164942945
2025-08-27T00:00:07,378628Z dirac-jobexec INFO: DIRAC JobID 1164942945 is running at site LCG.CERN.cern
Executing StepInstance RunScriptStep1 of type ScriptStep1 ['ScriptStep1']
2025-08-27T00:00:09,983099Z dirac-jobexec/CreateDataFile INFO: ===== Executing 12.0.0a30 ===== 
2025-08-27T00:00:09,984241Z dirac-jobexec INFO: Getting numberOfProcessors from /Resources/Computing/CEDefaults/NumberOfProcessors
2025-08-27T00:00:09,984446Z dirac-jobexec/CreateDataFile INFO: Creating Ganga data file data.py from scratch
2025-08-27T00:00:10,160399Z dirac-jobexec/CreateDataFile INFO: Created Ganga data file data.py
2025-08-27T00:00:10,160635Z dirac-jobexec/CreateDataFile INFO: ===== Terminating 12.0.0a30 ===== 
2025-08-27T00:00:10,168295Z dirac-jobexec/LHCbScript INFO: Command is: /cvmfs/lhcb.cern.ch/lhcbdirac/versions/v12.0.0a30-1755085183/Linux-x86_64/bin/python3 jobScript/GaudiExec_afernez_Job_514.10_ddadf4ec-4bfc-480a-bb15-3a6c8e13ba17_script.py
2025-08-27T06:08:19,220899Z dirac-jobexec/LHCbScript INFO: /cvmfs/lhcb.cern.ch/lhcbdirac/versions/v12.0.0a30-1755085183/Linux-x86_64/bin/python3 jobScript/GaudiExec_afernez_Job_514.10_ddadf4ec-4bfc-480a-bb15-3a6c8e13ba17_script.py execution completed with status 0
2025-08-27T06:08:19,222535Z dirac-jobexec/LHCbScript INFO: Output written to Script1_Ganga_GaudiExec.log, execution complete.
2025-08-27T06:08:19,368305Z dirac-jobexec/LHCbScript INFO: GaudiExec successful
2025-08-27T06:08:19,368918Z dirac-jobexec/LHCbScript INFO: ===== Terminating <class 'LHCbDIRAC.Workflow.Modules.LHCbScript.LHCbScript'> ===== 
2025-08-27T06:08:19,383035Z dirac-jobexec/FileUsage INFO: ===== Executing 12.0.0a30 ===== 
2025-08-27T06:08:19,383494Z dirac-jobexec/FileUsage INFO: Popularity report =  {'/lhcb/MC/2016/D0TAUNU.SAFESTRIPTRIG.DST/00219698/0000/': 2}
2025-08-27T06:08:19,500443Z dirac-jobexec/FileUsage INFO: Reporting input file usage successful!
2025-08-27T06:08:19,500742Z dirac-jobexec/FileUsage INFO: ===== Terminating 12.0.0a30 ===== 
2025-08-27T06:08:19,512076Z dirac-jobexec/UserJobFinalization INFO: ===== Executing 12.0.0a30 ===== 
2025-08-27T06:08:19,512326Z dirac-jobexec/DIRAC.DataManagementSystem.Utilities.ResolveSE INFO: Resolving workflow output SE description Tier1-USER
2025-08-27T06:08:19,523791Z dirac-jobexec/DIRAC.DataManagementSystem.Utilities.ResolveSE INFO: Found SEs, local first: ['CERN-USER', 'SARA-USER', 'IN2P3-USER', 'CNAF-USER', 'GRIDKA-USER', 'PIC-USER', 'RAL-USER']
2025-08-27T06:08:19,523984Z dirac-jobexec/DIRAC.DataManagementSystem.Utilities.ResolveSE INFO: Resolving workflow output SE description Tier1-Failover
2025-08-27T06:08:19,535789Z dirac-jobexec/DIRAC.DataManagementSystem.Utilities.ResolveSE INFO: Found SEs, local first: ['CERN-EOS-FAILOVER', 'CNAF-FAILOVER', 'IN2P3-FAILOVER', 'GRIDKA-FAILOVER', 'RAL-FAILOVER', 'SARA-FAILOVER', 'PIC-FAILOVER']
2025-08-27T06:08:19,536226Z dirac-jobexec/UserJobFinalization INFO: User specified output file list is: *.root
2025-08-27T06:08:19,536856Z dirac-jobexec/UserJobFinalization INFO: Found a pattern in the output data file list,           extra files to upload are: mc.root
2025-08-27T06:08:19,536982Z dirac-jobexec/UserJobFinalization INFO: Final list of files to upload are: mc.root
2025-08-27T06:08:19,537058Z dirac-jobexec/UserJobFinalization INFO: Constructing user output LFN(s) for mc.root
2025-08-27T06:08:20,167976Z dirac-jobexec/ProductionData INFO: Created the following output data LFN(s):
/lhcb/user/a/afernez/2025_08/1164942/1164942945/mc.root
2025-08-27T06:08:20,174185Z dirac-jobexec/UserJobFinalization INFO: No outputDataFileMask provided, the files with all the extensions will be considered
2025-08-27T06:08:20,174348Z dirac-jobexec/UserJobFinalization INFO: No outputDataStep provided, the files output of all the steps will be considered
2025-08-27T06:08:20,174457Z dirac-jobexec/UserJobFinalization INFO: Will search for POOL GUIDs for: mc.root
2025-08-27T06:08:20,449674Z dirac-jobexec INFO: GUIDs not found from POOL XML Catalogue (and were generated) for: mc.root
2025-08-27T06:08:20,449944Z dirac-jobexec/UserJobFinalization WARN: PoolXMLFile generated GUID(s) for the following files  mc.root
2025-08-27T06:08:20,881076Z dirac-jobexec/DIRAC.DataManagementSystem.Utilities.ResolveSE INFO: Resolving workflow output SE description Tier1-USER
2025-08-27T06:08:20,888136Z dirac-jobexec/DIRAC.DataManagementSystem.Utilities.ResolveSE INFO: Found eligible local SE ['CERN-USER']
2025-08-27T06:08:20,888468Z dirac-jobexec/UserJobFinalization INFO: Ordered list of output SEs is: CERN-USER, SARA-USER, IN2P3-USER, RAL-USER, GRIDKA-USER, PIC-USER, CNAF-USER
2025-08-27T06:08:20,888593Z dirac-jobexec/UserJobFinalization INFO: Creating DISABLE_WATCHDOG_CPU_WALLCLOCK_CHECK in order to disable the Watchdog
2025-08-27T06:08:20,890166Z dirac-jobexec/UserJobFinalization INFO: Attempting to store mc.root to the following SE(s): CERN-USER, SARA-USER, IN2P3-USER, RAL-USER, GRIDKA-USER, PIC-USER, CNAF-USER
2025-08-27T06:08:20,890316Z dirac-jobexec/FailoverTransfer INFO: Attempting dm.putAndRegister ('/lhcb/user/a/afernez/2025_08/1164942/1164942945/mc.root','/tmp/1164942945/mc.root','CERN-USER',guid='8E641E39-1713-D2F0-FE18-D1571FD87C7E',catalog='None', checksum = '0055d956')
2025-08-27T06:08:23,524237Z dirac-jobexec/FailoverTransfer INFO: dm.putAndRegister successfully uploaded and registered mc.root to CERN-USER
2025-08-27T06:08:23,774242Z dirac-jobexec/UserJobFinalization INFO: ===== Terminating 12.0.0a30 ===== 
