WARNING: Parsing of '.cfg' files as command line arguments is changing!
          Set the environment variable 'export DIRAC_NO_CFG=1' to pass the file as a positional
          argument (this will become the default).
          To modify the local configuration use '--cfg <configfile>' instead.
2025-08-26T23:17:43,071684Z dirac-jobexec INFO: JobID: 1164942676
2025-08-26T23:17:43,079172Z dirac-jobexec INFO: DIRAC JobID 1164942676 is running at site LCG.PIC.es
Executing StepInstance RunScriptStep1 of type ScriptStep1 ['ScriptStep1']
2025-08-26T23:17:45,256937Z dirac-jobexec/CreateDataFile INFO: ===== Executing 12.0.0a30 ===== 
2025-08-26T23:17:45,258157Z dirac-jobexec INFO: Running in MultiProcessor is not allowed here
2025-08-26T23:17:45,258375Z dirac-jobexec/CreateDataFile INFO: Creating Ganga data file data.py from scratch
2025-08-26T23:17:45,758851Z dirac-jobexec/CreateDataFile INFO: Created Ganga data file data.py
2025-08-26T23:17:45,759100Z dirac-jobexec/CreateDataFile INFO: ===== Terminating 12.0.0a30 ===== 
2025-08-26T23:17:45,765547Z dirac-jobexec/LHCbScript INFO: Command is: /cvmfs/lhcb.cern.ch/lhcbdirac/versions/v12.0.0a30-1755085183/Linux-x86_64/bin/python3 jobScript/GaudiExec_afernez_Job_500.3_8a75fd92-f9de-49f4-9868-0f8bb3727444_script.py
2025-08-27T00:38:16,708363Z dirac-jobexec/LHCbScript INFO: /cvmfs/lhcb.cern.ch/lhcbdirac/versions/v12.0.0a30-1755085183/Linux-x86_64/bin/python3 jobScript/GaudiExec_afernez_Job_500.3_8a75fd92-f9de-49f4-9868-0f8bb3727444_script.py execution completed with status 0
2025-08-27T00:38:16,716801Z dirac-jobexec/LHCbScript INFO: Output written to Script1_Ganga_GaudiExec.log, execution complete.
2025-08-27T00:38:17,236571Z dirac-jobexec/LHCbScript INFO: GaudiExec successful
2025-08-27T00:38:17,237004Z dirac-jobexec/LHCbScript INFO: ===== Terminating <class 'LHCbDIRAC.Workflow.Modules.LHCbScript.LHCbScript'> ===== 
2025-08-27T00:38:17,248277Z dirac-jobexec/FileUsage INFO: ===== Executing 12.0.0a30 ===== 
2025-08-27T00:38:17,248788Z dirac-jobexec/FileUsage INFO: Popularity report =  {'/lhcb/MC/2016/D0TAUNU.SAFESTRIPTRIG.DST/00140822/0000/': 1}
2025-08-27T00:38:17,534801Z dirac-jobexec/FileUsage INFO: Reporting input file usage successful!
2025-08-27T00:38:17,535060Z dirac-jobexec/FileUsage INFO: ===== Terminating 12.0.0a30 ===== 
2025-08-27T00:38:17,540373Z dirac-jobexec/UserJobFinalization INFO: ===== Executing 12.0.0a30 ===== 
2025-08-27T00:38:17,540544Z dirac-jobexec/DIRAC.DataManagementSystem.Utilities.ResolveSE INFO: Resolving workflow output SE description Tier1-USER
2025-08-27T00:38:17,548305Z dirac-jobexec/DIRAC.DataManagementSystem.Utilities.ResolveSE INFO: Found SEs, local first: ['PIC-USER', 'GRIDKA-USER', 'CERN-USER', 'RAL-USER', 'IN2P3-USER', 'CNAF-USER', 'SARA-USER']
2025-08-27T00:38:17,548460Z dirac-jobexec/DIRAC.DataManagementSystem.Utilities.ResolveSE INFO: Resolving workflow output SE description Tier1-Failover
2025-08-27T00:38:17,551616Z dirac-jobexec/DIRAC.DataManagementSystem.Utilities.ResolveSE INFO: Found SEs, local first: ['PIC-FAILOVER', 'CERN-EOS-FAILOVER', 'CNAF-FAILOVER', 'GRIDKA-FAILOVER', 'RAL-FAILOVER', 'SARA-FAILOVER', 'IN2P3-FAILOVER']
2025-08-27T00:38:17,551875Z dirac-jobexec/UserJobFinalization INFO: User specified output file list is: *.root
2025-08-27T00:38:17,552382Z dirac-jobexec/UserJobFinalization INFO: Found a pattern in the output data file list,           extra files to upload are: mc.root
2025-08-27T00:38:17,552451Z dirac-jobexec/UserJobFinalization INFO: Final list of files to upload are: mc.root
2025-08-27T00:38:17,552508Z dirac-jobexec/UserJobFinalization INFO: Constructing user output LFN(s) for mc.root
2025-08-27T00:38:17,854861Z dirac-jobexec/ProductionData INFO: Created the following output data LFN(s):
/lhcb/user/a/afernez/2025_08/1164942/1164942676/mc.root
2025-08-27T00:38:17,855208Z dirac-jobexec/UserJobFinalization INFO: No outputDataFileMask provided, the files with all the extensions will be considered
2025-08-27T00:38:17,855275Z dirac-jobexec/UserJobFinalization INFO: No outputDataStep provided, the files output of all the steps will be considered
2025-08-27T00:38:17,855385Z dirac-jobexec/UserJobFinalization INFO: Will search for POOL GUIDs for: mc.root
2025-08-27T00:38:17,924855Z dirac-jobexec INFO: GUIDs not found from POOL XML Catalogue (and were generated) for: mc.root
2025-08-27T00:38:17,925101Z dirac-jobexec/UserJobFinalization WARN: PoolXMLFile generated GUID(s) for the following files  mc.root
2025-08-27T00:38:18,019785Z dirac-jobexec/DIRAC.DataManagementSystem.Utilities.ResolveSE INFO: Resolving workflow output SE description Tier1-USER
2025-08-27T00:38:18,023496Z dirac-jobexec/DIRAC.DataManagementSystem.Utilities.ResolveSE INFO: Found eligible local SE ['PIC-USER']
2025-08-27T00:38:18,023657Z dirac-jobexec/UserJobFinalization INFO: Ordered list of output SEs is: PIC-USER, GRIDKA-USER, CNAF-USER, RAL-USER, CERN-USER, SARA-USER, IN2P3-USER
2025-08-27T00:38:18,023743Z dirac-jobexec/UserJobFinalization INFO: Creating DISABLE_WATCHDOG_CPU_WALLCLOCK_CHECK in order to disable the Watchdog
2025-08-27T00:38:18,024156Z dirac-jobexec/UserJobFinalization INFO: Attempting to store mc.root to the following SE(s): PIC-USER, GRIDKA-USER, CNAF-USER, RAL-USER, CERN-USER, SARA-USER, IN2P3-USER
2025-08-27T00:38:18,024249Z dirac-jobexec/FailoverTransfer INFO: Attempting dm.putAndRegister ('/lhcb/user/a/afernez/2025_08/1164942/1164942676/mc.root','/tmp/1164942676/mc.root','PIC-USER',guid='B262C081-BE83-B725-5647-667C2EA0A58B',catalog='None', checksum = 'ed6f71ab')
2025-08-27T00:38:22,449285Z dirac-jobexec/FailoverTransfer INFO: dm.putAndRegister successfully uploaded and registered mc.root to PIC-USER
2025-08-27T00:38:23,053869Z dirac-jobexec/UserJobFinalization INFO: ===== Terminating 12.0.0a30 ===== 
