WARNING: Parsing of '.cfg' files as command line arguments is changing!
          Set the environment variable 'export DIRAC_NO_CFG=1' to pass the file as a positional
          argument (this will become the default).
          To modify the local configuration use '--cfg <configfile>' instead.
2025-08-26T23:53:49,631554Z dirac-jobexec INFO: JobID: 1164942885
2025-08-26T23:53:49,641084Z dirac-jobexec INFO: DIRAC JobID 1164942885 is running at site LCG.CERN.cern
Executing StepInstance RunScriptStep1 of type ScriptStep1 ['ScriptStep1']
2025-08-26T23:53:52,025677Z dirac-jobexec/CreateDataFile INFO: ===== Executing 12.0.0a30 ===== 
2025-08-26T23:53:52,026785Z dirac-jobexec INFO: Running in MultiProcessor is not allowed here
2025-08-26T23:53:52,026967Z dirac-jobexec/CreateDataFile INFO: Creating Ganga data file data.py from scratch
2025-08-26T23:53:52,197069Z dirac-jobexec/CreateDataFile INFO: Created Ganga data file data.py
2025-08-26T23:53:52,197312Z dirac-jobexec/CreateDataFile INFO: ===== Terminating 12.0.0a30 ===== 
2025-08-26T23:53:52,206236Z dirac-jobexec/LHCbScript INFO: Command is: /cvmfs/lhcb.cern.ch/lhcbdirac/versions/v12.0.0a30-1755085183/Linux-x86_64/bin/python3 jobScript/GaudiExec_afernez_Job_512.3_b901b1bf-bdd4-40f9-ba7a-3d1893ed79cf_script.py
2025-08-27T03:06:35,364639Z dirac-jobexec/LHCbScript INFO: /cvmfs/lhcb.cern.ch/lhcbdirac/versions/v12.0.0a30-1755085183/Linux-x86_64/bin/python3 jobScript/GaudiExec_afernez_Job_512.3_b901b1bf-bdd4-40f9-ba7a-3d1893ed79cf_script.py execution completed with status 0
2025-08-27T03:06:35,367261Z dirac-jobexec/LHCbScript INFO: Output written to Script1_Ganga_GaudiExec.log, execution complete.
2025-08-27T03:06:35,605644Z dirac-jobexec/LHCbScript INFO: GaudiExec successful
2025-08-27T03:06:35,611386Z dirac-jobexec/LHCbScript INFO: ===== Terminating <class 'LHCbDIRAC.Workflow.Modules.LHCbScript.LHCbScript'> ===== 
2025-08-27T03:06:35,947409Z dirac-jobexec/FileUsage INFO: ===== Executing 12.0.0a30 ===== 
2025-08-27T03:06:35,948117Z dirac-jobexec/FileUsage INFO: Popularity report =  {'/lhcb/MC/2016/D0TAUNU.SAFESTRIPTRIG.DST/00140831/0000/': 3}
2025-08-27T03:06:36,038098Z dirac-jobexec/FileUsage INFO: Reporting input file usage successful!
2025-08-27T03:06:36,038511Z dirac-jobexec/FileUsage INFO: ===== Terminating 12.0.0a30 ===== 
2025-08-27T03:06:36,047666Z dirac-jobexec/UserJobFinalization INFO: ===== Executing 12.0.0a30 ===== 
2025-08-27T03:06:36,048071Z dirac-jobexec/DIRAC.DataManagementSystem.Utilities.ResolveSE INFO: Resolving workflow output SE description Tier1-USER
2025-08-27T03:06:36,066449Z dirac-jobexec/DIRAC.DataManagementSystem.Utilities.ResolveSE INFO: Found SEs, local first: ['CERN-USER', 'PIC-USER', 'SARA-USER', 'GRIDKA-USER', 'IN2P3-USER', 'CNAF-USER', 'RAL-USER']
2025-08-27T03:06:36,066776Z dirac-jobexec/DIRAC.DataManagementSystem.Utilities.ResolveSE INFO: Resolving workflow output SE description Tier1-Failover
2025-08-27T03:06:36,075216Z dirac-jobexec/DIRAC.DataManagementSystem.Utilities.ResolveSE INFO: Found SEs, local first: ['CERN-EOS-FAILOVER', 'SARA-FAILOVER', 'GRIDKA-FAILOVER', 'IN2P3-FAILOVER', 'PIC-FAILOVER', 'RAL-FAILOVER', 'CNAF-FAILOVER']
2025-08-27T03:06:36,075884Z dirac-jobexec/UserJobFinalization INFO: User specified output file list is: *.root
2025-08-27T03:06:36,076850Z dirac-jobexec/UserJobFinalization INFO: Found a pattern in the output data file list,           extra files to upload are: mc.root
2025-08-27T03:06:36,077026Z dirac-jobexec/UserJobFinalization INFO: Final list of files to upload are: mc.root
2025-08-27T03:06:36,077163Z dirac-jobexec/UserJobFinalization INFO: Constructing user output LFN(s) for mc.root
2025-08-27T03:06:36,249659Z dirac-jobexec/ProductionData INFO: Created the following output data LFN(s):
/lhcb/user/a/afernez/2025_08/1164942/1164942885/mc.root
2025-08-27T03:06:36,250194Z dirac-jobexec/UserJobFinalization INFO: No outputDataFileMask provided, the files with all the extensions will be considered
2025-08-27T03:06:36,250339Z dirac-jobexec/UserJobFinalization INFO: No outputDataStep provided, the files output of all the steps will be considered
2025-08-27T03:06:36,250597Z dirac-jobexec/UserJobFinalization INFO: Will search for POOL GUIDs for: mc.root
2025-08-27T03:06:36,554331Z dirac-jobexec INFO: GUIDs not found from POOL XML Catalogue (and were generated) for: mc.root
2025-08-27T03:06:36,554749Z dirac-jobexec/UserJobFinalization WARN: PoolXMLFile generated GUID(s) for the following files  mc.root
2025-08-27T03:06:36,886802Z dirac-jobexec/DIRAC.DataManagementSystem.Utilities.ResolveSE INFO: Resolving workflow output SE description Tier1-USER
2025-08-27T03:06:36,895256Z dirac-jobexec/DIRAC.DataManagementSystem.Utilities.ResolveSE INFO: Found eligible local SE ['CERN-USER']
2025-08-27T03:06:36,895583Z dirac-jobexec/UserJobFinalization INFO: Ordered list of output SEs is: CERN-USER, CNAF-USER, RAL-USER, PIC-USER, GRIDKA-USER, IN2P3-USER, SARA-USER
2025-08-27T03:06:36,895726Z dirac-jobexec/UserJobFinalization INFO: Creating DISABLE_WATCHDOG_CPU_WALLCLOCK_CHECK in order to disable the Watchdog
2025-08-27T03:06:36,896300Z dirac-jobexec/UserJobFinalization INFO: Attempting to store mc.root to the following SE(s): CERN-USER, CNAF-USER, RAL-USER, PIC-USER, GRIDKA-USER, IN2P3-USER, SARA-USER
2025-08-27T03:06:36,896451Z dirac-jobexec/FailoverTransfer INFO: Attempting dm.putAndRegister ('/lhcb/user/a/afernez/2025_08/1164942/1164942885/mc.root','/tmp/1164942885/mc.root','CERN-USER',guid='6E8520DA-91E8-5AD2-B096-F965387A1CDF',catalog='None', checksum = '877f7710')
2025-08-27T03:06:39,462985Z dirac-jobexec/FailoverTransfer INFO: dm.putAndRegister successfully uploaded and registered mc.root to CERN-USER
2025-08-27T03:06:39,674535Z dirac-jobexec/UserJobFinalization INFO: ===== Terminating 12.0.0a30 ===== 
