WARNING: Parsing of '.cfg' files as command line arguments is changing!
          Set the environment variable 'export DIRAC_NO_CFG=1' to pass the file as a positional
          argument (this will become the default).
          To modify the local configuration use '--cfg <configfile>' instead.
2025-08-26T23:40:38,006168Z dirac-jobexec INFO: JobID: 1164942907
2025-08-26T23:40:38,013942Z dirac-jobexec INFO: DIRAC JobID 1164942907 is running at site LCG.RAL.uk
Executing StepInstance RunScriptStep1 of type ScriptStep1 ['ScriptStep1']
2025-08-26T23:40:39,957213Z dirac-jobexec/CreateDataFile INFO: ===== Executing 12.0.0a30 ===== 
2025-08-26T23:40:39,958296Z dirac-jobexec INFO: Running in MultiProcessor is not allowed here
2025-08-26T23:40:39,958459Z dirac-jobexec/CreateDataFile INFO: Creating Ganga data file data.py from scratch
2025-08-26T23:40:40,272008Z dirac-jobexec/CreateDataFile INFO: Created Ganga data file data.py
2025-08-26T23:40:40,272238Z dirac-jobexec/CreateDataFile INFO: ===== Terminating 12.0.0a30 ===== 
2025-08-26T23:40:40,279593Z dirac-jobexec/LHCbScript INFO: Command is: /cvmfs/lhcb.cern.ch/lhcbdirac/versions/v12.0.0a30-1755085183/Linux-x86_64/bin/python3 jobScript/GaudiExec_afernez_Job_513.9_7f5e3e5e-06b7-4152-b8da-bd764075dc4e_script.py
2025-08-27T06:42:14,856965Z dirac-jobexec/LHCbScript INFO: /cvmfs/lhcb.cern.ch/lhcbdirac/versions/v12.0.0a30-1755085183/Linux-x86_64/bin/python3 jobScript/GaudiExec_afernez_Job_513.9_7f5e3e5e-06b7-4152-b8da-bd764075dc4e_script.py execution completed with status 0
2025-08-27T06:42:14,857986Z dirac-jobexec/LHCbScript INFO: Output written to Script1_Ganga_GaudiExec.log, execution complete.
2025-08-27T06:42:15,165535Z dirac-jobexec/LHCbScript INFO: GaudiExec successful
2025-08-27T06:42:15,171241Z dirac-jobexec/LHCbScript INFO: ===== Terminating <class 'LHCbDIRAC.Workflow.Modules.LHCbScript.LHCbScript'> ===== 
2025-08-27T06:42:15,542555Z dirac-jobexec/FileUsage INFO: ===== Executing 12.0.0a30 ===== 
2025-08-27T06:42:15,543127Z dirac-jobexec/FileUsage INFO: Popularity report =  {'/lhcb/MC/2016/D0TAUNU.SAFESTRIPTRIG.DST/00219701/0000/': 3}
2025-08-27T06:42:15,771093Z dirac-jobexec/FileUsage INFO: Reporting input file usage successful!
2025-08-27T06:42:15,771398Z dirac-jobexec/FileUsage INFO: ===== Terminating 12.0.0a30 ===== 
2025-08-27T06:42:15,778747Z dirac-jobexec/UserJobFinalization INFO: ===== Executing 12.0.0a30 ===== 
2025-08-27T06:42:15,778975Z dirac-jobexec/DIRAC.DataManagementSystem.Utilities.ResolveSE INFO: Resolving workflow output SE description Tier1-USER
2025-08-27T06:42:15,786780Z dirac-jobexec/DIRAC.DataManagementSystem.Utilities.ResolveSE INFO: Found SEs, local first: ['RAL-USER', 'CNAF-USER', 'PIC-USER', 'CERN-USER', 'SARA-USER', 'IN2P3-USER', 'GRIDKA-USER']
2025-08-27T06:42:15,786964Z dirac-jobexec/DIRAC.DataManagementSystem.Utilities.ResolveSE INFO: Resolving workflow output SE description Tier1-Failover
2025-08-27T06:42:15,791625Z dirac-jobexec/DIRAC.DataManagementSystem.Utilities.ResolveSE INFO: Found SEs, local first: ['RAL-FAILOVER', 'PIC-FAILOVER', 'CERN-EOS-FAILOVER', 'SARA-FAILOVER', 'IN2P3-FAILOVER', 'GRIDKA-FAILOVER', 'CNAF-FAILOVER']
2025-08-27T06:42:15,792055Z dirac-jobexec/UserJobFinalization INFO: User specified output file list is: *.root
2025-08-27T06:42:15,792727Z dirac-jobexec/UserJobFinalization INFO: Found a pattern in the output data file list,           extra files to upload are: mc.root
2025-08-27T06:42:15,792834Z dirac-jobexec/UserJobFinalization INFO: Final list of files to upload are: mc.root
2025-08-27T06:42:15,792916Z dirac-jobexec/UserJobFinalization INFO: Constructing user output LFN(s) for mc.root
2025-08-27T06:42:16,057345Z dirac-jobexec/ProductionData INFO: Created the following output data LFN(s):
/lhcb/user/a/afernez/2025_08/1164942/1164942907/mc.root
2025-08-27T06:42:16,057712Z dirac-jobexec/UserJobFinalization INFO: No outputDataFileMask provided, the files with all the extensions will be considered
2025-08-27T06:42:16,057829Z dirac-jobexec/UserJobFinalization INFO: No outputDataStep provided, the files output of all the steps will be considered
2025-08-27T06:42:16,057945Z dirac-jobexec/UserJobFinalization INFO: Will search for POOL GUIDs for: mc.root
2025-08-27T06:42:16,272360Z dirac-jobexec INFO: GUIDs not found from POOL XML Catalogue (and were generated) for: mc.root
2025-08-27T06:42:16,272636Z dirac-jobexec/UserJobFinalization WARN: PoolXMLFile generated GUID(s) for the following files  mc.root
2025-08-27T06:42:17,136525Z dirac-jobexec/DIRAC.DataManagementSystem.Utilities.ResolveSE INFO: Resolving workflow output SE description Tier1-USER
2025-08-27T06:42:17,140944Z dirac-jobexec/DIRAC.DataManagementSystem.Utilities.ResolveSE INFO: Found eligible local SE ['RAL-USER']
2025-08-27T06:42:17,141132Z dirac-jobexec/UserJobFinalization INFO: Ordered list of output SEs is: RAL-USER, PIC-USER, IN2P3-USER, GRIDKA-USER, CNAF-USER, SARA-USER, CERN-USER
2025-08-27T06:42:17,141219Z dirac-jobexec/UserJobFinalization INFO: Creating DISABLE_WATCHDOG_CPU_WALLCLOCK_CHECK in order to disable the Watchdog
2025-08-27T06:42:17,141577Z dirac-jobexec/UserJobFinalization INFO: Attempting to store mc.root to the following SE(s): RAL-USER, PIC-USER, IN2P3-USER, GRIDKA-USER, CNAF-USER, SARA-USER, CERN-USER
2025-08-27T06:42:17,141671Z dirac-jobexec/FailoverTransfer INFO: Attempting dm.putAndRegister ('/lhcb/user/a/afernez/2025_08/1164942/1164942907/mc.root','/tmp/1164942907/mc.root','RAL-USER',guid='7783818E-8F02-CAAC-E6CF-B4980B730416',catalog='None', checksum = '29cd7f00')
2025-08-27T06:42:39,277760Z dirac-jobexec/FailoverTransfer INFO: dm.putAndRegister successfully uploaded and registered mc.root to RAL-USER
2025-08-27T06:42:39,649689Z dirac-jobexec/UserJobFinalization INFO: ===== Terminating 12.0.0a30 ===== 
