WARNING: Parsing of '.cfg' files as command line arguments is changing!
          Set the environment variable 'export DIRAC_NO_CFG=1' to pass the file as a positional
          argument (this will become the default).
          To modify the local configuration use '--cfg <configfile>' instead.
2025-08-27T03:08:23,688154Z dirac-jobexec INFO: JobID: 1164942663
2025-08-27T03:08:23,703315Z dirac-jobexec INFO: DIRAC JobID 1164942663 is running at site LCG.UKI-LT2-IC-HEP.uk
Executing StepInstance RunScriptStep1 of type ScriptStep1 ['ScriptStep1']
2025-08-27T03:08:26,870158Z dirac-jobexec/CreateDataFile INFO: ===== Executing 12.0.0a30 ===== 
2025-08-27T03:08:26,872086Z dirac-jobexec INFO: Running in MultiProcessor is not allowed here
2025-08-27T03:08:26,872502Z dirac-jobexec/CreateDataFile INFO: Creating Ganga data file data.py from scratch
2025-08-27T03:08:27,205466Z dirac-jobexec/CreateDataFile INFO: Created Ganga data file data.py
2025-08-27T03:08:27,206292Z dirac-jobexec/CreateDataFile INFO: ===== Terminating 12.0.0a30 ===== 
2025-08-27T03:08:27,214513Z dirac-jobexec/LHCbScript INFO: Command is: /cvmfs/lhcb.cern.ch/lhcbdirac/versions/v12.0.0a30-1755085183/Linux-x86_64/bin/python3 jobScript/GaudiExec_afernez_Job_497.3_77a35ccd-f9fa-4a45-a85b-2c835de365bf_script.py
2025-08-27T04:54:48,337801Z dirac-jobexec/LHCbScript INFO: /cvmfs/lhcb.cern.ch/lhcbdirac/versions/v12.0.0a30-1755085183/Linux-x86_64/bin/python3 jobScript/GaudiExec_afernez_Job_497.3_77a35ccd-f9fa-4a45-a85b-2c835de365bf_script.py execution completed with status 0
2025-08-27T04:54:48,340008Z dirac-jobexec/LHCbScript INFO: Output written to Script1_Ganga_GaudiExec.log, execution complete.
2025-08-27T04:54:48,800057Z dirac-jobexec/LHCbScript INFO: GaudiExec successful
2025-08-27T04:54:48,800609Z dirac-jobexec/LHCbScript INFO: ===== Terminating <class 'LHCbDIRAC.Workflow.Modules.LHCbScript.LHCbScript'> ===== 
2025-08-27T04:54:49,171482Z dirac-jobexec/FileUsage INFO: ===== Executing 12.0.0a30 ===== 
2025-08-27T04:54:49,171993Z dirac-jobexec/FileUsage INFO: Popularity report =  {'/lhcb/MC/2016/D0TAUNU.SAFESTRIPTRIG.DST/00140834/0000/': 1}
2025-08-27T04:54:49,396723Z dirac-jobexec/FileUsage INFO: Reporting input file usage successful!
2025-08-27T04:54:49,397653Z dirac-jobexec/FileUsage INFO: ===== Terminating 12.0.0a30 ===== 
2025-08-27T04:54:49,407592Z dirac-jobexec/UserJobFinalization INFO: ===== Executing 12.0.0a30 ===== 
2025-08-27T04:54:49,408411Z dirac-jobexec/DIRAC.DataManagementSystem.Utilities.ResolveSE INFO: Resolving workflow output SE description Tier1-USER
2025-08-27T04:54:49,416378Z dirac-jobexec/DIRAC.DataManagementSystem.Utilities.ResolveSE INFO: Found SEs, local first: ['RAL-USER', 'SARA-USER', 'IN2P3-USER', 'CERN-USER', 'GRIDKA-USER', 'CNAF-USER', 'PIC-USER']
2025-08-27T04:54:49,416794Z dirac-jobexec/DIRAC.DataManagementSystem.Utilities.ResolveSE INFO: Resolving workflow output SE description Tier1-Failover
2025-08-27T04:54:49,422018Z dirac-jobexec/DIRAC.DataManagementSystem.Utilities.ResolveSE INFO: Found SEs, local first: ['SARA-FAILOVER', 'GRIDKA-FAILOVER', 'CERN-EOS-FAILOVER', 'CNAF-FAILOVER', 'IN2P3-FAILOVER', 'PIC-FAILOVER', 'RAL-FAILOVER']
2025-08-27T04:54:49,422732Z dirac-jobexec/UserJobFinalization INFO: User specified output file list is: *.root
2025-08-27T04:54:49,423715Z dirac-jobexec/UserJobFinalization INFO: Found a pattern in the output data file list,           extra files to upload are: mc.root
2025-08-27T04:54:49,424097Z dirac-jobexec/UserJobFinalization INFO: Final list of files to upload are: mc.root
2025-08-27T04:54:49,424454Z dirac-jobexec/UserJobFinalization INFO: Constructing user output LFN(s) for mc.root
2025-08-27T04:54:49,624420Z dirac-jobexec/ProductionData INFO: Created the following output data LFN(s):
/lhcb/user/a/afernez/2025_08/1164942/1164942663/mc.root
2025-08-27T04:54:49,625451Z dirac-jobexec/UserJobFinalization INFO: No outputDataFileMask provided, the files with all the extensions will be considered
2025-08-27T04:54:49,625795Z dirac-jobexec/UserJobFinalization INFO: No outputDataStep provided, the files output of all the steps will be considered
2025-08-27T04:54:49,626167Z dirac-jobexec/UserJobFinalization INFO: Will search for POOL GUIDs for: mc.root
2025-08-27T04:54:49,720097Z dirac-jobexec INFO: GUIDs not found from POOL XML Catalogue (and were generated) for: mc.root
2025-08-27T04:54:49,721066Z dirac-jobexec/UserJobFinalization WARN: PoolXMLFile generated GUID(s) for the following files  mc.root
2025-08-27T04:54:49,818697Z dirac-jobexec/DIRAC.DataManagementSystem.Utilities.ResolveSE INFO: Resolving workflow output SE description Tier1-USER
2025-08-27T04:54:49,825568Z dirac-jobexec/DIRAC.DataManagementSystem.Utilities.ResolveSE INFO: Found associated SEs ['CERN-USER'] in /Resources/Countries/cern/AssociatedSEs/Tier1-USER
2025-08-27T04:54:49,826164Z dirac-jobexec/UserJobFinalization INFO: Ordered list of output SEs is: CERN-USER, CNAF-USER, GRIDKA-USER, IN2P3-USER, RAL-USER, PIC-USER, SARA-USER
2025-08-27T04:54:49,826524Z dirac-jobexec/UserJobFinalization INFO: Creating DISABLE_WATCHDOG_CPU_WALLCLOCK_CHECK in order to disable the Watchdog
2025-08-27T04:54:49,827201Z dirac-jobexec/UserJobFinalization INFO: Attempting to store mc.root to the following SE(s): CERN-USER, CNAF-USER, GRIDKA-USER, IN2P3-USER, RAL-USER, PIC-USER, SARA-USER
2025-08-27T04:54:49,827611Z dirac-jobexec/FailoverTransfer INFO: Attempting dm.putAndRegister ('/lhcb/user/a/afernez/2025_08/1164942/1164942663/mc.root','/tmp/1164942663/mc.root','CERN-USER',guid='8227F65A-563C-D164-EACA-5E9757661EFC',catalog='None', checksum = '2caf602d')
2025-08-27T04:55:07,026374Z dirac-jobexec/FailoverTransfer INFO: dm.putAndRegister successfully uploaded and registered mc.root to CERN-USER
2025-08-27T04:55:07,432028Z dirac-jobexec/UserJobFinalization INFO: ===== Terminating 12.0.0a30 ===== 
