WARNING: Parsing of '.cfg' files as command line arguments is changing!
          Set the environment variable 'export DIRAC_NO_CFG=1' to pass the file as a positional
          argument (this will become the default).
          To modify the local configuration use '--cfg <configfile>' instead.
2025-08-27T03:08:28,808677Z dirac-jobexec INFO: JobID: 1164942573
2025-08-27T03:08:28,815864Z dirac-jobexec INFO: DIRAC JobID 1164942573 is running at site LCG.UKI-LT2-IC-HEP.uk
Executing StepInstance RunScriptStep1 of type ScriptStep1 ['ScriptStep1']
2025-08-27T03:08:30,350891Z dirac-jobexec/CreateDataFile INFO: ===== Executing 12.0.0a30 ===== 
2025-08-27T03:08:30,352218Z dirac-jobexec INFO: Running in MultiProcessor is not allowed here
2025-08-27T03:08:30,352595Z dirac-jobexec/CreateDataFile INFO: Creating Ganga data file data.py from scratch
2025-08-27T03:08:30,668338Z dirac-jobexec/CreateDataFile INFO: Created Ganga data file data.py
2025-08-27T03:08:30,668961Z dirac-jobexec/CreateDataFile INFO: ===== Terminating 12.0.0a30 ===== 
2025-08-27T03:08:30,675200Z dirac-jobexec/LHCbScript INFO: Command is: /cvmfs/lhcb.cern.ch/lhcbdirac/versions/v12.0.0a30-1755085183/Linux-x86_64/bin/python3 jobScript/GaudiExec_afernez_Job_489.8_03310399-c3fa-40ff-ade7-75b37927ec8d_script.py
2025-08-27T04:18:33,755286Z dirac-jobexec/LHCbScript INFO: /cvmfs/lhcb.cern.ch/lhcbdirac/versions/v12.0.0a30-1755085183/Linux-x86_64/bin/python3 jobScript/GaudiExec_afernez_Job_489.8_03310399-c3fa-40ff-ade7-75b37927ec8d_script.py execution completed with status 0
2025-08-27T04:18:33,756889Z dirac-jobexec/LHCbScript INFO: Output written to Script1_Ganga_GaudiExec.log, execution complete.
2025-08-27T04:18:33,964128Z dirac-jobexec/LHCbScript INFO: GaudiExec successful
2025-08-27T04:18:33,964941Z dirac-jobexec/LHCbScript INFO: ===== Terminating <class 'LHCbDIRAC.Workflow.Modules.LHCbScript.LHCbScript'> ===== 
2025-08-27T04:18:33,972445Z dirac-jobexec/FileUsage INFO: ===== Executing 12.0.0a30 ===== 
2025-08-27T04:18:33,973379Z dirac-jobexec/FileUsage INFO: Popularity report =  {'/lhcb/MC/2016/D0TAUNU.SAFESTRIPTRIG.DST/00140861/0000/': 1}
2025-08-27T04:18:34,102658Z dirac-jobexec/FileUsage INFO: Reporting input file usage successful!
2025-08-27T04:18:34,103298Z dirac-jobexec/FileUsage INFO: ===== Terminating 12.0.0a30 ===== 
2025-08-27T04:18:34,108719Z dirac-jobexec/UserJobFinalization INFO: ===== Executing 12.0.0a30 ===== 
2025-08-27T04:18:34,109256Z dirac-jobexec/DIRAC.DataManagementSystem.Utilities.ResolveSE INFO: Resolving workflow output SE description Tier1-USER
2025-08-27T04:18:34,114686Z dirac-jobexec/DIRAC.DataManagementSystem.Utilities.ResolveSE INFO: Found SEs, local first: ['CNAF-USER', 'GRIDKA-USER', 'IN2P3-USER', 'CERN-USER', 'SARA-USER', 'RAL-USER', 'PIC-USER']
2025-08-27T04:18:34,115142Z dirac-jobexec/DIRAC.DataManagementSystem.Utilities.ResolveSE INFO: Resolving workflow output SE description Tier1-Failover
2025-08-27T04:18:34,117693Z dirac-jobexec/DIRAC.DataManagementSystem.Utilities.ResolveSE INFO: Found SEs, local first: ['PIC-FAILOVER', 'IN2P3-FAILOVER', 'CERN-EOS-FAILOVER', 'SARA-FAILOVER', 'GRIDKA-FAILOVER', 'RAL-FAILOVER', 'CNAF-FAILOVER']
2025-08-27T04:18:34,118195Z dirac-jobexec/UserJobFinalization INFO: User specified output file list is: *.root
2025-08-27T04:18:34,118779Z dirac-jobexec/UserJobFinalization INFO: Found a pattern in the output data file list,           extra files to upload are: mc.root
2025-08-27T04:18:34,119024Z dirac-jobexec/UserJobFinalization INFO: Final list of files to upload are: mc.root
2025-08-27T04:18:34,119225Z dirac-jobexec/UserJobFinalization INFO: Constructing user output LFN(s) for mc.root
2025-08-27T04:18:34,345809Z dirac-jobexec/ProductionData INFO: Created the following output data LFN(s):
/lhcb/user/a/afernez/2025_08/1164942/1164942573/mc.root
2025-08-27T04:18:34,346520Z dirac-jobexec/UserJobFinalization INFO: No outputDataFileMask provided, the files with all the extensions will be considered
2025-08-27T04:18:34,346781Z dirac-jobexec/UserJobFinalization INFO: No outputDataStep provided, the files output of all the steps will be considered
2025-08-27T04:18:34,347004Z dirac-jobexec/UserJobFinalization INFO: Will search for POOL GUIDs for: mc.root
2025-08-27T04:18:34,400699Z dirac-jobexec INFO: GUIDs not found from POOL XML Catalogue (and were generated) for: mc.root
2025-08-27T04:18:34,401301Z dirac-jobexec/UserJobFinalization WARN: PoolXMLFile generated GUID(s) for the following files  mc.root
2025-08-27T04:18:34,484740Z dirac-jobexec/DIRAC.DataManagementSystem.Utilities.ResolveSE INFO: Resolving workflow output SE description Tier1-USER
2025-08-27T04:18:34,488055Z dirac-jobexec/DIRAC.DataManagementSystem.Utilities.ResolveSE INFO: Found associated SEs ['CERN-USER'] in /Resources/Countries/cern/AssociatedSEs/Tier1-USER
2025-08-27T04:18:34,488624Z dirac-jobexec/UserJobFinalization INFO: Ordered list of output SEs is: CERN-USER, IN2P3-USER, CNAF-USER, SARA-USER, PIC-USER, GRIDKA-USER, RAL-USER
2025-08-27T04:18:34,488898Z dirac-jobexec/UserJobFinalization INFO: Creating DISABLE_WATCHDOG_CPU_WALLCLOCK_CHECK in order to disable the Watchdog
2025-08-27T04:18:34,489361Z dirac-jobexec/UserJobFinalization INFO: Attempting to store mc.root to the following SE(s): CERN-USER, IN2P3-USER, CNAF-USER, SARA-USER, PIC-USER, GRIDKA-USER, RAL-USER
2025-08-27T04:18:34,489625Z dirac-jobexec/FailoverTransfer INFO: Attempting dm.putAndRegister ('/lhcb/user/a/afernez/2025_08/1164942/1164942573/mc.root','/tmp/1164942573/mc.root','CERN-USER',guid='9B861D5F-ECD0-0FC4-6206-131E0B512C7B',catalog='None', checksum = '8af0dd0c')
2025-08-27T04:20:42,976894Z dirac-jobexec/FailoverTransfer INFO: dm.putAndRegister successfully uploaded and registered mc.root to CERN-USER
2025-08-27T04:20:43,305425Z dirac-jobexec/UserJobFinalization INFO: ===== Terminating 12.0.0a30 ===== 
