WARNING: Parsing of '.cfg' files as command line arguments is changing!
          Set the environment variable 'export DIRAC_NO_CFG=1' to pass the file as a positional
          argument (this will become the default).
          To modify the local configuration use '--cfg <configfile>' instead.
2025-08-26T23:18:14,283130Z dirac-jobexec INFO: JobID: 1164942679
2025-08-26T23:18:14,287667Z dirac-jobexec INFO: DIRAC JobID 1164942679 is running at site LCG.CSCS.ch
Executing StepInstance RunScriptStep1 of type ScriptStep1 ['ScriptStep1']
2025-08-26T23:18:15,213434Z dirac-jobexec/CreateDataFile INFO: ===== Executing 12.0.0a30 ===== 
2025-08-26T23:18:15,213960Z dirac-jobexec INFO: Running in MultiProcessor is not allowed here
2025-08-26T23:18:15,214035Z dirac-jobexec/CreateDataFile INFO: Creating Ganga data file data.py from scratch
2025-08-26T23:18:15,390357Z dirac-jobexec/CreateDataFile INFO: Created Ganga data file data.py
2025-08-26T23:18:15,390591Z dirac-jobexec/CreateDataFile INFO: ===== Terminating 12.0.0a30 ===== 
2025-08-26T23:18:15,396924Z dirac-jobexec/LHCbScript INFO: Command is: /cvmfs/lhcb.cern.ch/lhcbdirac/versions/v12.0.0a30-1755085183/Linux-x86_64/bin/python3 jobScript/GaudiExec_afernez_Job_500.6_8a75fd92-f9de-49f4-9868-0f8bb3727444_script.py
2025-08-27T01:57:57,071285Z dirac-jobexec/LHCbScript INFO: /cvmfs/lhcb.cern.ch/lhcbdirac/versions/v12.0.0a30-1755085183/Linux-x86_64/bin/python3 jobScript/GaudiExec_afernez_Job_500.6_8a75fd92-f9de-49f4-9868-0f8bb3727444_script.py execution completed with status 0
2025-08-27T01:57:57,072111Z dirac-jobexec/LHCbScript INFO: Output written to Script1_Ganga_GaudiExec.log, execution complete.
2025-08-27T01:57:57,680763Z dirac-jobexec/LHCbScript INFO: GaudiExec successful
2025-08-27T01:57:57,681046Z dirac-jobexec/LHCbScript INFO: ===== Terminating <class 'LHCbDIRAC.Workflow.Modules.LHCbScript.LHCbScript'> ===== 
2025-08-27T01:57:57,685187Z dirac-jobexec/FileUsage INFO: ===== Executing 12.0.0a30 ===== 
2025-08-27T01:57:57,685489Z dirac-jobexec/FileUsage INFO: Popularity report =  {'/lhcb/MC/2016/D0TAUNU.SAFESTRIPTRIG.DST/00140822/0000/': 3}
2025-08-27T01:57:57,755014Z dirac-jobexec/FileUsage INFO: Reporting input file usage successful!
2025-08-27T01:57:57,755441Z dirac-jobexec/FileUsage INFO: ===== Terminating 12.0.0a30 ===== 
2025-08-27T01:57:57,758813Z dirac-jobexec/UserJobFinalization INFO: ===== Executing 12.0.0a30 ===== 
2025-08-27T01:57:57,759097Z dirac-jobexec/DIRAC.DataManagementSystem.Utilities.ResolveSE INFO: Resolving workflow output SE description Tier1-USER
2025-08-27T01:57:57,762163Z dirac-jobexec/DIRAC.DataManagementSystem.Utilities.ResolveSE INFO: Found SEs, local first: ['IN2P3-USER', 'RAL-USER', 'PIC-USER', 'CERN-USER', 'GRIDKA-USER', 'SARA-USER', 'CNAF-USER']
2025-08-27T01:57:57,762358Z dirac-jobexec/DIRAC.DataManagementSystem.Utilities.ResolveSE INFO: Resolving workflow output SE description Tier1-Failover
2025-08-27T01:57:57,764162Z dirac-jobexec/DIRAC.DataManagementSystem.Utilities.ResolveSE INFO: Found SEs, local first: ['IN2P3-FAILOVER', 'PIC-FAILOVER', 'GRIDKA-FAILOVER', 'CNAF-FAILOVER', 'CERN-EOS-FAILOVER', 'RAL-FAILOVER', 'SARA-FAILOVER']
2025-08-27T01:57:57,764452Z dirac-jobexec/UserJobFinalization INFO: User specified output file list is: *.root
2025-08-27T01:57:57,764824Z dirac-jobexec/UserJobFinalization INFO: Found a pattern in the output data file list,           extra files to upload are: mc.root
2025-08-27T01:57:57,764974Z dirac-jobexec/UserJobFinalization INFO: Final list of files to upload are: mc.root
2025-08-27T01:57:57,765109Z dirac-jobexec/UserJobFinalization INFO: Constructing user output LFN(s) for mc.root
2025-08-27T01:57:57,837945Z dirac-jobexec/ProductionData INFO: Created the following output data LFN(s):
/lhcb/user/a/afernez/2025_08/1164942/1164942679/mc.root
2025-08-27T01:57:57,838407Z dirac-jobexec/UserJobFinalization INFO: No outputDataFileMask provided, the files with all the extensions will be considered
2025-08-27T01:57:57,838554Z dirac-jobexec/UserJobFinalization INFO: No outputDataStep provided, the files output of all the steps will be considered
2025-08-27T01:57:57,838703Z dirac-jobexec/UserJobFinalization INFO: Will search for POOL GUIDs for: mc.root
2025-08-27T01:57:57,943213Z dirac-jobexec INFO: GUIDs not found from POOL XML Catalogue (and were generated) for: mc.root
2025-08-27T01:57:57,943589Z dirac-jobexec/UserJobFinalization WARN: PoolXMLFile generated GUID(s) for the following files  mc.root
2025-08-27T01:57:58,146225Z dirac-jobexec/DIRAC.DataManagementSystem.Utilities.ResolveSE INFO: Resolving workflow output SE description Tier1-USER
2025-08-27T01:57:58,148705Z dirac-jobexec/DIRAC.DataManagementSystem.Utilities.ResolveSE INFO: Found associated SEs ['CERN-USER'] in /Resources/Countries/cern/AssociatedSEs/Tier1-USER
2025-08-27T01:57:58,148927Z dirac-jobexec/UserJobFinalization INFO: Ordered list of output SEs is: CERN-USER, GRIDKA-USER, PIC-USER, IN2P3-USER, CNAF-USER, SARA-USER, RAL-USER
2025-08-27T01:57:58,149073Z dirac-jobexec/UserJobFinalization INFO: Creating DISABLE_WATCHDOG_CPU_WALLCLOCK_CHECK in order to disable the Watchdog
2025-08-27T01:57:58,149666Z dirac-jobexec/UserJobFinalization INFO: Attempting to store mc.root to the following SE(s): CERN-USER, GRIDKA-USER, PIC-USER, IN2P3-USER, CNAF-USER, SARA-USER, RAL-USER
2025-08-27T01:57:58,149821Z dirac-jobexec/FailoverTransfer INFO: Attempting dm.putAndRegister ('/lhcb/user/a/afernez/2025_08/1164942/1164942679/mc.root','/tmp/1164942679/mc.root','CERN-USER',guid='2472B43A-01BA-101A-6AFA-3FD3AA5B1BE9',catalog='None', checksum = 'f74f382d')
2025-08-27T01:59:01,690468Z dirac-jobexec/FailoverTransfer INFO: dm.putAndRegister successfully uploaded and registered mc.root to CERN-USER
2025-08-27T01:59:01,964521Z dirac-jobexec/UserJobFinalization INFO: ===== Terminating 12.0.0a30 ===== 
