WARNING: Parsing of '.cfg' files as command line arguments is changing!
          Set the environment variable 'export DIRAC_NO_CFG=1' to pass the file as a positional
          argument (this will become the default).
          To modify the local configuration use '--cfg <configfile>' instead.
2025-08-27T05:00:11,881272Z dirac-jobexec INFO: JobID: 1164942879
2025-08-27T05:00:11,887940Z dirac-jobexec INFO: DIRAC JobID 1164942879 is running at site LCG.IN2P3.fr
Executing StepInstance RunScriptStep1 of type ScriptStep1 ['ScriptStep1']
2025-08-27T05:00:13,514281Z dirac-jobexec/CreateDataFile INFO: ===== Executing 12.0.0a30 ===== 
2025-08-27T05:00:13,515079Z dirac-jobexec INFO: Running in MultiProcessor is not allowed here
2025-08-27T05:00:13,515186Z dirac-jobexec/CreateDataFile INFO: Creating Ganga data file data.py from scratch
2025-08-27T05:00:13,665263Z dirac-jobexec/CreateDataFile INFO: Created Ganga data file data.py
2025-08-27T05:00:13,665603Z dirac-jobexec/CreateDataFile INFO: ===== Terminating 12.0.0a30 ===== 
2025-08-27T05:00:13,669538Z dirac-jobexec/LHCbScript INFO: Command is: /cvmfs/lhcb.cern.ch/lhcbdirac/versions/v12.0.0a30-1755085183/Linux-x86_64/bin/python3 jobScript/GaudiExec_afernez_Job_511.12_8c77bce8-520e-4300-882d-a080f63d115a_script.py
2025-08-27T08:02:00,066907Z dirac-jobexec/LHCbScript INFO: /cvmfs/lhcb.cern.ch/lhcbdirac/versions/v12.0.0a30-1755085183/Linux-x86_64/bin/python3 jobScript/GaudiExec_afernez_Job_511.12_8c77bce8-520e-4300-882d-a080f63d115a_script.py execution completed with status 0
2025-08-27T08:02:00,067905Z dirac-jobexec/LHCbScript INFO: Output written to Script1_Ganga_GaudiExec.log, execution complete.
2025-08-27T08:02:00,417686Z dirac-jobexec/LHCbScript INFO: GaudiExec successful
2025-08-27T08:02:00,423483Z dirac-jobexec/LHCbScript INFO: ===== Terminating <class 'LHCbDIRAC.Workflow.Modules.LHCbScript.LHCbScript'> ===== 
2025-08-27T08:02:00,437882Z dirac-jobexec/FileUsage INFO: ===== Executing 12.0.0a30 ===== 
2025-08-27T08:02:00,438198Z dirac-jobexec/FileUsage INFO: Popularity report =  {'/lhcb/MC/2016/D0TAUNU.SAFESTRIPTRIG.DST/00140819/0000/': 3}
2025-08-27T08:02:00,532567Z dirac-jobexec/FileUsage INFO: Reporting input file usage successful!
2025-08-27T08:02:00,532852Z dirac-jobexec/FileUsage INFO: ===== Terminating 12.0.0a30 ===== 
2025-08-27T08:02:00,538209Z dirac-jobexec/UserJobFinalization INFO: ===== Executing 12.0.0a30 ===== 
2025-08-27T08:02:00,538417Z dirac-jobexec/DIRAC.DataManagementSystem.Utilities.ResolveSE INFO: Resolving workflow output SE description Tier1-USER
2025-08-27T08:02:00,566216Z dirac-jobexec/DIRAC.DataManagementSystem.Utilities.ResolveSE INFO: Found SEs, local first: ['IN2P3-USER', 'PIC-USER', 'CERN-USER', 'GRIDKA-USER', 'SARA-USER', 'CNAF-USER', 'RAL-USER']
2025-08-27T08:02:00,566529Z dirac-jobexec/DIRAC.DataManagementSystem.Utilities.ResolveSE INFO: Resolving workflow output SE description Tier1-Failover
2025-08-27T08:02:00,569478Z dirac-jobexec/DIRAC.DataManagementSystem.Utilities.ResolveSE INFO: Found SEs, local first: ['IN2P3-FAILOVER', 'GRIDKA-FAILOVER', 'PIC-FAILOVER', 'CNAF-FAILOVER', 'RAL-FAILOVER', 'CERN-EOS-FAILOVER', 'SARA-FAILOVER']
2025-08-27T08:02:00,569824Z dirac-jobexec/UserJobFinalization INFO: User specified output file list is: *.root
2025-08-27T08:02:00,570357Z dirac-jobexec/UserJobFinalization INFO: Found a pattern in the output data file list,           extra files to upload are: mc.root
2025-08-27T08:02:00,570507Z dirac-jobexec/UserJobFinalization INFO: Final list of files to upload are: mc.root
2025-08-27T08:02:00,570643Z dirac-jobexec/UserJobFinalization INFO: Constructing user output LFN(s) for mc.root
2025-08-27T08:02:00,632179Z dirac-jobexec/ProductionData INFO: Created the following output data LFN(s):
/lhcb/user/a/afernez/2025_08/1164942/1164942879/mc.root
2025-08-27T08:02:00,632596Z dirac-jobexec/UserJobFinalization INFO: No outputDataFileMask provided, the files with all the extensions will be considered
2025-08-27T08:02:00,632820Z dirac-jobexec/UserJobFinalization INFO: No outputDataStep provided, the files output of all the steps will be considered
2025-08-27T08:02:00,632982Z dirac-jobexec/UserJobFinalization INFO: Will search for POOL GUIDs for: mc.root
2025-08-27T08:02:00,854234Z dirac-jobexec INFO: GUIDs not found from POOL XML Catalogue (and were generated) for: mc.root
2025-08-27T08:02:00,854465Z dirac-jobexec/UserJobFinalization WARN: PoolXMLFile generated GUID(s) for the following files  mc.root
2025-08-27T08:02:01,306303Z dirac-jobexec/DIRAC.DataManagementSystem.Utilities.ResolveSE INFO: Resolving workflow output SE description Tier1-USER
2025-08-27T08:02:01,309780Z dirac-jobexec/DIRAC.DataManagementSystem.Utilities.ResolveSE INFO: Found eligible local SE ['IN2P3-USER']
2025-08-27T08:02:01,310126Z dirac-jobexec/UserJobFinalization INFO: Ordered list of output SEs is: IN2P3-USER, CERN-USER, PIC-USER, CNAF-USER, RAL-USER, GRIDKA-USER, SARA-USER
2025-08-27T08:02:01,310274Z dirac-jobexec/UserJobFinalization INFO: Creating DISABLE_WATCHDOG_CPU_WALLCLOCK_CHECK in order to disable the Watchdog
2025-08-27T08:02:01,310775Z dirac-jobexec/UserJobFinalization INFO: Attempting to store mc.root to the following SE(s): IN2P3-USER, CERN-USER, PIC-USER, CNAF-USER, RAL-USER, GRIDKA-USER, SARA-USER
2025-08-27T08:02:01,310927Z dirac-jobexec/FailoverTransfer INFO: Attempting dm.putAndRegister ('/lhcb/user/a/afernez/2025_08/1164942/1164942879/mc.root','/tmp/1164942879/mc.root','IN2P3-USER',guid='52B6583D-A988-E685-CAF0-8B427C214FA6',catalog='None', checksum = 'b68c7e60')
2025-08-27T08:02:03,543307Z dirac-jobexec/FailoverTransfer INFO: dm.putAndRegister successfully uploaded and registered mc.root to IN2P3-USER
2025-08-27T08:02:03,733055Z dirac-jobexec/UserJobFinalization INFO: ===== Terminating 12.0.0a30 ===== 
