WARNING: Parsing of '.cfg' files as command line arguments is changing!
          Set the environment variable 'export DIRAC_NO_CFG=1' to pass the file as a positional
          argument (this will become the default).
          To modify the local configuration use '--cfg <configfile>' instead.
2025-08-27T00:10:36,714671Z dirac-jobexec INFO: JobID: 1164943005
2025-08-27T00:10:36,726062Z dirac-jobexec INFO: DIRAC JobID 1164943005 is running at site LCG.RAL.uk
Executing StepInstance RunScriptStep1 of type ScriptStep1 ['ScriptStep1']
2025-08-27T00:10:38,710089Z dirac-jobexec/CreateDataFile INFO: ===== Executing 12.0.0a30 ===== 
2025-08-27T00:10:38,711048Z dirac-jobexec INFO: Running in MultiProcessor is not allowed here
2025-08-27T00:10:38,711185Z dirac-jobexec/CreateDataFile INFO: Creating Ganga data file data.py from scratch
2025-08-27T00:10:39,010741Z dirac-jobexec/CreateDataFile INFO: Created Ganga data file data.py
2025-08-27T00:10:39,010893Z dirac-jobexec/CreateDataFile INFO: ===== Terminating 12.0.0a30 ===== 
2025-08-27T00:10:39,015572Z dirac-jobexec/LHCbScript INFO: Command is: /cvmfs/lhcb.cern.ch/lhcbdirac/versions/v12.0.0a30-1755085183/Linux-x86_64/bin/python3 jobScript/GaudiExec_afernez_Job_519.8_95ac0898-b1e3-4ba2-8db7-a0e9916ec57f_script.py
2025-08-27T00:31:41,253665Z dirac-jobexec/LHCbScript INFO: /cvmfs/lhcb.cern.ch/lhcbdirac/versions/v12.0.0a30-1755085183/Linux-x86_64/bin/python3 jobScript/GaudiExec_afernez_Job_519.8_95ac0898-b1e3-4ba2-8db7-a0e9916ec57f_script.py execution completed with status 0
2025-08-27T00:31:41,255657Z dirac-jobexec/LHCbScript INFO: Output written to Script1_Ganga_GaudiExec.log, execution complete.
2025-08-27T00:31:41,606869Z dirac-jobexec/LHCbScript INFO: GaudiExec successful
2025-08-27T00:31:41,607378Z dirac-jobexec/LHCbScript INFO: ===== Terminating <class 'LHCbDIRAC.Workflow.Modules.LHCbScript.LHCbScript'> ===== 
2025-08-27T00:31:41,617577Z dirac-jobexec/FileUsage INFO: ===== Executing 12.0.0a30 ===== 
2025-08-27T00:31:41,618535Z dirac-jobexec/FileUsage INFO: Popularity report =  {'/lhcb/MC/2016/ALLSTREAMS.DST/00173814/0000/': 3}
2025-08-27T00:31:41,763910Z dirac-jobexec/FileUsage INFO: Reporting input file usage successful!
2025-08-27T00:31:41,764405Z dirac-jobexec/FileUsage INFO: ===== Terminating 12.0.0a30 ===== 
2025-08-27T00:31:41,770787Z dirac-jobexec/UserJobFinalization INFO: ===== Executing 12.0.0a30 ===== 
2025-08-27T00:31:41,771055Z dirac-jobexec/DIRAC.DataManagementSystem.Utilities.ResolveSE INFO: Resolving workflow output SE description Tier1-USER
2025-08-27T00:31:41,782662Z dirac-jobexec/DIRAC.DataManagementSystem.Utilities.ResolveSE INFO: Found SEs, local first: ['RAL-USER', 'CERN-USER', 'IN2P3-USER', 'CNAF-USER', 'SARA-USER', 'GRIDKA-USER', 'PIC-USER']
2025-08-27T00:31:41,783003Z dirac-jobexec/DIRAC.DataManagementSystem.Utilities.ResolveSE INFO: Resolving workflow output SE description Tier1-Failover
2025-08-27T00:31:41,786626Z dirac-jobexec/DIRAC.DataManagementSystem.Utilities.ResolveSE INFO: Found SEs, local first: ['RAL-FAILOVER', 'IN2P3-FAILOVER', 'SARA-FAILOVER', 'GRIDKA-FAILOVER', 'PIC-FAILOVER', 'CERN-EOS-FAILOVER', 'CNAF-FAILOVER']
2025-08-27T00:31:41,786921Z dirac-jobexec/UserJobFinalization INFO: User specified output file list is: *.root
2025-08-27T00:31:41,787396Z dirac-jobexec/UserJobFinalization INFO: Found a pattern in the output data file list,           extra files to upload are: mc.root
2025-08-27T00:31:41,787487Z dirac-jobexec/UserJobFinalization INFO: Final list of files to upload are: mc.root
2025-08-27T00:31:41,787568Z dirac-jobexec/UserJobFinalization INFO: Constructing user output LFN(s) for mc.root
2025-08-27T00:31:41,974270Z dirac-jobexec/ProductionData INFO: Created the following output data LFN(s):
/lhcb/user/a/afernez/2025_08/1164943/1164943005/mc.root
2025-08-27T00:31:41,974952Z dirac-jobexec/UserJobFinalization INFO: No outputDataFileMask provided, the files with all the extensions will be considered
2025-08-27T00:31:41,975070Z dirac-jobexec/UserJobFinalization INFO: No outputDataStep provided, the files output of all the steps will be considered
2025-08-27T00:31:41,975157Z dirac-jobexec/UserJobFinalization INFO: Will search for POOL GUIDs for: mc.root
2025-08-27T00:31:42,170643Z dirac-jobexec INFO: GUIDs not found from POOL XML Catalogue (and were generated) for: mc.root
2025-08-27T00:31:42,170979Z dirac-jobexec/UserJobFinalization WARN: PoolXMLFile generated GUID(s) for the following files  mc.root
2025-08-27T00:31:42,174464Z dirac-jobexec/DIRAC.DataManagementSystem.Utilities.ResolveSE INFO: Resolving workflow output SE description Tier1-USER
2025-08-27T00:31:42,179056Z dirac-jobexec/DIRAC.DataManagementSystem.Utilities.ResolveSE INFO: Found eligible local SE ['RAL-USER']
2025-08-27T00:31:42,179304Z dirac-jobexec/UserJobFinalization INFO: Ordered list of output SEs is: RAL-USER, CERN-USER, IN2P3-USER, GRIDKA-USER, CNAF-USER, PIC-USER, SARA-USER
2025-08-27T00:31:42,179407Z dirac-jobexec/UserJobFinalization INFO: Creating DISABLE_WATCHDOG_CPU_WALLCLOCK_CHECK in order to disable the Watchdog
2025-08-27T00:31:42,180034Z dirac-jobexec/UserJobFinalization INFO: Attempting to store mc.root to the following SE(s): RAL-USER, CERN-USER, IN2P3-USER, GRIDKA-USER, CNAF-USER, PIC-USER, SARA-USER
2025-08-27T00:31:42,180226Z dirac-jobexec/FailoverTransfer INFO: Attempting dm.putAndRegister ('/lhcb/user/a/afernez/2025_08/1164943/1164943005/mc.root','/tmp/1164943005/mc.root','RAL-USER',guid='C3AFD4C3-C095-2970-7B17-0CBE7EE82974',catalog='None', checksum = '924e5c02')
2025-08-27T00:31:45,199729Z dirac-jobexec/FailoverTransfer INFO: dm.putAndRegister successfully uploaded and registered mc.root to RAL-USER
2025-08-27T00:31:45,626835Z dirac-jobexec/UserJobFinalization INFO: ===== Terminating 12.0.0a30 ===== 
