WARNING: Parsing of '.cfg' files as command line arguments is changing!
          Set the environment variable 'export DIRAC_NO_CFG=1' to pass the file as a positional
          argument (this will become the default).
          To modify the local configuration use '--cfg <configfile>' instead.
2025-08-26T23:38:15,443366Z dirac-jobexec INFO: JobID: 1164942870
2025-08-26T23:38:15,452279Z dirac-jobexec INFO: DIRAC JobID 1164942870 is running at site LCG.RAL.uk
Executing StepInstance RunScriptStep1 of type ScriptStep1 ['ScriptStep1']
2025-08-26T23:38:17,419233Z dirac-jobexec/CreateDataFile INFO: ===== Executing 12.0.0a30 ===== 
2025-08-26T23:38:17,420250Z dirac-jobexec INFO: Running in MultiProcessor is not allowed here
2025-08-26T23:38:17,420393Z dirac-jobexec/CreateDataFile INFO: Creating Ganga data file data.py from scratch
2025-08-26T23:38:17,763551Z dirac-jobexec/CreateDataFile INFO: Created Ganga data file data.py
2025-08-26T23:38:17,763831Z dirac-jobexec/CreateDataFile INFO: ===== Terminating 12.0.0a30 ===== 
2025-08-26T23:38:17,772510Z dirac-jobexec/LHCbScript INFO: Command is: /cvmfs/lhcb.cern.ch/lhcbdirac/versions/v12.0.0a30-1755085183/Linux-x86_64/bin/python3 jobScript/GaudiExec_afernez_Job_511.3_8c77bce8-520e-4300-882d-a080f63d115a_script.py
2025-08-27T03:12:15,116301Z dirac-jobexec/LHCbScript INFO: /cvmfs/lhcb.cern.ch/lhcbdirac/versions/v12.0.0a30-1755085183/Linux-x86_64/bin/python3 jobScript/GaudiExec_afernez_Job_511.3_8c77bce8-520e-4300-882d-a080f63d115a_script.py execution completed with status 0
2025-08-27T03:12:15,116897Z dirac-jobexec/LHCbScript INFO: Output written to Script1_Ganga_GaudiExec.log, execution complete.
2025-08-27T03:12:15,496400Z dirac-jobexec/LHCbScript INFO: GaudiExec successful
2025-08-27T03:12:15,502229Z dirac-jobexec/LHCbScript INFO: ===== Terminating <class 'LHCbDIRAC.Workflow.Modules.LHCbScript.LHCbScript'> ===== 
2025-08-27T03:12:15,776661Z dirac-jobexec/FileUsage INFO: ===== Executing 12.0.0a30 ===== 
2025-08-27T03:12:15,777147Z dirac-jobexec/FileUsage INFO: Popularity report =  {'/lhcb/MC/2016/D0TAUNU.SAFESTRIPTRIG.DST/00140819/0000/': 3}
2025-08-27T03:12:15,936888Z dirac-jobexec/FileUsage INFO: Reporting input file usage successful!
2025-08-27T03:12:15,937226Z dirac-jobexec/FileUsage INFO: ===== Terminating 12.0.0a30 ===== 
2025-08-27T03:12:15,945095Z dirac-jobexec/UserJobFinalization INFO: ===== Executing 12.0.0a30 ===== 
2025-08-27T03:12:15,945333Z dirac-jobexec/DIRAC.DataManagementSystem.Utilities.ResolveSE INFO: Resolving workflow output SE description Tier1-USER
2025-08-27T03:12:15,952160Z dirac-jobexec/DIRAC.DataManagementSystem.Utilities.ResolveSE INFO: Found SEs, local first: ['RAL-USER', 'CNAF-USER', 'PIC-USER', 'SARA-USER', 'IN2P3-USER', 'GRIDKA-USER', 'CERN-USER']
2025-08-27T03:12:15,952348Z dirac-jobexec/DIRAC.DataManagementSystem.Utilities.ResolveSE INFO: Resolving workflow output SE description Tier1-Failover
2025-08-27T03:12:15,956811Z dirac-jobexec/DIRAC.DataManagementSystem.Utilities.ResolveSE INFO: Found SEs, local first: ['RAL-FAILOVER', 'PIC-FAILOVER', 'CERN-EOS-FAILOVER', 'SARA-FAILOVER', 'GRIDKA-FAILOVER', 'CNAF-FAILOVER', 'IN2P3-FAILOVER']
2025-08-27T03:12:15,957229Z dirac-jobexec/UserJobFinalization INFO: User specified output file list is: *.root
2025-08-27T03:12:15,957789Z dirac-jobexec/UserJobFinalization INFO: Found a pattern in the output data file list,           extra files to upload are: mc.root
2025-08-27T03:12:15,957897Z dirac-jobexec/UserJobFinalization INFO: Final list of files to upload are: mc.root
2025-08-27T03:12:15,957974Z dirac-jobexec/UserJobFinalization INFO: Constructing user output LFN(s) for mc.root
2025-08-27T03:12:16,335614Z dirac-jobexec/ProductionData INFO: Created the following output data LFN(s):
/lhcb/user/a/afernez/2025_08/1164942/1164942870/mc.root
2025-08-27T03:12:16,335992Z dirac-jobexec/UserJobFinalization INFO: No outputDataFileMask provided, the files with all the extensions will be considered
2025-08-27T03:12:16,336192Z dirac-jobexec/UserJobFinalization INFO: No outputDataStep provided, the files output of all the steps will be considered
2025-08-27T03:12:16,336307Z dirac-jobexec/UserJobFinalization INFO: Will search for POOL GUIDs for: mc.root
2025-08-27T03:12:16,556878Z dirac-jobexec INFO: GUIDs not found from POOL XML Catalogue (and were generated) for: mc.root
2025-08-27T03:12:16,557161Z dirac-jobexec/UserJobFinalization WARN: PoolXMLFile generated GUID(s) for the following files  mc.root
2025-08-27T03:12:16,822176Z dirac-jobexec/DIRAC.DataManagementSystem.Utilities.ResolveSE INFO: Resolving workflow output SE description Tier1-USER
2025-08-27T03:12:16,827660Z dirac-jobexec/DIRAC.DataManagementSystem.Utilities.ResolveSE INFO: Found eligible local SE ['RAL-USER']
2025-08-27T03:12:16,827917Z dirac-jobexec/UserJobFinalization INFO: Ordered list of output SEs is: RAL-USER, IN2P3-USER, CNAF-USER, CERN-USER, SARA-USER, PIC-USER, GRIDKA-USER
2025-08-27T03:12:16,828027Z dirac-jobexec/UserJobFinalization INFO: Creating DISABLE_WATCHDOG_CPU_WALLCLOCK_CHECK in order to disable the Watchdog
2025-08-27T03:12:16,828539Z dirac-jobexec/UserJobFinalization INFO: Attempting to store mc.root to the following SE(s): RAL-USER, IN2P3-USER, CNAF-USER, CERN-USER, SARA-USER, PIC-USER, GRIDKA-USER
2025-08-27T03:12:16,828680Z dirac-jobexec/FailoverTransfer INFO: Attempting dm.putAndRegister ('/lhcb/user/a/afernez/2025_08/1164942/1164942870/mc.root','/tmp/1164942870/mc.root','RAL-USER',guid='B5AB173E-24D4-5EA4-68B0-C5987199BEC8',catalog='None', checksum = '4a282604')
2025-08-27T03:12:28,523994Z dirac-jobexec/FailoverTransfer INFO: dm.putAndRegister successfully uploaded and registered mc.root to RAL-USER
2025-08-27T03:12:29,175701Z dirac-jobexec/UserJobFinalization INFO: ===== Terminating 12.0.0a30 ===== 
