WARNING: Parsing of '.cfg' files as command line arguments is changing!
          Set the environment variable 'export DIRAC_NO_CFG=1' to pass the file as a positional
          argument (this will become the default).
          To modify the local configuration use '--cfg <configfile>' instead.
2025-08-26T23:01:39,353474Z dirac-jobexec INFO: JobID: 1164942497
2025-08-26T23:01:39,366816Z dirac-jobexec INFO: DIRAC JobID 1164942497 is running at site LCG.SARA.nl
Executing StepInstance RunScriptStep1 of type ScriptStep1 ['ScriptStep1']
2025-08-26T23:01:41,601877Z dirac-jobexec/CreateDataFile INFO: ===== Executing 12.0.0a30 ===== 
2025-08-26T23:01:41,603533Z dirac-jobexec INFO: Running in MultiProcessor is not allowed here
2025-08-26T23:01:41,603919Z dirac-jobexec/CreateDataFile INFO: Creating Ganga data file data.py from scratch
2025-08-26T23:01:41,976335Z dirac-jobexec/CreateDataFile INFO: Created Ganga data file data.py
2025-08-26T23:01:41,977419Z dirac-jobexec/CreateDataFile INFO: ===== Terminating 12.0.0a30 ===== 
2025-08-26T23:01:41,985481Z dirac-jobexec/LHCbScript INFO: Command is: /cvmfs/lhcb.cern.ch/lhcbdirac/versions/v12.0.0a30-1755085183/Linux-x86_64/bin/python3 jobScript/GaudiExec_afernez_Job_488.10_ab4ff3ff-8b00-461c-a807-cd96b5d95d98_script.py
2025-08-27T01:29:07,453726Z dirac-jobexec/LHCbScript INFO: /cvmfs/lhcb.cern.ch/lhcbdirac/versions/v12.0.0a30-1755085183/Linux-x86_64/bin/python3 jobScript/GaudiExec_afernez_Job_488.10_ab4ff3ff-8b00-461c-a807-cd96b5d95d98_script.py execution completed with status 0
2025-08-27T01:29:07,454792Z dirac-jobexec/LHCbScript INFO: Output written to Script1_Ganga_GaudiExec.log, execution complete.
2025-08-27T01:29:07,774586Z dirac-jobexec/LHCbScript INFO: GaudiExec successful
2025-08-27T01:29:07,775168Z dirac-jobexec/LHCbScript INFO: ===== Terminating <class 'LHCbDIRAC.Workflow.Modules.LHCbScript.LHCbScript'> ===== 
2025-08-27T01:29:07,973347Z dirac-jobexec/FileUsage INFO: ===== Executing 12.0.0a30 ===== 
2025-08-27T01:29:07,973757Z dirac-jobexec/FileUsage INFO: Popularity report =  {'/lhcb/MC/2016/D0TAUNU.SAFESTRIPTRIG.DST/00140858/0000/': 2}
2025-08-27T01:29:08,189510Z dirac-jobexec/FileUsage INFO: Reporting input file usage successful!
2025-08-27T01:29:08,190270Z dirac-jobexec/FileUsage INFO: ===== Terminating 12.0.0a30 ===== 
2025-08-27T01:29:08,195491Z dirac-jobexec/UserJobFinalization INFO: ===== Executing 12.0.0a30 ===== 
2025-08-27T01:29:08,195839Z dirac-jobexec/DIRAC.DataManagementSystem.Utilities.ResolveSE INFO: Resolving workflow output SE description Tier1-USER
2025-08-27T01:29:08,202185Z dirac-jobexec/DIRAC.DataManagementSystem.Utilities.ResolveSE INFO: Found SEs, local first: ['SARA-USER', 'CERN-USER', 'IN2P3-USER', 'RAL-USER', 'CNAF-USER', 'PIC-USER', 'GRIDKA-USER']
2025-08-27T01:29:08,202446Z dirac-jobexec/DIRAC.DataManagementSystem.Utilities.ResolveSE INFO: Resolving workflow output SE description Tier1-Failover
2025-08-27T01:29:08,205036Z dirac-jobexec/DIRAC.DataManagementSystem.Utilities.ResolveSE INFO: Found SEs, local first: ['SARA-FAILOVER', 'GRIDKA-FAILOVER', 'RAL-FAILOVER', 'CNAF-FAILOVER', 'CERN-EOS-FAILOVER', 'PIC-FAILOVER', 'IN2P3-FAILOVER']
2025-08-27T01:29:08,205422Z dirac-jobexec/UserJobFinalization INFO: User specified output file list is: *.root
2025-08-27T01:29:08,205993Z dirac-jobexec/UserJobFinalization INFO: Found a pattern in the output data file list,           extra files to upload are: mc.root
2025-08-27T01:29:08,206214Z dirac-jobexec/UserJobFinalization INFO: Final list of files to upload are: mc.root
2025-08-27T01:29:08,206413Z dirac-jobexec/UserJobFinalization INFO: Constructing user output LFN(s) for mc.root
2025-08-27T01:29:08,410830Z dirac-jobexec/ProductionData INFO: Created the following output data LFN(s):
/lhcb/user/a/afernez/2025_08/1164942/1164942497/mc.root
2025-08-27T01:29:08,411602Z dirac-jobexec/UserJobFinalization INFO: No outputDataFileMask provided, the files with all the extensions will be considered
2025-08-27T01:29:08,411913Z dirac-jobexec/UserJobFinalization INFO: No outputDataStep provided, the files output of all the steps will be considered
2025-08-27T01:29:08,412141Z dirac-jobexec/UserJobFinalization INFO: Will search for POOL GUIDs for: mc.root
2025-08-27T01:29:08,639976Z dirac-jobexec INFO: GUIDs not found from POOL XML Catalogue (and were generated) for: mc.root
2025-08-27T01:29:08,640614Z dirac-jobexec/UserJobFinalization WARN: PoolXMLFile generated GUID(s) for the following files  mc.root
2025-08-27T01:29:08,824876Z dirac-jobexec/DIRAC.DataManagementSystem.Utilities.ResolveSE INFO: Resolving workflow output SE description Tier1-USER
2025-08-27T01:29:08,828935Z dirac-jobexec/DIRAC.DataManagementSystem.Utilities.ResolveSE INFO: Found eligible local SE ['SARA-USER']
2025-08-27T01:29:08,829287Z dirac-jobexec/UserJobFinalization INFO: Ordered list of output SEs is: SARA-USER, IN2P3-USER, CERN-USER, CNAF-USER, PIC-USER, GRIDKA-USER, RAL-USER
2025-08-27T01:29:08,829515Z dirac-jobexec/UserJobFinalization INFO: Creating DISABLE_WATCHDOG_CPU_WALLCLOCK_CHECK in order to disable the Watchdog
2025-08-27T01:29:08,830096Z dirac-jobexec/UserJobFinalization INFO: Attempting to store mc.root to the following SE(s): SARA-USER, IN2P3-USER, CERN-USER, CNAF-USER, PIC-USER, GRIDKA-USER, RAL-USER
2025-08-27T01:29:08,830327Z dirac-jobexec/FailoverTransfer INFO: Attempting dm.putAndRegister ('/lhcb/user/a/afernez/2025_08/1164942/1164942497/mc.root','/tmp/1164942497/mc.root','SARA-USER',guid='AC0DD826-6ABB-D714-3CD9-8DED9CDF46DD',catalog='None', checksum = 'd881950a')
2025-08-27T01:29:12,019368Z dirac-jobexec/FailoverTransfer INFO: dm.putAndRegister successfully uploaded and registered mc.root to SARA-USER
2025-08-27T01:29:12,397907Z dirac-jobexec/UserJobFinalization INFO: ===== Terminating 12.0.0a30 ===== 
