WARNING: Parsing of '.cfg' files as command line arguments is changing!
          Set the environment variable 'export DIRAC_NO_CFG=1' to pass the file as a positional
          argument (this will become the default).
          To modify the local configuration use '--cfg <configfile>' instead.
2025-08-26T23:25:55,267210Z dirac-jobexec INFO: JobID: 1164942583
2025-08-26T23:25:55,272107Z dirac-jobexec INFO: DIRAC JobID 1164942583 is running at site LCG.CNAF.it
Executing StepInstance RunScriptStep1 of type ScriptStep1 ['ScriptStep1']
2025-08-26T23:25:56,405101Z dirac-jobexec/CreateDataFile INFO: ===== Executing 12.0.0a30 ===== 
2025-08-26T23:25:56,405741Z dirac-jobexec INFO: Running in MultiProcessor is not allowed here
2025-08-26T23:25:56,405821Z dirac-jobexec/CreateDataFile INFO: Creating Ganga data file data.py from scratch
2025-08-26T23:25:56,695664Z dirac-jobexec/CreateDataFile INFO: Created Ganga data file data.py
2025-08-26T23:25:56,696161Z dirac-jobexec/CreateDataFile INFO: ===== Terminating 12.0.0a30 ===== 
2025-08-26T23:25:56,699966Z dirac-jobexec/LHCbScript INFO: Command is: /cvmfs/lhcb.cern.ch/lhcbdirac/versions/v12.0.0a30-1755085183/Linux-x86_64/bin/python3 jobScript/GaudiExec_afernez_Job_489.18_03310399-c3fa-40ff-ade7-75b37927ec8d_script.py
2025-08-27T00:15:11,100221Z dirac-jobexec/LHCbScript INFO: /cvmfs/lhcb.cern.ch/lhcbdirac/versions/v12.0.0a30-1755085183/Linux-x86_64/bin/python3 jobScript/GaudiExec_afernez_Job_489.18_03310399-c3fa-40ff-ade7-75b37927ec8d_script.py execution completed with status 0
2025-08-27T00:15:11,101825Z dirac-jobexec/LHCbScript INFO: Output written to Script1_Ganga_GaudiExec.log, execution complete.
2025-08-27T00:15:11,369483Z dirac-jobexec/LHCbScript INFO: GaudiExec successful
2025-08-27T00:15:11,370424Z dirac-jobexec/LHCbScript INFO: ===== Terminating <class 'LHCbDIRAC.Workflow.Modules.LHCbScript.LHCbScript'> ===== 
2025-08-27T00:15:11,376179Z dirac-jobexec/FileUsage INFO: ===== Executing 12.0.0a30 ===== 
2025-08-27T00:15:11,376857Z dirac-jobexec/FileUsage INFO: Popularity report =  {'/lhcb/MC/2016/D0TAUNU.SAFESTRIPTRIG.DST/00140861/0000/': 1}
2025-08-27T00:15:11,558174Z dirac-jobexec/FileUsage INFO: Reporting input file usage successful!
2025-08-27T00:15:11,558825Z dirac-jobexec/FileUsage INFO: ===== Terminating 12.0.0a30 ===== 
2025-08-27T00:15:11,563199Z dirac-jobexec/UserJobFinalization INFO: ===== Executing 12.0.0a30 ===== 
2025-08-27T00:15:11,563650Z dirac-jobexec/DIRAC.DataManagementSystem.Utilities.ResolveSE INFO: Resolving workflow output SE description Tier1-USER
2025-08-27T00:15:11,567784Z dirac-jobexec/DIRAC.DataManagementSystem.Utilities.ResolveSE INFO: Found SEs, local first: ['CNAF-USER', 'RAL-USER', 'PIC-USER', 'SARA-USER', 'GRIDKA-USER', 'CERN-USER', 'IN2P3-USER']
2025-08-27T00:15:11,568149Z dirac-jobexec/DIRAC.DataManagementSystem.Utilities.ResolveSE INFO: Resolving workflow output SE description Tier1-Failover
2025-08-27T00:15:11,570385Z dirac-jobexec/DIRAC.DataManagementSystem.Utilities.ResolveSE INFO: Found SEs, local first: ['CNAF-FAILOVER', 'SARA-FAILOVER', 'CERN-EOS-FAILOVER', 'GRIDKA-FAILOVER', 'PIC-FAILOVER', 'RAL-FAILOVER', 'IN2P3-FAILOVER']
2025-08-27T00:15:11,570800Z dirac-jobexec/UserJobFinalization INFO: User specified output file list is: *.root
2025-08-27T00:15:11,571358Z dirac-jobexec/UserJobFinalization INFO: Found a pattern in the output data file list,           extra files to upload are: mc.root
2025-08-27T00:15:11,571599Z dirac-jobexec/UserJobFinalization INFO: Final list of files to upload are: mc.root
2025-08-27T00:15:11,571806Z dirac-jobexec/UserJobFinalization INFO: Constructing user output LFN(s) for mc.root
2025-08-27T00:15:11,705127Z dirac-jobexec/ProductionData INFO: Created the following output data LFN(s):
/lhcb/user/a/afernez/2025_08/1164942/1164942583/mc.root
2025-08-27T00:15:11,705772Z dirac-jobexec/UserJobFinalization INFO: No outputDataFileMask provided, the files with all the extensions will be considered
2025-08-27T00:15:11,706130Z dirac-jobexec/UserJobFinalization INFO: No outputDataStep provided, the files output of all the steps will be considered
2025-08-27T00:15:11,706382Z dirac-jobexec/UserJobFinalization INFO: Will search for POOL GUIDs for: mc.root
2025-08-27T00:15:11,750962Z dirac-jobexec INFO: GUIDs not found from POOL XML Catalogue (and were generated) for: mc.root
2025-08-27T00:15:11,751457Z dirac-jobexec/UserJobFinalization WARN: PoolXMLFile generated GUID(s) for the following files  mc.root
2025-08-27T00:15:11,830566Z dirac-jobexec/DIRAC.DataManagementSystem.Utilities.ResolveSE INFO: Resolving workflow output SE description Tier1-USER
2025-08-27T00:15:11,833092Z dirac-jobexec/DIRAC.DataManagementSystem.Utilities.ResolveSE INFO: Found eligible local SE ['CNAF-USER']
2025-08-27T00:15:11,833559Z dirac-jobexec/UserJobFinalization INFO: Ordered list of output SEs is: CNAF-USER, CERN-USER, GRIDKA-USER, RAL-USER, SARA-USER, PIC-USER, IN2P3-USER
2025-08-27T00:15:11,833853Z dirac-jobexec/UserJobFinalization INFO: Creating DISABLE_WATCHDOG_CPU_WALLCLOCK_CHECK in order to disable the Watchdog
2025-08-27T00:15:11,834331Z dirac-jobexec/UserJobFinalization INFO: Attempting to store mc.root to the following SE(s): CNAF-USER, CERN-USER, GRIDKA-USER, RAL-USER, SARA-USER, PIC-USER, IN2P3-USER
2025-08-27T00:15:11,834561Z dirac-jobexec/FailoverTransfer INFO: Attempting dm.putAndRegister ('/lhcb/user/a/afernez/2025_08/1164942/1164942583/mc.root','/tmp/1164942583/mc.root','CNAF-USER',guid='B51F5329-0EB9-C745-DA9A-B42A97D59C04',catalog='None', checksum = '9e58ba5e')
2025-08-27T00:15:16,039402Z dirac-jobexec/FailoverTransfer INFO: dm.putAndRegister successfully uploaded and registered mc.root to CNAF-USER
2025-08-27T00:15:16,366460Z dirac-jobexec/UserJobFinalization INFO: ===== Terminating 12.0.0a30 ===== 
