WARNING: Parsing of '.cfg' files as command line arguments is changing!
          Set the environment variable 'export DIRAC_NO_CFG=1' to pass the file as a positional
          argument (this will become the default).
          To modify the local configuration use '--cfg <configfile>' instead.
2025-08-26T23:20:51,248717Z dirac-jobexec INFO: JobID: 1164942704
2025-08-26T23:20:51,264438Z dirac-jobexec INFO: DIRAC JobID 1164942704 is running at site LCG.GRIDKA.de
Executing StepInstance RunScriptStep1 of type ScriptStep1 ['ScriptStep1']
2025-08-26T23:20:53,380141Z dirac-jobexec/CreateDataFile INFO: ===== Executing 12.0.0a30 ===== 
2025-08-26T23:20:53,381466Z dirac-jobexec INFO: Running in MultiProcessor is not allowed here
2025-08-26T23:20:53,381643Z dirac-jobexec/CreateDataFile INFO: Creating Ganga data file data.py from scratch
2025-08-26T23:20:53,631549Z dirac-jobexec/CreateDataFile INFO: Created Ganga data file data.py
2025-08-26T23:20:53,631770Z dirac-jobexec/CreateDataFile INFO: ===== Terminating 12.0.0a30 ===== 
2025-08-26T23:20:53,638534Z dirac-jobexec/LHCbScript INFO: Command is: /cvmfs/lhcb.cern.ch/lhcbdirac/versions/v12.0.0a30-1755085183/Linux-x86_64/bin/python3 jobScript/GaudiExec_afernez_Job_501.8_c4b7d374-3967-41ba-bc35-1901373c3880_script.py
2025-08-27T03:21:41,345102Z dirac-jobexec/LHCbScript INFO: /cvmfs/lhcb.cern.ch/lhcbdirac/versions/v12.0.0a30-1755085183/Linux-x86_64/bin/python3 jobScript/GaudiExec_afernez_Job_501.8_c4b7d374-3967-41ba-bc35-1901373c3880_script.py execution completed with status 0
2025-08-27T03:21:41,351340Z dirac-jobexec/LHCbScript INFO: Output written to Script1_Ganga_GaudiExec.log, execution complete.
2025-08-27T03:21:41,563644Z dirac-jobexec/LHCbScript INFO: GaudiExec successful
2025-08-27T03:21:41,564539Z dirac-jobexec/LHCbScript INFO: ===== Terminating <class 'LHCbDIRAC.Workflow.Modules.LHCbScript.LHCbScript'> ===== 
2025-08-27T03:21:41,579013Z dirac-jobexec/FileUsage INFO: ===== Executing 12.0.0a30 ===== 
2025-08-27T03:21:41,579573Z dirac-jobexec/FileUsage INFO: Popularity report =  {'/lhcb/MC/2016/D0TAUNU.SAFESTRIPTRIG.DST/00140813/0000/': 3}
2025-08-27T03:21:41,697271Z dirac-jobexec/FileUsage INFO: Reporting input file usage successful!
2025-08-27T03:21:41,697581Z dirac-jobexec/FileUsage INFO: ===== Terminating 12.0.0a30 ===== 
2025-08-27T03:21:41,701841Z dirac-jobexec/UserJobFinalization INFO: ===== Executing 12.0.0a30 ===== 
2025-08-27T03:21:41,702034Z dirac-jobexec/DIRAC.DataManagementSystem.Utilities.ResolveSE INFO: Resolving workflow output SE description Tier1-USER
2025-08-27T03:21:41,720687Z dirac-jobexec/DIRAC.DataManagementSystem.Utilities.ResolveSE INFO: Found SEs, local first: ['GRIDKA-USER', 'SARA-USER', 'IN2P3-USER', 'RAL-USER', 'CNAF-USER', 'CERN-USER', 'PIC-USER']
2025-08-27T03:21:41,721001Z dirac-jobexec/DIRAC.DataManagementSystem.Utilities.ResolveSE INFO: Resolving workflow output SE description Tier1-Failover
2025-08-27T03:21:41,725548Z dirac-jobexec/DIRAC.DataManagementSystem.Utilities.ResolveSE INFO: Found SEs, local first: ['GRIDKA-FAILOVER', 'CNAF-FAILOVER', 'IN2P3-FAILOVER', 'RAL-FAILOVER', 'CERN-EOS-FAILOVER', 'SARA-FAILOVER', 'PIC-FAILOVER']
2025-08-27T03:21:41,726132Z dirac-jobexec/UserJobFinalization INFO: User specified output file list is: *.root
2025-08-27T03:21:41,727418Z dirac-jobexec/UserJobFinalization INFO: Found a pattern in the output data file list,           extra files to upload are: mc.root
2025-08-27T03:21:41,727541Z dirac-jobexec/UserJobFinalization INFO: Final list of files to upload are: mc.root
2025-08-27T03:21:41,727636Z dirac-jobexec/UserJobFinalization INFO: Constructing user output LFN(s) for mc.root
2025-08-27T03:21:42,796207Z dirac-jobexec/ProductionData INFO: Created the following output data LFN(s):
/lhcb/user/a/afernez/2025_08/1164942/1164942704/mc.root
2025-08-27T03:21:42,796641Z dirac-jobexec/UserJobFinalization INFO: No outputDataFileMask provided, the files with all the extensions will be considered
2025-08-27T03:21:42,796720Z dirac-jobexec/UserJobFinalization INFO: No outputDataStep provided, the files output of all the steps will be considered
2025-08-27T03:21:42,796810Z dirac-jobexec/UserJobFinalization INFO: Will search for POOL GUIDs for: mc.root
2025-08-27T03:21:42,879979Z dirac-jobexec INFO: GUIDs not found from POOL XML Catalogue (and were generated) for: mc.root
2025-08-27T03:21:42,880295Z dirac-jobexec/UserJobFinalization WARN: PoolXMLFile generated GUID(s) for the following files  mc.root
2025-08-27T03:21:43,216311Z dirac-jobexec/DIRAC.DataManagementSystem.Utilities.ResolveSE INFO: Resolving workflow output SE description Tier1-USER
2025-08-27T03:21:43,221642Z dirac-jobexec/DIRAC.DataManagementSystem.Utilities.ResolveSE INFO: Found eligible local SE ['GRIDKA-USER']
2025-08-27T03:21:43,222012Z dirac-jobexec/UserJobFinalization INFO: Ordered list of output SEs is: GRIDKA-USER, IN2P3-USER, RAL-USER, SARA-USER, PIC-USER, CERN-USER, CNAF-USER
2025-08-27T03:21:43,222164Z dirac-jobexec/UserJobFinalization INFO: Creating DISABLE_WATCHDOG_CPU_WALLCLOCK_CHECK in order to disable the Watchdog
2025-08-27T03:21:43,222723Z dirac-jobexec/UserJobFinalization INFO: Attempting to store mc.root to the following SE(s): GRIDKA-USER, IN2P3-USER, RAL-USER, SARA-USER, PIC-USER, CERN-USER, CNAF-USER
2025-08-27T03:21:43,222869Z dirac-jobexec/FailoverTransfer INFO: Attempting dm.putAndRegister ('/lhcb/user/a/afernez/2025_08/1164942/1164942704/mc.root','/tmp/1164942704/mc.root','GRIDKA-USER',guid='EA9872FE-6988-A815-6742-3909E92EA4C2',catalog='None', checksum = '3613b41f')
2025-08-27T03:21:46,331183Z dirac-jobexec/FailoverTransfer INFO: dm.putAndRegister successfully uploaded and registered mc.root to GRIDKA-USER
2025-08-27T03:21:46,809545Z dirac-jobexec/UserJobFinalization INFO: ===== Terminating 12.0.0a30 ===== 
