WARNING: Parsing of '.cfg' files as command line arguments is changing!
          Set the environment variable 'export DIRAC_NO_CFG=1' to pass the file as a positional
          argument (this will become the default).
          To modify the local configuration use '--cfg <configfile>' instead.
2025-08-26T23:05:29,926253Z dirac-jobexec INFO: JobID: 1164942565
2025-08-26T23:05:29,935652Z dirac-jobexec INFO: DIRAC JobID 1164942565 is running at site LCG.SARA.nl
Executing StepInstance RunScriptStep1 of type ScriptStep1 ['ScriptStep1']
2025-08-26T23:05:31,888031Z dirac-jobexec/CreateDataFile INFO: ===== Executing 12.0.0a30 ===== 
2025-08-26T23:05:31,889614Z dirac-jobexec INFO: Running in MultiProcessor is not allowed here
2025-08-26T23:05:31,889898Z dirac-jobexec/CreateDataFile INFO: Creating Ganga data file data.py from scratch
2025-08-26T23:05:32,264934Z dirac-jobexec/CreateDataFile INFO: Created Ganga data file data.py
2025-08-26T23:05:32,265338Z dirac-jobexec/CreateDataFile INFO: ===== Terminating 12.0.0a30 ===== 
2025-08-26T23:05:32,271183Z dirac-jobexec/LHCbScript INFO: Command is: /cvmfs/lhcb.cern.ch/lhcbdirac/versions/v12.0.0a30-1755085183/Linux-x86_64/bin/python3 jobScript/GaudiExec_afernez_Job_489.0_03310399-c3fa-40ff-ade7-75b37927ec8d_script.py
2025-08-27T02:53:55,173826Z dirac-jobexec/LHCbScript INFO: /cvmfs/lhcb.cern.ch/lhcbdirac/versions/v12.0.0a30-1755085183/Linux-x86_64/bin/python3 jobScript/GaudiExec_afernez_Job_489.0_03310399-c3fa-40ff-ade7-75b37927ec8d_script.py execution completed with status 0
2025-08-27T02:53:55,174416Z dirac-jobexec/LHCbScript INFO: Output written to Script1_Ganga_GaudiExec.log, execution complete.
2025-08-27T02:53:55,510260Z dirac-jobexec/LHCbScript INFO: GaudiExec successful
2025-08-27T02:53:55,510865Z dirac-jobexec/LHCbScript INFO: ===== Terminating <class 'LHCbDIRAC.Workflow.Modules.LHCbScript.LHCbScript'> ===== 
2025-08-27T02:53:55,553077Z dirac-jobexec/FileUsage INFO: ===== Executing 12.0.0a30 ===== 
2025-08-27T02:53:55,553493Z dirac-jobexec/FileUsage INFO: Popularity report =  {'/lhcb/MC/2016/D0TAUNU.SAFESTRIPTRIG.DST/00140861/0000/': 3}
2025-08-27T02:53:55,730304Z dirac-jobexec/FileUsage INFO: Reporting input file usage successful!
2025-08-27T02:53:55,730873Z dirac-jobexec/FileUsage INFO: ===== Terminating 12.0.0a30 ===== 
2025-08-27T02:53:55,736102Z dirac-jobexec/UserJobFinalization INFO: ===== Executing 12.0.0a30 ===== 
2025-08-27T02:53:55,736362Z dirac-jobexec/DIRAC.DataManagementSystem.Utilities.ResolveSE INFO: Resolving workflow output SE description Tier1-USER
2025-08-27T02:53:55,742655Z dirac-jobexec/DIRAC.DataManagementSystem.Utilities.ResolveSE INFO: Found SEs, local first: ['SARA-USER', 'GRIDKA-USER', 'CNAF-USER', 'RAL-USER', 'CERN-USER', 'PIC-USER', 'IN2P3-USER']
2025-08-27T02:53:55,742996Z dirac-jobexec/DIRAC.DataManagementSystem.Utilities.ResolveSE INFO: Resolving workflow output SE description Tier1-Failover
2025-08-27T02:53:55,745655Z dirac-jobexec/DIRAC.DataManagementSystem.Utilities.ResolveSE INFO: Found SEs, local first: ['SARA-FAILOVER', 'PIC-FAILOVER', 'CERN-EOS-FAILOVER', 'CNAF-FAILOVER', 'GRIDKA-FAILOVER', 'RAL-FAILOVER', 'IN2P3-FAILOVER']
2025-08-27T02:53:55,746054Z dirac-jobexec/UserJobFinalization INFO: User specified output file list is: *.root
2025-08-27T02:53:55,746673Z dirac-jobexec/UserJobFinalization INFO: Found a pattern in the output data file list,           extra files to upload are: mc.root
2025-08-27T02:53:55,746834Z dirac-jobexec/UserJobFinalization INFO: Final list of files to upload are: mc.root
2025-08-27T02:53:55,747019Z dirac-jobexec/UserJobFinalization INFO: Constructing user output LFN(s) for mc.root
2025-08-27T02:53:55,963073Z dirac-jobexec/ProductionData INFO: Created the following output data LFN(s):
/lhcb/user/a/afernez/2025_08/1164942/1164942565/mc.root
2025-08-27T02:53:55,963694Z dirac-jobexec/UserJobFinalization INFO: No outputDataFileMask provided, the files with all the extensions will be considered
2025-08-27T02:53:55,963941Z dirac-jobexec/UserJobFinalization INFO: No outputDataStep provided, the files output of all the steps will be considered
2025-08-27T02:53:55,964175Z dirac-jobexec/UserJobFinalization INFO: Will search for POOL GUIDs for: mc.root
2025-08-27T02:53:56,187320Z dirac-jobexec INFO: GUIDs not found from POOL XML Catalogue (and were generated) for: mc.root
2025-08-27T02:53:56,187843Z dirac-jobexec/UserJobFinalization WARN: PoolXMLFile generated GUID(s) for the following files  mc.root
2025-08-27T02:53:56,460740Z dirac-jobexec/DIRAC.DataManagementSystem.Utilities.ResolveSE INFO: Resolving workflow output SE description Tier1-USER
2025-08-27T02:53:56,464858Z dirac-jobexec/DIRAC.DataManagementSystem.Utilities.ResolveSE INFO: Found eligible local SE ['SARA-USER']
2025-08-27T02:53:56,465272Z dirac-jobexec/UserJobFinalization INFO: Ordered list of output SEs is: SARA-USER, IN2P3-USER, PIC-USER, CERN-USER, GRIDKA-USER, RAL-USER, CNAF-USER
2025-08-27T02:53:56,465640Z dirac-jobexec/UserJobFinalization INFO: Creating DISABLE_WATCHDOG_CPU_WALLCLOCK_CHECK in order to disable the Watchdog
2025-08-27T02:53:56,466256Z dirac-jobexec/UserJobFinalization INFO: Attempting to store mc.root to the following SE(s): SARA-USER, IN2P3-USER, PIC-USER, CERN-USER, GRIDKA-USER, RAL-USER, CNAF-USER
2025-08-27T02:53:56,466506Z dirac-jobexec/FailoverTransfer INFO: Attempting dm.putAndRegister ('/lhcb/user/a/afernez/2025_08/1164942/1164942565/mc.root','/tmp/1164942565/mc.root','SARA-USER',guid='3E60D836-4D2A-4C00-5FCA-548FA7F46F9B',catalog='None', checksum = '3dbc1581')
2025-08-27T02:53:59,829911Z dirac-jobexec/FailoverTransfer INFO: dm.putAndRegister successfully uploaded and registered mc.root to SARA-USER
2025-08-27T02:54:00,243798Z dirac-jobexec/UserJobFinalization INFO: ===== Terminating 12.0.0a30 ===== 
