WARNING: Parsing of '.cfg' files as command line arguments is changing!
          Set the environment variable 'export DIRAC_NO_CFG=1' to pass the file as a positional
          argument (this will become the default).
          To modify the local configuration use '--cfg <configfile>' instead.
2025-08-27T00:08:01,530724Z dirac-jobexec INFO: JobID: 1164942821
2025-08-27T00:08:01,555728Z dirac-jobexec INFO: DIRAC JobID 1164942821 is running at site LCG.CERN.cern
Executing StepInstance RunScriptStep1 of type ScriptStep1 ['ScriptStep1']
2025-08-27T00:08:03,698341Z dirac-jobexec/CreateDataFile INFO: ===== Executing 12.0.0a30 ===== 
2025-08-27T00:08:03,699512Z dirac-jobexec INFO: Running in MultiProcessor is not allowed here
2025-08-27T00:08:03,699691Z dirac-jobexec/CreateDataFile INFO: Creating Ganga data file data.py from scratch
2025-08-27T00:08:03,879625Z dirac-jobexec/CreateDataFile INFO: Created Ganga data file data.py
2025-08-27T00:08:03,879850Z dirac-jobexec/CreateDataFile INFO: ===== Terminating 12.0.0a30 ===== 
2025-08-27T00:08:03,888100Z dirac-jobexec/LHCbScript INFO: Command is: /cvmfs/lhcb.cern.ch/lhcbdirac/versions/v12.0.0a30-1755085183/Linux-x86_64/bin/python3 jobScript/GaudiExec_afernez_Job_509.10_1c52fda8-fffc-48c0-a287-433c29024e7d_script.py
2025-08-27T05:58:06,961847Z dirac-jobexec/LHCbScript INFO: /cvmfs/lhcb.cern.ch/lhcbdirac/versions/v12.0.0a30-1755085183/Linux-x86_64/bin/python3 jobScript/GaudiExec_afernez_Job_509.10_1c52fda8-fffc-48c0-a287-433c29024e7d_script.py execution completed with status 0
2025-08-27T05:58:06,963494Z dirac-jobexec/LHCbScript INFO: Output written to Script1_Ganga_GaudiExec.log, execution complete.
2025-08-27T05:58:07,110651Z dirac-jobexec/LHCbScript INFO: GaudiExec successful
2025-08-27T05:58:07,111265Z dirac-jobexec/LHCbScript INFO: ===== Terminating <class 'LHCbDIRAC.Workflow.Modules.LHCbScript.LHCbScript'> ===== 
2025-08-27T05:58:07,123045Z dirac-jobexec/FileUsage INFO: ===== Executing 12.0.0a30 ===== 
2025-08-27T05:58:07,123600Z dirac-jobexec/FileUsage INFO: Popularity report =  {'/lhcb/MC/2016/D0TAUNU.SAFESTRIPTRIG.DST/00140810/0000/': 3}
2025-08-27T05:58:07,195102Z dirac-jobexec/FileUsage INFO: Reporting input file usage successful!
2025-08-27T05:58:07,195657Z dirac-jobexec/FileUsage INFO: ===== Terminating 12.0.0a30 ===== 
2025-08-27T05:58:07,203436Z dirac-jobexec/UserJobFinalization INFO: ===== Executing 12.0.0a30 ===== 
2025-08-27T05:58:07,203673Z dirac-jobexec/DIRAC.DataManagementSystem.Utilities.ResolveSE INFO: Resolving workflow output SE description Tier1-USER
2025-08-27T05:58:07,674550Z dirac-jobexec/DIRAC.DataManagementSystem.Utilities.ResolveSE INFO: Found SEs, local first: ['CERN-USER', 'CNAF-USER', 'GRIDKA-USER', 'RAL-USER', 'IN2P3-USER', 'SARA-USER', 'PIC-USER']
2025-08-27T05:58:07,674748Z dirac-jobexec/DIRAC.DataManagementSystem.Utilities.ResolveSE INFO: Resolving workflow output SE description Tier1-Failover
2025-08-27T05:58:07,681520Z dirac-jobexec/DIRAC.DataManagementSystem.Utilities.ResolveSE INFO: Found SEs, local first: ['CERN-EOS-FAILOVER', 'IN2P3-FAILOVER', 'CNAF-FAILOVER', 'SARA-FAILOVER', 'RAL-FAILOVER', 'GRIDKA-FAILOVER', 'PIC-FAILOVER']
2025-08-27T05:58:07,682007Z dirac-jobexec/UserJobFinalization INFO: User specified output file list is: *.root
2025-08-27T05:58:07,682694Z dirac-jobexec/UserJobFinalization INFO: Found a pattern in the output data file list,           extra files to upload are: mc.root
2025-08-27T05:58:07,682807Z dirac-jobexec/UserJobFinalization INFO: Final list of files to upload are: mc.root
2025-08-27T05:58:07,682893Z dirac-jobexec/UserJobFinalization INFO: Constructing user output LFN(s) for mc.root
2025-08-27T05:58:07,780800Z dirac-jobexec/ProductionData INFO: Created the following output data LFN(s):
/lhcb/user/a/afernez/2025_08/1164942/1164942821/mc.root
2025-08-27T05:58:07,781105Z dirac-jobexec/UserJobFinalization INFO: No outputDataFileMask provided, the files with all the extensions will be considered
2025-08-27T05:58:07,781190Z dirac-jobexec/UserJobFinalization INFO: No outputDataStep provided, the files output of all the steps will be considered
2025-08-27T05:58:07,781329Z dirac-jobexec/UserJobFinalization INFO: Will search for POOL GUIDs for: mc.root
2025-08-27T05:58:07,983857Z dirac-jobexec INFO: GUIDs not found from POOL XML Catalogue (and were generated) for: mc.root
2025-08-27T05:58:07,984069Z dirac-jobexec/UserJobFinalization WARN: PoolXMLFile generated GUID(s) for the following files  mc.root
2025-08-27T05:58:08,328334Z dirac-jobexec/DIRAC.DataManagementSystem.Utilities.ResolveSE INFO: Resolving workflow output SE description Tier1-USER
2025-08-27T05:58:08,332951Z dirac-jobexec/DIRAC.DataManagementSystem.Utilities.ResolveSE INFO: Found eligible local SE ['CERN-USER']
2025-08-27T05:58:08,333168Z dirac-jobexec/UserJobFinalization INFO: Ordered list of output SEs is: CERN-USER, RAL-USER, CNAF-USER, SARA-USER, GRIDKA-USER, IN2P3-USER, PIC-USER
2025-08-27T05:58:08,333266Z dirac-jobexec/UserJobFinalization INFO: Creating DISABLE_WATCHDOG_CPU_WALLCLOCK_CHECK in order to disable the Watchdog
2025-08-27T05:58:08,333727Z dirac-jobexec/UserJobFinalization INFO: Attempting to store mc.root to the following SE(s): CERN-USER, RAL-USER, CNAF-USER, SARA-USER, GRIDKA-USER, IN2P3-USER, PIC-USER
2025-08-27T05:58:08,333868Z dirac-jobexec/FailoverTransfer INFO: Attempting dm.putAndRegister ('/lhcb/user/a/afernez/2025_08/1164942/1164942821/mc.root','/tmp/1164942821/mc.root','CERN-USER',guid='3DECE64A-7E66-ED89-67AB-A882EC9F867E',catalog='None', checksum = '43735846')
2025-08-27T05:58:10,788762Z dirac-jobexec/FailoverTransfer INFO: dm.putAndRegister successfully uploaded and registered mc.root to CERN-USER
2025-08-27T05:58:10,961459Z dirac-jobexec/UserJobFinalization INFO: ===== Terminating 12.0.0a30 ===== 
