WARNING: Parsing of '.cfg' files as command line arguments is changing!
          Set the environment variable 'export DIRAC_NO_CFG=1' to pass the file as a positional
          argument (this will become the default).
          To modify the local configuration use '--cfg <configfile>' instead.
2025-08-26T23:38:20,035688Z dirac-jobexec INFO: JobID: 1164942880
2025-08-26T23:38:20,043468Z dirac-jobexec INFO: DIRAC JobID 1164942880 is running at site LCG.RAL.uk
Executing StepInstance RunScriptStep1 of type ScriptStep1 ['ScriptStep1']
2025-08-26T23:38:21,786442Z dirac-jobexec/CreateDataFile INFO: ===== Executing 12.0.0a30 ===== 
2025-08-26T23:38:21,787563Z dirac-jobexec INFO: Running in MultiProcessor is not allowed here
2025-08-26T23:38:21,787747Z dirac-jobexec/CreateDataFile INFO: Creating Ganga data file data.py from scratch
2025-08-26T23:38:22,115697Z dirac-jobexec/CreateDataFile INFO: Created Ganga data file data.py
2025-08-26T23:38:22,115914Z dirac-jobexec/CreateDataFile INFO: ===== Terminating 12.0.0a30 ===== 
2025-08-26T23:38:22,121875Z dirac-jobexec/LHCbScript INFO: Command is: /cvmfs/lhcb.cern.ch/lhcbdirac/versions/v12.0.0a30-1755085183/Linux-x86_64/bin/python3 jobScript/GaudiExec_afernez_Job_511.13_8c77bce8-520e-4300-882d-a080f63d115a_script.py
2025-08-27T02:07:53,700417Z dirac-jobexec/LHCbScript INFO: /cvmfs/lhcb.cern.ch/lhcbdirac/versions/v12.0.0a30-1755085183/Linux-x86_64/bin/python3 jobScript/GaudiExec_afernez_Job_511.13_8c77bce8-520e-4300-882d-a080f63d115a_script.py execution completed with status 0
2025-08-27T02:07:53,701271Z dirac-jobexec/LHCbScript INFO: Output written to Script1_Ganga_GaudiExec.log, execution complete.
2025-08-27T02:07:54,030172Z dirac-jobexec/LHCbScript INFO: GaudiExec successful
2025-08-27T02:07:54,034208Z dirac-jobexec/LHCbScript INFO: ===== Terminating <class 'LHCbDIRAC.Workflow.Modules.LHCbScript.LHCbScript'> ===== 
2025-08-27T02:07:54,052966Z dirac-jobexec/FileUsage INFO: ===== Executing 12.0.0a30 ===== 
2025-08-27T02:07:54,053436Z dirac-jobexec/FileUsage INFO: Popularity report =  {'/lhcb/MC/2016/D0TAUNU.SAFESTRIPTRIG.DST/00140819/0000/': 2}
2025-08-27T02:07:54,218632Z dirac-jobexec/FileUsage INFO: Reporting input file usage successful!
2025-08-27T02:07:54,219167Z dirac-jobexec/FileUsage INFO: ===== Terminating 12.0.0a30 ===== 
2025-08-27T02:07:54,591823Z dirac-jobexec/UserJobFinalization INFO: ===== Executing 12.0.0a30 ===== 
2025-08-27T02:07:54,592582Z dirac-jobexec/DIRAC.DataManagementSystem.Utilities.ResolveSE INFO: Resolving workflow output SE description Tier1-USER
2025-08-27T02:07:54,599960Z dirac-jobexec/DIRAC.DataManagementSystem.Utilities.ResolveSE INFO: Found SEs, local first: ['RAL-USER', 'CERN-USER', 'CNAF-USER', 'IN2P3-USER', 'SARA-USER', 'PIC-USER', 'GRIDKA-USER']
2025-08-27T02:07:54,600194Z dirac-jobexec/DIRAC.DataManagementSystem.Utilities.ResolveSE INFO: Resolving workflow output SE description Tier1-Failover
2025-08-27T02:07:54,604428Z dirac-jobexec/DIRAC.DataManagementSystem.Utilities.ResolveSE INFO: Found SEs, local first: ['RAL-FAILOVER', 'IN2P3-FAILOVER', 'SARA-FAILOVER', 'CERN-EOS-FAILOVER', 'GRIDKA-FAILOVER', 'CNAF-FAILOVER', 'PIC-FAILOVER']
2025-08-27T02:07:54,604982Z dirac-jobexec/UserJobFinalization INFO: User specified output file list is: *.root
2025-08-27T02:07:54,605972Z dirac-jobexec/UserJobFinalization INFO: Found a pattern in the output data file list,           extra files to upload are: mc.root
2025-08-27T02:07:54,606241Z dirac-jobexec/UserJobFinalization INFO: Final list of files to upload are: mc.root
2025-08-27T02:07:54,606548Z dirac-jobexec/UserJobFinalization INFO: Constructing user output LFN(s) for mc.root
2025-08-27T02:07:54,788833Z dirac-jobexec/ProductionData INFO: Created the following output data LFN(s):
/lhcb/user/a/afernez/2025_08/1164942/1164942880/mc.root
2025-08-27T02:07:54,789797Z dirac-jobexec/UserJobFinalization INFO: No outputDataFileMask provided, the files with all the extensions will be considered
2025-08-27T02:07:54,789900Z dirac-jobexec/UserJobFinalization INFO: No outputDataStep provided, the files output of all the steps will be considered
2025-08-27T02:07:54,789970Z dirac-jobexec/UserJobFinalization INFO: Will search for POOL GUIDs for: mc.root
2025-08-27T02:07:55,033233Z dirac-jobexec INFO: GUIDs not found from POOL XML Catalogue (and were generated) for: mc.root
2025-08-27T02:07:55,033874Z dirac-jobexec/UserJobFinalization WARN: PoolXMLFile generated GUID(s) for the following files  mc.root
2025-08-27T02:07:55,191056Z dirac-jobexec/DIRAC.DataManagementSystem.Utilities.ResolveSE INFO: Resolving workflow output SE description Tier1-USER
2025-08-27T02:07:55,194755Z dirac-jobexec/DIRAC.DataManagementSystem.Utilities.ResolveSE INFO: Found eligible local SE ['RAL-USER']
2025-08-27T02:07:55,194978Z dirac-jobexec/UserJobFinalization INFO: Ordered list of output SEs is: RAL-USER, CNAF-USER, SARA-USER, CERN-USER, GRIDKA-USER, PIC-USER, IN2P3-USER
2025-08-27T02:07:55,195049Z dirac-jobexec/UserJobFinalization INFO: Creating DISABLE_WATCHDOG_CPU_WALLCLOCK_CHECK in order to disable the Watchdog
2025-08-27T02:07:55,195770Z dirac-jobexec/UserJobFinalization INFO: Attempting to store mc.root to the following SE(s): RAL-USER, CNAF-USER, SARA-USER, CERN-USER, GRIDKA-USER, PIC-USER, IN2P3-USER
2025-08-27T02:07:55,195867Z dirac-jobexec/FailoverTransfer INFO: Attempting dm.putAndRegister ('/lhcb/user/a/afernez/2025_08/1164942/1164942880/mc.root','/tmp/1164942880/mc.root','RAL-USER',guid='0E0F0AB8-0C28-158B-DE42-D0ABDA99F32C',catalog='None', checksum = 'c8d6e467')
2025-08-27T02:08:06,394803Z dirac-jobexec/FailoverTransfer INFO: dm.putAndRegister successfully uploaded and registered mc.root to RAL-USER
2025-08-27T02:08:06,810159Z dirac-jobexec/UserJobFinalization INFO: ===== Terminating 12.0.0a30 ===== 
