WARNING: Parsing of '.cfg' files as command line arguments is changing!
          Set the environment variable 'export DIRAC_NO_CFG=1' to pass the file as a positional
          argument (this will become the default).
          To modify the local configuration use '--cfg <configfile>' instead.
2025-08-26T23:32:39,317763Z dirac-jobexec INFO: JobID: 1164942601
2025-08-26T23:32:39,323849Z dirac-jobexec INFO: DIRAC JobID 1164942601 is running at site LCG.CNAF.it
Executing StepInstance RunScriptStep1 of type ScriptStep1 ['ScriptStep1']
2025-08-26T23:32:40,878427Z dirac-jobexec/CreateDataFile INFO: ===== Executing 12.0.0a30 ===== 
2025-08-26T23:32:40,879684Z dirac-jobexec INFO: Running in MultiProcessor is not allowed here
2025-08-26T23:32:40,880384Z dirac-jobexec/CreateDataFile INFO: Creating Ganga data file data.py from scratch
2025-08-26T23:32:41,228528Z dirac-jobexec/CreateDataFile INFO: Created Ganga data file data.py
2025-08-26T23:32:41,229387Z dirac-jobexec/CreateDataFile INFO: ===== Terminating 12.0.0a30 ===== 
2025-08-26T23:32:41,235293Z dirac-jobexec/LHCbScript INFO: Command is: /cvmfs/lhcb.cern.ch/lhcbdirac/versions/v12.0.0a30-1755085183/Linux-x86_64/bin/python3 jobScript/GaudiExec_afernez_Job_494.13_f13e03bc-78a2-4569-adcf-4f9bdb2798a3_script.py
2025-08-27T02:43:59,282026Z dirac-jobexec/LHCbScript INFO: /cvmfs/lhcb.cern.ch/lhcbdirac/versions/v12.0.0a30-1755085183/Linux-x86_64/bin/python3 jobScript/GaudiExec_afernez_Job_494.13_f13e03bc-78a2-4569-adcf-4f9bdb2798a3_script.py execution completed with status 0
2025-08-27T02:43:59,283838Z dirac-jobexec/LHCbScript INFO: Output written to Script1_Ganga_GaudiExec.log, execution complete.
2025-08-27T02:43:59,545932Z dirac-jobexec/LHCbScript INFO: GaudiExec successful
2025-08-27T02:43:59,546450Z dirac-jobexec/LHCbScript INFO: ===== Terminating <class 'LHCbDIRAC.Workflow.Modules.LHCbScript.LHCbScript'> ===== 
2025-08-27T02:43:59,791204Z dirac-jobexec/FileUsage INFO: ===== Executing 12.0.0a30 ===== 
2025-08-27T02:43:59,791636Z dirac-jobexec/FileUsage INFO: Popularity report =  {'/lhcb/MC/2016/D0TAUNU.SAFESTRIPTRIG.DST/00140840/0000/': 3}
2025-08-27T02:43:59,954085Z dirac-jobexec/FileUsage INFO: Reporting input file usage successful!
2025-08-27T02:43:59,954904Z dirac-jobexec/FileUsage INFO: ===== Terminating 12.0.0a30 ===== 
2025-08-27T02:43:59,961533Z dirac-jobexec/UserJobFinalization INFO: ===== Executing 12.0.0a30 ===== 
2025-08-27T02:43:59,962262Z dirac-jobexec/DIRAC.DataManagementSystem.Utilities.ResolveSE INFO: Resolving workflow output SE description Tier1-USER
2025-08-27T02:43:59,968014Z dirac-jobexec/DIRAC.DataManagementSystem.Utilities.ResolveSE INFO: Found SEs, local first: ['CNAF-USER', 'GRIDKA-USER', 'IN2P3-USER', 'PIC-USER', 'RAL-USER', 'SARA-USER', 'CERN-USER']
2025-08-27T02:43:59,968554Z dirac-jobexec/DIRAC.DataManagementSystem.Utilities.ResolveSE INFO: Resolving workflow output SE description Tier1-Failover
2025-08-27T02:43:59,971900Z dirac-jobexec/DIRAC.DataManagementSystem.Utilities.ResolveSE INFO: Found SEs, local first: ['CNAF-FAILOVER', 'IN2P3-FAILOVER', 'GRIDKA-FAILOVER', 'PIC-FAILOVER', 'CERN-EOS-FAILOVER', 'SARA-FAILOVER', 'RAL-FAILOVER']
2025-08-27T02:43:59,972577Z dirac-jobexec/UserJobFinalization INFO: User specified output file list is: *.root
2025-08-27T02:43:59,973438Z dirac-jobexec/UserJobFinalization INFO: Found a pattern in the output data file list,           extra files to upload are: mc.root
2025-08-27T02:43:59,973777Z dirac-jobexec/UserJobFinalization INFO: Final list of files to upload are: mc.root
2025-08-27T02:43:59,974071Z dirac-jobexec/UserJobFinalization INFO: Constructing user output LFN(s) for mc.root
2025-08-27T02:44:00,150110Z dirac-jobexec/ProductionData INFO: Created the following output data LFN(s):
/lhcb/user/a/afernez/2025_08/1164942/1164942601/mc.root
2025-08-27T02:44:00,150978Z dirac-jobexec/UserJobFinalization INFO: No outputDataFileMask provided, the files with all the extensions will be considered
2025-08-27T02:44:00,151544Z dirac-jobexec/UserJobFinalization INFO: No outputDataStep provided, the files output of all the steps will be considered
2025-08-27T02:44:00,152005Z dirac-jobexec/UserJobFinalization INFO: Will search for POOL GUIDs for: mc.root
2025-08-27T02:44:00,319341Z dirac-jobexec INFO: GUIDs not found from POOL XML Catalogue (and were generated) for: mc.root
2025-08-27T02:44:00,320092Z dirac-jobexec/UserJobFinalization WARN: PoolXMLFile generated GUID(s) for the following files  mc.root
2025-08-27T02:44:00,481885Z dirac-jobexec/DIRAC.DataManagementSystem.Utilities.ResolveSE INFO: Resolving workflow output SE description Tier1-USER
2025-08-27T02:44:00,485890Z dirac-jobexec/DIRAC.DataManagementSystem.Utilities.ResolveSE INFO: Found eligible local SE ['CNAF-USER']
2025-08-27T02:44:00,486609Z dirac-jobexec/UserJobFinalization INFO: Ordered list of output SEs is: CNAF-USER, IN2P3-USER, CERN-USER, SARA-USER, GRIDKA-USER, PIC-USER, RAL-USER
2025-08-27T02:44:00,487141Z dirac-jobexec/UserJobFinalization INFO: Creating DISABLE_WATCHDOG_CPU_WALLCLOCK_CHECK in order to disable the Watchdog
2025-08-27T02:44:00,487823Z dirac-jobexec/UserJobFinalization INFO: Attempting to store mc.root to the following SE(s): CNAF-USER, IN2P3-USER, CERN-USER, SARA-USER, GRIDKA-USER, PIC-USER, RAL-USER
2025-08-27T02:44:00,488145Z dirac-jobexec/FailoverTransfer INFO: Attempting dm.putAndRegister ('/lhcb/user/a/afernez/2025_08/1164942/1164942601/mc.root','/tmp/1164942601/mc.root','CNAF-USER',guid='46FE503F-A46F-DDCB-BA23-77F411CF2CCB',catalog='None', checksum = 'a418f2b2')
2025-08-27T02:44:05,347537Z dirac-jobexec/FailoverTransfer INFO: dm.putAndRegister successfully uploaded and registered mc.root to CNAF-USER
2025-08-27T02:44:05,696630Z dirac-jobexec/UserJobFinalization INFO: ===== Terminating 12.0.0a30 ===== 
