WARNING: Parsing of '.cfg' files as command line arguments is changing!
          Set the environment variable 'export DIRAC_NO_CFG=1' to pass the file as a positional
          argument (this will become the default).
          To modify the local configuration use '--cfg <configfile>' instead.
2025-08-26T23:31:23,026700Z dirac-jobexec INFO: JobID: 1164942812
2025-08-26T23:31:23,036125Z dirac-jobexec INFO: DIRAC JobID 1164942812 is running at site LCG.GRIDKA.de
Executing StepInstance RunScriptStep1 of type ScriptStep1 ['ScriptStep1']
2025-08-26T23:31:26,505092Z dirac-jobexec/CreateDataFile INFO: ===== Executing 12.0.0a30 ===== 
2025-08-26T23:31:26,505861Z dirac-jobexec INFO: Running in MultiProcessor is not allowed here
2025-08-26T23:31:26,505972Z dirac-jobexec/CreateDataFile INFO: Creating Ganga data file data.py from scratch
2025-08-26T23:31:26,766390Z dirac-jobexec/CreateDataFile INFO: Created Ganga data file data.py
2025-08-26T23:31:26,766637Z dirac-jobexec/CreateDataFile INFO: ===== Terminating 12.0.0a30 ===== 
2025-08-26T23:31:26,773545Z dirac-jobexec/LHCbScript INFO: Command is: /cvmfs/lhcb.cern.ch/lhcbdirac/versions/v12.0.0a30-1755085183/Linux-x86_64/bin/python3 jobScript/GaudiExec_afernez_Job_509.1_1c52fda8-fffc-48c0-a287-433c29024e7d_script.py
2025-08-27T04:16:30,616213Z dirac-jobexec/LHCbScript INFO: /cvmfs/lhcb.cern.ch/lhcbdirac/versions/v12.0.0a30-1755085183/Linux-x86_64/bin/python3 jobScript/GaudiExec_afernez_Job_509.1_1c52fda8-fffc-48c0-a287-433c29024e7d_script.py execution completed with status 0
2025-08-27T04:16:30,630332Z dirac-jobexec/LHCbScript INFO: Output written to Script1_Ganga_GaudiExec.log, execution complete.
2025-08-27T04:16:31,087160Z dirac-jobexec/LHCbScript INFO: GaudiExec successful
2025-08-27T04:16:31,093043Z dirac-jobexec/LHCbScript INFO: ===== Terminating <class 'LHCbDIRAC.Workflow.Modules.LHCbScript.LHCbScript'> ===== 
2025-08-27T04:16:31,196975Z dirac-jobexec/FileUsage INFO: ===== Executing 12.0.0a30 ===== 
2025-08-27T04:16:31,197509Z dirac-jobexec/FileUsage INFO: Popularity report =  {'/lhcb/MC/2016/D0TAUNU.SAFESTRIPTRIG.DST/00140810/0000/': 3}
2025-08-27T04:16:31,350537Z dirac-jobexec/FileUsage INFO: Reporting input file usage successful!
2025-08-27T04:16:31,351127Z dirac-jobexec/FileUsage INFO: ===== Terminating 12.0.0a30 ===== 
2025-08-27T04:16:31,358818Z dirac-jobexec/UserJobFinalization INFO: ===== Executing 12.0.0a30 ===== 
2025-08-27T04:16:31,359122Z dirac-jobexec/DIRAC.DataManagementSystem.Utilities.ResolveSE INFO: Resolving workflow output SE description Tier1-USER
2025-08-27T04:16:31,390229Z dirac-jobexec/DIRAC.DataManagementSystem.Utilities.ResolveSE INFO: Found SEs, local first: ['GRIDKA-USER', 'PIC-USER', 'CNAF-USER', 'CERN-USER', 'RAL-USER', 'IN2P3-USER', 'SARA-USER']
2025-08-27T04:16:31,390495Z dirac-jobexec/DIRAC.DataManagementSystem.Utilities.ResolveSE INFO: Resolving workflow output SE description Tier1-Failover
2025-08-27T04:16:31,395377Z dirac-jobexec/DIRAC.DataManagementSystem.Utilities.ResolveSE INFO: Found SEs, local first: ['GRIDKA-FAILOVER', 'PIC-FAILOVER', 'CNAF-FAILOVER', 'CERN-EOS-FAILOVER', 'SARA-FAILOVER', 'RAL-FAILOVER', 'IN2P3-FAILOVER']
2025-08-27T04:16:31,395955Z dirac-jobexec/UserJobFinalization INFO: User specified output file list is: *.root
2025-08-27T04:16:31,396748Z dirac-jobexec/UserJobFinalization INFO: Found a pattern in the output data file list,           extra files to upload are: mc.root
2025-08-27T04:16:31,396847Z dirac-jobexec/UserJobFinalization INFO: Final list of files to upload are: mc.root
2025-08-27T04:16:31,396914Z dirac-jobexec/UserJobFinalization INFO: Constructing user output LFN(s) for mc.root
2025-08-27T04:16:31,546625Z dirac-jobexec/ProductionData INFO: Created the following output data LFN(s):
/lhcb/user/a/afernez/2025_08/1164942/1164942812/mc.root
2025-08-27T04:16:31,546939Z dirac-jobexec/UserJobFinalization INFO: No outputDataFileMask provided, the files with all the extensions will be considered
2025-08-27T04:16:31,546994Z dirac-jobexec/UserJobFinalization INFO: No outputDataStep provided, the files output of all the steps will be considered
2025-08-27T04:16:31,547053Z dirac-jobexec/UserJobFinalization INFO: Will search for POOL GUIDs for: mc.root
2025-08-27T04:16:31,798778Z dirac-jobexec INFO: GUIDs not found from POOL XML Catalogue (and were generated) for: mc.root
2025-08-27T04:16:31,799086Z dirac-jobexec/UserJobFinalization WARN: PoolXMLFile generated GUID(s) for the following files  mc.root
2025-08-27T04:16:32,135789Z dirac-jobexec/DIRAC.DataManagementSystem.Utilities.ResolveSE INFO: Resolving workflow output SE description Tier1-USER
2025-08-27T04:16:32,138641Z dirac-jobexec/DIRAC.DataManagementSystem.Utilities.ResolveSE INFO: Found eligible local SE ['GRIDKA-USER']
2025-08-27T04:16:32,138771Z dirac-jobexec/UserJobFinalization INFO: Ordered list of output SEs is: GRIDKA-USER, IN2P3-USER, CERN-USER, RAL-USER, CNAF-USER, PIC-USER, SARA-USER
2025-08-27T04:16:32,138831Z dirac-jobexec/UserJobFinalization INFO: Creating DISABLE_WATCHDOG_CPU_WALLCLOCK_CHECK in order to disable the Watchdog
2025-08-27T04:16:32,139130Z dirac-jobexec/UserJobFinalization INFO: Attempting to store mc.root to the following SE(s): GRIDKA-USER, IN2P3-USER, CERN-USER, RAL-USER, CNAF-USER, PIC-USER, SARA-USER
2025-08-27T04:16:32,139195Z dirac-jobexec/FailoverTransfer INFO: Attempting dm.putAndRegister ('/lhcb/user/a/afernez/2025_08/1164942/1164942812/mc.root','/tmp/1164942812/mc.root','GRIDKA-USER',guid='C776D26F-D9F9-B0FC-0A49-C7A5BEDB8FD0',catalog='None', checksum = '5f4a0d2d')
2025-08-27T04:16:35,179471Z dirac-jobexec/FailoverTransfer INFO: dm.putAndRegister successfully uploaded and registered mc.root to GRIDKA-USER
2025-08-27T04:16:35,526700Z dirac-jobexec/UserJobFinalization INFO: ===== Terminating 12.0.0a30 ===== 
