WARNING: Parsing of '.cfg' files as command line arguments is changing!
          Set the environment variable 'export DIRAC_NO_CFG=1' to pass the file as a positional
          argument (this will become the default).
          To modify the local configuration use '--cfg <configfile>' instead.
2025-08-27T00:20:54,872578Z dirac-jobexec INFO: JobID: 1164943202
2025-08-27T00:20:54,881087Z dirac-jobexec INFO: DIRAC JobID 1164943202 is running at site LCG.CERN.cern
Executing StepInstance RunScriptStep1 of type ScriptStep1 ['ScriptStep1']
2025-08-27T00:20:56,914871Z dirac-jobexec/CreateDataFile INFO: ===== Executing 12.0.0a30 ===== 
2025-08-27T00:20:56,916187Z dirac-jobexec INFO: Getting numberOfProcessors from /Resources/Computing/CEDefaults/NumberOfProcessors
2025-08-27T00:20:56,916382Z dirac-jobexec/CreateDataFile INFO: Creating Ganga data file data.py from scratch
2025-08-27T00:20:57,100295Z dirac-jobexec/CreateDataFile INFO: Created Ganga data file data.py
2025-08-27T00:20:57,100520Z dirac-jobexec/CreateDataFile INFO: ===== Terminating 12.0.0a30 ===== 
2025-08-27T00:20:57,107909Z dirac-jobexec/LHCbScript INFO: Command is: /cvmfs/lhcb.cern.ch/lhcbdirac/versions/v12.0.0a30-1755085183/Linux-x86_64/bin/python3 jobScript/GaudiExec_afernez_Job_522.13_8ef90270-7c26-46b5-bdf6-1c75313126db_script.py
2025-08-27T04:04:44,178287Z dirac-jobexec/LHCbScript INFO: /cvmfs/lhcb.cern.ch/lhcbdirac/versions/v12.0.0a30-1755085183/Linux-x86_64/bin/python3 jobScript/GaudiExec_afernez_Job_522.13_8ef90270-7c26-46b5-bdf6-1c75313126db_script.py execution completed with status 0
2025-08-27T04:04:44,180456Z dirac-jobexec/LHCbScript INFO: Output written to Script1_Ganga_GaudiExec.log, execution complete.
2025-08-27T04:04:44,807859Z dirac-jobexec/LHCbScript INFO: GaudiExec successful
2025-08-27T04:04:44,808814Z dirac-jobexec/LHCbScript INFO: ===== Terminating <class 'LHCbDIRAC.Workflow.Modules.LHCbScript.LHCbScript'> ===== 
2025-08-27T04:04:44,837346Z dirac-jobexec/FileUsage INFO: ===== Executing 12.0.0a30 ===== 
2025-08-27T04:04:44,838383Z dirac-jobexec/FileUsage INFO: Popularity report =  {'/lhcb/MC/2016/D0TAUNU.SAFESTRIPTRIG.DST/00202746/0000/': 3}
2025-08-27T04:04:45,045758Z dirac-jobexec/FileUsage INFO: Reporting input file usage successful!
2025-08-27T04:04:45,046063Z dirac-jobexec/FileUsage INFO: ===== Terminating 12.0.0a30 ===== 
2025-08-27T04:04:45,056482Z dirac-jobexec/UserJobFinalization INFO: ===== Executing 12.0.0a30 ===== 
2025-08-27T04:04:45,056719Z dirac-jobexec/DIRAC.DataManagementSystem.Utilities.ResolveSE INFO: Resolving workflow output SE description Tier1-USER
2025-08-27T04:04:45,068854Z dirac-jobexec/DIRAC.DataManagementSystem.Utilities.ResolveSE INFO: Found SEs, local first: ['CERN-USER', 'SARA-USER', 'CNAF-USER', 'PIC-USER', 'GRIDKA-USER', 'IN2P3-USER', 'RAL-USER']
2025-08-27T04:04:45,069160Z dirac-jobexec/DIRAC.DataManagementSystem.Utilities.ResolveSE INFO: Resolving workflow output SE description Tier1-Failover
2025-08-27T04:04:45,075869Z dirac-jobexec/DIRAC.DataManagementSystem.Utilities.ResolveSE INFO: Found SEs, local first: ['CERN-EOS-FAILOVER', 'IN2P3-FAILOVER', 'RAL-FAILOVER', 'GRIDKA-FAILOVER', 'SARA-FAILOVER', 'CNAF-FAILOVER', 'PIC-FAILOVER']
2025-08-27T04:04:45,076357Z dirac-jobexec/UserJobFinalization INFO: User specified output file list is: *.root
2025-08-27T04:04:45,077418Z dirac-jobexec/UserJobFinalization INFO: Found a pattern in the output data file list,           extra files to upload are: mc.root
2025-08-27T04:04:45,077631Z dirac-jobexec/UserJobFinalization INFO: Final list of files to upload are: mc.root
2025-08-27T04:04:45,077723Z dirac-jobexec/UserJobFinalization INFO: Constructing user output LFN(s) for mc.root
2025-08-27T04:04:45,325630Z dirac-jobexec/ProductionData INFO: Created the following output data LFN(s):
/lhcb/user/a/afernez/2025_08/1164943/1164943202/mc.root
2025-08-27T04:04:45,326127Z dirac-jobexec/UserJobFinalization INFO: No outputDataFileMask provided, the files with all the extensions will be considered
2025-08-27T04:04:45,326286Z dirac-jobexec/UserJobFinalization INFO: No outputDataStep provided, the files output of all the steps will be considered
2025-08-27T04:04:45,326584Z dirac-jobexec/UserJobFinalization INFO: Will search for POOL GUIDs for: mc.root
2025-08-27T04:04:45,602275Z dirac-jobexec INFO: GUIDs not found from POOL XML Catalogue (and were generated) for: mc.root
2025-08-27T04:04:45,602560Z dirac-jobexec/UserJobFinalization WARN: PoolXMLFile generated GUID(s) for the following files  mc.root
2025-08-27T04:04:45,850412Z dirac-jobexec/DIRAC.DataManagementSystem.Utilities.ResolveSE INFO: Resolving workflow output SE description Tier1-USER
2025-08-27T04:04:45,857547Z dirac-jobexec/DIRAC.DataManagementSystem.Utilities.ResolveSE INFO: Found eligible local SE ['CERN-USER']
2025-08-27T04:04:45,857808Z dirac-jobexec/UserJobFinalization INFO: Ordered list of output SEs is: CERN-USER, IN2P3-USER, PIC-USER, GRIDKA-USER, CNAF-USER, SARA-USER, RAL-USER
2025-08-27T04:04:45,857943Z dirac-jobexec/UserJobFinalization INFO: Creating DISABLE_WATCHDOG_CPU_WALLCLOCK_CHECK in order to disable the Watchdog
2025-08-27T04:04:45,858439Z dirac-jobexec/UserJobFinalization INFO: Attempting to store mc.root to the following SE(s): CERN-USER, IN2P3-USER, PIC-USER, GRIDKA-USER, CNAF-USER, SARA-USER, RAL-USER
2025-08-27T04:04:45,858593Z dirac-jobexec/FailoverTransfer INFO: Attempting dm.putAndRegister ('/lhcb/user/a/afernez/2025_08/1164943/1164943202/mc.root','/tmp/1164943202/mc.root','CERN-USER',guid='DA36353A-DF61-FA37-63BF-2A07E2E294AE',catalog='None', checksum = '00ed2809')
2025-08-27T04:04:48,047509Z dirac-jobexec/FailoverTransfer INFO: dm.putAndRegister successfully uploaded and registered mc.root to CERN-USER
2025-08-27T04:04:48,341504Z dirac-jobexec/UserJobFinalization INFO: ===== Terminating 12.0.0a30 ===== 
