WARNING: Parsing of '.cfg' files as command line arguments is changing!
          Set the environment variable 'export DIRAC_NO_CFG=1' to pass the file as a positional
          argument (this will become the default).
          To modify the local configuration use '--cfg <configfile>' instead.
2025-08-27T00:10:58,046812Z dirac-jobexec INFO: JobID: 1164942883
2025-08-27T00:10:58,060731Z dirac-jobexec INFO: DIRAC JobID 1164942883 is running at site LCG.GRIF.fr
Executing StepInstance RunScriptStep1 of type ScriptStep1 ['ScriptStep1']
2025-08-27T00:11:00,276280Z dirac-jobexec/CreateDataFile INFO: ===== Executing 12.0.0a30 ===== 
2025-08-27T00:11:00,277099Z dirac-jobexec INFO: Running in MultiProcessor is not allowed here
2025-08-27T00:11:00,277230Z dirac-jobexec/CreateDataFile INFO: Creating Ganga data file data.py from scratch
2025-08-27T00:11:00,495785Z dirac-jobexec/CreateDataFile INFO: Created Ganga data file data.py
2025-08-27T00:11:00,495953Z dirac-jobexec/CreateDataFile INFO: ===== Terminating 12.0.0a30 ===== 
2025-08-27T00:11:00,501386Z dirac-jobexec/LHCbScript INFO: Command is: /cvmfs/lhcb.cern.ch/lhcbdirac/versions/v12.0.0a30-1755085183/Linux-x86_64/bin/python3 jobScript/GaudiExec_afernez_Job_512.1_b901b1bf-bdd4-40f9-ba7a-3d1893ed79cf_script.py
2025-08-27T01:32:26,472183Z dirac-jobexec/LHCbScript INFO: /cvmfs/lhcb.cern.ch/lhcbdirac/versions/v12.0.0a30-1755085183/Linux-x86_64/bin/python3 jobScript/GaudiExec_afernez_Job_512.1_b901b1bf-bdd4-40f9-ba7a-3d1893ed79cf_script.py execution completed with status 0
2025-08-27T01:32:29,126249Z dirac-jobexec/LHCbScript INFO: Output written to Script1_Ganga_GaudiExec.log, execution complete.
2025-08-27T01:33:59,269086Z dirac-jobexec/LHCbScript INFO: GaudiExec successful
2025-08-27T01:33:59,405520Z dirac-jobexec/LHCbScript INFO: ===== Terminating <class 'LHCbDIRAC.Workflow.Modules.LHCbScript.LHCbScript'> ===== 
2025-08-27T01:34:08,105700Z dirac-jobexec/FileUsage INFO: ===== Executing 12.0.0a30 ===== 
2025-08-27T01:34:08,372178Z dirac-jobexec/FileUsage INFO: Popularity report =  {'/lhcb/MC/2016/D0TAUNU.SAFESTRIPTRIG.DST/00140831/0000/': 1}
2025-08-27T01:34:09,212418Z dirac-jobexec/FileUsage INFO: Reporting input file usage successful!
2025-08-27T01:34:09,224738Z dirac-jobexec/FileUsage INFO: ===== Terminating 12.0.0a30 ===== 
2025-08-27T01:34:09,460577Z dirac-jobexec/UserJobFinalization INFO: ===== Executing 12.0.0a30 ===== 
2025-08-27T01:34:09,488081Z dirac-jobexec/DIRAC.DataManagementSystem.Utilities.ResolveSE INFO: Resolving workflow output SE description Tier1-USER
2025-08-27T01:34:10,611536Z dirac-jobexec/DIRAC.DataManagementSystem.Utilities.ResolveSE INFO: Found SEs, local first: ['CERN-USER', 'SARA-USER', 'GRIDKA-USER', 'RAL-USER', 'CNAF-USER', 'PIC-USER', 'IN2P3-USER']
2025-08-27T01:34:10,611787Z dirac-jobexec/DIRAC.DataManagementSystem.Utilities.ResolveSE INFO: Resolving workflow output SE description Tier1-Failover
2025-08-27T01:34:10,615800Z dirac-jobexec/DIRAC.DataManagementSystem.Utilities.ResolveSE INFO: Found SEs, local first: ['SARA-FAILOVER', 'RAL-FAILOVER', 'GRIDKA-FAILOVER', 'CNAF-FAILOVER', 'CERN-EOS-FAILOVER', 'IN2P3-FAILOVER', 'PIC-FAILOVER']
2025-08-27T01:34:10,728982Z dirac-jobexec/UserJobFinalization INFO: User specified output file list is: *.root
2025-08-27T01:34:10,951012Z dirac-jobexec/UserJobFinalization INFO: Found a pattern in the output data file list,           extra files to upload are: mc.root
2025-08-27T01:34:10,951412Z dirac-jobexec/UserJobFinalization INFO: Final list of files to upload are: mc.root
2025-08-27T01:34:10,951637Z dirac-jobexec/UserJobFinalization INFO: Constructing user output LFN(s) for mc.root
2025-08-27T01:34:15,649272Z dirac-jobexec/ProductionData INFO: Created the following output data LFN(s):
/lhcb/user/a/afernez/2025_08/1164942/1164942883/mc.root
2025-08-27T01:34:15,783100Z dirac-jobexec/UserJobFinalization INFO: No outputDataFileMask provided, the files with all the extensions will be considered
2025-08-27T01:34:15,783445Z dirac-jobexec/UserJobFinalization INFO: No outputDataStep provided, the files output of all the steps will be considered
2025-08-27T01:34:15,894144Z dirac-jobexec/UserJobFinalization INFO: Will search for POOL GUIDs for: mc.root
2025-08-27T01:34:21,115593Z dirac-jobexec INFO: GUIDs not found from POOL XML Catalogue (and were generated) for: mc.root
2025-08-27T01:34:21,142392Z dirac-jobexec/UserJobFinalization WARN: PoolXMLFile generated GUID(s) for the following files  mc.root
2025-08-27T01:34:23,697800Z dirac-jobexec/DIRAC.DataManagementSystem.Utilities.ResolveSE INFO: Resolving workflow output SE description Tier1-USER
2025-08-27T01:34:23,715737Z dirac-jobexec/DIRAC.DataManagementSystem.Utilities.ResolveSE INFO: Found associated SEs ['IN2P3-USER'] in /Resources/Countries/fr/AssociatedSEs/Tier1-USER
2025-08-27T01:34:23,716089Z dirac-jobexec/UserJobFinalization INFO: Ordered list of output SEs is: IN2P3-USER, GRIDKA-USER, CERN-USER, SARA-USER, CNAF-USER, PIC-USER, RAL-USER
2025-08-27T01:34:23,812989Z dirac-jobexec/UserJobFinalization INFO: Creating DISABLE_WATCHDOG_CPU_WALLCLOCK_CHECK in order to disable the Watchdog
2025-08-27T01:34:23,872482Z dirac-jobexec/UserJobFinalization INFO: Attempting to store mc.root to the following SE(s): IN2P3-USER, GRIDKA-USER, CERN-USER, SARA-USER, CNAF-USER, PIC-USER, RAL-USER
2025-08-27T01:34:23,884509Z dirac-jobexec/FailoverTransfer INFO: Attempting dm.putAndRegister ('/lhcb/user/a/afernez/2025_08/1164942/1164942883/mc.root','/tmp/1164942883/mc.root','IN2P3-USER',guid='49F95A54-B846-130E-0E60-1A7A0A3BE04B',catalog='None', checksum = 'ec8caed2')
2025-08-27T01:34:35,911282Z dirac-jobexec/FailoverTransfer INFO: dm.putAndRegister successfully uploaded and registered mc.root to IN2P3-USER
2025-08-27T01:34:36,443464Z dirac-jobexec/UserJobFinalization INFO: ===== Terminating 12.0.0a30 ===== 
