WARNING: Parsing of '.cfg' files as command line arguments is changing!
          Set the environment variable 'export DIRAC_NO_CFG=1' to pass the file as a positional
          argument (this will become the default).
          To modify the local configuration use '--cfg <configfile>' instead.
2025-08-27T05:07:49,216290Z dirac-jobexec INFO: JobID: 1164942911
2025-08-27T05:07:49,223644Z dirac-jobexec INFO: DIRAC JobID 1164942911 is running at site LCG.IN2P3.fr
Executing StepInstance RunScriptStep1 of type ScriptStep1 ['ScriptStep1']
2025-08-27T05:07:51,303193Z dirac-jobexec/CreateDataFile INFO: ===== Executing 12.0.0a30 ===== 
2025-08-27T05:07:51,304106Z dirac-jobexec INFO: Running in MultiProcessor is not allowed here
2025-08-27T05:07:51,304223Z dirac-jobexec/CreateDataFile INFO: Creating Ganga data file data.py from scratch
2025-08-27T05:07:51,486198Z dirac-jobexec/CreateDataFile INFO: Created Ganga data file data.py
2025-08-27T05:07:51,486399Z dirac-jobexec/CreateDataFile INFO: ===== Terminating 12.0.0a30 ===== 
2025-08-27T05:07:51,491747Z dirac-jobexec/LHCbScript INFO: Command is: /cvmfs/lhcb.cern.ch/lhcbdirac/versions/v12.0.0a30-1755085183/Linux-x86_64/bin/python3 jobScript/GaudiExec_afernez_Job_513.13_7f5e3e5e-06b7-4152-b8da-bd764075dc4e_script.py
2025-08-27T07:10:39,136510Z dirac-jobexec/LHCbScript INFO: /cvmfs/lhcb.cern.ch/lhcbdirac/versions/v12.0.0a30-1755085183/Linux-x86_64/bin/python3 jobScript/GaudiExec_afernez_Job_513.13_7f5e3e5e-06b7-4152-b8da-bd764075dc4e_script.py execution completed with status 0
2025-08-27T07:10:39,137996Z dirac-jobexec/LHCbScript INFO: Output written to Script1_Ganga_GaudiExec.log, execution complete.
2025-08-27T07:10:39,466703Z dirac-jobexec/LHCbScript INFO: GaudiExec successful
2025-08-27T07:10:39,467112Z dirac-jobexec/LHCbScript INFO: ===== Terminating <class 'LHCbDIRAC.Workflow.Modules.LHCbScript.LHCbScript'> ===== 
2025-08-27T07:10:39,482775Z dirac-jobexec/FileUsage INFO: ===== Executing 12.0.0a30 ===== 
2025-08-27T07:10:39,483135Z dirac-jobexec/FileUsage INFO: Popularity report =  {'/lhcb/MC/2016/D0TAUNU.SAFESTRIPTRIG.DST/00219701/0000/': 1}
2025-08-27T07:10:39,525352Z dirac-jobexec/FileUsage INFO: Reporting input file usage successful!
2025-08-27T07:10:39,525978Z dirac-jobexec/FileUsage INFO: ===== Terminating 12.0.0a30 ===== 
2025-08-27T07:10:39,531465Z dirac-jobexec/UserJobFinalization INFO: ===== Executing 12.0.0a30 ===== 
2025-08-27T07:10:39,531627Z dirac-jobexec/DIRAC.DataManagementSystem.Utilities.ResolveSE INFO: Resolving workflow output SE description Tier1-USER
2025-08-27T07:10:39,549706Z dirac-jobexec/DIRAC.DataManagementSystem.Utilities.ResolveSE INFO: Found SEs, local first: ['IN2P3-USER', 'CERN-USER', 'CNAF-USER', 'PIC-USER', 'RAL-USER', 'GRIDKA-USER', 'SARA-USER']
2025-08-27T07:10:39,549853Z dirac-jobexec/DIRAC.DataManagementSystem.Utilities.ResolveSE INFO: Resolving workflow output SE description Tier1-Failover
2025-08-27T07:10:39,552511Z dirac-jobexec/DIRAC.DataManagementSystem.Utilities.ResolveSE INFO: Found SEs, local first: ['IN2P3-FAILOVER', 'SARA-FAILOVER', 'RAL-FAILOVER', 'CERN-EOS-FAILOVER', 'PIC-FAILOVER', 'GRIDKA-FAILOVER', 'CNAF-FAILOVER']
2025-08-27T07:10:39,552741Z dirac-jobexec/UserJobFinalization INFO: User specified output file list is: *.root
2025-08-27T07:10:39,553310Z dirac-jobexec/UserJobFinalization INFO: Found a pattern in the output data file list,           extra files to upload are: mc.root
2025-08-27T07:10:39,553369Z dirac-jobexec/UserJobFinalization INFO: Final list of files to upload are: mc.root
2025-08-27T07:10:39,553414Z dirac-jobexec/UserJobFinalization INFO: Constructing user output LFN(s) for mc.root
2025-08-27T07:10:39,651803Z dirac-jobexec/ProductionData INFO: Created the following output data LFN(s):
/lhcb/user/a/afernez/2025_08/1164942/1164942911/mc.root
2025-08-27T07:10:39,652077Z dirac-jobexec/UserJobFinalization INFO: No outputDataFileMask provided, the files with all the extensions will be considered
2025-08-27T07:10:39,652133Z dirac-jobexec/UserJobFinalization INFO: No outputDataStep provided, the files output of all the steps will be considered
2025-08-27T07:10:39,652203Z dirac-jobexec/UserJobFinalization INFO: Will search for POOL GUIDs for: mc.root
2025-08-27T07:10:39,723109Z dirac-jobexec INFO: GUIDs not found from POOL XML Catalogue (and were generated) for: mc.root
2025-08-27T07:10:39,723588Z dirac-jobexec/UserJobFinalization WARN: PoolXMLFile generated GUID(s) for the following files  mc.root
2025-08-27T07:10:39,840808Z dirac-jobexec/DIRAC.DataManagementSystem.Utilities.ResolveSE INFO: Resolving workflow output SE description Tier1-USER
2025-08-27T07:10:39,844114Z dirac-jobexec/DIRAC.DataManagementSystem.Utilities.ResolveSE INFO: Found eligible local SE ['IN2P3-USER']
2025-08-27T07:10:39,844251Z dirac-jobexec/UserJobFinalization INFO: Ordered list of output SEs is: IN2P3-USER, PIC-USER, SARA-USER, RAL-USER, CERN-USER, GRIDKA-USER, CNAF-USER
2025-08-27T07:10:39,844326Z dirac-jobexec/UserJobFinalization INFO: Creating DISABLE_WATCHDOG_CPU_WALLCLOCK_CHECK in order to disable the Watchdog
2025-08-27T07:10:39,844733Z dirac-jobexec/UserJobFinalization INFO: Attempting to store mc.root to the following SE(s): IN2P3-USER, PIC-USER, SARA-USER, RAL-USER, CERN-USER, GRIDKA-USER, CNAF-USER
2025-08-27T07:10:39,844811Z dirac-jobexec/FailoverTransfer INFO: Attempting dm.putAndRegister ('/lhcb/user/a/afernez/2025_08/1164942/1164942911/mc.root','/tmp/1164942911/mc.root','IN2P3-USER',guid='6CB235E6-AB1F-EBB2-A05F-F075EA7282EA',catalog='None', checksum = 'c7753544')
2025-08-27T07:10:41,806445Z dirac-jobexec/FailoverTransfer INFO: dm.putAndRegister successfully uploaded and registered mc.root to IN2P3-USER
2025-08-27T07:10:42,023244Z dirac-jobexec/UserJobFinalization INFO: ===== Terminating 12.0.0a30 ===== 
