WARNING: Parsing of '.cfg' files as command line arguments is changing!
          Set the environment variable 'export DIRAC_NO_CFG=1' to pass the file as a positional
          argument (this will become the default).
          To modify the local configuration use '--cfg <configfile>' instead.
2025-08-27T00:10:59,843731Z dirac-jobexec INFO: JobID: 1164943002
2025-08-27T00:10:59,854134Z dirac-jobexec INFO: DIRAC JobID 1164943002 is running at site LCG.RAL.uk
Executing StepInstance RunScriptStep1 of type ScriptStep1 ['ScriptStep1']
2025-08-27T00:11:02,294007Z dirac-jobexec/CreateDataFile INFO: ===== Executing 12.0.0a30 ===== 
2025-08-27T00:11:02,295142Z dirac-jobexec INFO: Running in MultiProcessor is not allowed here
2025-08-27T00:11:02,295290Z dirac-jobexec/CreateDataFile INFO: Creating Ganga data file data.py from scratch
2025-08-27T00:11:02,607360Z dirac-jobexec/CreateDataFile INFO: Created Ganga data file data.py
2025-08-27T00:11:02,607578Z dirac-jobexec/CreateDataFile INFO: ===== Terminating 12.0.0a30 ===== 
2025-08-27T00:11:02,618412Z dirac-jobexec/LHCbScript INFO: Command is: /cvmfs/lhcb.cern.ch/lhcbdirac/versions/v12.0.0a30-1755085183/Linux-x86_64/bin/python3 jobScript/GaudiExec_afernez_Job_519.5_95ac0898-b1e3-4ba2-8db7-a0e9916ec57f_script.py
2025-08-27T00:30:41,377652Z dirac-jobexec/LHCbScript INFO: /cvmfs/lhcb.cern.ch/lhcbdirac/versions/v12.0.0a30-1755085183/Linux-x86_64/bin/python3 jobScript/GaudiExec_afernez_Job_519.5_95ac0898-b1e3-4ba2-8db7-a0e9916ec57f_script.py execution completed with status 0
2025-08-27T00:30:41,378980Z dirac-jobexec/LHCbScript INFO: Output written to Script1_Ganga_GaudiExec.log, execution complete.
2025-08-27T00:30:41,728689Z dirac-jobexec/LHCbScript INFO: GaudiExec successful
2025-08-27T00:30:41,729424Z dirac-jobexec/LHCbScript INFO: ===== Terminating <class 'LHCbDIRAC.Workflow.Modules.LHCbScript.LHCbScript'> ===== 
2025-08-27T00:30:41,739777Z dirac-jobexec/FileUsage INFO: ===== Executing 12.0.0a30 ===== 
2025-08-27T00:30:41,740438Z dirac-jobexec/FileUsage INFO: Popularity report =  {'/lhcb/MC/2016/ALLSTREAMS.DST/00173814/0000/': 3}
2025-08-27T00:30:41,901753Z dirac-jobexec/FileUsage INFO: Reporting input file usage successful!
2025-08-27T00:30:41,902110Z dirac-jobexec/FileUsage INFO: ===== Terminating 12.0.0a30 ===== 
2025-08-27T00:30:41,917462Z dirac-jobexec/UserJobFinalization INFO: ===== Executing 12.0.0a30 ===== 
2025-08-27T00:30:41,917726Z dirac-jobexec/DIRAC.DataManagementSystem.Utilities.ResolveSE INFO: Resolving workflow output SE description Tier1-USER
2025-08-27T00:30:41,927526Z dirac-jobexec/DIRAC.DataManagementSystem.Utilities.ResolveSE INFO: Found SEs, local first: ['RAL-USER', 'GRIDKA-USER', 'SARA-USER', 'CERN-USER', 'IN2P3-USER', 'CNAF-USER', 'PIC-USER']
2025-08-27T00:30:41,927776Z dirac-jobexec/DIRAC.DataManagementSystem.Utilities.ResolveSE INFO: Resolving workflow output SE description Tier1-Failover
2025-08-27T00:30:41,932169Z dirac-jobexec/DIRAC.DataManagementSystem.Utilities.ResolveSE INFO: Found SEs, local first: ['RAL-FAILOVER', 'IN2P3-FAILOVER', 'PIC-FAILOVER', 'GRIDKA-FAILOVER', 'CERN-EOS-FAILOVER', 'CNAF-FAILOVER', 'SARA-FAILOVER']
2025-08-27T00:30:41,933169Z dirac-jobexec/UserJobFinalization INFO: User specified output file list is: *.root
2025-08-27T00:30:41,933896Z dirac-jobexec/UserJobFinalization INFO: Found a pattern in the output data file list,           extra files to upload are: mc.root
2025-08-27T00:30:41,934311Z dirac-jobexec/UserJobFinalization INFO: Final list of files to upload are: mc.root
2025-08-27T00:30:41,934484Z dirac-jobexec/UserJobFinalization INFO: Constructing user output LFN(s) for mc.root
2025-08-27T00:30:42,152340Z dirac-jobexec/ProductionData INFO: Created the following output data LFN(s):
/lhcb/user/a/afernez/2025_08/1164943/1164943002/mc.root
2025-08-27T00:30:42,152925Z dirac-jobexec/UserJobFinalization INFO: No outputDataFileMask provided, the files with all the extensions will be considered
2025-08-27T00:30:42,153456Z dirac-jobexec/UserJobFinalization INFO: No outputDataStep provided, the files output of all the steps will be considered
2025-08-27T00:30:42,153573Z dirac-jobexec/UserJobFinalization INFO: Will search for POOL GUIDs for: mc.root
2025-08-27T00:30:42,345177Z dirac-jobexec INFO: GUIDs not found from POOL XML Catalogue (and were generated) for: mc.root
2025-08-27T00:30:42,345845Z dirac-jobexec/UserJobFinalization WARN: PoolXMLFile generated GUID(s) for the following files  mc.root
2025-08-27T00:30:42,349429Z dirac-jobexec/DIRAC.DataManagementSystem.Utilities.ResolveSE INFO: Resolving workflow output SE description Tier1-USER
2025-08-27T00:30:42,354481Z dirac-jobexec/DIRAC.DataManagementSystem.Utilities.ResolveSE INFO: Found eligible local SE ['RAL-USER']
2025-08-27T00:30:42,354774Z dirac-jobexec/UserJobFinalization INFO: Ordered list of output SEs is: RAL-USER, IN2P3-USER, GRIDKA-USER, PIC-USER, CNAF-USER, CERN-USER, SARA-USER
2025-08-27T00:30:42,354868Z dirac-jobexec/UserJobFinalization INFO: Creating DISABLE_WATCHDOG_CPU_WALLCLOCK_CHECK in order to disable the Watchdog
2025-08-27T00:30:42,355312Z dirac-jobexec/UserJobFinalization INFO: Attempting to store mc.root to the following SE(s): RAL-USER, IN2P3-USER, GRIDKA-USER, PIC-USER, CNAF-USER, CERN-USER, SARA-USER
2025-08-27T00:30:42,355913Z dirac-jobexec/FailoverTransfer INFO: Attempting dm.putAndRegister ('/lhcb/user/a/afernez/2025_08/1164943/1164943002/mc.root','/tmp/1164943002/mc.root','RAL-USER',guid='32D1050D-98C2-BA1D-4176-665109665BFF',catalog='None', checksum = '2c0f49a5')
2025-08-27T00:30:45,331149Z dirac-jobexec/FailoverTransfer INFO: dm.putAndRegister successfully uploaded and registered mc.root to RAL-USER
2025-08-27T00:30:45,755052Z dirac-jobexec/UserJobFinalization INFO: ===== Terminating 12.0.0a30 ===== 
