WARNING: Parsing of '.cfg' files as command line arguments is changing!
          Set the environment variable 'export DIRAC_NO_CFG=1' to pass the file as a positional
          argument (this will become the default).
          To modify the local configuration use '--cfg <configfile>' instead.
2025-08-27T00:39:36,325514Z dirac-jobexec INFO: JobID: 1164943146
2025-08-27T00:39:36,332170Z dirac-jobexec INFO: DIRAC JobID 1164943146 is running at site LCG.CNAF.it
Executing StepInstance RunScriptStep1 of type ScriptStep1 ['ScriptStep1']
2025-08-27T00:39:37,815040Z dirac-jobexec/CreateDataFile INFO: ===== Executing 12.0.0a30 ===== 
2025-08-27T00:39:37,816139Z dirac-jobexec INFO: Running in MultiProcessor is not allowed here
2025-08-27T00:39:37,816749Z dirac-jobexec/CreateDataFile INFO: Creating Ganga data file data.py from scratch
2025-08-27T00:39:38,090764Z dirac-jobexec/CreateDataFile INFO: Created Ganga data file data.py
2025-08-27T00:39:38,091523Z dirac-jobexec/CreateDataFile INFO: ===== Terminating 12.0.0a30 ===== 
2025-08-27T00:39:38,097009Z dirac-jobexec/LHCbScript INFO: Command is: /cvmfs/lhcb.cern.ch/lhcbdirac/versions/v12.0.0a30-1755085183/Linux-x86_64/bin/python3 jobScript/GaudiExec_afernez_Job_520.20_d9df1e39-3852-412e-950a-87fad13ae701_script.py
2025-08-27T00:44:32,949035Z dirac-jobexec/LHCbScript INFO: /cvmfs/lhcb.cern.ch/lhcbdirac/versions/v12.0.0a30-1755085183/Linux-x86_64/bin/python3 jobScript/GaudiExec_afernez_Job_520.20_d9df1e39-3852-412e-950a-87fad13ae701_script.py execution completed with status 0
2025-08-27T00:44:32,950525Z dirac-jobexec/LHCbScript INFO: Output written to Script1_Ganga_GaudiExec.log, execution complete.
2025-08-27T00:44:33,153320Z dirac-jobexec/LHCbScript INFO: GaudiExec successful
2025-08-27T00:44:33,153849Z dirac-jobexec/LHCbScript INFO: ===== Terminating <class 'LHCbDIRAC.Workflow.Modules.LHCbScript.LHCbScript'> ===== 
2025-08-27T00:44:33,160292Z dirac-jobexec/FileUsage INFO: ===== Executing 12.0.0a30 ===== 
2025-08-27T00:44:33,160728Z dirac-jobexec/FileUsage INFO: Popularity report =  {'/lhcb/MC/2016/ALLSTREAMS.DST/00173812/0000/': 1}
2025-08-27T00:44:33,402863Z dirac-jobexec/FileUsage INFO: Reporting input file usage successful!
2025-08-27T00:44:33,403266Z dirac-jobexec/FileUsage INFO: ===== Terminating 12.0.0a30 ===== 
2025-08-27T00:44:33,409592Z dirac-jobexec/UserJobFinalization INFO: ===== Executing 12.0.0a30 ===== 
2025-08-27T00:44:33,409893Z dirac-jobexec/DIRAC.DataManagementSystem.Utilities.ResolveSE INFO: Resolving workflow output SE description Tier1-USER
2025-08-27T00:44:33,416782Z dirac-jobexec/DIRAC.DataManagementSystem.Utilities.ResolveSE INFO: Found SEs, local first: ['CNAF-USER', 'PIC-USER', 'RAL-USER', 'IN2P3-USER', 'SARA-USER', 'CERN-USER', 'GRIDKA-USER']
2025-08-27T00:44:33,417016Z dirac-jobexec/DIRAC.DataManagementSystem.Utilities.ResolveSE INFO: Resolving workflow output SE description Tier1-Failover
2025-08-27T00:44:33,420313Z dirac-jobexec/DIRAC.DataManagementSystem.Utilities.ResolveSE INFO: Found SEs, local first: ['CNAF-FAILOVER', 'RAL-FAILOVER', 'PIC-FAILOVER', 'GRIDKA-FAILOVER', 'IN2P3-FAILOVER', 'SARA-FAILOVER', 'CERN-EOS-FAILOVER']
2025-08-27T00:44:33,420722Z dirac-jobexec/UserJobFinalization INFO: User specified output file list is: *.root
2025-08-27T00:44:33,421644Z dirac-jobexec/UserJobFinalization INFO: Found a pattern in the output data file list,           extra files to upload are: mc.root
2025-08-27T00:44:33,421811Z dirac-jobexec/UserJobFinalization INFO: Final list of files to upload are: mc.root
2025-08-27T00:44:33,422253Z dirac-jobexec/UserJobFinalization INFO: Constructing user output LFN(s) for mc.root
2025-08-27T00:44:33,625918Z dirac-jobexec/ProductionData INFO: Created the following output data LFN(s):
/lhcb/user/a/afernez/2025_08/1164943/1164943146/mc.root
2025-08-27T00:44:33,626634Z dirac-jobexec/UserJobFinalization INFO: No outputDataFileMask provided, the files with all the extensions will be considered
2025-08-27T00:44:33,626792Z dirac-jobexec/UserJobFinalization INFO: No outputDataStep provided, the files output of all the steps will be considered
2025-08-27T00:44:33,627192Z dirac-jobexec/UserJobFinalization INFO: Will search for POOL GUIDs for: mc.root
2025-08-27T00:44:33,736536Z dirac-jobexec INFO: GUIDs not found from POOL XML Catalogue (and were generated) for: mc.root
2025-08-27T00:44:33,737171Z dirac-jobexec/UserJobFinalization WARN: PoolXMLFile generated GUID(s) for the following files  mc.root
2025-08-27T00:44:33,738170Z dirac-jobexec/DIRAC.DataManagementSystem.Utilities.ResolveSE INFO: Resolving workflow output SE description Tier1-USER
2025-08-27T00:44:33,741575Z dirac-jobexec/DIRAC.DataManagementSystem.Utilities.ResolveSE INFO: Found eligible local SE ['CNAF-USER']
2025-08-27T00:44:33,741756Z dirac-jobexec/UserJobFinalization INFO: Ordered list of output SEs is: CNAF-USER, PIC-USER, IN2P3-USER, SARA-USER, GRIDKA-USER, CERN-USER, RAL-USER
2025-08-27T00:44:33,742121Z dirac-jobexec/UserJobFinalization INFO: Creating DISABLE_WATCHDOG_CPU_WALLCLOCK_CHECK in order to disable the Watchdog
2025-08-27T00:44:33,742474Z dirac-jobexec/UserJobFinalization INFO: Attempting to store mc.root to the following SE(s): CNAF-USER, PIC-USER, IN2P3-USER, SARA-USER, GRIDKA-USER, CERN-USER, RAL-USER
2025-08-27T00:44:33,742788Z dirac-jobexec/FailoverTransfer INFO: Attempting dm.putAndRegister ('/lhcb/user/a/afernez/2025_08/1164943/1164943146/mc.root','/tmp/1164943146/mc.root','CNAF-USER',guid='41CFD612-B6C2-514C-6BB3-8CC1A823F05C',catalog='None', checksum = '8de503c5')
2025-08-27T00:44:37,763582Z dirac-jobexec/FailoverTransfer INFO: dm.putAndRegister successfully uploaded and registered mc.root to CNAF-USER
2025-08-27T00:44:38,116345Z dirac-jobexec/UserJobFinalization INFO: ===== Terminating 12.0.0a30 ===== 
