WARNING: Parsing of '.cfg' files as command line arguments is changing!
          Set the environment variable 'export DIRAC_NO_CFG=1' to pass the file as a positional
          argument (this will become the default).
          To modify the local configuration use '--cfg <configfile>' instead.
2025-08-26T23:38:24,004429Z dirac-jobexec INFO: JobID: 1164942869
2025-08-26T23:38:24,010238Z dirac-jobexec INFO: DIRAC JobID 1164942869 is running at site LCG.NCBJ.pl
Executing StepInstance RunScriptStep1 of type ScriptStep1 ['ScriptStep1']
2025-08-26T23:38:25,795002Z dirac-jobexec/CreateDataFile INFO: ===== Executing 12.0.0a30 ===== 
2025-08-26T23:38:25,796024Z dirac-jobexec INFO: Running in MultiProcessor is not allowed here
2025-08-26T23:38:25,796159Z dirac-jobexec/CreateDataFile INFO: Creating Ganga data file data.py from scratch
2025-08-26T23:38:26,508430Z dirac-jobexec/CreateDataFile INFO: Created Ganga data file data.py
2025-08-26T23:38:26,508590Z dirac-jobexec/CreateDataFile INFO: ===== Terminating 12.0.0a30 ===== 
2025-08-26T23:38:26,513333Z dirac-jobexec/LHCbScript INFO: Command is: /cvmfs/lhcb.cern.ch/lhcbdirac/versions/v12.0.0a30-1755085183/Linux-x86_64/bin/python3 jobScript/GaudiExec_afernez_Job_511.2_8c77bce8-520e-4300-882d-a080f63d115a_script.py
2025-08-27T01:42:40,835104Z dirac-jobexec/LHCbScript INFO: /cvmfs/lhcb.cern.ch/lhcbdirac/versions/v12.0.0a30-1755085183/Linux-x86_64/bin/python3 jobScript/GaudiExec_afernez_Job_511.2_8c77bce8-520e-4300-882d-a080f63d115a_script.py execution completed with status 0
2025-08-27T01:42:40,835979Z dirac-jobexec/LHCbScript INFO: Output written to Script1_Ganga_GaudiExec.log, execution complete.
2025-08-27T01:42:41,306724Z dirac-jobexec/LHCbScript INFO: GaudiExec successful
2025-08-27T01:42:41,307162Z dirac-jobexec/LHCbScript INFO: ===== Terminating <class 'LHCbDIRAC.Workflow.Modules.LHCbScript.LHCbScript'> ===== 
2025-08-27T01:42:41,313349Z dirac-jobexec/FileUsage INFO: ===== Executing 12.0.0a30 ===== 
2025-08-27T01:42:41,313712Z dirac-jobexec/FileUsage INFO: Popularity report =  {'/lhcb/MC/2016/D0TAUNU.SAFESTRIPTRIG.DST/00140819/0000/': 2}
2025-08-27T01:42:41,704159Z dirac-jobexec/FileUsage INFO: Reporting input file usage successful!
2025-08-27T01:42:41,704360Z dirac-jobexec/FileUsage INFO: ===== Terminating 12.0.0a30 ===== 
2025-08-27T01:42:41,709041Z dirac-jobexec/UserJobFinalization INFO: ===== Executing 12.0.0a30 ===== 
2025-08-27T01:42:41,709172Z dirac-jobexec/DIRAC.DataManagementSystem.Utilities.ResolveSE INFO: Resolving workflow output SE description Tier1-USER
2025-08-27T01:42:41,713425Z dirac-jobexec/DIRAC.DataManagementSystem.Utilities.ResolveSE INFO: Found SEs, local first: ['IN2P3-USER', 'PIC-USER', 'RAL-USER', 'CERN-USER', 'CNAF-USER', 'GRIDKA-USER', 'SARA-USER']
2025-08-27T01:42:41,713519Z dirac-jobexec/DIRAC.DataManagementSystem.Utilities.ResolveSE INFO: Resolving workflow output SE description Tier1-Failover
2025-08-27T01:42:41,715925Z dirac-jobexec/DIRAC.DataManagementSystem.Utilities.ResolveSE INFO: Found SEs, local first: ['RAL-FAILOVER', 'GRIDKA-FAILOVER', 'IN2P3-FAILOVER', 'PIC-FAILOVER', 'CERN-EOS-FAILOVER', 'SARA-FAILOVER', 'CNAF-FAILOVER']
2025-08-27T01:42:41,716217Z dirac-jobexec/UserJobFinalization INFO: User specified output file list is: *.root
2025-08-27T01:42:41,716671Z dirac-jobexec/UserJobFinalization INFO: Found a pattern in the output data file list,           extra files to upload are: mc.root
2025-08-27T01:42:41,716756Z dirac-jobexec/UserJobFinalization INFO: Final list of files to upload are: mc.root
2025-08-27T01:42:41,716859Z dirac-jobexec/UserJobFinalization INFO: Constructing user output LFN(s) for mc.root
2025-08-27T01:42:42,120137Z dirac-jobexec/ProductionData INFO: Created the following output data LFN(s):
/lhcb/user/a/afernez/2025_08/1164942/1164942869/mc.root
2025-08-27T01:42:42,120426Z dirac-jobexec/UserJobFinalization INFO: No outputDataFileMask provided, the files with all the extensions will be considered
2025-08-27T01:42:42,120551Z dirac-jobexec/UserJobFinalization INFO: No outputDataStep provided, the files output of all the steps will be considered
2025-08-27T01:42:42,120690Z dirac-jobexec/UserJobFinalization INFO: Will search for POOL GUIDs for: mc.root
2025-08-27T01:42:42,172243Z dirac-jobexec INFO: GUIDs not found from POOL XML Catalogue (and were generated) for: mc.root
2025-08-27T01:42:42,172430Z dirac-jobexec/UserJobFinalization WARN: PoolXMLFile generated GUID(s) for the following files  mc.root
2025-08-27T01:42:42,330060Z dirac-jobexec/DIRAC.DataManagementSystem.Utilities.ResolveSE INFO: Resolving workflow output SE description Tier1-USER
2025-08-27T01:42:42,333096Z dirac-jobexec/DIRAC.DataManagementSystem.Utilities.ResolveSE INFO: Found associated SEs ['CERN-USER'] in /Resources/Countries/cern/AssociatedSEs/Tier1-USER
2025-08-27T01:42:42,333228Z dirac-jobexec/UserJobFinalization INFO: Ordered list of output SEs is: CERN-USER, RAL-USER, CNAF-USER, PIC-USER, SARA-USER, GRIDKA-USER, IN2P3-USER
2025-08-27T01:42:42,333345Z dirac-jobexec/UserJobFinalization INFO: Creating DISABLE_WATCHDOG_CPU_WALLCLOCK_CHECK in order to disable the Watchdog
2025-08-27T01:42:42,333726Z dirac-jobexec/UserJobFinalization INFO: Attempting to store mc.root to the following SE(s): CERN-USER, RAL-USER, CNAF-USER, PIC-USER, SARA-USER, GRIDKA-USER, IN2P3-USER
2025-08-27T01:42:42,333826Z dirac-jobexec/FailoverTransfer INFO: Attempting dm.putAndRegister ('/lhcb/user/a/afernez/2025_08/1164942/1164942869/mc.root','/tmp/1164942869/mc.root','CERN-USER',guid='70ADA4F9-4D5D-EDEC-292F-2CA8A4AA401D',catalog='None', checksum = 'cbf4afff')
2025-08-27T01:42:50,750856Z dirac-jobexec/FailoverTransfer INFO: dm.putAndRegister successfully uploaded and registered mc.root to CERN-USER
2025-08-27T01:42:51,636448Z dirac-jobexec/UserJobFinalization INFO: ===== Terminating 12.0.0a30 ===== 
