WARNING: Parsing of '.cfg' files as command line arguments is changing!
          Set the environment variable 'export DIRAC_NO_CFG=1' to pass the file as a positional
          argument (this will become the default).
          To modify the local configuration use '--cfg <configfile>' instead.
2025-08-27T00:03:47,347170Z dirac-jobexec INFO: JobID: 1164942684
2025-08-27T00:03:47,354786Z dirac-jobexec INFO: DIRAC JobID 1164942684 is running at site LCG.UKI-LT2-IC-HEP.uk
Executing StepInstance RunScriptStep1 of type ScriptStep1 ['ScriptStep1']
2025-08-27T00:03:48,799772Z dirac-jobexec/CreateDataFile INFO: ===== Executing 12.0.0a30 ===== 
2025-08-27T00:03:48,800815Z dirac-jobexec INFO: Running in MultiProcessor is not allowed here
2025-08-27T00:03:48,801012Z dirac-jobexec/CreateDataFile INFO: Creating Ganga data file data.py from scratch
2025-08-27T00:03:49,079642Z dirac-jobexec/CreateDataFile INFO: Created Ganga data file data.py
2025-08-27T00:03:49,079980Z dirac-jobexec/CreateDataFile INFO: ===== Terminating 12.0.0a30 ===== 
2025-08-27T00:03:49,084789Z dirac-jobexec/LHCbScript INFO: Command is: /cvmfs/lhcb.cern.ch/lhcbdirac/versions/v12.0.0a30-1755085183/Linux-x86_64/bin/python3 jobScript/GaudiExec_afernez_Job_500.11_8a75fd92-f9de-49f4-9868-0f8bb3727444_script.py
2025-08-27T01:09:29,932426Z dirac-jobexec/LHCbScript INFO: /cvmfs/lhcb.cern.ch/lhcbdirac/versions/v12.0.0a30-1755085183/Linux-x86_64/bin/python3 jobScript/GaudiExec_afernez_Job_500.11_8a75fd92-f9de-49f4-9868-0f8bb3727444_script.py execution completed with status 0
2025-08-27T01:09:29,933516Z dirac-jobexec/LHCbScript INFO: Output written to Script1_Ganga_GaudiExec.log, execution complete.
2025-08-27T01:09:30,180153Z dirac-jobexec/LHCbScript INFO: GaudiExec successful
2025-08-27T01:09:30,180774Z dirac-jobexec/LHCbScript INFO: ===== Terminating <class 'LHCbDIRAC.Workflow.Modules.LHCbScript.LHCbScript'> ===== 
2025-08-27T01:09:30,186937Z dirac-jobexec/FileUsage INFO: ===== Executing 12.0.0a30 ===== 
2025-08-27T01:09:30,187485Z dirac-jobexec/FileUsage INFO: Popularity report =  {'/lhcb/MC/2016/D0TAUNU.SAFESTRIPTRIG.DST/00140822/0000/': 1}
2025-08-27T01:09:30,342137Z dirac-jobexec/FileUsage INFO: Reporting input file usage successful!
2025-08-27T01:09:30,342657Z dirac-jobexec/FileUsage INFO: ===== Terminating 12.0.0a30 ===== 
2025-08-27T01:09:30,643661Z dirac-jobexec/UserJobFinalization INFO: ===== Executing 12.0.0a30 ===== 
2025-08-27T01:09:30,643872Z dirac-jobexec/DIRAC.DataManagementSystem.Utilities.ResolveSE INFO: Resolving workflow output SE description Tier1-USER
2025-08-27T01:09:30,653057Z dirac-jobexec/DIRAC.DataManagementSystem.Utilities.ResolveSE INFO: Found SEs, local first: ['IN2P3-USER', 'GRIDKA-USER', 'RAL-USER', 'SARA-USER', 'PIC-USER', 'CNAF-USER', 'CERN-USER']
2025-08-27T01:09:30,653283Z dirac-jobexec/DIRAC.DataManagementSystem.Utilities.ResolveSE INFO: Resolving workflow output SE description Tier1-Failover
2025-08-27T01:09:30,656553Z dirac-jobexec/DIRAC.DataManagementSystem.Utilities.ResolveSE INFO: Found SEs, local first: ['RAL-FAILOVER', 'PIC-FAILOVER', 'CNAF-FAILOVER', 'IN2P3-FAILOVER', 'GRIDKA-FAILOVER', 'CERN-EOS-FAILOVER', 'SARA-FAILOVER']
2025-08-27T01:09:30,656904Z dirac-jobexec/UserJobFinalization INFO: User specified output file list is: *.root
2025-08-27T01:09:30,657543Z dirac-jobexec/UserJobFinalization INFO: Found a pattern in the output data file list,           extra files to upload are: mc.root
2025-08-27T01:09:30,657713Z dirac-jobexec/UserJobFinalization INFO: Final list of files to upload are: mc.root
2025-08-27T01:09:30,657960Z dirac-jobexec/UserJobFinalization INFO: Constructing user output LFN(s) for mc.root
2025-08-27T01:09:30,824719Z dirac-jobexec/ProductionData INFO: Created the following output data LFN(s):
/lhcb/user/a/afernez/2025_08/1164942/1164942684/mc.root
2025-08-27T01:09:30,825569Z dirac-jobexec/UserJobFinalization INFO: No outputDataFileMask provided, the files with all the extensions will be considered
2025-08-27T01:09:30,825779Z dirac-jobexec/UserJobFinalization INFO: No outputDataStep provided, the files output of all the steps will be considered
2025-08-27T01:09:30,826129Z dirac-jobexec/UserJobFinalization INFO: Will search for POOL GUIDs for: mc.root
2025-08-27T01:09:30,915733Z dirac-jobexec INFO: GUIDs not found from POOL XML Catalogue (and were generated) for: mc.root
2025-08-27T01:09:30,916233Z dirac-jobexec/UserJobFinalization WARN: PoolXMLFile generated GUID(s) for the following files  mc.root
2025-08-27T01:09:31,045908Z dirac-jobexec/DIRAC.DataManagementSystem.Utilities.ResolveSE INFO: Resolving workflow output SE description Tier1-USER
2025-08-27T01:09:31,052438Z dirac-jobexec/DIRAC.DataManagementSystem.Utilities.ResolveSE INFO: Found associated SEs ['CERN-USER'] in /Resources/Countries/cern/AssociatedSEs/Tier1-USER
2025-08-27T01:09:31,052848Z dirac-jobexec/UserJobFinalization INFO: Ordered list of output SEs is: CERN-USER, SARA-USER, RAL-USER, PIC-USER, GRIDKA-USER, IN2P3-USER, CNAF-USER
2025-08-27T01:09:31,053300Z dirac-jobexec/UserJobFinalization INFO: Creating DISABLE_WATCHDOG_CPU_WALLCLOCK_CHECK in order to disable the Watchdog
2025-08-27T01:09:31,053972Z dirac-jobexec/UserJobFinalization INFO: Attempting to store mc.root to the following SE(s): CERN-USER, SARA-USER, RAL-USER, PIC-USER, GRIDKA-USER, IN2P3-USER, CNAF-USER
2025-08-27T01:09:31,054341Z dirac-jobexec/FailoverTransfer INFO: Attempting dm.putAndRegister ('/lhcb/user/a/afernez/2025_08/1164942/1164942684/mc.root','/tmp/1164942684/mc.root','CERN-USER',guid='96F1F953-52F6-F4A0-70BB-B9DAD81744BD',catalog='None', checksum = '45c12819')
2025-08-27T01:09:36,548636Z dirac-jobexec/FailoverTransfer INFO: dm.putAndRegister successfully uploaded and registered mc.root to CERN-USER
2025-08-27T01:09:37,013588Z dirac-jobexec/UserJobFinalization INFO: ===== Terminating 12.0.0a30 ===== 
