WARNING: Parsing of '.cfg' files as command line arguments is changing!
          Set the environment variable 'export DIRAC_NO_CFG=1' to pass the file as a positional
          argument (this will become the default).
          To modify the local configuration use '--cfg <configfile>' instead.
2025-08-26T23:22:06,985469Z dirac-jobexec INFO: JobID: 1164942630
2025-08-26T23:22:06,992438Z dirac-jobexec INFO: DIRAC JobID 1164942630 is running at site LCG.CNAF.it
Executing StepInstance RunScriptStep1 of type ScriptStep1 ['ScriptStep1']
2025-08-26T23:22:08,416894Z dirac-jobexec/CreateDataFile INFO: ===== Executing 12.0.0a30 ===== 
2025-08-26T23:22:08,418689Z dirac-jobexec INFO: Running in MultiProcessor is not allowed here
2025-08-26T23:22:08,419411Z dirac-jobexec/CreateDataFile INFO: Creating Ganga data file data.py from scratch
2025-08-26T23:22:08,710593Z dirac-jobexec/CreateDataFile INFO: Created Ganga data file data.py
2025-08-26T23:22:08,711401Z dirac-jobexec/CreateDataFile INFO: ===== Terminating 12.0.0a30 ===== 
2025-08-26T23:22:08,717472Z dirac-jobexec/LHCbScript INFO: Command is: /cvmfs/lhcb.cern.ch/lhcbdirac/versions/v12.0.0a30-1755085183/Linux-x86_64/bin/python3 jobScript/GaudiExec_afernez_Job_496.18_e3c5c5bd-4ba0-469b-bec5-679b83091e74_script.py
2025-08-27T00:16:55,812872Z dirac-jobexec/LHCbScript INFO: /cvmfs/lhcb.cern.ch/lhcbdirac/versions/v12.0.0a30-1755085183/Linux-x86_64/bin/python3 jobScript/GaudiExec_afernez_Job_496.18_e3c5c5bd-4ba0-469b-bec5-679b83091e74_script.py execution completed with status 0
2025-08-27T00:16:55,814802Z dirac-jobexec/LHCbScript INFO: Output written to Script1_Ganga_GaudiExec.log, execution complete.
2025-08-27T00:16:56,079210Z dirac-jobexec/LHCbScript INFO: GaudiExec successful
2025-08-27T00:16:56,080280Z dirac-jobexec/LHCbScript INFO: ===== Terminating <class 'LHCbDIRAC.Workflow.Modules.LHCbScript.LHCbScript'> ===== 
2025-08-27T00:16:56,088175Z dirac-jobexec/FileUsage INFO: ===== Executing 12.0.0a30 ===== 
2025-08-27T00:16:56,089156Z dirac-jobexec/FileUsage INFO: Popularity report =  {'/lhcb/MC/2016/D0TAUNU.SAFESTRIPTRIG.DST/00140846/0000/': 1}
2025-08-27T00:16:56,256511Z dirac-jobexec/FileUsage INFO: Reporting input file usage successful!
2025-08-27T00:16:56,257363Z dirac-jobexec/FileUsage INFO: ===== Terminating 12.0.0a30 ===== 
2025-08-27T00:16:56,262619Z dirac-jobexec/UserJobFinalization INFO: ===== Executing 12.0.0a30 ===== 
2025-08-27T00:16:56,263201Z dirac-jobexec/DIRAC.DataManagementSystem.Utilities.ResolveSE INFO: Resolving workflow output SE description Tier1-USER
2025-08-27T00:16:56,267770Z dirac-jobexec/DIRAC.DataManagementSystem.Utilities.ResolveSE INFO: Found SEs, local first: ['CNAF-USER', 'CERN-USER', 'PIC-USER', 'IN2P3-USER', 'SARA-USER', 'RAL-USER', 'GRIDKA-USER']
2025-08-27T00:16:56,268217Z dirac-jobexec/DIRAC.DataManagementSystem.Utilities.ResolveSE INFO: Resolving workflow output SE description Tier1-Failover
2025-08-27T00:16:56,271117Z dirac-jobexec/DIRAC.DataManagementSystem.Utilities.ResolveSE INFO: Found SEs, local first: ['CNAF-FAILOVER', 'RAL-FAILOVER', 'CERN-EOS-FAILOVER', 'GRIDKA-FAILOVER', 'SARA-FAILOVER', 'PIC-FAILOVER', 'IN2P3-FAILOVER']
2025-08-27T00:16:56,271619Z dirac-jobexec/UserJobFinalization INFO: User specified output file list is: *.root
2025-08-27T00:16:56,272250Z dirac-jobexec/UserJobFinalization INFO: Found a pattern in the output data file list,           extra files to upload are: mc.root
2025-08-27T00:16:56,272490Z dirac-jobexec/UserJobFinalization INFO: Final list of files to upload are: mc.root
2025-08-27T00:16:56,272692Z dirac-jobexec/UserJobFinalization INFO: Constructing user output LFN(s) for mc.root
2025-08-27T00:16:56,400042Z dirac-jobexec/ProductionData INFO: Created the following output data LFN(s):
/lhcb/user/a/afernez/2025_08/1164942/1164942630/mc.root
2025-08-27T00:16:56,400911Z dirac-jobexec/UserJobFinalization INFO: No outputDataFileMask provided, the files with all the extensions will be considered
2025-08-27T00:16:56,401385Z dirac-jobexec/UserJobFinalization INFO: No outputDataStep provided, the files output of all the steps will be considered
2025-08-27T00:16:56,401648Z dirac-jobexec/UserJobFinalization INFO: Will search for POOL GUIDs for: mc.root
2025-08-27T00:16:56,458119Z dirac-jobexec INFO: GUIDs not found from POOL XML Catalogue (and were generated) for: mc.root
2025-08-27T00:16:56,458762Z dirac-jobexec/UserJobFinalization WARN: PoolXMLFile generated GUID(s) for the following files  mc.root
2025-08-27T00:16:56,525062Z dirac-jobexec/DIRAC.DataManagementSystem.Utilities.ResolveSE INFO: Resolving workflow output SE description Tier1-USER
2025-08-27T00:16:56,528969Z dirac-jobexec/DIRAC.DataManagementSystem.Utilities.ResolveSE INFO: Found eligible local SE ['CNAF-USER']
2025-08-27T00:16:56,529644Z dirac-jobexec/UserJobFinalization INFO: Ordered list of output SEs is: CNAF-USER, PIC-USER, IN2P3-USER, GRIDKA-USER, RAL-USER, SARA-USER, CERN-USER
2025-08-27T00:16:56,530084Z dirac-jobexec/UserJobFinalization INFO: Creating DISABLE_WATCHDOG_CPU_WALLCLOCK_CHECK in order to disable the Watchdog
2025-08-27T00:16:56,530729Z dirac-jobexec/UserJobFinalization INFO: Attempting to store mc.root to the following SE(s): CNAF-USER, PIC-USER, IN2P3-USER, GRIDKA-USER, RAL-USER, SARA-USER, CERN-USER
2025-08-27T00:16:56,531026Z dirac-jobexec/FailoverTransfer INFO: Attempting dm.putAndRegister ('/lhcb/user/a/afernez/2025_08/1164942/1164942630/mc.root','/tmp/1164942630/mc.root','CNAF-USER',guid='65296FA8-F1D5-23F1-DDFC-AA010062B4B8',catalog='None', checksum = '83277a73')
2025-08-27T00:17:00,719791Z dirac-jobexec/FailoverTransfer INFO: dm.putAndRegister successfully uploaded and registered mc.root to CNAF-USER
2025-08-27T00:17:01,056724Z dirac-jobexec/UserJobFinalization INFO: ===== Terminating 12.0.0a30 ===== 
