WARNING: Parsing of '.cfg' files as command line arguments is changing!
          Set the environment variable 'export DIRAC_NO_CFG=1' to pass the file as a positional
          argument (this will become the default).
          To modify the local configuration use '--cfg <configfile>' instead.
2025-08-27T00:20:14,933918Z dirac-jobexec INFO: JobID: 1164943168
2025-08-27T00:20:14,938404Z dirac-jobexec INFO: DIRAC JobID 1164943168 is running at site LCG.CNAF.it
Executing StepInstance RunScriptStep1 of type ScriptStep1 ['ScriptStep1']
2025-08-27T00:20:16,037403Z dirac-jobexec/CreateDataFile INFO: ===== Executing 12.0.0a30 ===== 
2025-08-27T00:20:16,038101Z dirac-jobexec INFO: Running in MultiProcessor is not allowed here
2025-08-27T00:20:16,038184Z dirac-jobexec/CreateDataFile INFO: Creating Ganga data file data.py from scratch
2025-08-27T00:20:16,339854Z dirac-jobexec/CreateDataFile INFO: Created Ganga data file data.py
2025-08-27T00:20:16,340122Z dirac-jobexec/CreateDataFile INFO: ===== Terminating 12.0.0a30 ===== 
2025-08-27T00:20:16,344320Z dirac-jobexec/LHCbScript INFO: Command is: /cvmfs/lhcb.cern.ch/lhcbdirac/versions/v12.0.0a30-1755085183/Linux-x86_64/bin/python3 jobScript/GaudiExec_afernez_Job_521.2_17b524e5-0a01-4861-83f0-5e39600385b7_script.py
2025-08-27T00:28:43,169631Z dirac-jobexec/LHCbScript INFO: /cvmfs/lhcb.cern.ch/lhcbdirac/versions/v12.0.0a30-1755085183/Linux-x86_64/bin/python3 jobScript/GaudiExec_afernez_Job_521.2_17b524e5-0a01-4861-83f0-5e39600385b7_script.py execution completed with status 0
2025-08-27T00:28:43,171012Z dirac-jobexec/LHCbScript INFO: Output written to Script1_Ganga_GaudiExec.log, execution complete.
2025-08-27T00:28:43,431843Z dirac-jobexec/LHCbScript INFO: GaudiExec successful
2025-08-27T00:28:43,432491Z dirac-jobexec/LHCbScript INFO: ===== Terminating <class 'LHCbDIRAC.Workflow.Modules.LHCbScript.LHCbScript'> ===== 
2025-08-27T00:28:43,437127Z dirac-jobexec/FileUsage INFO: ===== Executing 12.0.0a30 ===== 
2025-08-27T00:28:43,437756Z dirac-jobexec/FileUsage INFO: Popularity report =  {'/lhcb/MC/2016/ALLSTREAMS.DST/00173808/0000/': 3}
2025-08-27T00:28:43,583199Z dirac-jobexec/FileUsage INFO: Reporting input file usage successful!
2025-08-27T00:28:43,583892Z dirac-jobexec/FileUsage INFO: ===== Terminating 12.0.0a30 ===== 
2025-08-27T00:28:43,587678Z dirac-jobexec/UserJobFinalization INFO: ===== Executing 12.0.0a30 ===== 
2025-08-27T00:28:43,588230Z dirac-jobexec/DIRAC.DataManagementSystem.Utilities.ResolveSE INFO: Resolving workflow output SE description Tier1-USER
2025-08-27T00:28:43,594148Z dirac-jobexec/DIRAC.DataManagementSystem.Utilities.ResolveSE INFO: Found SEs, local first: ['CNAF-USER', 'CERN-USER', 'PIC-USER', 'GRIDKA-USER', 'RAL-USER', 'SARA-USER', 'IN2P3-USER']
2025-08-27T00:28:43,594645Z dirac-jobexec/DIRAC.DataManagementSystem.Utilities.ResolveSE INFO: Resolving workflow output SE description Tier1-Failover
2025-08-27T00:28:43,596554Z dirac-jobexec/DIRAC.DataManagementSystem.Utilities.ResolveSE INFO: Found SEs, local first: ['CNAF-FAILOVER', 'GRIDKA-FAILOVER', 'IN2P3-FAILOVER', 'CERN-EOS-FAILOVER', 'RAL-FAILOVER', 'PIC-FAILOVER', 'SARA-FAILOVER']
2025-08-27T00:28:43,597095Z dirac-jobexec/UserJobFinalization INFO: User specified output file list is: *.root
2025-08-27T00:28:43,597478Z dirac-jobexec/UserJobFinalization INFO: Found a pattern in the output data file list,           extra files to upload are: mc.root
2025-08-27T00:28:43,597772Z dirac-jobexec/UserJobFinalization INFO: Final list of files to upload are: mc.root
2025-08-27T00:28:43,597852Z dirac-jobexec/UserJobFinalization INFO: Constructing user output LFN(s) for mc.root
2025-08-27T00:28:43,827086Z dirac-jobexec/ProductionData INFO: Created the following output data LFN(s):
/lhcb/user/a/afernez/2025_08/1164943/1164943168/mc.root
2025-08-27T00:28:43,827434Z dirac-jobexec/UserJobFinalization INFO: No outputDataFileMask provided, the files with all the extensions will be considered
2025-08-27T00:28:43,827904Z dirac-jobexec/UserJobFinalization INFO: No outputDataStep provided, the files output of all the steps will be considered
2025-08-27T00:28:43,828022Z dirac-jobexec/UserJobFinalization INFO: Will search for POOL GUIDs for: mc.root
2025-08-27T00:28:43,926970Z dirac-jobexec INFO: GUIDs not found from POOL XML Catalogue (and were generated) for: mc.root
2025-08-27T00:28:43,927479Z dirac-jobexec/UserJobFinalization WARN: PoolXMLFile generated GUID(s) for the following files  mc.root
2025-08-27T00:28:43,929953Z dirac-jobexec/DIRAC.DataManagementSystem.Utilities.ResolveSE INFO: Resolving workflow output SE description Tier1-USER
2025-08-27T00:28:43,932791Z dirac-jobexec/DIRAC.DataManagementSystem.Utilities.ResolveSE INFO: Found eligible local SE ['CNAF-USER']
2025-08-27T00:28:43,933193Z dirac-jobexec/UserJobFinalization INFO: Ordered list of output SEs is: CNAF-USER, RAL-USER, SARA-USER, CERN-USER, PIC-USER, GRIDKA-USER, IN2P3-USER
2025-08-27T00:28:43,933311Z dirac-jobexec/UserJobFinalization INFO: Creating DISABLE_WATCHDOG_CPU_WALLCLOCK_CHECK in order to disable the Watchdog
2025-08-27T00:28:43,933816Z dirac-jobexec/UserJobFinalization INFO: Attempting to store mc.root to the following SE(s): CNAF-USER, RAL-USER, SARA-USER, CERN-USER, PIC-USER, GRIDKA-USER, IN2P3-USER
2025-08-27T00:28:43,933925Z dirac-jobexec/FailoverTransfer INFO: Attempting dm.putAndRegister ('/lhcb/user/a/afernez/2025_08/1164943/1164943168/mc.root','/tmp/1164943168/mc.root','CNAF-USER',guid='84037EBD-225A-494D-9142-D7D0A5F8053F',catalog='None', checksum = 'bc58db01')
2025-08-27T00:28:48,021201Z dirac-jobexec/FailoverTransfer INFO: dm.putAndRegister successfully uploaded and registered mc.root to CNAF-USER
2025-08-27T00:28:48,386324Z dirac-jobexec/UserJobFinalization INFO: ===== Terminating 12.0.0a30 ===== 
