WARNING: Parsing of '.cfg' files as command line arguments is changing!
          Set the environment variable 'export DIRAC_NO_CFG=1' to pass the file as a positional
          argument (this will become the default).
          To modify the local configuration use '--cfg <configfile>' instead.
2025-08-26T23:20:11,387996Z dirac-jobexec INFO: JobID: 1164942709
2025-08-26T23:20:11,395257Z dirac-jobexec INFO: DIRAC JobID 1164942709 is running at site LCG.PIC.es
Executing StepInstance RunScriptStep1 of type ScriptStep1 ['ScriptStep1']
2025-08-26T23:20:13,442588Z dirac-jobexec/CreateDataFile INFO: ===== Executing 12.0.0a30 ===== 
2025-08-26T23:20:13,443582Z dirac-jobexec INFO: Running in MultiProcessor is not allowed here
2025-08-26T23:20:13,443730Z dirac-jobexec/CreateDataFile INFO: Creating Ganga data file data.py from scratch
2025-08-26T23:20:13,938767Z dirac-jobexec/CreateDataFile INFO: Created Ganga data file data.py
2025-08-26T23:20:13,939062Z dirac-jobexec/CreateDataFile INFO: ===== Terminating 12.0.0a30 ===== 
2025-08-26T23:20:13,947249Z dirac-jobexec/LHCbScript INFO: Command is: /cvmfs/lhcb.cern.ch/lhcbdirac/versions/v12.0.0a30-1755085183/Linux-x86_64/bin/python3 jobScript/GaudiExec_afernez_Job_501.13_c4b7d374-3967-41ba-bc35-1901373c3880_script.py
2025-08-27T00:51:10,864719Z dirac-jobexec/LHCbScript INFO: /cvmfs/lhcb.cern.ch/lhcbdirac/versions/v12.0.0a30-1755085183/Linux-x86_64/bin/python3 jobScript/GaudiExec_afernez_Job_501.13_c4b7d374-3967-41ba-bc35-1901373c3880_script.py execution completed with status 0
2025-08-27T00:51:10,866456Z dirac-jobexec/LHCbScript INFO: Output written to Script1_Ganga_GaudiExec.log, execution complete.
2025-08-27T00:51:11,388260Z dirac-jobexec/LHCbScript INFO: GaudiExec successful
2025-08-27T00:51:11,394322Z dirac-jobexec/LHCbScript INFO: ===== Terminating <class 'LHCbDIRAC.Workflow.Modules.LHCbScript.LHCbScript'> ===== 
2025-08-27T00:51:11,644730Z dirac-jobexec/FileUsage INFO: ===== Executing 12.0.0a30 ===== 
2025-08-27T00:51:11,645194Z dirac-jobexec/FileUsage INFO: Popularity report =  {'/lhcb/MC/2016/D0TAUNU.SAFESTRIPTRIG.DST/00140813/0000/': 1}
2025-08-27T00:51:11,905238Z dirac-jobexec/FileUsage INFO: Reporting input file usage successful!
2025-08-27T00:51:11,905843Z dirac-jobexec/FileUsage INFO: ===== Terminating 12.0.0a30 ===== 
2025-08-27T00:51:11,912438Z dirac-jobexec/UserJobFinalization INFO: ===== Executing 12.0.0a30 ===== 
2025-08-27T00:51:11,912767Z dirac-jobexec/DIRAC.DataManagementSystem.Utilities.ResolveSE INFO: Resolving workflow output SE description Tier1-USER
2025-08-27T00:51:11,919978Z dirac-jobexec/DIRAC.DataManagementSystem.Utilities.ResolveSE INFO: Found SEs, local first: ['PIC-USER', 'IN2P3-USER', 'CNAF-USER', 'CERN-USER', 'RAL-USER', 'GRIDKA-USER', 'SARA-USER']
2025-08-27T00:51:11,920204Z dirac-jobexec/DIRAC.DataManagementSystem.Utilities.ResolveSE INFO: Resolving workflow output SE description Tier1-Failover
2025-08-27T00:51:11,923588Z dirac-jobexec/DIRAC.DataManagementSystem.Utilities.ResolveSE INFO: Found SEs, local first: ['PIC-FAILOVER', 'IN2P3-FAILOVER', 'SARA-FAILOVER', 'CERN-EOS-FAILOVER', 'RAL-FAILOVER', 'GRIDKA-FAILOVER', 'CNAF-FAILOVER']
2025-08-27T00:51:11,923954Z dirac-jobexec/UserJobFinalization INFO: User specified output file list is: *.root
2025-08-27T00:51:11,924460Z dirac-jobexec/UserJobFinalization INFO: Found a pattern in the output data file list,           extra files to upload are: mc.root
2025-08-27T00:51:11,924555Z dirac-jobexec/UserJobFinalization INFO: Final list of files to upload are: mc.root
2025-08-27T00:51:11,924631Z dirac-jobexec/UserJobFinalization INFO: Constructing user output LFN(s) for mc.root
2025-08-27T00:51:12,227978Z dirac-jobexec/ProductionData INFO: Created the following output data LFN(s):
/lhcb/user/a/afernez/2025_08/1164942/1164942709/mc.root
2025-08-27T00:51:12,228357Z dirac-jobexec/UserJobFinalization INFO: No outputDataFileMask provided, the files with all the extensions will be considered
2025-08-27T00:51:12,228435Z dirac-jobexec/UserJobFinalization INFO: No outputDataStep provided, the files output of all the steps will be considered
2025-08-27T00:51:12,228538Z dirac-jobexec/UserJobFinalization INFO: Will search for POOL GUIDs for: mc.root
2025-08-27T00:51:12,296977Z dirac-jobexec INFO: GUIDs not found from POOL XML Catalogue (and were generated) for: mc.root
2025-08-27T00:51:12,297250Z dirac-jobexec/UserJobFinalization WARN: PoolXMLFile generated GUID(s) for the following files  mc.root
2025-08-27T00:51:12,394225Z dirac-jobexec/DIRAC.DataManagementSystem.Utilities.ResolveSE INFO: Resolving workflow output SE description Tier1-USER
2025-08-27T00:51:12,398522Z dirac-jobexec/DIRAC.DataManagementSystem.Utilities.ResolveSE INFO: Found eligible local SE ['PIC-USER']
2025-08-27T00:51:12,398773Z dirac-jobexec/UserJobFinalization INFO: Ordered list of output SEs is: PIC-USER, CERN-USER, SARA-USER, RAL-USER, CNAF-USER, IN2P3-USER, GRIDKA-USER
2025-08-27T00:51:12,398866Z dirac-jobexec/UserJobFinalization INFO: Creating DISABLE_WATCHDOG_CPU_WALLCLOCK_CHECK in order to disable the Watchdog
2025-08-27T00:51:12,399276Z dirac-jobexec/UserJobFinalization INFO: Attempting to store mc.root to the following SE(s): PIC-USER, CERN-USER, SARA-USER, RAL-USER, CNAF-USER, IN2P3-USER, GRIDKA-USER
2025-08-27T00:51:12,399380Z dirac-jobexec/FailoverTransfer INFO: Attempting dm.putAndRegister ('/lhcb/user/a/afernez/2025_08/1164942/1164942709/mc.root','/tmp/1164942709/mc.root','PIC-USER',guid='A56479FF-7BBD-E244-A492-7D6D42368257',catalog='None', checksum = 'c9328831')
2025-08-27T00:51:16,026634Z dirac-jobexec/FailoverTransfer INFO: dm.putAndRegister successfully uploaded and registered mc.root to PIC-USER
2025-08-27T00:51:16,641465Z dirac-jobexec/UserJobFinalization INFO: ===== Terminating 12.0.0a30 ===== 
