WARNING: Parsing of '.cfg' files as command line arguments is changing!
          Set the environment variable 'export DIRAC_NO_CFG=1' to pass the file as a positional
          argument (this will become the default).
          To modify the local configuration use '--cfg <configfile>' instead.
2025-08-26T23:02:22,227020Z dirac-jobexec INFO: JobID: 1164942506
2025-08-26T23:02:22,242807Z dirac-jobexec INFO: DIRAC JobID 1164942506 is running at site LCG.Liverpool.uk
Executing StepInstance RunScriptStep1 of type ScriptStep1 ['ScriptStep1']
2025-08-26T23:02:25,005303Z dirac-jobexec/CreateDataFile INFO: ===== Executing 12.0.0a30 ===== 
2025-08-26T23:02:25,006756Z dirac-jobexec INFO: Running in MultiProcessor is not allowed here
2025-08-26T23:02:25,006955Z dirac-jobexec/CreateDataFile INFO: Creating Ganga data file data.py from scratch
2025-08-26T23:02:25,444297Z dirac-jobexec/CreateDataFile INFO: Created Ganga data file data.py
2025-08-26T23:02:25,444558Z dirac-jobexec/CreateDataFile INFO: ===== Terminating 12.0.0a30 ===== 
2025-08-26T23:02:25,453553Z dirac-jobexec/LHCbScript INFO: Command is: /cvmfs/lhcb.cern.ch/lhcbdirac/versions/v12.0.0a30-1755085183/Linux-x86_64/bin/python3 jobScript/GaudiExec_afernez_Job_488.19_ab4ff3ff-8b00-461c-a807-cd96b5d95d98_script.py
2025-08-27T01:00:26,781689Z dirac-jobexec/LHCbScript INFO: /cvmfs/lhcb.cern.ch/lhcbdirac/versions/v12.0.0a30-1755085183/Linux-x86_64/bin/python3 jobScript/GaudiExec_afernez_Job_488.19_ab4ff3ff-8b00-461c-a807-cd96b5d95d98_script.py execution completed with status 0
2025-08-27T01:00:26,783171Z dirac-jobexec/LHCbScript INFO: Output written to Script1_Ganga_GaudiExec.log, execution complete.
2025-08-27T01:00:27,373844Z dirac-jobexec/LHCbScript INFO: GaudiExec successful
2025-08-27T01:00:27,379961Z dirac-jobexec/LHCbScript INFO: ===== Terminating <class 'LHCbDIRAC.Workflow.Modules.LHCbScript.LHCbScript'> ===== 
2025-08-27T01:00:27,780833Z dirac-jobexec/FileUsage INFO: ===== Executing 12.0.0a30 ===== 
2025-08-27T01:00:27,781834Z dirac-jobexec/FileUsage INFO: Popularity report =  {'/lhcb/MC/2016/D0TAUNU.SAFESTRIPTRIG.DST/00140858/0000/': 1}
2025-08-27T01:00:28,037992Z dirac-jobexec/FileUsage INFO: Reporting input file usage successful!
2025-08-27T01:00:28,038399Z dirac-jobexec/FileUsage INFO: ===== Terminating 12.0.0a30 ===== 
2025-08-27T01:00:28,047744Z dirac-jobexec/UserJobFinalization INFO: ===== Executing 12.0.0a30 ===== 
2025-08-27T01:00:28,048041Z dirac-jobexec/DIRAC.DataManagementSystem.Utilities.ResolveSE INFO: Resolving workflow output SE description Tier1-USER
2025-08-27T01:00:28,060772Z dirac-jobexec/DIRAC.DataManagementSystem.Utilities.ResolveSE INFO: Found SEs, local first: ['GRIDKA-USER', 'SARA-USER', 'CERN-USER', 'IN2P3-USER', 'PIC-USER', 'CNAF-USER', 'RAL-USER']
2025-08-27T01:00:28,061116Z dirac-jobexec/DIRAC.DataManagementSystem.Utilities.ResolveSE INFO: Resolving workflow output SE description Tier1-Failover
2025-08-27T01:00:28,068267Z dirac-jobexec/DIRAC.DataManagementSystem.Utilities.ResolveSE INFO: Found SEs, local first: ['GRIDKA-FAILOVER', 'SARA-FAILOVER', 'CNAF-FAILOVER', 'CERN-EOS-FAILOVER', 'RAL-FAILOVER', 'PIC-FAILOVER', 'IN2P3-FAILOVER']
2025-08-27T01:00:28,068916Z dirac-jobexec/UserJobFinalization INFO: User specified output file list is: *.root
2025-08-27T01:00:28,070531Z dirac-jobexec/UserJobFinalization INFO: Found a pattern in the output data file list,           extra files to upload are: mc.root
2025-08-27T01:00:28,070744Z dirac-jobexec/UserJobFinalization INFO: Final list of files to upload are: mc.root
2025-08-27T01:00:28,071099Z dirac-jobexec/UserJobFinalization INFO: Constructing user output LFN(s) for mc.root
2025-08-27T01:00:28,345363Z dirac-jobexec/ProductionData INFO: Created the following output data LFN(s):
/lhcb/user/a/afernez/2025_08/1164942/1164942506/mc.root
2025-08-27T01:00:28,346759Z dirac-jobexec/UserJobFinalization INFO: No outputDataFileMask provided, the files with all the extensions will be considered
2025-08-27T01:00:28,347086Z dirac-jobexec/UserJobFinalization INFO: No outputDataStep provided, the files output of all the steps will be considered
2025-08-27T01:00:28,347797Z dirac-jobexec/UserJobFinalization INFO: Will search for POOL GUIDs for: mc.root
2025-08-27T01:00:28,482804Z dirac-jobexec INFO: GUIDs not found from POOL XML Catalogue (and were generated) for: mc.root
2025-08-27T01:00:28,483606Z dirac-jobexec/UserJobFinalization WARN: PoolXMLFile generated GUID(s) for the following files  mc.root
2025-08-27T01:00:28,598371Z dirac-jobexec/DIRAC.DataManagementSystem.Utilities.ResolveSE INFO: Resolving workflow output SE description Tier1-USER
2025-08-27T01:00:28,606352Z dirac-jobexec/DIRAC.DataManagementSystem.Utilities.ResolveSE INFO: Found associated SEs ['CERN-USER'] in /Resources/Countries/cern/AssociatedSEs/Tier1-USER
2025-08-27T01:00:28,606712Z dirac-jobexec/UserJobFinalization INFO: Ordered list of output SEs is: CERN-USER, SARA-USER, GRIDKA-USER, PIC-USER, IN2P3-USER, CNAF-USER, RAL-USER
2025-08-27T01:00:28,607192Z dirac-jobexec/UserJobFinalization INFO: Creating DISABLE_WATCHDOG_CPU_WALLCLOCK_CHECK in order to disable the Watchdog
2025-08-27T01:00:28,607869Z dirac-jobexec/UserJobFinalization INFO: Attempting to store mc.root to the following SE(s): CERN-USER, SARA-USER, GRIDKA-USER, PIC-USER, IN2P3-USER, CNAF-USER, RAL-USER
2025-08-27T01:00:28,608257Z dirac-jobexec/FailoverTransfer INFO: Attempting dm.putAndRegister ('/lhcb/user/a/afernez/2025_08/1164942/1164942506/mc.root','/tmp/1164942506/mc.root','CERN-USER',guid='5D629EEE-CC0A-5DA4-DB64-1D6129F423A1',catalog='None', checksum = 'c7d7dcf4')
2025-08-27T01:01:26,377670Z dirac-jobexec/FailoverTransfer INFO: dm.putAndRegister successfully uploaded and registered mc.root to CERN-USER
2025-08-27T01:01:26,876475Z dirac-jobexec/UserJobFinalization INFO: ===== Terminating 12.0.0a30 ===== 
