WARNING: Parsing of '.cfg' files as command line arguments is changing!
          Set the environment variable 'export DIRAC_NO_CFG=1' to pass the file as a positional
          argument (this will become the default).
          To modify the local configuration use '--cfg <configfile>' instead.
2025-08-26T22:56:52,665496Z dirac-jobexec INFO: JobID: 1164942470
2025-08-26T22:56:52,675009Z dirac-jobexec INFO: DIRAC JobID 1164942470 is running at site LCG.GRIDKA.de
Executing StepInstance RunScriptStep1 of type ScriptStep1 ['ScriptStep1']
2025-08-26T22:56:54,678032Z dirac-jobexec/CreateDataFile INFO: ===== Executing 12.0.0a30 ===== 
2025-08-26T22:56:54,679094Z dirac-jobexec INFO: Running in MultiProcessor is not allowed here
2025-08-26T22:56:54,679238Z dirac-jobexec/CreateDataFile INFO: Creating Ganga data file data.py from scratch
2025-08-26T22:56:54,901349Z dirac-jobexec/CreateDataFile INFO: Created Ganga data file data.py
2025-08-26T22:56:54,901609Z dirac-jobexec/CreateDataFile INFO: ===== Terminating 12.0.0a30 ===== 
2025-08-26T22:56:54,907485Z dirac-jobexec/LHCbScript INFO: Command is: /cvmfs/lhcb.cern.ch/lhcbdirac/versions/v12.0.0a30-1755085183/Linux-x86_64/bin/python3 jobScript/GaudiExec_afernez_Job_486.4_d8ed90aa-864f-4d26-941f-451bffe1b7f8_script.py
2025-08-26T23:14:13,749283Z dirac-jobexec/LHCbScript INFO: /cvmfs/lhcb.cern.ch/lhcbdirac/versions/v12.0.0a30-1755085183/Linux-x86_64/bin/python3 jobScript/GaudiExec_afernez_Job_486.4_d8ed90aa-864f-4d26-941f-451bffe1b7f8_script.py execution completed with status 0
2025-08-26T23:14:13,750639Z dirac-jobexec/LHCbScript INFO: Output written to Script1_Ganga_GaudiExec.log, execution complete.
2025-08-26T23:14:14,036135Z dirac-jobexec/LHCbScript INFO: GaudiExec successful
2025-08-26T23:14:14,036807Z dirac-jobexec/LHCbScript INFO: ===== Terminating <class 'LHCbDIRAC.Workflow.Modules.LHCbScript.LHCbScript'> ===== 
2025-08-26T23:14:14,072323Z dirac-jobexec/FileUsage INFO: ===== Executing 12.0.0a30 ===== 
2025-08-26T23:14:14,074313Z dirac-jobexec/FileUsage INFO: Popularity report =  {'/lhcb/LHCb/Collision16/SEMILEPTONIC.DST/00103400/0000/': 3}
2025-08-26T23:14:14,193931Z dirac-jobexec/FileUsage INFO: Reporting input file usage successful!
2025-08-26T23:14:14,194367Z dirac-jobexec/FileUsage INFO: ===== Terminating 12.0.0a30 ===== 
2025-08-26T23:14:14,201381Z dirac-jobexec/UserJobFinalization INFO: ===== Executing 12.0.0a30 ===== 
2025-08-26T23:14:14,201798Z dirac-jobexec/DIRAC.DataManagementSystem.Utilities.ResolveSE INFO: Resolving workflow output SE description Tier1-USER
2025-08-26T23:14:14,222696Z dirac-jobexec/DIRAC.DataManagementSystem.Utilities.ResolveSE INFO: Found SEs, local first: ['GRIDKA-USER', 'CNAF-USER', 'RAL-USER', 'IN2P3-USER', 'PIC-USER', 'SARA-USER', 'CERN-USER']
2025-08-26T23:14:14,223012Z dirac-jobexec/DIRAC.DataManagementSystem.Utilities.ResolveSE INFO: Resolving workflow output SE description Tier1-Failover
2025-08-26T23:14:14,226675Z dirac-jobexec/DIRAC.DataManagementSystem.Utilities.ResolveSE INFO: Found SEs, local first: ['GRIDKA-FAILOVER', 'IN2P3-FAILOVER', 'RAL-FAILOVER', 'PIC-FAILOVER', 'CERN-EOS-FAILOVER', 'CNAF-FAILOVER', 'SARA-FAILOVER']
2025-08-26T23:14:14,227111Z dirac-jobexec/UserJobFinalization INFO: User specified output file list is: *.root
2025-08-26T23:14:14,228542Z dirac-jobexec/UserJobFinalization INFO: Found a pattern in the output data file list,           extra files to upload are: std.root
2025-08-26T23:14:14,228696Z dirac-jobexec/UserJobFinalization INFO: Final list of files to upload are: std.root
2025-08-26T23:14:14,228795Z dirac-jobexec/UserJobFinalization INFO: Constructing user output LFN(s) for std.root
2025-08-26T23:14:14,346913Z dirac-jobexec/ProductionData INFO: Created the following output data LFN(s):
/lhcb/user/a/afernez/2025_08/1164942/1164942470/std.root
2025-08-26T23:14:14,347511Z dirac-jobexec/UserJobFinalization INFO: No outputDataFileMask provided, the files with all the extensions will be considered
2025-08-26T23:14:14,347732Z dirac-jobexec/UserJobFinalization INFO: No outputDataStep provided, the files output of all the steps will be considered
2025-08-26T23:14:14,347855Z dirac-jobexec/UserJobFinalization INFO: Will search for POOL GUIDs for: std.root
2025-08-26T23:14:14,577456Z dirac-jobexec INFO: GUIDs not found from POOL XML Catalogue (and were generated) for: std.root
2025-08-26T23:14:14,577864Z dirac-jobexec/UserJobFinalization WARN: PoolXMLFile generated GUID(s) for the following files  std.root
2025-08-26T23:14:14,592909Z dirac-jobexec/DIRAC.DataManagementSystem.Utilities.ResolveSE INFO: Resolving workflow output SE description Tier1-USER
2025-08-26T23:14:14,597370Z dirac-jobexec/DIRAC.DataManagementSystem.Utilities.ResolveSE INFO: Found eligible local SE ['GRIDKA-USER']
2025-08-26T23:14:14,597704Z dirac-jobexec/UserJobFinalization INFO: Ordered list of output SEs is: GRIDKA-USER, PIC-USER, CNAF-USER, IN2P3-USER, RAL-USER, SARA-USER, CERN-USER
2025-08-26T23:14:14,597836Z dirac-jobexec/UserJobFinalization INFO: Creating DISABLE_WATCHDOG_CPU_WALLCLOCK_CHECK in order to disable the Watchdog
2025-08-26T23:14:14,598282Z dirac-jobexec/UserJobFinalization INFO: Attempting to store std.root to the following SE(s): GRIDKA-USER, PIC-USER, CNAF-USER, IN2P3-USER, RAL-USER, SARA-USER, CERN-USER
2025-08-26T23:14:14,598419Z dirac-jobexec/FailoverTransfer INFO: Attempting dm.putAndRegister ('/lhcb/user/a/afernez/2025_08/1164942/1164942470/std.root','/tmp/1164942470/std.root','GRIDKA-USER',guid='1D49A64C-4B47-E164-6526-9397FF35CEB5',catalog='None', checksum = 'ea32425c')
2025-08-26T23:14:16,476695Z dirac-jobexec/FailoverTransfer INFO: dm.putAndRegister successfully uploaded and registered std.root to GRIDKA-USER
2025-08-26T23:14:16,773249Z dirac-jobexec/UserJobFinalization INFO: ===== Terminating 12.0.0a30 ===== 
