WARNING: Parsing of '.cfg' files as command line arguments is changing!
          Set the environment variable 'export DIRAC_NO_CFG=1' to pass the file as a positional
          argument (this will become the default).
          To modify the local configuration use '--cfg <configfile>' instead.
2025-08-26T23:33:07,474338Z dirac-jobexec INFO: JobID: 1164942852
2025-08-26T23:33:07,482909Z dirac-jobexec INFO: DIRAC JobID 1164942852 is running at site LCG.GRIDKA.de
Executing StepInstance RunScriptStep1 of type ScriptStep1 ['ScriptStep1']
2025-08-26T23:33:09,226389Z dirac-jobexec/CreateDataFile INFO: ===== Executing 12.0.0a30 ===== 
2025-08-26T23:33:09,227485Z dirac-jobexec INFO: Running in MultiProcessor is not allowed here
2025-08-26T23:33:09,227601Z dirac-jobexec/CreateDataFile INFO: Creating Ganga data file data.py from scratch
2025-08-26T23:33:09,442826Z dirac-jobexec/CreateDataFile INFO: Created Ganga data file data.py
2025-08-26T23:33:09,443063Z dirac-jobexec/CreateDataFile INFO: ===== Terminating 12.0.0a30 ===== 
2025-08-26T23:33:09,447428Z dirac-jobexec/LHCbScript INFO: Command is: /cvmfs/lhcb.cern.ch/lhcbdirac/versions/v12.0.0a30-1755085183/Linux-x86_64/bin/python3 jobScript/GaudiExec_afernez_Job_510.16_b40758de-0c17-4015-97ce-9976d6fc55aa_script.py
2025-08-27T02:21:02,012018Z dirac-jobexec/LHCbScript INFO: /cvmfs/lhcb.cern.ch/lhcbdirac/versions/v12.0.0a30-1755085183/Linux-x86_64/bin/python3 jobScript/GaudiExec_afernez_Job_510.16_b40758de-0c17-4015-97ce-9976d6fc55aa_script.py execution completed with status 0
2025-08-27T02:21:02,013320Z dirac-jobexec/LHCbScript INFO: Output written to Script1_Ganga_GaudiExec.log, execution complete.
2025-08-27T02:21:02,343961Z dirac-jobexec/LHCbScript INFO: GaudiExec successful
2025-08-27T02:21:02,344486Z dirac-jobexec/LHCbScript INFO: ===== Terminating <class 'LHCbDIRAC.Workflow.Modules.LHCbScript.LHCbScript'> ===== 
2025-08-27T02:21:02,355365Z dirac-jobexec/FileUsage INFO: ===== Executing 12.0.0a30 ===== 
2025-08-27T02:21:02,355827Z dirac-jobexec/FileUsage INFO: Popularity report =  {'/lhcb/MC/2016/D0TAUNU.SAFESTRIPTRIG.DST/00140825/0000/': 2}
2025-08-27T02:21:02,726620Z dirac-jobexec/FileUsage INFO: Reporting input file usage successful!
2025-08-27T02:21:02,732626Z dirac-jobexec/FileUsage INFO: ===== Terminating 12.0.0a30 ===== 
2025-08-27T02:21:02,792924Z dirac-jobexec/UserJobFinalization INFO: ===== Executing 12.0.0a30 ===== 
2025-08-27T02:21:02,793215Z dirac-jobexec/DIRAC.DataManagementSystem.Utilities.ResolveSE INFO: Resolving workflow output SE description Tier1-USER
2025-08-27T02:21:02,805622Z dirac-jobexec/DIRAC.DataManagementSystem.Utilities.ResolveSE INFO: Found SEs, local first: ['GRIDKA-USER', 'RAL-USER', 'CNAF-USER', 'CERN-USER', 'IN2P3-USER', 'PIC-USER', 'SARA-USER']
2025-08-27T02:21:02,805971Z dirac-jobexec/DIRAC.DataManagementSystem.Utilities.ResolveSE INFO: Resolving workflow output SE description Tier1-Failover
2025-08-27T02:21:02,810366Z dirac-jobexec/DIRAC.DataManagementSystem.Utilities.ResolveSE INFO: Found SEs, local first: ['GRIDKA-FAILOVER', 'RAL-FAILOVER', 'PIC-FAILOVER', 'IN2P3-FAILOVER', 'CNAF-FAILOVER', 'CERN-EOS-FAILOVER', 'SARA-FAILOVER']
2025-08-27T02:21:02,811044Z dirac-jobexec/UserJobFinalization INFO: User specified output file list is: *.root
2025-08-27T02:21:02,812123Z dirac-jobexec/UserJobFinalization INFO: Found a pattern in the output data file list,           extra files to upload are: mc.root
2025-08-27T02:21:02,812259Z dirac-jobexec/UserJobFinalization INFO: Final list of files to upload are: mc.root
2025-08-27T02:21:02,812336Z dirac-jobexec/UserJobFinalization INFO: Constructing user output LFN(s) for mc.root
2025-08-27T02:21:02,952498Z dirac-jobexec/ProductionData INFO: Created the following output data LFN(s):
/lhcb/user/a/afernez/2025_08/1164942/1164942852/mc.root
2025-08-27T02:21:02,952934Z dirac-jobexec/UserJobFinalization INFO: No outputDataFileMask provided, the files with all the extensions will be considered
2025-08-27T02:21:02,952993Z dirac-jobexec/UserJobFinalization INFO: No outputDataStep provided, the files output of all the steps will be considered
2025-08-27T02:21:02,953065Z dirac-jobexec/UserJobFinalization INFO: Will search for POOL GUIDs for: mc.root
2025-08-27T02:21:03,278581Z dirac-jobexec INFO: GUIDs not found from POOL XML Catalogue (and were generated) for: mc.root
2025-08-27T02:21:03,279141Z dirac-jobexec/UserJobFinalization WARN: PoolXMLFile generated GUID(s) for the following files  mc.root
2025-08-27T02:21:03,614451Z dirac-jobexec/DIRAC.DataManagementSystem.Utilities.ResolveSE INFO: Resolving workflow output SE description Tier1-USER
2025-08-27T02:21:03,620009Z dirac-jobexec/DIRAC.DataManagementSystem.Utilities.ResolveSE INFO: Found eligible local SE ['GRIDKA-USER']
2025-08-27T02:21:03,620347Z dirac-jobexec/UserJobFinalization INFO: Ordered list of output SEs is: GRIDKA-USER, PIC-USER, CERN-USER, SARA-USER, RAL-USER, IN2P3-USER, CNAF-USER
2025-08-27T02:21:03,620446Z dirac-jobexec/UserJobFinalization INFO: Creating DISABLE_WATCHDOG_CPU_WALLCLOCK_CHECK in order to disable the Watchdog
2025-08-27T02:21:03,621038Z dirac-jobexec/UserJobFinalization INFO: Attempting to store mc.root to the following SE(s): GRIDKA-USER, PIC-USER, CERN-USER, SARA-USER, RAL-USER, IN2P3-USER, CNAF-USER
2025-08-27T02:21:03,621143Z dirac-jobexec/FailoverTransfer INFO: Attempting dm.putAndRegister ('/lhcb/user/a/afernez/2025_08/1164942/1164942852/mc.root','/tmp/1164942852/mc.root','GRIDKA-USER',guid='E74303C6-A9C4-0DB7-276B-3282BEDAAB2F',catalog='None', checksum = '3c1c40b8')
2025-08-27T02:21:06,277680Z dirac-jobexec/FailoverTransfer INFO: dm.putAndRegister successfully uploaded and registered mc.root to GRIDKA-USER
2025-08-27T02:21:06,582058Z dirac-jobexec/UserJobFinalization INFO: ===== Terminating 12.0.0a30 ===== 
