WARNING: Parsing of '.cfg' files as command line arguments is changing!
          Set the environment variable 'export DIRAC_NO_CFG=1' to pass the file as a positional
          argument (this will become the default).
          To modify the local configuration use '--cfg <configfile>' instead.
2025-08-26T23:42:08,869256Z dirac-jobexec INFO: JobID: 1164942943
2025-08-26T23:42:08,886125Z dirac-jobexec INFO: DIRAC JobID 1164942943 is running at site LCG.GRIDKA.de
Executing StepInstance RunScriptStep1 of type ScriptStep1 ['ScriptStep1']
2025-08-26T23:42:11,501641Z dirac-jobexec/CreateDataFile INFO: ===== Executing 12.0.0a30 ===== 
2025-08-26T23:42:11,502814Z dirac-jobexec INFO: Running in MultiProcessor is not allowed here
2025-08-26T23:42:11,502971Z dirac-jobexec/CreateDataFile INFO: Creating Ganga data file data.py from scratch
2025-08-26T23:42:11,740823Z dirac-jobexec/CreateDataFile INFO: Created Ganga data file data.py
2025-08-26T23:42:11,741066Z dirac-jobexec/CreateDataFile INFO: ===== Terminating 12.0.0a30 ===== 
2025-08-26T23:42:11,747760Z dirac-jobexec/LHCbScript INFO: Command is: /cvmfs/lhcb.cern.ch/lhcbdirac/versions/v12.0.0a30-1755085183/Linux-x86_64/bin/python3 jobScript/GaudiExec_afernez_Job_514.8_ddadf4ec-4bfc-480a-bb15-3a6c8e13ba17_script.py
2025-08-27T06:47:21,325154Z dirac-jobexec/LHCbScript INFO: /cvmfs/lhcb.cern.ch/lhcbdirac/versions/v12.0.0a30-1755085183/Linux-x86_64/bin/python3 jobScript/GaudiExec_afernez_Job_514.8_ddadf4ec-4bfc-480a-bb15-3a6c8e13ba17_script.py execution completed with status 0
2025-08-27T06:47:21,328160Z dirac-jobexec/LHCbScript INFO: Output written to Script1_Ganga_GaudiExec.log, execution complete.
2025-08-27T06:47:21,552014Z dirac-jobexec/LHCbScript INFO: GaudiExec successful
2025-08-27T06:47:21,558923Z dirac-jobexec/LHCbScript INFO: ===== Terminating <class 'LHCbDIRAC.Workflow.Modules.LHCbScript.LHCbScript'> ===== 
2025-08-27T06:47:21,883611Z dirac-jobexec/FileUsage INFO: ===== Executing 12.0.0a30 ===== 
2025-08-27T06:47:21,884851Z dirac-jobexec/FileUsage INFO: Popularity report =  {'/lhcb/MC/2016/D0TAUNU.SAFESTRIPTRIG.DST/00219698/0000/': 3}
2025-08-27T06:47:22,013638Z dirac-jobexec/FileUsage INFO: Reporting input file usage successful!
2025-08-27T06:47:22,015317Z dirac-jobexec/FileUsage INFO: ===== Terminating 12.0.0a30 ===== 
2025-08-27T06:47:22,026714Z dirac-jobexec/UserJobFinalization INFO: ===== Executing 12.0.0a30 ===== 
2025-08-27T06:47:22,027656Z dirac-jobexec/DIRAC.DataManagementSystem.Utilities.ResolveSE INFO: Resolving workflow output SE description Tier1-USER
2025-08-27T06:47:22,044080Z dirac-jobexec/DIRAC.DataManagementSystem.Utilities.ResolveSE INFO: Found SEs, local first: ['GRIDKA-USER', 'SARA-USER', 'CERN-USER', 'RAL-USER', 'IN2P3-USER', 'PIC-USER', 'CNAF-USER']
2025-08-27T06:47:22,044532Z dirac-jobexec/DIRAC.DataManagementSystem.Utilities.ResolveSE INFO: Resolving workflow output SE description Tier1-Failover
2025-08-27T06:47:22,049491Z dirac-jobexec/DIRAC.DataManagementSystem.Utilities.ResolveSE INFO: Found SEs, local first: ['GRIDKA-FAILOVER', 'CNAF-FAILOVER', 'IN2P3-FAILOVER', 'RAL-FAILOVER', 'CERN-EOS-FAILOVER', 'PIC-FAILOVER', 'SARA-FAILOVER']
2025-08-27T06:47:22,050485Z dirac-jobexec/UserJobFinalization INFO: User specified output file list is: *.root
2025-08-27T06:47:22,051565Z dirac-jobexec/UserJobFinalization INFO: Found a pattern in the output data file list,           extra files to upload are: mc.root
2025-08-27T06:47:22,051749Z dirac-jobexec/UserJobFinalization INFO: Final list of files to upload are: mc.root
2025-08-27T06:47:22,051942Z dirac-jobexec/UserJobFinalization INFO: Constructing user output LFN(s) for mc.root
2025-08-27T06:47:22,199372Z dirac-jobexec/ProductionData INFO: Created the following output data LFN(s):
/lhcb/user/a/afernez/2025_08/1164942/1164942943/mc.root
2025-08-27T06:47:22,200348Z dirac-jobexec/UserJobFinalization INFO: No outputDataFileMask provided, the files with all the extensions will be considered
2025-08-27T06:47:22,200573Z dirac-jobexec/UserJobFinalization INFO: No outputDataStep provided, the files output of all the steps will be considered
2025-08-27T06:47:22,200782Z dirac-jobexec/UserJobFinalization INFO: Will search for POOL GUIDs for: mc.root
2025-08-27T06:47:22,526225Z dirac-jobexec INFO: GUIDs not found from POOL XML Catalogue (and were generated) for: mc.root
2025-08-27T06:47:22,526644Z dirac-jobexec/UserJobFinalization WARN: PoolXMLFile generated GUID(s) for the following files  mc.root
2025-08-27T06:47:23,216555Z dirac-jobexec/DIRAC.DataManagementSystem.Utilities.ResolveSE INFO: Resolving workflow output SE description Tier1-USER
2025-08-27T06:47:23,225283Z dirac-jobexec/DIRAC.DataManagementSystem.Utilities.ResolveSE INFO: Found eligible local SE ['GRIDKA-USER']
2025-08-27T06:47:23,225732Z dirac-jobexec/UserJobFinalization INFO: Ordered list of output SEs is: GRIDKA-USER, SARA-USER, CNAF-USER, RAL-USER, IN2P3-USER, CERN-USER, PIC-USER
2025-08-27T06:47:23,225921Z dirac-jobexec/UserJobFinalization INFO: Creating DISABLE_WATCHDOG_CPU_WALLCLOCK_CHECK in order to disable the Watchdog
2025-08-27T06:47:23,226652Z dirac-jobexec/UserJobFinalization INFO: Attempting to store mc.root to the following SE(s): GRIDKA-USER, SARA-USER, CNAF-USER, RAL-USER, IN2P3-USER, CERN-USER, PIC-USER
2025-08-27T06:47:23,226851Z dirac-jobexec/FailoverTransfer INFO: Attempting dm.putAndRegister ('/lhcb/user/a/afernez/2025_08/1164942/1164942943/mc.root','/tmp/1164942943/mc.root','GRIDKA-USER',guid='CEC446F7-C553-19FB-6BF2-87B22AC97C7C',catalog='None', checksum = 'a3e4a20c')
2025-08-27T06:47:26,898913Z dirac-jobexec/FailoverTransfer INFO: dm.putAndRegister successfully uploaded and registered mc.root to GRIDKA-USER
2025-08-27T06:47:27,232615Z dirac-jobexec/UserJobFinalization INFO: ===== Terminating 12.0.0a30 ===== 
