WARNING: Parsing of '.cfg' files as command line arguments is changing!
          Set the environment variable 'export DIRAC_NO_CFG=1' to pass the file as a positional
          argument (this will become the default).
          To modify the local configuration use '--cfg <configfile>' instead.
2025-08-26T23:02:27,581890Z dirac-jobexec INFO: JobID: 1164942501
2025-08-26T23:02:27,587670Z dirac-jobexec INFO: DIRAC JobID 1164942501 is running at site LCG.NCBJ.pl
Executing StepInstance RunScriptStep1 of type ScriptStep1 ['ScriptStep1']
2025-08-26T23:02:29,417759Z dirac-jobexec/CreateDataFile INFO: ===== Executing 12.0.0a30 ===== 
2025-08-26T23:02:29,418810Z dirac-jobexec INFO: Running in MultiProcessor is not allowed here
2025-08-26T23:02:29,418949Z dirac-jobexec/CreateDataFile INFO: Creating Ganga data file data.py from scratch
2025-08-26T23:02:30,136684Z dirac-jobexec/CreateDataFile INFO: Created Ganga data file data.py
2025-08-26T23:02:30,136846Z dirac-jobexec/CreateDataFile INFO: ===== Terminating 12.0.0a30 ===== 
2025-08-26T23:02:30,141547Z dirac-jobexec/LHCbScript INFO: Command is: /cvmfs/lhcb.cern.ch/lhcbdirac/versions/v12.0.0a30-1755085183/Linux-x86_64/bin/python3 jobScript/GaudiExec_afernez_Job_488.14_ab4ff3ff-8b00-461c-a807-cd96b5d95d98_script.py
2025-08-27T00:02:35,943093Z dirac-jobexec/LHCbScript INFO: /cvmfs/lhcb.cern.ch/lhcbdirac/versions/v12.0.0a30-1755085183/Linux-x86_64/bin/python3 jobScript/GaudiExec_afernez_Job_488.14_ab4ff3ff-8b00-461c-a807-cd96b5d95d98_script.py execution completed with status 0
2025-08-27T00:02:35,943767Z dirac-jobexec/LHCbScript INFO: Output written to Script1_Ganga_GaudiExec.log, execution complete.
2025-08-27T00:02:36,310259Z dirac-jobexec/LHCbScript INFO: GaudiExec successful
2025-08-27T00:02:36,310478Z dirac-jobexec/LHCbScript INFO: ===== Terminating <class 'LHCbDIRAC.Workflow.Modules.LHCbScript.LHCbScript'> ===== 
2025-08-27T00:02:36,316861Z dirac-jobexec/FileUsage INFO: ===== Executing 12.0.0a30 ===== 
2025-08-27T00:02:36,317152Z dirac-jobexec/FileUsage INFO: Popularity report =  {'/lhcb/MC/2016/D0TAUNU.SAFESTRIPTRIG.DST/00140858/0000/': 1}
2025-08-27T00:02:36,743359Z dirac-jobexec/FileUsage INFO: Reporting input file usage successful!
2025-08-27T00:02:36,743610Z dirac-jobexec/FileUsage INFO: ===== Terminating 12.0.0a30 ===== 
2025-08-27T00:02:36,747908Z dirac-jobexec/UserJobFinalization INFO: ===== Executing 12.0.0a30 ===== 
2025-08-27T00:02:36,748042Z dirac-jobexec/DIRAC.DataManagementSystem.Utilities.ResolveSE INFO: Resolving workflow output SE description Tier1-USER
2025-08-27T00:02:36,753687Z dirac-jobexec/DIRAC.DataManagementSystem.Utilities.ResolveSE INFO: Found SEs, local first: ['SARA-USER', 'CERN-USER', 'RAL-USER', 'IN2P3-USER', 'GRIDKA-USER', 'PIC-USER', 'CNAF-USER']
2025-08-27T00:02:36,753777Z dirac-jobexec/DIRAC.DataManagementSystem.Utilities.ResolveSE INFO: Resolving workflow output SE description Tier1-Failover
2025-08-27T00:02:36,756102Z dirac-jobexec/DIRAC.DataManagementSystem.Utilities.ResolveSE INFO: Found SEs, local first: ['CNAF-FAILOVER', 'GRIDKA-FAILOVER', 'RAL-FAILOVER', 'CERN-EOS-FAILOVER', 'IN2P3-FAILOVER', 'SARA-FAILOVER', 'PIC-FAILOVER']
2025-08-27T00:02:36,756381Z dirac-jobexec/UserJobFinalization INFO: User specified output file list is: *.root
2025-08-27T00:02:36,756863Z dirac-jobexec/UserJobFinalization INFO: Found a pattern in the output data file list,           extra files to upload are: mc.root
2025-08-27T00:02:36,756939Z dirac-jobexec/UserJobFinalization INFO: Final list of files to upload are: mc.root
2025-08-27T00:02:36,757035Z dirac-jobexec/UserJobFinalization INFO: Constructing user output LFN(s) for mc.root
2025-08-27T00:02:37,167357Z dirac-jobexec/ProductionData INFO: Created the following output data LFN(s):
/lhcb/user/a/afernez/2025_08/1164942/1164942501/mc.root
2025-08-27T00:02:37,167679Z dirac-jobexec/UserJobFinalization INFO: No outputDataFileMask provided, the files with all the extensions will be considered
2025-08-27T00:02:37,167804Z dirac-jobexec/UserJobFinalization INFO: No outputDataStep provided, the files output of all the steps will be considered
2025-08-27T00:02:37,167942Z dirac-jobexec/UserJobFinalization INFO: Will search for POOL GUIDs for: mc.root
2025-08-27T00:02:37,218825Z dirac-jobexec INFO: GUIDs not found from POOL XML Catalogue (and were generated) for: mc.root
2025-08-27T00:02:37,218993Z dirac-jobexec/UserJobFinalization WARN: PoolXMLFile generated GUID(s) for the following files  mc.root
2025-08-27T00:02:37,292581Z dirac-jobexec/DIRAC.DataManagementSystem.Utilities.ResolveSE INFO: Resolving workflow output SE description Tier1-USER
2025-08-27T00:02:37,295537Z dirac-jobexec/DIRAC.DataManagementSystem.Utilities.ResolveSE INFO: Found associated SEs ['CERN-USER'] in /Resources/Countries/cern/AssociatedSEs/Tier1-USER
2025-08-27T00:02:37,295660Z dirac-jobexec/UserJobFinalization INFO: Ordered list of output SEs is: CERN-USER, PIC-USER, GRIDKA-USER, RAL-USER, SARA-USER, IN2P3-USER, CNAF-USER
2025-08-27T00:02:37,295770Z dirac-jobexec/UserJobFinalization INFO: Creating DISABLE_WATCHDOG_CPU_WALLCLOCK_CHECK in order to disable the Watchdog
2025-08-27T00:02:37,296155Z dirac-jobexec/UserJobFinalization INFO: Attempting to store mc.root to the following SE(s): CERN-USER, PIC-USER, GRIDKA-USER, RAL-USER, SARA-USER, IN2P3-USER, CNAF-USER
2025-08-27T00:02:37,296246Z dirac-jobexec/FailoverTransfer INFO: Attempting dm.putAndRegister ('/lhcb/user/a/afernez/2025_08/1164942/1164942501/mc.root','/tmp/1164942501/mc.root','CERN-USER',guid='ABD63E9D-7DC6-DA96-079D-AB34E950D1EA',catalog='None', checksum = 'c8eb29d4')
2025-08-27T00:02:43,986455Z dirac-jobexec/FailoverTransfer INFO: dm.putAndRegister successfully uploaded and registered mc.root to CERN-USER
2025-08-27T00:02:44,751112Z dirac-jobexec/UserJobFinalization INFO: ===== Terminating 12.0.0a30 ===== 
