WARNING: Parsing of '.cfg' files as command line arguments is changing!
          Set the environment variable 'export DIRAC_NO_CFG=1' to pass the file as a positional
          argument (this will become the default).
          To modify the local configuration use '--cfg <configfile>' instead.
2025-08-26T23:06:44,119442Z dirac-jobexec INFO: JobID: 1164942591
2025-08-26T23:06:44,133579Z dirac-jobexec INFO: DIRAC JobID 1164942591 is running at site LCG.RAL.uk
Executing StepInstance RunScriptStep1 of type ScriptStep1 ['ScriptStep1']
2025-08-26T23:06:47,195587Z dirac-jobexec/CreateDataFile INFO: ===== Executing 12.0.0a30 ===== 
2025-08-26T23:06:47,197288Z dirac-jobexec INFO: Running in MultiProcessor is not allowed here
2025-08-26T23:06:47,197582Z dirac-jobexec/CreateDataFile INFO: Creating Ganga data file data.py from scratch
2025-08-26T23:06:47,528920Z dirac-jobexec/CreateDataFile INFO: Created Ganga data file data.py
2025-08-26T23:06:47,529157Z dirac-jobexec/CreateDataFile INFO: ===== Terminating 12.0.0a30 ===== 
2025-08-26T23:06:47,535333Z dirac-jobexec/LHCbScript INFO: Command is: /cvmfs/lhcb.cern.ch/lhcbdirac/versions/v12.0.0a30-1755085183/Linux-x86_64/bin/python3 jobScript/GaudiExec_afernez_Job_494.3_f13e03bc-78a2-4569-adcf-4f9bdb2798a3_script.py
2025-08-27T03:51:09,835193Z dirac-jobexec/LHCbScript INFO: /cvmfs/lhcb.cern.ch/lhcbdirac/versions/v12.0.0a30-1755085183/Linux-x86_64/bin/python3 jobScript/GaudiExec_afernez_Job_494.3_f13e03bc-78a2-4569-adcf-4f9bdb2798a3_script.py execution completed with status 0
2025-08-27T03:51:09,837221Z dirac-jobexec/LHCbScript INFO: Output written to Script1_Ganga_GaudiExec.log, execution complete.
2025-08-27T03:51:10,187660Z dirac-jobexec/LHCbScript INFO: GaudiExec successful
2025-08-27T03:51:10,193603Z dirac-jobexec/LHCbScript INFO: ===== Terminating <class 'LHCbDIRAC.Workflow.Modules.LHCbScript.LHCbScript'> ===== 
2025-08-27T03:51:10,513801Z dirac-jobexec/FileUsage INFO: ===== Executing 12.0.0a30 ===== 
2025-08-27T03:51:10,514370Z dirac-jobexec/FileUsage INFO: Popularity report =  {'/lhcb/MC/2016/D0TAUNU.SAFESTRIPTRIG.DST/00140840/0000/': 3}
2025-08-27T03:51:10,686483Z dirac-jobexec/FileUsage INFO: Reporting input file usage successful!
2025-08-27T03:51:10,686882Z dirac-jobexec/FileUsage INFO: ===== Terminating 12.0.0a30 ===== 
2025-08-27T03:51:10,698537Z dirac-jobexec/UserJobFinalization INFO: ===== Executing 12.0.0a30 ===== 
2025-08-27T03:51:10,698861Z dirac-jobexec/DIRAC.DataManagementSystem.Utilities.ResolveSE INFO: Resolving workflow output SE description Tier1-USER
2025-08-27T03:51:10,708991Z dirac-jobexec/DIRAC.DataManagementSystem.Utilities.ResolveSE INFO: Found SEs, local first: ['RAL-USER', 'CNAF-USER', 'SARA-USER', 'PIC-USER', 'IN2P3-USER', 'CERN-USER', 'GRIDKA-USER']
2025-08-27T03:51:10,709330Z dirac-jobexec/DIRAC.DataManagementSystem.Utilities.ResolveSE INFO: Resolving workflow output SE description Tier1-Failover
2025-08-27T03:51:10,714390Z dirac-jobexec/DIRAC.DataManagementSystem.Utilities.ResolveSE INFO: Found SEs, local first: ['RAL-FAILOVER', 'IN2P3-FAILOVER', 'CNAF-FAILOVER', 'SARA-FAILOVER', 'PIC-FAILOVER', 'CERN-EOS-FAILOVER', 'GRIDKA-FAILOVER']
2025-08-27T03:51:10,715531Z dirac-jobexec/UserJobFinalization INFO: User specified output file list is: *.root
2025-08-27T03:51:10,716470Z dirac-jobexec/UserJobFinalization INFO: Found a pattern in the output data file list,           extra files to upload are: mc.root
2025-08-27T03:51:10,716794Z dirac-jobexec/UserJobFinalization INFO: Final list of files to upload are: mc.root
2025-08-27T03:51:10,716976Z dirac-jobexec/UserJobFinalization INFO: Constructing user output LFN(s) for mc.root
2025-08-27T03:51:10,894454Z dirac-jobexec/ProductionData INFO: Created the following output data LFN(s):
/lhcb/user/a/afernez/2025_08/1164942/1164942591/mc.root
2025-08-27T03:51:10,895365Z dirac-jobexec/UserJobFinalization INFO: No outputDataFileMask provided, the files with all the extensions will be considered
2025-08-27T03:51:10,895843Z dirac-jobexec/UserJobFinalization INFO: No outputDataStep provided, the files output of all the steps will be considered
2025-08-27T03:51:10,895972Z dirac-jobexec/UserJobFinalization INFO: Will search for POOL GUIDs for: mc.root
2025-08-27T03:51:11,163232Z dirac-jobexec INFO: GUIDs not found from POOL XML Catalogue (and were generated) for: mc.root
2025-08-27T03:51:11,164149Z dirac-jobexec/UserJobFinalization WARN: PoolXMLFile generated GUID(s) for the following files  mc.root
2025-08-27T03:51:11,463561Z dirac-jobexec/DIRAC.DataManagementSystem.Utilities.ResolveSE INFO: Resolving workflow output SE description Tier1-USER
2025-08-27T03:51:11,469125Z dirac-jobexec/DIRAC.DataManagementSystem.Utilities.ResolveSE INFO: Found eligible local SE ['RAL-USER']
2025-08-27T03:51:11,469493Z dirac-jobexec/UserJobFinalization INFO: Ordered list of output SEs is: RAL-USER, IN2P3-USER, CERN-USER, GRIDKA-USER, CNAF-USER, PIC-USER, SARA-USER
2025-08-27T03:51:11,469600Z dirac-jobexec/UserJobFinalization INFO: Creating DISABLE_WATCHDOG_CPU_WALLCLOCK_CHECK in order to disable the Watchdog
2025-08-27T03:51:11,470359Z dirac-jobexec/UserJobFinalization INFO: Attempting to store mc.root to the following SE(s): RAL-USER, IN2P3-USER, CERN-USER, GRIDKA-USER, CNAF-USER, PIC-USER, SARA-USER
2025-08-27T03:51:11,470890Z dirac-jobexec/FailoverTransfer INFO: Attempting dm.putAndRegister ('/lhcb/user/a/afernez/2025_08/1164942/1164942591/mc.root','/tmp/1164942591/mc.root','RAL-USER',guid='33C91FAD-58DA-5FD2-8FB7-F1E1211D9DB4',catalog='None', checksum = '8d28a52a')
2025-08-27T03:51:19,898689Z dirac-jobexec/FailoverTransfer INFO: dm.putAndRegister successfully uploaded and registered mc.root to RAL-USER
2025-08-27T03:51:20,335527Z dirac-jobexec/UserJobFinalization INFO: ===== Terminating 12.0.0a30 ===== 
