WARNING: Parsing of '.cfg' files as command line arguments is changing!
          Set the environment variable 'export DIRAC_NO_CFG=1' to pass the file as a positional
          argument (this will become the default).
          To modify the local configuration use '--cfg <configfile>' instead.
2025-08-27T00:18:22,191890Z dirac-jobexec INFO: JobID: 1164943130
2025-08-27T00:18:22,202745Z dirac-jobexec INFO: DIRAC JobID 1164943130 is running at site LCG.RAL.uk
Executing StepInstance RunScriptStep1 of type ScriptStep1 ['ScriptStep1']
2025-08-27T00:18:24,249670Z dirac-jobexec/CreateDataFile INFO: ===== Executing 12.0.0a30 ===== 
2025-08-27T00:18:24,250869Z dirac-jobexec INFO: Running in MultiProcessor is not allowed here
2025-08-27T00:18:24,251024Z dirac-jobexec/CreateDataFile INFO: Creating Ganga data file data.py from scratch
2025-08-27T00:18:24,591622Z dirac-jobexec/CreateDataFile INFO: Created Ganga data file data.py
2025-08-27T00:18:24,591848Z dirac-jobexec/CreateDataFile INFO: ===== Terminating 12.0.0a30 ===== 
2025-08-27T00:18:24,598442Z dirac-jobexec/LHCbScript INFO: Command is: /cvmfs/lhcb.cern.ch/lhcbdirac/versions/v12.0.0a30-1755085183/Linux-x86_64/bin/python3 jobScript/GaudiExec_afernez_Job_520.4_d9df1e39-3852-412e-950a-87fad13ae701_script.py
2025-08-27T00:29:48,804131Z dirac-jobexec/LHCbScript INFO: /cvmfs/lhcb.cern.ch/lhcbdirac/versions/v12.0.0a30-1755085183/Linux-x86_64/bin/python3 jobScript/GaudiExec_afernez_Job_520.4_d9df1e39-3852-412e-950a-87fad13ae701_script.py execution completed with status 0
2025-08-27T00:29:48,805318Z dirac-jobexec/LHCbScript INFO: Output written to Script1_Ganga_GaudiExec.log, execution complete.
2025-08-27T00:29:49,118792Z dirac-jobexec/LHCbScript INFO: GaudiExec successful
2025-08-27T00:29:49,119828Z dirac-jobexec/LHCbScript INFO: ===== Terminating <class 'LHCbDIRAC.Workflow.Modules.LHCbScript.LHCbScript'> ===== 
2025-08-27T00:29:49,132620Z dirac-jobexec/FileUsage INFO: ===== Executing 12.0.0a30 ===== 
2025-08-27T00:29:49,133193Z dirac-jobexec/FileUsage INFO: Popularity report =  {'/lhcb/MC/2016/ALLSTREAMS.DST/00173812/0000/': 2}
2025-08-27T00:29:49,341431Z dirac-jobexec/FileUsage INFO: Reporting input file usage successful!
2025-08-27T00:29:49,342013Z dirac-jobexec/FileUsage INFO: ===== Terminating 12.0.0a30 ===== 
2025-08-27T00:29:49,349832Z dirac-jobexec/UserJobFinalization INFO: ===== Executing 12.0.0a30 ===== 
2025-08-27T00:29:49,350294Z dirac-jobexec/DIRAC.DataManagementSystem.Utilities.ResolveSE INFO: Resolving workflow output SE description Tier1-USER
2025-08-27T00:29:49,360988Z dirac-jobexec/DIRAC.DataManagementSystem.Utilities.ResolveSE INFO: Found SEs, local first: ['RAL-USER', 'CERN-USER', 'SARA-USER', 'GRIDKA-USER', 'IN2P3-USER', 'PIC-USER', 'CNAF-USER']
2025-08-27T00:29:49,361365Z dirac-jobexec/DIRAC.DataManagementSystem.Utilities.ResolveSE INFO: Resolving workflow output SE description Tier1-Failover
2025-08-27T00:29:49,365251Z dirac-jobexec/DIRAC.DataManagementSystem.Utilities.ResolveSE INFO: Found SEs, local first: ['RAL-FAILOVER', 'SARA-FAILOVER', 'CERN-EOS-FAILOVER', 'PIC-FAILOVER', 'IN2P3-FAILOVER', 'CNAF-FAILOVER', 'GRIDKA-FAILOVER']
2025-08-27T00:29:49,365886Z dirac-jobexec/UserJobFinalization INFO: User specified output file list is: *.root
2025-08-27T00:29:49,366614Z dirac-jobexec/UserJobFinalization INFO: Found a pattern in the output data file list,           extra files to upload are: mc.root
2025-08-27T00:29:49,366712Z dirac-jobexec/UserJobFinalization INFO: Final list of files to upload are: mc.root
2025-08-27T00:29:49,366786Z dirac-jobexec/UserJobFinalization INFO: Constructing user output LFN(s) for mc.root
2025-08-27T00:29:49,605450Z dirac-jobexec/ProductionData INFO: Created the following output data LFN(s):
/lhcb/user/a/afernez/2025_08/1164943/1164943130/mc.root
2025-08-27T00:29:49,605866Z dirac-jobexec/UserJobFinalization INFO: No outputDataFileMask provided, the files with all the extensions will be considered
2025-08-27T00:29:49,606027Z dirac-jobexec/UserJobFinalization INFO: No outputDataStep provided, the files output of all the steps will be considered
2025-08-27T00:29:49,606116Z dirac-jobexec/UserJobFinalization INFO: Will search for POOL GUIDs for: mc.root
2025-08-27T00:29:49,860062Z dirac-jobexec INFO: GUIDs not found from POOL XML Catalogue (and were generated) for: mc.root
2025-08-27T00:29:49,860431Z dirac-jobexec/UserJobFinalization WARN: PoolXMLFile generated GUID(s) for the following files  mc.root
2025-08-27T00:29:49,862474Z dirac-jobexec/DIRAC.DataManagementSystem.Utilities.ResolveSE INFO: Resolving workflow output SE description Tier1-USER
2025-08-27T00:29:49,867093Z dirac-jobexec/DIRAC.DataManagementSystem.Utilities.ResolveSE INFO: Found eligible local SE ['RAL-USER']
2025-08-27T00:29:49,867392Z dirac-jobexec/UserJobFinalization INFO: Ordered list of output SEs is: RAL-USER, CERN-USER, SARA-USER, PIC-USER, IN2P3-USER, CNAF-USER, GRIDKA-USER
2025-08-27T00:29:49,867499Z dirac-jobexec/UserJobFinalization INFO: Creating DISABLE_WATCHDOG_CPU_WALLCLOCK_CHECK in order to disable the Watchdog
2025-08-27T00:29:49,868014Z dirac-jobexec/UserJobFinalization INFO: Attempting to store mc.root to the following SE(s): RAL-USER, CERN-USER, SARA-USER, PIC-USER, IN2P3-USER, CNAF-USER, GRIDKA-USER
2025-08-27T00:29:49,868124Z dirac-jobexec/FailoverTransfer INFO: Attempting dm.putAndRegister ('/lhcb/user/a/afernez/2025_08/1164943/1164943130/mc.root','/tmp/1164943130/mc.root','RAL-USER',guid='F18E1B42-5F7E-B058-2DE4-A20A14904195',catalog='None', checksum = 'a6d120b4')
2025-08-27T00:29:53,605264Z dirac-jobexec/FailoverTransfer INFO: dm.putAndRegister successfully uploaded and registered mc.root to RAL-USER
2025-08-27T00:29:54,012137Z dirac-jobexec/UserJobFinalization INFO: ===== Terminating 12.0.0a30 ===== 
