WARNING: Parsing of '.cfg' files as command line arguments is changing!
          Set the environment variable 'export DIRAC_NO_CFG=1' to pass the file as a positional
          argument (this will become the default).
          To modify the local configuration use '--cfg <configfile>' instead.
2025-08-27T00:20:40,070472Z dirac-jobexec INFO: JobID: 1164942872
2025-08-27T00:20:40,081002Z dirac-jobexec INFO: DIRAC JobID 1164942872 is running at site LCG.CERN.cern
Executing StepInstance RunScriptStep1 of type ScriptStep1 ['ScriptStep1']
2025-08-27T00:20:42,022091Z dirac-jobexec/CreateDataFile INFO: ===== Executing 12.0.0a30 ===== 
2025-08-27T00:20:42,022955Z dirac-jobexec INFO: Running in MultiProcessor is not allowed here
2025-08-27T00:20:42,023079Z dirac-jobexec/CreateDataFile INFO: Creating Ganga data file data.py from scratch
2025-08-27T00:20:42,189352Z dirac-jobexec/CreateDataFile INFO: Created Ganga data file data.py
2025-08-27T00:20:42,189574Z dirac-jobexec/CreateDataFile INFO: ===== Terminating 12.0.0a30 ===== 
2025-08-27T00:20:42,198274Z dirac-jobexec/LHCbScript INFO: Command is: /cvmfs/lhcb.cern.ch/lhcbdirac/versions/v12.0.0a30-1755085183/Linux-x86_64/bin/python3 jobScript/GaudiExec_afernez_Job_511.5_8c77bce8-520e-4300-882d-a080f63d115a_script.py
2025-08-27T04:38:45,868142Z dirac-jobexec/LHCbScript INFO: /cvmfs/lhcb.cern.ch/lhcbdirac/versions/v12.0.0a30-1755085183/Linux-x86_64/bin/python3 jobScript/GaudiExec_afernez_Job_511.5_8c77bce8-520e-4300-882d-a080f63d115a_script.py execution completed with status 0
2025-08-27T04:38:45,869187Z dirac-jobexec/LHCbScript INFO: Output written to Script1_Ganga_GaudiExec.log, execution complete.
2025-08-27T04:38:46,095275Z dirac-jobexec/LHCbScript INFO: GaudiExec successful
2025-08-27T04:38:46,100971Z dirac-jobexec/LHCbScript INFO: ===== Terminating <class 'LHCbDIRAC.Workflow.Modules.LHCbScript.LHCbScript'> ===== 
2025-08-27T04:38:46,508558Z dirac-jobexec/FileUsage INFO: ===== Executing 12.0.0a30 ===== 
2025-08-27T04:38:46,509079Z dirac-jobexec/FileUsage INFO: Popularity report =  {'/lhcb/MC/2016/D0TAUNU.SAFESTRIPTRIG.DST/00140819/0000/': 3}
2025-08-27T04:38:46,605569Z dirac-jobexec/FileUsage INFO: Reporting input file usage successful!
2025-08-27T04:38:46,605870Z dirac-jobexec/FileUsage INFO: ===== Terminating 12.0.0a30 ===== 
2025-08-27T04:38:46,614059Z dirac-jobexec/UserJobFinalization INFO: ===== Executing 12.0.0a30 ===== 
2025-08-27T04:38:46,614288Z dirac-jobexec/DIRAC.DataManagementSystem.Utilities.ResolveSE INFO: Resolving workflow output SE description Tier1-USER
2025-08-27T04:38:46,626287Z dirac-jobexec/DIRAC.DataManagementSystem.Utilities.ResolveSE INFO: Found SEs, local first: ['CERN-USER', 'RAL-USER', 'PIC-USER', 'IN2P3-USER', 'GRIDKA-USER', 'SARA-USER', 'CNAF-USER']
2025-08-27T04:38:46,626499Z dirac-jobexec/DIRAC.DataManagementSystem.Utilities.ResolveSE INFO: Resolving workflow output SE description Tier1-Failover
2025-08-27T04:38:46,632115Z dirac-jobexec/DIRAC.DataManagementSystem.Utilities.ResolveSE INFO: Found SEs, local first: ['CERN-EOS-FAILOVER', 'CNAF-FAILOVER', 'SARA-FAILOVER', 'RAL-FAILOVER', 'PIC-FAILOVER', 'IN2P3-FAILOVER', 'GRIDKA-FAILOVER']
2025-08-27T04:38:46,632552Z dirac-jobexec/UserJobFinalization INFO: User specified output file list is: *.root
2025-08-27T04:38:46,633236Z dirac-jobexec/UserJobFinalization INFO: Found a pattern in the output data file list,           extra files to upload are: mc.root
2025-08-27T04:38:46,633374Z dirac-jobexec/UserJobFinalization INFO: Final list of files to upload are: mc.root
2025-08-27T04:38:46,633463Z dirac-jobexec/UserJobFinalization INFO: Constructing user output LFN(s) for mc.root
2025-08-27T04:38:46,742547Z dirac-jobexec/ProductionData INFO: Created the following output data LFN(s):
/lhcb/user/a/afernez/2025_08/1164942/1164942872/mc.root
2025-08-27T04:38:46,742985Z dirac-jobexec/UserJobFinalization INFO: No outputDataFileMask provided, the files with all the extensions will be considered
2025-08-27T04:38:46,743130Z dirac-jobexec/UserJobFinalization INFO: No outputDataStep provided, the files output of all the steps will be considered
2025-08-27T04:38:46,743237Z dirac-jobexec/UserJobFinalization INFO: Will search for POOL GUIDs for: mc.root
2025-08-27T04:38:46,950782Z dirac-jobexec INFO: GUIDs not found from POOL XML Catalogue (and were generated) for: mc.root
2025-08-27T04:38:46,951316Z dirac-jobexec/UserJobFinalization WARN: PoolXMLFile generated GUID(s) for the following files  mc.root
2025-08-27T04:38:47,374982Z dirac-jobexec/DIRAC.DataManagementSystem.Utilities.ResolveSE INFO: Resolving workflow output SE description Tier1-USER
2025-08-27T04:38:47,382253Z dirac-jobexec/DIRAC.DataManagementSystem.Utilities.ResolveSE INFO: Found eligible local SE ['CERN-USER']
2025-08-27T04:38:47,382524Z dirac-jobexec/UserJobFinalization INFO: Ordered list of output SEs is: CERN-USER, CNAF-USER, GRIDKA-USER, PIC-USER, IN2P3-USER, RAL-USER, SARA-USER
2025-08-27T04:38:47,382658Z dirac-jobexec/UserJobFinalization INFO: Creating DISABLE_WATCHDOG_CPU_WALLCLOCK_CHECK in order to disable the Watchdog
2025-08-27T04:38:47,384051Z dirac-jobexec/UserJobFinalization INFO: Attempting to store mc.root to the following SE(s): CERN-USER, CNAF-USER, GRIDKA-USER, PIC-USER, IN2P3-USER, RAL-USER, SARA-USER
2025-08-27T04:38:47,384223Z dirac-jobexec/FailoverTransfer INFO: Attempting dm.putAndRegister ('/lhcb/user/a/afernez/2025_08/1164942/1164942872/mc.root','/tmp/1164942872/mc.root','CERN-USER',guid='8CDF30E2-50C9-F423-6C1E-3D6525A768F5',catalog='None', checksum = '819b6b48')
2025-08-27T04:38:49,634217Z dirac-jobexec/FailoverTransfer INFO: dm.putAndRegister successfully uploaded and registered mc.root to CERN-USER
2025-08-27T04:38:49,843978Z dirac-jobexec/UserJobFinalization INFO: ===== Terminating 12.0.0a30 ===== 
