WARNING: Parsing of '.cfg' files as command line arguments is changing!
          Set the environment variable 'export DIRAC_NO_CFG=1' to pass the file as a positional
          argument (this will become the default).
          To modify the local configuration use '--cfg <configfile>' instead.
2025-08-26T23:26:39,203921Z dirac-jobexec INFO: JobID: 1164942769
2025-08-26T23:26:39,209801Z dirac-jobexec INFO: DIRAC JobID 1164942769 is running at site LCG.CNAF.it
Executing StepInstance RunScriptStep1 of type ScriptStep1 ['ScriptStep1']
2025-08-26T23:26:40,514652Z dirac-jobexec/CreateDataFile INFO: ===== Executing 12.0.0a30 ===== 
2025-08-26T23:26:40,515503Z dirac-jobexec INFO: Running in MultiProcessor is not allowed here
2025-08-26T23:26:40,515610Z dirac-jobexec/CreateDataFile INFO: Creating Ganga data file data.py from scratch
2025-08-26T23:26:40,802980Z dirac-jobexec/CreateDataFile INFO: Created Ganga data file data.py
2025-08-26T23:26:40,803568Z dirac-jobexec/CreateDataFile INFO: ===== Terminating 12.0.0a30 ===== 
2025-08-26T23:26:40,807535Z dirac-jobexec/LHCbScript INFO: Command is: /cvmfs/lhcb.cern.ch/lhcbdirac/versions/v12.0.0a30-1755085183/Linux-x86_64/bin/python3 jobScript/GaudiExec_afernez_Job_504.2_7d1fc639-e1d7-4824-a878-0f96a5b07652_script.py
2025-08-27T02:58:35,014968Z dirac-jobexec/LHCbScript INFO: /cvmfs/lhcb.cern.ch/lhcbdirac/versions/v12.0.0a30-1755085183/Linux-x86_64/bin/python3 jobScript/GaudiExec_afernez_Job_504.2_7d1fc639-e1d7-4824-a878-0f96a5b07652_script.py execution completed with status 0
2025-08-27T02:58:35,016780Z dirac-jobexec/LHCbScript INFO: Output written to Script1_Ganga_GaudiExec.log, execution complete.
2025-08-27T02:58:35,317748Z dirac-jobexec/LHCbScript INFO: GaudiExec successful
2025-08-27T02:58:35,318167Z dirac-jobexec/LHCbScript INFO: ===== Terminating <class 'LHCbDIRAC.Workflow.Modules.LHCbScript.LHCbScript'> ===== 
2025-08-27T02:58:35,530354Z dirac-jobexec/FileUsage INFO: ===== Executing 12.0.0a30 ===== 
2025-08-27T02:58:35,530789Z dirac-jobexec/FileUsage INFO: Popularity report =  {'/lhcb/MC/2016/D0TAUNU.SAFESTRIPTRIG.DST/00140792/0000/': 3}
2025-08-27T02:58:35,743860Z dirac-jobexec/FileUsage INFO: Reporting input file usage successful!
2025-08-27T02:58:35,744423Z dirac-jobexec/FileUsage INFO: ===== Terminating 12.0.0a30 ===== 
2025-08-27T02:58:35,750240Z dirac-jobexec/UserJobFinalization INFO: ===== Executing 12.0.0a30 ===== 
2025-08-27T02:58:35,750520Z dirac-jobexec/DIRAC.DataManagementSystem.Utilities.ResolveSE INFO: Resolving workflow output SE description Tier1-USER
2025-08-27T02:58:35,755670Z dirac-jobexec/DIRAC.DataManagementSystem.Utilities.ResolveSE INFO: Found SEs, local first: ['CNAF-USER', 'RAL-USER', 'GRIDKA-USER', 'IN2P3-USER', 'CERN-USER', 'SARA-USER', 'PIC-USER']
2025-08-27T02:58:35,755893Z dirac-jobexec/DIRAC.DataManagementSystem.Utilities.ResolveSE INFO: Resolving workflow output SE description Tier1-Failover
2025-08-27T02:58:35,759105Z dirac-jobexec/DIRAC.DataManagementSystem.Utilities.ResolveSE INFO: Found SEs, local first: ['CNAF-FAILOVER', 'PIC-FAILOVER', 'IN2P3-FAILOVER', 'RAL-FAILOVER', 'SARA-FAILOVER', 'GRIDKA-FAILOVER', 'CERN-EOS-FAILOVER']
2025-08-27T02:58:35,759468Z dirac-jobexec/UserJobFinalization INFO: User specified output file list is: *.root
2025-08-27T02:58:35,760255Z dirac-jobexec/UserJobFinalization INFO: Found a pattern in the output data file list,           extra files to upload are: mc.root
2025-08-27T02:58:35,760402Z dirac-jobexec/UserJobFinalization INFO: Final list of files to upload are: mc.root
2025-08-27T02:58:35,760702Z dirac-jobexec/UserJobFinalization INFO: Constructing user output LFN(s) for mc.root
2025-08-27T02:58:35,925571Z dirac-jobexec/ProductionData INFO: Created the following output data LFN(s):
/lhcb/user/a/afernez/2025_08/1164942/1164942769/mc.root
2025-08-27T02:58:35,926388Z dirac-jobexec/UserJobFinalization INFO: No outputDataFileMask provided, the files with all the extensions will be considered
2025-08-27T02:58:35,926570Z dirac-jobexec/UserJobFinalization INFO: No outputDataStep provided, the files output of all the steps will be considered
2025-08-27T02:58:35,927001Z dirac-jobexec/UserJobFinalization INFO: Will search for POOL GUIDs for: mc.root
2025-08-27T02:58:36,077230Z dirac-jobexec INFO: GUIDs not found from POOL XML Catalogue (and were generated) for: mc.root
2025-08-27T02:58:36,077897Z dirac-jobexec/UserJobFinalization WARN: PoolXMLFile generated GUID(s) for the following files  mc.root
2025-08-27T02:58:36,362627Z dirac-jobexec/DIRAC.DataManagementSystem.Utilities.ResolveSE INFO: Resolving workflow output SE description Tier1-USER
2025-08-27T02:58:36,366202Z dirac-jobexec/DIRAC.DataManagementSystem.Utilities.ResolveSE INFO: Found eligible local SE ['CNAF-USER']
2025-08-27T02:58:36,366467Z dirac-jobexec/UserJobFinalization INFO: Ordered list of output SEs is: CNAF-USER, IN2P3-USER, PIC-USER, SARA-USER, CERN-USER, GRIDKA-USER, RAL-USER
2025-08-27T02:58:36,366926Z dirac-jobexec/UserJobFinalization INFO: Creating DISABLE_WATCHDOG_CPU_WALLCLOCK_CHECK in order to disable the Watchdog
2025-08-27T02:58:36,367331Z dirac-jobexec/UserJobFinalization INFO: Attempting to store mc.root to the following SE(s): CNAF-USER, IN2P3-USER, PIC-USER, SARA-USER, CERN-USER, GRIDKA-USER, RAL-USER
2025-08-27T02:58:36,367709Z dirac-jobexec/FailoverTransfer INFO: Attempting dm.putAndRegister ('/lhcb/user/a/afernez/2025_08/1164942/1164942769/mc.root','/tmp/1164942769/mc.root','CNAF-USER',guid='AD61B024-9AC9-418C-FAE7-3068321794D8',catalog='None', checksum = '92910f7d')
2025-08-27T02:58:40,992504Z dirac-jobexec/FailoverTransfer INFO: dm.putAndRegister successfully uploaded and registered mc.root to CNAF-USER
2025-08-27T02:58:41,343986Z dirac-jobexec/UserJobFinalization INFO: ===== Terminating 12.0.0a30 ===== 
