WARNING: Parsing of '.cfg' files as command line arguments is changing!
          Set the environment variable 'export DIRAC_NO_CFG=1' to pass the file as a positional
          argument (this will become the default).
          To modify the local configuration use '--cfg <configfile>' instead.
2025-08-27T04:59:19,350758Z dirac-jobexec INFO: JobID: 1164942814
2025-08-27T04:59:19,357573Z dirac-jobexec INFO: DIRAC JobID 1164942814 is running at site LCG.IN2P3.fr
Executing StepInstance RunScriptStep1 of type ScriptStep1 ['ScriptStep1']
2025-08-27T04:59:20,870379Z dirac-jobexec/CreateDataFile INFO: ===== Executing 12.0.0a30 ===== 
2025-08-27T04:59:20,871127Z dirac-jobexec INFO: Running in MultiProcessor is not allowed here
2025-08-27T04:59:20,871236Z dirac-jobexec/CreateDataFile INFO: Creating Ganga data file data.py from scratch
2025-08-27T04:59:21,038611Z dirac-jobexec/CreateDataFile INFO: Created Ganga data file data.py
2025-08-27T04:59:21,038928Z dirac-jobexec/CreateDataFile INFO: ===== Terminating 12.0.0a30 ===== 
2025-08-27T04:59:21,043520Z dirac-jobexec/LHCbScript INFO: Command is: /cvmfs/lhcb.cern.ch/lhcbdirac/versions/v12.0.0a30-1755085183/Linux-x86_64/bin/python3 jobScript/GaudiExec_afernez_Job_509.3_1c52fda8-fffc-48c0-a287-433c29024e7d_script.py
2025-08-27T08:26:36,042971Z dirac-jobexec/LHCbScript INFO: /cvmfs/lhcb.cern.ch/lhcbdirac/versions/v12.0.0a30-1755085183/Linux-x86_64/bin/python3 jobScript/GaudiExec_afernez_Job_509.3_1c52fda8-fffc-48c0-a287-433c29024e7d_script.py execution completed with status 0
2025-08-27T08:26:36,045168Z dirac-jobexec/LHCbScript INFO: Output written to Script1_Ganga_GaudiExec.log, execution complete.
2025-08-27T08:26:36,282369Z dirac-jobexec/LHCbScript INFO: GaudiExec successful
2025-08-27T08:26:36,288424Z dirac-jobexec/LHCbScript INFO: ===== Terminating <class 'LHCbDIRAC.Workflow.Modules.LHCbScript.LHCbScript'> ===== 
2025-08-27T08:26:36,422881Z dirac-jobexec/FileUsage INFO: ===== Executing 12.0.0a30 ===== 
2025-08-27T08:26:36,423783Z dirac-jobexec/FileUsage INFO: Popularity report =  {'/lhcb/MC/2016/D0TAUNU.SAFESTRIPTRIG.DST/00140810/0000/': 3}
2025-08-27T08:26:36,498647Z dirac-jobexec/FileUsage INFO: Reporting input file usage successful!
2025-08-27T08:26:36,498940Z dirac-jobexec/FileUsage INFO: ===== Terminating 12.0.0a30 ===== 
2025-08-27T08:26:36,503381Z dirac-jobexec/UserJobFinalization INFO: ===== Executing 12.0.0a30 ===== 
2025-08-27T08:26:36,503549Z dirac-jobexec/DIRAC.DataManagementSystem.Utilities.ResolveSE INFO: Resolving workflow output SE description Tier1-USER
2025-08-27T08:26:36,508421Z dirac-jobexec/DIRAC.DataManagementSystem.Utilities.ResolveSE INFO: Found SEs, local first: ['IN2P3-USER', 'PIC-USER', 'RAL-USER', 'CNAF-USER', 'GRIDKA-USER', 'SARA-USER', 'CERN-USER']
2025-08-27T08:26:36,508539Z dirac-jobexec/DIRAC.DataManagementSystem.Utilities.ResolveSE INFO: Resolving workflow output SE description Tier1-Failover
2025-08-27T08:26:36,510727Z dirac-jobexec/DIRAC.DataManagementSystem.Utilities.ResolveSE INFO: Found SEs, local first: ['IN2P3-FAILOVER', 'SARA-FAILOVER', 'RAL-FAILOVER', 'GRIDKA-FAILOVER', 'PIC-FAILOVER', 'CERN-EOS-FAILOVER', 'CNAF-FAILOVER']
2025-08-27T08:26:36,510970Z dirac-jobexec/UserJobFinalization INFO: User specified output file list is: *.root
2025-08-27T08:26:36,511531Z dirac-jobexec/UserJobFinalization INFO: Found a pattern in the output data file list,           extra files to upload are: mc.root
2025-08-27T08:26:36,511594Z dirac-jobexec/UserJobFinalization INFO: Final list of files to upload are: mc.root
2025-08-27T08:26:36,511641Z dirac-jobexec/UserJobFinalization INFO: Constructing user output LFN(s) for mc.root
2025-08-27T08:26:36,583064Z dirac-jobexec/ProductionData INFO: Created the following output data LFN(s):
/lhcb/user/a/afernez/2025_08/1164942/1164942814/mc.root
2025-08-27T08:26:36,583584Z dirac-jobexec/UserJobFinalization INFO: No outputDataFileMask provided, the files with all the extensions will be considered
2025-08-27T08:26:36,583889Z dirac-jobexec/UserJobFinalization INFO: No outputDataStep provided, the files output of all the steps will be considered
2025-08-27T08:26:36,584077Z dirac-jobexec/UserJobFinalization INFO: Will search for POOL GUIDs for: mc.root
2025-08-27T08:26:36,762263Z dirac-jobexec INFO: GUIDs not found from POOL XML Catalogue (and were generated) for: mc.root
2025-08-27T08:26:36,762707Z dirac-jobexec/UserJobFinalization WARN: PoolXMLFile generated GUID(s) for the following files  mc.root
2025-08-27T08:26:37,041452Z dirac-jobexec/DIRAC.DataManagementSystem.Utilities.ResolveSE INFO: Resolving workflow output SE description Tier1-USER
2025-08-27T08:26:37,044610Z dirac-jobexec/DIRAC.DataManagementSystem.Utilities.ResolveSE INFO: Found eligible local SE ['IN2P3-USER']
2025-08-27T08:26:37,044998Z dirac-jobexec/UserJobFinalization INFO: Ordered list of output SEs is: IN2P3-USER, PIC-USER, CNAF-USER, SARA-USER, RAL-USER, CERN-USER, GRIDKA-USER
2025-08-27T08:26:37,045139Z dirac-jobexec/UserJobFinalization INFO: Creating DISABLE_WATCHDOG_CPU_WALLCLOCK_CHECK in order to disable the Watchdog
2025-08-27T08:26:37,045642Z dirac-jobexec/UserJobFinalization INFO: Attempting to store mc.root to the following SE(s): IN2P3-USER, PIC-USER, CNAF-USER, SARA-USER, RAL-USER, CERN-USER, GRIDKA-USER
2025-08-27T08:26:37,045764Z dirac-jobexec/FailoverTransfer INFO: Attempting dm.putAndRegister ('/lhcb/user/a/afernez/2025_08/1164942/1164942814/mc.root','/tmp/1164942814/mc.root','IN2P3-USER',guid='05959D68-3087-0581-04C4-A1E9320F1146',catalog='None', checksum = '22de1c15')
2025-08-27T08:26:39,133279Z dirac-jobexec/FailoverTransfer INFO: dm.putAndRegister successfully uploaded and registered mc.root to IN2P3-USER
2025-08-27T08:26:39,322444Z dirac-jobexec/UserJobFinalization INFO: ===== Terminating 12.0.0a30 ===== 
