WARNING: Parsing of '.cfg' files as command line arguments is changing!
          Set the environment variable 'export DIRAC_NO_CFG=1' to pass the file as a positional
          argument (this will become the default).
          To modify the local configuration use '--cfg <configfile>' instead.
2025-08-26T23:47:46,072875Z dirac-jobexec INFO: JobID: 1164942871
2025-08-26T23:47:46,080701Z dirac-jobexec INFO: DIRAC JobID 1164942871 is running at site LCG.SARA.nl
Executing StepInstance RunScriptStep1 of type ScriptStep1 ['ScriptStep1']
2025-08-26T23:47:47,669226Z dirac-jobexec/CreateDataFile INFO: ===== Executing 12.0.0a30 ===== 
2025-08-26T23:47:47,670759Z dirac-jobexec INFO: Running in MultiProcessor is not allowed here
2025-08-26T23:47:47,671101Z dirac-jobexec/CreateDataFile INFO: Creating Ganga data file data.py from scratch
2025-08-26T23:47:48,039123Z dirac-jobexec/CreateDataFile INFO: Created Ganga data file data.py
2025-08-26T23:47:48,039585Z dirac-jobexec/CreateDataFile INFO: ===== Terminating 12.0.0a30 ===== 
2025-08-26T23:47:48,045551Z dirac-jobexec/LHCbScript INFO: Command is: /cvmfs/lhcb.cern.ch/lhcbdirac/versions/v12.0.0a30-1755085183/Linux-x86_64/bin/python3 jobScript/GaudiExec_afernez_Job_511.4_8c77bce8-520e-4300-882d-a080f63d115a_script.py
2025-08-27T03:31:20,606266Z dirac-jobexec/LHCbScript INFO: /cvmfs/lhcb.cern.ch/lhcbdirac/versions/v12.0.0a30-1755085183/Linux-x86_64/bin/python3 jobScript/GaudiExec_afernez_Job_511.4_8c77bce8-520e-4300-882d-a080f63d115a_script.py execution completed with status 0
2025-08-27T03:31:20,607173Z dirac-jobexec/LHCbScript INFO: Output written to Script1_Ganga_GaudiExec.log, execution complete.
2025-08-27T03:31:20,914851Z dirac-jobexec/LHCbScript INFO: GaudiExec successful
2025-08-27T03:31:20,915485Z dirac-jobexec/LHCbScript INFO: ===== Terminating <class 'LHCbDIRAC.Workflow.Modules.LHCbScript.LHCbScript'> ===== 
2025-08-27T03:31:21,118472Z dirac-jobexec/FileUsage INFO: ===== Executing 12.0.0a30 ===== 
2025-08-27T03:31:21,118867Z dirac-jobexec/FileUsage INFO: Popularity report =  {'/lhcb/MC/2016/D0TAUNU.SAFESTRIPTRIG.DST/00140819/0000/': 3}
2025-08-27T03:31:21,356405Z dirac-jobexec/FileUsage INFO: Reporting input file usage successful!
2025-08-27T03:31:21,356892Z dirac-jobexec/FileUsage INFO: ===== Terminating 12.0.0a30 ===== 
2025-08-27T03:31:21,362230Z dirac-jobexec/UserJobFinalization INFO: ===== Executing 12.0.0a30 ===== 
2025-08-27T03:31:21,362583Z dirac-jobexec/DIRAC.DataManagementSystem.Utilities.ResolveSE INFO: Resolving workflow output SE description Tier1-USER
2025-08-27T03:31:21,369059Z dirac-jobexec/DIRAC.DataManagementSystem.Utilities.ResolveSE INFO: Found SEs, local first: ['SARA-USER', 'CNAF-USER', 'IN2P3-USER', 'GRIDKA-USER', 'RAL-USER', 'CERN-USER', 'PIC-USER']
2025-08-27T03:31:21,369438Z dirac-jobexec/DIRAC.DataManagementSystem.Utilities.ResolveSE INFO: Resolving workflow output SE description Tier1-Failover
2025-08-27T03:31:21,372227Z dirac-jobexec/DIRAC.DataManagementSystem.Utilities.ResolveSE INFO: Found SEs, local first: ['SARA-FAILOVER', 'CNAF-FAILOVER', 'PIC-FAILOVER', 'CERN-EOS-FAILOVER', 'GRIDKA-FAILOVER', 'IN2P3-FAILOVER', 'RAL-FAILOVER']
2025-08-27T03:31:21,372638Z dirac-jobexec/UserJobFinalization INFO: User specified output file list is: *.root
2025-08-27T03:31:21,373242Z dirac-jobexec/UserJobFinalization INFO: Found a pattern in the output data file list,           extra files to upload are: mc.root
2025-08-27T03:31:21,373405Z dirac-jobexec/UserJobFinalization INFO: Final list of files to upload are: mc.root
2025-08-27T03:31:21,373605Z dirac-jobexec/UserJobFinalization INFO: Constructing user output LFN(s) for mc.root
2025-08-27T03:31:21,576068Z dirac-jobexec/ProductionData INFO: Created the following output data LFN(s):
/lhcb/user/a/afernez/2025_08/1164942/1164942871/mc.root
2025-08-27T03:31:21,576791Z dirac-jobexec/UserJobFinalization INFO: No outputDataFileMask provided, the files with all the extensions will be considered
2025-08-27T03:31:21,576975Z dirac-jobexec/UserJobFinalization INFO: No outputDataStep provided, the files output of all the steps will be considered
2025-08-27T03:31:21,577204Z dirac-jobexec/UserJobFinalization INFO: Will search for POOL GUIDs for: mc.root
2025-08-27T03:31:21,785247Z dirac-jobexec INFO: GUIDs not found from POOL XML Catalogue (and were generated) for: mc.root
2025-08-27T03:31:21,785817Z dirac-jobexec/UserJobFinalization WARN: PoolXMLFile generated GUID(s) for the following files  mc.root
2025-08-27T03:31:22,076324Z dirac-jobexec/DIRAC.DataManagementSystem.Utilities.ResolveSE INFO: Resolving workflow output SE description Tier1-USER
2025-08-27T03:31:22,079728Z dirac-jobexec/DIRAC.DataManagementSystem.Utilities.ResolveSE INFO: Found eligible local SE ['SARA-USER']
2025-08-27T03:31:22,080020Z dirac-jobexec/UserJobFinalization INFO: Ordered list of output SEs is: SARA-USER, RAL-USER, CERN-USER, IN2P3-USER, CNAF-USER, GRIDKA-USER, PIC-USER
2025-08-27T03:31:22,080249Z dirac-jobexec/UserJobFinalization INFO: Creating DISABLE_WATCHDOG_CPU_WALLCLOCK_CHECK in order to disable the Watchdog
2025-08-27T03:31:22,080734Z dirac-jobexec/UserJobFinalization INFO: Attempting to store mc.root to the following SE(s): SARA-USER, RAL-USER, CERN-USER, IN2P3-USER, CNAF-USER, GRIDKA-USER, PIC-USER
2025-08-27T03:31:22,080976Z dirac-jobexec/FailoverTransfer INFO: Attempting dm.putAndRegister ('/lhcb/user/a/afernez/2025_08/1164942/1164942871/mc.root','/tmp/1164942871/mc.root','SARA-USER',guid='F7AB890A-CF44-A7A1-E748-D7460EC6ED14',catalog='None', checksum = '090f4a96')
2025-08-27T03:31:25,605995Z dirac-jobexec/FailoverTransfer INFO: dm.putAndRegister successfully uploaded and registered mc.root to SARA-USER
2025-08-27T03:31:25,976298Z dirac-jobexec/UserJobFinalization INFO: ===== Terminating 12.0.0a30 ===== 
