WARNING: Parsing of '.cfg' files as command line arguments is changing!
          Set the environment variable 'export DIRAC_NO_CFG=1' to pass the file as a positional
          argument (this will become the default).
          To modify the local configuration use '--cfg <configfile>' instead.
2025-08-27T05:04:06,458623Z dirac-jobexec INFO: JobID: 1164942662
2025-08-27T05:04:06,465920Z dirac-jobexec INFO: DIRAC JobID 1164942662 is running at site LCG.IN2P3.fr
Executing StepInstance RunScriptStep1 of type ScriptStep1 ['ScriptStep1']
2025-08-27T05:04:09,393521Z dirac-jobexec/CreateDataFile INFO: ===== Executing 12.0.0a30 ===== 
2025-08-27T05:04:09,394321Z dirac-jobexec INFO: Running in MultiProcessor is not allowed here
2025-08-27T05:04:09,394435Z dirac-jobexec/CreateDataFile INFO: Creating Ganga data file data.py from scratch
2025-08-27T05:04:09,587543Z dirac-jobexec/CreateDataFile INFO: Created Ganga data file data.py
2025-08-27T05:04:09,587728Z dirac-jobexec/CreateDataFile INFO: ===== Terminating 12.0.0a30 ===== 
2025-08-27T05:04:09,592465Z dirac-jobexec/LHCbScript INFO: Command is: /cvmfs/lhcb.cern.ch/lhcbdirac/versions/v12.0.0a30-1755085183/Linux-x86_64/bin/python3 jobScript/GaudiExec_afernez_Job_497.2_77a35ccd-f9fa-4a45-a85b-2c835de365bf_script.py
2025-08-27T06:30:22,021487Z dirac-jobexec/LHCbScript INFO: /cvmfs/lhcb.cern.ch/lhcbdirac/versions/v12.0.0a30-1755085183/Linux-x86_64/bin/python3 jobScript/GaudiExec_afernez_Job_497.2_77a35ccd-f9fa-4a45-a85b-2c835de365bf_script.py execution completed with status 0
2025-08-27T06:30:22,022311Z dirac-jobexec/LHCbScript INFO: Output written to Script1_Ganga_GaudiExec.log, execution complete.
2025-08-27T06:30:22,268173Z dirac-jobexec/LHCbScript INFO: GaudiExec successful
2025-08-27T06:30:22,268724Z dirac-jobexec/LHCbScript INFO: ===== Terminating <class 'LHCbDIRAC.Workflow.Modules.LHCbScript.LHCbScript'> ===== 
2025-08-27T06:30:22,277591Z dirac-jobexec/FileUsage INFO: ===== Executing 12.0.0a30 ===== 
2025-08-27T06:30:22,277955Z dirac-jobexec/FileUsage INFO: Popularity report =  {'/lhcb/MC/2016/D0TAUNU.SAFESTRIPTRIG.DST/00140834/0000/': 3}
2025-08-27T06:30:22,347886Z dirac-jobexec/FileUsage INFO: Reporting input file usage successful!
2025-08-27T06:30:22,348220Z dirac-jobexec/FileUsage INFO: ===== Terminating 12.0.0a30 ===== 
2025-08-27T06:30:22,353768Z dirac-jobexec/UserJobFinalization INFO: ===== Executing 12.0.0a30 ===== 
2025-08-27T06:30:22,353917Z dirac-jobexec/DIRAC.DataManagementSystem.Utilities.ResolveSE INFO: Resolving workflow output SE description Tier1-USER
2025-08-27T06:30:22,361480Z dirac-jobexec/DIRAC.DataManagementSystem.Utilities.ResolveSE INFO: Found SEs, local first: ['IN2P3-USER', 'CNAF-USER', 'RAL-USER', 'GRIDKA-USER', 'CERN-USER', 'PIC-USER', 'SARA-USER']
2025-08-27T06:30:22,361630Z dirac-jobexec/DIRAC.DataManagementSystem.Utilities.ResolveSE INFO: Resolving workflow output SE description Tier1-Failover
2025-08-27T06:30:22,364583Z dirac-jobexec/DIRAC.DataManagementSystem.Utilities.ResolveSE INFO: Found SEs, local first: ['IN2P3-FAILOVER', 'RAL-FAILOVER', 'CNAF-FAILOVER', 'SARA-FAILOVER', 'PIC-FAILOVER', 'GRIDKA-FAILOVER', 'CERN-EOS-FAILOVER']
2025-08-27T06:30:22,364891Z dirac-jobexec/UserJobFinalization INFO: User specified output file list is: *.root
2025-08-27T06:30:22,365349Z dirac-jobexec/UserJobFinalization INFO: Found a pattern in the output data file list,           extra files to upload are: mc.root
2025-08-27T06:30:22,365420Z dirac-jobexec/UserJobFinalization INFO: Final list of files to upload are: mc.root
2025-08-27T06:30:22,365480Z dirac-jobexec/UserJobFinalization INFO: Constructing user output LFN(s) for mc.root
2025-08-27T06:30:22,464557Z dirac-jobexec/ProductionData INFO: Created the following output data LFN(s):
/lhcb/user/a/afernez/2025_08/1164942/1164942662/mc.root
2025-08-27T06:30:22,464791Z dirac-jobexec/UserJobFinalization INFO: No outputDataFileMask provided, the files with all the extensions will be considered
2025-08-27T06:30:22,464848Z dirac-jobexec/UserJobFinalization INFO: No outputDataStep provided, the files output of all the steps will be considered
2025-08-27T06:30:22,464914Z dirac-jobexec/UserJobFinalization INFO: Will search for POOL GUIDs for: mc.root
2025-08-27T06:30:22,546828Z dirac-jobexec INFO: GUIDs not found from POOL XML Catalogue (and were generated) for: mc.root
2025-08-27T06:30:22,547036Z dirac-jobexec/UserJobFinalization WARN: PoolXMLFile generated GUID(s) for the following files  mc.root
2025-08-27T06:30:22,660070Z dirac-jobexec/DIRAC.DataManagementSystem.Utilities.ResolveSE INFO: Resolving workflow output SE description Tier1-USER
2025-08-27T06:30:22,663515Z dirac-jobexec/DIRAC.DataManagementSystem.Utilities.ResolveSE INFO: Found eligible local SE ['IN2P3-USER']
2025-08-27T06:30:22,663650Z dirac-jobexec/UserJobFinalization INFO: Ordered list of output SEs is: IN2P3-USER, RAL-USER, CERN-USER, PIC-USER, GRIDKA-USER, CNAF-USER, SARA-USER
2025-08-27T06:30:22,663735Z dirac-jobexec/UserJobFinalization INFO: Creating DISABLE_WATCHDOG_CPU_WALLCLOCK_CHECK in order to disable the Watchdog
2025-08-27T06:30:22,664035Z dirac-jobexec/UserJobFinalization INFO: Attempting to store mc.root to the following SE(s): IN2P3-USER, RAL-USER, CERN-USER, PIC-USER, GRIDKA-USER, CNAF-USER, SARA-USER
2025-08-27T06:30:22,664112Z dirac-jobexec/FailoverTransfer INFO: Attempting dm.putAndRegister ('/lhcb/user/a/afernez/2025_08/1164942/1164942662/mc.root','/tmp/1164942662/mc.root','IN2P3-USER',guid='314A0170-0213-E79F-A53C-2B011EDA94DB',catalog='None', checksum = '9211b406')
2025-08-27T06:30:24,460784Z dirac-jobexec/FailoverTransfer INFO: dm.putAndRegister successfully uploaded and registered mc.root to IN2P3-USER
2025-08-27T06:30:24,746728Z dirac-jobexec/UserJobFinalization INFO: ===== Terminating 12.0.0a30 ===== 
