WARNING: Parsing of '.cfg' files as command line arguments is changing!
          Set the environment variable 'export DIRAC_NO_CFG=1' to pass the file as a positional
          argument (this will become the default).
          To modify the local configuration use '--cfg <configfile>' instead.
2025-08-27T00:19:06,747345Z dirac-jobexec INFO: JobID: 1164943200
2025-08-27T00:19:06,753903Z dirac-jobexec INFO: DIRAC JobID 1164943200 is running at site LCG.RAL.uk
Executing StepInstance RunScriptStep1 of type ScriptStep1 ['ScriptStep1']
2025-08-27T00:19:08,815788Z dirac-jobexec/CreateDataFile INFO: ===== Executing 12.0.0a30 ===== 
2025-08-27T00:19:08,816959Z dirac-jobexec INFO: Running in MultiProcessor is not allowed here
2025-08-27T00:19:08,817105Z dirac-jobexec/CreateDataFile INFO: Creating Ganga data file data.py from scratch
2025-08-27T00:19:09,126878Z dirac-jobexec/CreateDataFile INFO: Created Ganga data file data.py
2025-08-27T00:19:09,127084Z dirac-jobexec/CreateDataFile INFO: ===== Terminating 12.0.0a30 ===== 
2025-08-27T00:19:09,139420Z dirac-jobexec/LHCbScript INFO: Command is: /cvmfs/lhcb.cern.ch/lhcbdirac/versions/v12.0.0a30-1755085183/Linux-x86_64/bin/python3 jobScript/GaudiExec_afernez_Job_522.11_8ef90270-7c26-46b5-bdf6-1c75313126db_script.py
2025-08-27T03:02:49,072723Z dirac-jobexec/LHCbScript INFO: /cvmfs/lhcb.cern.ch/lhcbdirac/versions/v12.0.0a30-1755085183/Linux-x86_64/bin/python3 jobScript/GaudiExec_afernez_Job_522.11_8ef90270-7c26-46b5-bdf6-1c75313126db_script.py execution completed with status 0
2025-08-27T03:02:49,074136Z dirac-jobexec/LHCbScript INFO: Output written to Script1_Ganga_GaudiExec.log, execution complete.
2025-08-27T03:02:49,556047Z dirac-jobexec/LHCbScript INFO: GaudiExec successful
2025-08-27T03:02:49,564877Z dirac-jobexec/LHCbScript INFO: ===== Terminating <class 'LHCbDIRAC.Workflow.Modules.LHCbScript.LHCbScript'> ===== 
2025-08-27T03:02:49,754094Z dirac-jobexec/FileUsage INFO: ===== Executing 12.0.0a30 ===== 
2025-08-27T03:02:49,755208Z dirac-jobexec/FileUsage INFO: Popularity report =  {'/lhcb/MC/2016/D0TAUNU.SAFESTRIPTRIG.DST/00202746/0000/': 2}
2025-08-27T03:02:49,922327Z dirac-jobexec/FileUsage INFO: Reporting input file usage successful!
2025-08-27T03:02:49,922836Z dirac-jobexec/FileUsage INFO: ===== Terminating 12.0.0a30 ===== 
2025-08-27T03:02:49,931342Z dirac-jobexec/UserJobFinalization INFO: ===== Executing 12.0.0a30 ===== 
2025-08-27T03:02:49,931578Z dirac-jobexec/DIRAC.DataManagementSystem.Utilities.ResolveSE INFO: Resolving workflow output SE description Tier1-USER
2025-08-27T03:02:49,941934Z dirac-jobexec/DIRAC.DataManagementSystem.Utilities.ResolveSE INFO: Found SEs, local first: ['RAL-USER', 'PIC-USER', 'CERN-USER', 'IN2P3-USER', 'SARA-USER', 'GRIDKA-USER', 'CNAF-USER']
2025-08-27T03:02:49,942213Z dirac-jobexec/DIRAC.DataManagementSystem.Utilities.ResolveSE INFO: Resolving workflow output SE description Tier1-Failover
2025-08-27T03:02:49,946672Z dirac-jobexec/DIRAC.DataManagementSystem.Utilities.ResolveSE INFO: Found SEs, local first: ['RAL-FAILOVER', 'GRIDKA-FAILOVER', 'IN2P3-FAILOVER', 'CNAF-FAILOVER', 'CERN-EOS-FAILOVER', 'PIC-FAILOVER', 'SARA-FAILOVER']
2025-08-27T03:02:49,947281Z dirac-jobexec/UserJobFinalization INFO: User specified output file list is: *.root
2025-08-27T03:02:49,947919Z dirac-jobexec/UserJobFinalization INFO: Found a pattern in the output data file list,           extra files to upload are: mc.root
2025-08-27T03:02:49,948018Z dirac-jobexec/UserJobFinalization INFO: Final list of files to upload are: mc.root
2025-08-27T03:02:49,948083Z dirac-jobexec/UserJobFinalization INFO: Constructing user output LFN(s) for mc.root
2025-08-27T03:02:50,174072Z dirac-jobexec/ProductionData INFO: Created the following output data LFN(s):
/lhcb/user/a/afernez/2025_08/1164943/1164943200/mc.root
2025-08-27T03:02:50,175114Z dirac-jobexec/UserJobFinalization INFO: No outputDataFileMask provided, the files with all the extensions will be considered
2025-08-27T03:02:50,175251Z dirac-jobexec/UserJobFinalization INFO: No outputDataStep provided, the files output of all the steps will be considered
2025-08-27T03:02:50,175436Z dirac-jobexec/UserJobFinalization INFO: Will search for POOL GUIDs for: mc.root
2025-08-27T03:02:50,507532Z dirac-jobexec INFO: GUIDs not found from POOL XML Catalogue (and were generated) for: mc.root
2025-08-27T03:02:50,507834Z dirac-jobexec/UserJobFinalization WARN: PoolXMLFile generated GUID(s) for the following files  mc.root
2025-08-27T03:02:50,682191Z dirac-jobexec/DIRAC.DataManagementSystem.Utilities.ResolveSE INFO: Resolving workflow output SE description Tier1-USER
2025-08-27T03:02:50,688557Z dirac-jobexec/DIRAC.DataManagementSystem.Utilities.ResolveSE INFO: Found eligible local SE ['RAL-USER']
2025-08-27T03:02:50,688882Z dirac-jobexec/UserJobFinalization INFO: Ordered list of output SEs is: RAL-USER, GRIDKA-USER, PIC-USER, IN2P3-USER, CNAF-USER, SARA-USER, CERN-USER
2025-08-27T03:02:50,688988Z dirac-jobexec/UserJobFinalization INFO: Creating DISABLE_WATCHDOG_CPU_WALLCLOCK_CHECK in order to disable the Watchdog
2025-08-27T03:02:50,689579Z dirac-jobexec/UserJobFinalization INFO: Attempting to store mc.root to the following SE(s): RAL-USER, GRIDKA-USER, PIC-USER, IN2P3-USER, CNAF-USER, SARA-USER, CERN-USER
2025-08-27T03:02:50,689689Z dirac-jobexec/FailoverTransfer INFO: Attempting dm.putAndRegister ('/lhcb/user/a/afernez/2025_08/1164943/1164943200/mc.root','/tmp/1164943200/mc.root','RAL-USER',guid='A0120049-726C-4885-E7F5-19112851FEB7',catalog='None', checksum = '83ed0205')
2025-08-27T03:02:57,554639Z dirac-jobexec/FailoverTransfer INFO: dm.putAndRegister successfully uploaded and registered mc.root to RAL-USER
2025-08-27T03:02:57,935471Z dirac-jobexec/UserJobFinalization INFO: ===== Terminating 12.0.0a30 ===== 
