WARNING: Parsing of '.cfg' files as command line arguments is changing!
          Set the environment variable 'export DIRAC_NO_CFG=1' to pass the file as a positional
          argument (this will become the default).
          To modify the local configuration use '--cfg <configfile>' instead.
2025-08-27T03:10:55,740889Z dirac-jobexec INFO: JobID: 1164942499
2025-08-27T03:10:55,763773Z dirac-jobexec INFO: DIRAC JobID 1164942499 is running at site LCG.Manchester.uk
Executing StepInstance RunScriptStep1 of type ScriptStep1 ['ScriptStep1']
2025-08-27T03:11:01,012056Z dirac-jobexec/CreateDataFile INFO: ===== Executing 12.0.0a30 ===== 
2025-08-27T03:11:01,014703Z dirac-jobexec INFO: Running in MultiProcessor is not allowed here
2025-08-27T03:11:01,015054Z dirac-jobexec/CreateDataFile INFO: Creating Ganga data file data.py from scratch
2025-08-27T03:11:01,424524Z dirac-jobexec/CreateDataFile INFO: Created Ganga data file data.py
2025-08-27T03:11:01,424832Z dirac-jobexec/CreateDataFile INFO: ===== Terminating 12.0.0a30 ===== 
2025-08-27T03:11:01,432460Z dirac-jobexec/LHCbScript INFO: Command is: /cvmfs/lhcb.cern.ch/lhcbdirac/versions/v12.0.0a30-1755085183/Linux-x86_64/bin/python3 jobScript/GaudiExec_afernez_Job_488.12_ab4ff3ff-8b00-461c-a807-cd96b5d95d98_script.py
2025-08-27T08:17:26,936828Z dirac-jobexec/LHCbScript INFO: /cvmfs/lhcb.cern.ch/lhcbdirac/versions/v12.0.0a30-1755085183/Linux-x86_64/bin/python3 jobScript/GaudiExec_afernez_Job_488.12_ab4ff3ff-8b00-461c-a807-cd96b5d95d98_script.py execution completed with status 0
2025-08-27T08:17:26,938534Z dirac-jobexec/LHCbScript INFO: Output written to Script1_Ganga_GaudiExec.log, execution complete.
2025-08-27T08:17:27,310240Z dirac-jobexec/LHCbScript INFO: GaudiExec successful
2025-08-27T08:17:27,311549Z dirac-jobexec/LHCbScript INFO: ===== Terminating <class 'LHCbDIRAC.Workflow.Modules.LHCbScript.LHCbScript'> ===== 
2025-08-27T08:17:27,654565Z dirac-jobexec/FileUsage INFO: ===== Executing 12.0.0a30 ===== 
2025-08-27T08:17:27,655326Z dirac-jobexec/FileUsage INFO: Popularity report =  {'/lhcb/MC/2016/D0TAUNU.SAFESTRIPTRIG.DST/00140858/0000/': 3}
2025-08-27T08:17:27,860922Z dirac-jobexec/FileUsage INFO: Reporting input file usage successful!
2025-08-27T08:17:27,861516Z dirac-jobexec/FileUsage INFO: ===== Terminating 12.0.0a30 ===== 
2025-08-27T08:17:27,870754Z dirac-jobexec/UserJobFinalization INFO: ===== Executing 12.0.0a30 ===== 
2025-08-27T08:17:27,871057Z dirac-jobexec/DIRAC.DataManagementSystem.Utilities.ResolveSE INFO: Resolving workflow output SE description Tier1-USER
2025-08-27T08:17:27,881316Z dirac-jobexec/DIRAC.DataManagementSystem.Utilities.ResolveSE INFO: Found SEs, local first: ['IN2P3-USER', 'CERN-USER', 'GRIDKA-USER', 'PIC-USER', 'CNAF-USER', 'SARA-USER', 'RAL-USER']
2025-08-27T08:17:27,881574Z dirac-jobexec/DIRAC.DataManagementSystem.Utilities.ResolveSE INFO: Resolving workflow output SE description Tier1-Failover
2025-08-27T08:17:27,886339Z dirac-jobexec/DIRAC.DataManagementSystem.Utilities.ResolveSE INFO: Found SEs, local first: ['SARA-FAILOVER', 'CNAF-FAILOVER', 'RAL-FAILOVER', 'IN2P3-FAILOVER', 'CERN-EOS-FAILOVER', 'PIC-FAILOVER', 'GRIDKA-FAILOVER']
2025-08-27T08:17:27,886793Z dirac-jobexec/UserJobFinalization INFO: User specified output file list is: *.root
2025-08-27T08:17:27,888366Z dirac-jobexec/UserJobFinalization INFO: Found a pattern in the output data file list,           extra files to upload are: mc.root
2025-08-27T08:17:27,888503Z dirac-jobexec/UserJobFinalization INFO: Final list of files to upload are: mc.root
2025-08-27T08:17:27,888607Z dirac-jobexec/UserJobFinalization INFO: Constructing user output LFN(s) for mc.root
2025-08-27T08:17:28,128046Z dirac-jobexec/ProductionData INFO: Created the following output data LFN(s):
/lhcb/user/a/afernez/2025_08/1164942/1164942499/mc.root
2025-08-27T08:17:28,134072Z dirac-jobexec/UserJobFinalization INFO: No outputDataFileMask provided, the files with all the extensions will be considered
2025-08-27T08:17:28,134297Z dirac-jobexec/UserJobFinalization INFO: No outputDataStep provided, the files output of all the steps will be considered
2025-08-27T08:17:28,134473Z dirac-jobexec/UserJobFinalization INFO: Will search for POOL GUIDs for: mc.root
2025-08-27T08:17:28,526884Z dirac-jobexec INFO: GUIDs not found from POOL XML Catalogue (and were generated) for: mc.root
2025-08-27T08:17:28,527705Z dirac-jobexec/UserJobFinalization WARN: PoolXMLFile generated GUID(s) for the following files  mc.root
2025-08-27T08:17:28,955543Z dirac-jobexec/DIRAC.DataManagementSystem.Utilities.ResolveSE INFO: Resolving workflow output SE description Tier1-USER
2025-08-27T08:17:28,961488Z dirac-jobexec/DIRAC.DataManagementSystem.Utilities.ResolveSE INFO: Found associated SEs ['CERN-USER'] in /Resources/Countries/cern/AssociatedSEs/Tier1-USER
2025-08-27T08:17:28,961840Z dirac-jobexec/UserJobFinalization INFO: Ordered list of output SEs is: CERN-USER, CNAF-USER, GRIDKA-USER, PIC-USER, IN2P3-USER, SARA-USER, RAL-USER
2025-08-27T08:17:28,962041Z dirac-jobexec/UserJobFinalization INFO: Creating DISABLE_WATCHDOG_CPU_WALLCLOCK_CHECK in order to disable the Watchdog
2025-08-27T08:17:28,962658Z dirac-jobexec/UserJobFinalization INFO: Attempting to store mc.root to the following SE(s): CERN-USER, CNAF-USER, GRIDKA-USER, PIC-USER, IN2P3-USER, SARA-USER, RAL-USER
2025-08-27T08:17:28,962805Z dirac-jobexec/FailoverTransfer INFO: Attempting dm.putAndRegister ('/lhcb/user/a/afernez/2025_08/1164942/1164942499/mc.root','/tmp/1164942499/mc.root','CERN-USER',guid='4778FD50-44E9-9877-2324-3C962C30CFAA',catalog='None', checksum = '649a76e6')
2025-08-27T08:20:39,494782Z dirac-jobexec/FailoverTransfer INFO: dm.putAndRegister successfully uploaded and registered mc.root to CERN-USER
2025-08-27T08:20:39,962798Z dirac-jobexec/UserJobFinalization INFO: ===== Terminating 12.0.0a30 ===== 
