WARNING: Parsing of '.cfg' files as command line arguments is changing!
          Set the environment variable 'export DIRAC_NO_CFG=1' to pass the file as a positional
          argument (this will become the default).
          To modify the local configuration use '--cfg <configfile>' instead.
2025-08-26T23:39:27,260868Z dirac-jobexec INFO: JobID: 1164942889
2025-08-26T23:39:27,268529Z dirac-jobexec INFO: DIRAC JobID 1164942889 is running at site LCG.PIC.es
Executing StepInstance RunScriptStep1 of type ScriptStep1 ['ScriptStep1']
2025-08-26T23:39:29,797311Z dirac-jobexec/CreateDataFile INFO: ===== Executing 12.0.0a30 ===== 
2025-08-26T23:39:29,798315Z dirac-jobexec INFO: Running in MultiProcessor is not allowed here
2025-08-26T23:39:29,798461Z dirac-jobexec/CreateDataFile INFO: Creating Ganga data file data.py from scratch
2025-08-26T23:39:30,265533Z dirac-jobexec/CreateDataFile INFO: Created Ganga data file data.py
2025-08-26T23:39:30,265754Z dirac-jobexec/CreateDataFile INFO: ===== Terminating 12.0.0a30 ===== 
2025-08-26T23:39:30,272341Z dirac-jobexec/LHCbScript INFO: Command is: /cvmfs/lhcb.cern.ch/lhcbdirac/versions/v12.0.0a30-1755085183/Linux-x86_64/bin/python3 jobScript/GaudiExec_afernez_Job_512.7_b901b1bf-bdd4-40f9-ba7a-3d1893ed79cf_script.py
2025-08-27T01:22:42,653409Z dirac-jobexec/LHCbScript INFO: /cvmfs/lhcb.cern.ch/lhcbdirac/versions/v12.0.0a30-1755085183/Linux-x86_64/bin/python3 jobScript/GaudiExec_afernez_Job_512.7_b901b1bf-bdd4-40f9-ba7a-3d1893ed79cf_script.py execution completed with status 0
2025-08-27T01:22:42,657031Z dirac-jobexec/LHCbScript INFO: Output written to Script1_Ganga_GaudiExec.log, execution complete.
2025-08-27T01:22:43,396953Z dirac-jobexec/LHCbScript INFO: GaudiExec successful
2025-08-27T01:22:43,397379Z dirac-jobexec/LHCbScript INFO: ===== Terminating <class 'LHCbDIRAC.Workflow.Modules.LHCbScript.LHCbScript'> ===== 
2025-08-27T01:22:43,404714Z dirac-jobexec/FileUsage INFO: ===== Executing 12.0.0a30 ===== 
2025-08-27T01:22:43,405076Z dirac-jobexec/FileUsage INFO: Popularity report =  {'/lhcb/MC/2016/D0TAUNU.SAFESTRIPTRIG.DST/00140831/0000/': 2}
2025-08-27T01:22:43,732551Z dirac-jobexec/FileUsage INFO: Reporting input file usage successful!
2025-08-27T01:22:43,733025Z dirac-jobexec/FileUsage INFO: ===== Terminating 12.0.0a30 ===== 
2025-08-27T01:22:43,738997Z dirac-jobexec/UserJobFinalization INFO: ===== Executing 12.0.0a30 ===== 
2025-08-27T01:22:43,739207Z dirac-jobexec/DIRAC.DataManagementSystem.Utilities.ResolveSE INFO: Resolving workflow output SE description Tier1-USER
2025-08-27T01:22:43,744969Z dirac-jobexec/DIRAC.DataManagementSystem.Utilities.ResolveSE INFO: Found SEs, local first: ['PIC-USER', 'GRIDKA-USER', 'CNAF-USER', 'RAL-USER', 'CERN-USER', 'SARA-USER', 'IN2P3-USER']
2025-08-27T01:22:43,745110Z dirac-jobexec/DIRAC.DataManagementSystem.Utilities.ResolveSE INFO: Resolving workflow output SE description Tier1-Failover
2025-08-27T01:22:43,748483Z dirac-jobexec/DIRAC.DataManagementSystem.Utilities.ResolveSE INFO: Found SEs, local first: ['PIC-FAILOVER', 'SARA-FAILOVER', 'CNAF-FAILOVER', 'GRIDKA-FAILOVER', 'RAL-FAILOVER', 'IN2P3-FAILOVER', 'CERN-EOS-FAILOVER']
2025-08-27T01:22:43,748822Z dirac-jobexec/UserJobFinalization INFO: User specified output file list is: *.root
2025-08-27T01:22:43,749435Z dirac-jobexec/UserJobFinalization INFO: Found a pattern in the output data file list,           extra files to upload are: mc.root
2025-08-27T01:22:43,749544Z dirac-jobexec/UserJobFinalization INFO: Final list of files to upload are: mc.root
2025-08-27T01:22:43,749614Z dirac-jobexec/UserJobFinalization INFO: Constructing user output LFN(s) for mc.root
2025-08-27T01:22:44,072781Z dirac-jobexec/ProductionData INFO: Created the following output data LFN(s):
/lhcb/user/a/afernez/2025_08/1164942/1164942889/mc.root
2025-08-27T01:22:44,073201Z dirac-jobexec/UserJobFinalization INFO: No outputDataFileMask provided, the files with all the extensions will be considered
2025-08-27T01:22:44,073279Z dirac-jobexec/UserJobFinalization INFO: No outputDataStep provided, the files output of all the steps will be considered
2025-08-27T01:22:44,073381Z dirac-jobexec/UserJobFinalization INFO: Will search for POOL GUIDs for: mc.root
2025-08-27T01:22:44,154211Z dirac-jobexec INFO: GUIDs not found from POOL XML Catalogue (and were generated) for: mc.root
2025-08-27T01:22:44,154548Z dirac-jobexec/UserJobFinalization WARN: PoolXMLFile generated GUID(s) for the following files  mc.root
2025-08-27T01:22:44,262413Z dirac-jobexec/DIRAC.DataManagementSystem.Utilities.ResolveSE INFO: Resolving workflow output SE description Tier1-USER
2025-08-27T01:22:44,266975Z dirac-jobexec/DIRAC.DataManagementSystem.Utilities.ResolveSE INFO: Found eligible local SE ['PIC-USER']
2025-08-27T01:22:44,267284Z dirac-jobexec/UserJobFinalization INFO: Ordered list of output SEs is: PIC-USER, CERN-USER, IN2P3-USER, GRIDKA-USER, RAL-USER, SARA-USER, CNAF-USER
2025-08-27T01:22:44,267387Z dirac-jobexec/UserJobFinalization INFO: Creating DISABLE_WATCHDOG_CPU_WALLCLOCK_CHECK in order to disable the Watchdog
2025-08-27T01:22:44,267827Z dirac-jobexec/UserJobFinalization INFO: Attempting to store mc.root to the following SE(s): PIC-USER, CERN-USER, IN2P3-USER, GRIDKA-USER, RAL-USER, SARA-USER, CNAF-USER
2025-08-27T01:22:44,267930Z dirac-jobexec/FailoverTransfer INFO: Attempting dm.putAndRegister ('/lhcb/user/a/afernez/2025_08/1164942/1164942889/mc.root','/tmp/1164942889/mc.root','PIC-USER',guid='916FFE64-B9D1-3081-E8D5-71CEC73BD5EE',catalog='None', checksum = '68e2d394')
2025-08-27T01:22:47,899585Z dirac-jobexec/FailoverTransfer INFO: dm.putAndRegister successfully uploaded and registered mc.root to PIC-USER
2025-08-27T01:22:48,507310Z dirac-jobexec/UserJobFinalization INFO: ===== Terminating 12.0.0a30 ===== 
