WARNING: Parsing of '.cfg' files as command line arguments is changing!
          Set the environment variable 'export DIRAC_NO_CFG=1' to pass the file as a positional
          argument (this will become the default).
          To modify the local configuration use '--cfg <configfile>' instead.
2025-08-27T00:13:02,895866Z dirac-jobexec INFO: JobID: 1164943003
2025-08-27T00:13:02,911978Z dirac-jobexec INFO: DIRAC JobID 1164943003 is running at site LCG.GRIDKA.de
Executing StepInstance RunScriptStep1 of type ScriptStep1 ['ScriptStep1']
2025-08-27T00:13:05,266353Z dirac-jobexec/CreateDataFile INFO: ===== Executing 12.0.0a30 ===== 
2025-08-27T00:13:05,267524Z dirac-jobexec INFO: Running in MultiProcessor is not allowed here
2025-08-27T00:13:05,267673Z dirac-jobexec/CreateDataFile INFO: Creating Ganga data file data.py from scratch
2025-08-27T00:13:05,495580Z dirac-jobexec/CreateDataFile INFO: Created Ganga data file data.py
2025-08-27T00:13:05,495889Z dirac-jobexec/CreateDataFile INFO: ===== Terminating 12.0.0a30 ===== 
2025-08-27T00:13:05,503430Z dirac-jobexec/LHCbScript INFO: Command is: /cvmfs/lhcb.cern.ch/lhcbdirac/versions/v12.0.0a30-1755085183/Linux-x86_64/bin/python3 jobScript/GaudiExec_afernez_Job_519.6_95ac0898-b1e3-4ba2-8db7-a0e9916ec57f_script.py
2025-08-27T00:24:25,618956Z dirac-jobexec/LHCbScript INFO: /cvmfs/lhcb.cern.ch/lhcbdirac/versions/v12.0.0a30-1755085183/Linux-x86_64/bin/python3 jobScript/GaudiExec_afernez_Job_519.6_95ac0898-b1e3-4ba2-8db7-a0e9916ec57f_script.py execution completed with status 0
2025-08-27T00:24:25,620372Z dirac-jobexec/LHCbScript INFO: Output written to Script1_Ganga_GaudiExec.log, execution complete.
2025-08-27T00:24:25,785403Z dirac-jobexec/LHCbScript INFO: GaudiExec successful
2025-08-27T00:24:25,785970Z dirac-jobexec/LHCbScript INFO: ===== Terminating <class 'LHCbDIRAC.Workflow.Modules.LHCbScript.LHCbScript'> ===== 
2025-08-27T00:24:25,799663Z dirac-jobexec/FileUsage INFO: ===== Executing 12.0.0a30 ===== 
2025-08-27T00:24:25,800307Z dirac-jobexec/FileUsage INFO: Popularity report =  {'/lhcb/MC/2016/ALLSTREAMS.DST/00173814/0000/': 2}
2025-08-27T00:24:25,942819Z dirac-jobexec/FileUsage INFO: Reporting input file usage successful!
2025-08-27T00:24:25,943287Z dirac-jobexec/FileUsage INFO: ===== Terminating 12.0.0a30 ===== 
2025-08-27T00:24:25,948631Z dirac-jobexec/UserJobFinalization INFO: ===== Executing 12.0.0a30 ===== 
2025-08-27T00:24:25,948804Z dirac-jobexec/DIRAC.DataManagementSystem.Utilities.ResolveSE INFO: Resolving workflow output SE description Tier1-USER
2025-08-27T00:24:25,961924Z dirac-jobexec/DIRAC.DataManagementSystem.Utilities.ResolveSE INFO: Found SEs, local first: ['GRIDKA-USER', 'RAL-USER', 'IN2P3-USER', 'PIC-USER', 'SARA-USER', 'CERN-USER', 'CNAF-USER']
2025-08-27T00:24:25,962256Z dirac-jobexec/DIRAC.DataManagementSystem.Utilities.ResolveSE INFO: Resolving workflow output SE description Tier1-Failover
2025-08-27T00:24:25,964832Z dirac-jobexec/DIRAC.DataManagementSystem.Utilities.ResolveSE INFO: Found SEs, local first: ['GRIDKA-FAILOVER', 'CNAF-FAILOVER', 'SARA-FAILOVER', 'IN2P3-FAILOVER', 'RAL-FAILOVER', 'PIC-FAILOVER', 'CERN-EOS-FAILOVER']
2025-08-27T00:24:25,965160Z dirac-jobexec/UserJobFinalization INFO: User specified output file list is: *.root
2025-08-27T00:24:25,966171Z dirac-jobexec/UserJobFinalization INFO: Found a pattern in the output data file list,           extra files to upload are: mc.root
2025-08-27T00:24:25,966279Z dirac-jobexec/UserJobFinalization INFO: Final list of files to upload are: mc.root
2025-08-27T00:24:25,966343Z dirac-jobexec/UserJobFinalization INFO: Constructing user output LFN(s) for mc.root
2025-08-27T00:24:26,136387Z dirac-jobexec/ProductionData INFO: Created the following output data LFN(s):
/lhcb/user/a/afernez/2025_08/1164943/1164943003/mc.root
2025-08-27T00:24:26,137016Z dirac-jobexec/UserJobFinalization INFO: No outputDataFileMask provided, the files with all the extensions will be considered
2025-08-27T00:24:26,137102Z dirac-jobexec/UserJobFinalization INFO: No outputDataStep provided, the files output of all the steps will be considered
2025-08-27T00:24:26,137236Z dirac-jobexec/UserJobFinalization INFO: Will search for POOL GUIDs for: mc.root
2025-08-27T00:24:26,433154Z dirac-jobexec INFO: GUIDs not found from POOL XML Catalogue (and were generated) for: mc.root
2025-08-27T00:24:26,433559Z dirac-jobexec/UserJobFinalization WARN: PoolXMLFile generated GUID(s) for the following files  mc.root
2025-08-27T00:24:26,436658Z dirac-jobexec/DIRAC.DataManagementSystem.Utilities.ResolveSE INFO: Resolving workflow output SE description Tier1-USER
2025-08-27T00:24:26,441596Z dirac-jobexec/DIRAC.DataManagementSystem.Utilities.ResolveSE INFO: Found eligible local SE ['GRIDKA-USER']
2025-08-27T00:24:26,441907Z dirac-jobexec/UserJobFinalization INFO: Ordered list of output SEs is: GRIDKA-USER, RAL-USER, IN2P3-USER, CERN-USER, SARA-USER, CNAF-USER, PIC-USER
2025-08-27T00:24:26,441998Z dirac-jobexec/UserJobFinalization INFO: Creating DISABLE_WATCHDOG_CPU_WALLCLOCK_CHECK in order to disable the Watchdog
2025-08-27T00:24:26,443017Z dirac-jobexec/UserJobFinalization INFO: Attempting to store mc.root to the following SE(s): GRIDKA-USER, RAL-USER, IN2P3-USER, CERN-USER, SARA-USER, CNAF-USER, PIC-USER
2025-08-27T00:24:26,443135Z dirac-jobexec/FailoverTransfer INFO: Attempting dm.putAndRegister ('/lhcb/user/a/afernez/2025_08/1164943/1164943003/mc.root','/tmp/1164943003/mc.root','GRIDKA-USER',guid='A675FE6E-4867-6647-7A99-BE37E601599F',catalog='None', checksum = '6cb375ea')
2025-08-27T00:24:28,382970Z dirac-jobexec/FailoverTransfer INFO: dm.putAndRegister successfully uploaded and registered mc.root to GRIDKA-USER
2025-08-27T00:24:28,667763Z dirac-jobexec/UserJobFinalization INFO: ===== Terminating 12.0.0a30 ===== 
