WARNING: Parsing of '.cfg' files as command line arguments is changing!
          Set the environment variable 'export DIRAC_NO_CFG=1' to pass the file as a positional
          argument (this will become the default).
          To modify the local configuration use '--cfg <configfile>' instead.
2025-08-26T23:33:03,297978Z dirac-jobexec INFO: JobID: 1164942793
2025-08-26T23:33:03,310406Z dirac-jobexec INFO: DIRAC JobID 1164942793 is running at site LCG.SARA.nl
Executing StepInstance RunScriptStep1 of type ScriptStep1 ['ScriptStep1']
2025-08-26T23:33:05,992856Z dirac-jobexec/CreateDataFile INFO: ===== Executing 12.0.0a30 ===== 
2025-08-26T23:33:05,995175Z dirac-jobexec INFO: Running in MultiProcessor is not allowed here
2025-08-26T23:33:05,996069Z dirac-jobexec/CreateDataFile INFO: Creating Ganga data file data.py from scratch
2025-08-26T23:33:06,513560Z dirac-jobexec/CreateDataFile INFO: Created Ganga data file data.py
2025-08-26T23:33:06,515128Z dirac-jobexec/CreateDataFile INFO: ===== Terminating 12.0.0a30 ===== 
2025-08-26T23:33:06,537167Z dirac-jobexec/LHCbScript INFO: Command is: /cvmfs/lhcb.cern.ch/lhcbdirac/versions/v12.0.0a30-1755085183/Linux-x86_64/bin/python3 jobScript/GaudiExec_afernez_Job_505.5_e1561b23-9300-4813-aa17-f0ad8a4d22f8_script.py
2025-08-27T04:53:54,156183Z dirac-jobexec/LHCbScript INFO: /cvmfs/lhcb.cern.ch/lhcbdirac/versions/v12.0.0a30-1755085183/Linux-x86_64/bin/python3 jobScript/GaudiExec_afernez_Job_505.5_e1561b23-9300-4813-aa17-f0ad8a4d22f8_script.py execution completed with status 0
2025-08-27T04:53:54,157622Z dirac-jobexec/LHCbScript INFO: Output written to Script1_Ganga_GaudiExec.log, execution complete.
2025-08-27T04:53:54,505517Z dirac-jobexec/LHCbScript INFO: GaudiExec successful
2025-08-27T04:53:54,507244Z dirac-jobexec/LHCbScript INFO: ===== Terminating <class 'LHCbDIRAC.Workflow.Modules.LHCbScript.LHCbScript'> ===== 
2025-08-27T04:53:54,746547Z dirac-jobexec/FileUsage INFO: ===== Executing 12.0.0a30 ===== 
2025-08-27T04:53:54,748146Z dirac-jobexec/FileUsage INFO: Popularity report =  {'/lhcb/MC/2016/D0TAUNU.SAFESTRIPTRIG.DST/00140789/0000/': 3}
2025-08-27T04:53:54,917267Z dirac-jobexec/FileUsage INFO: Reporting input file usage successful!
2025-08-27T04:53:54,918563Z dirac-jobexec/FileUsage INFO: ===== Terminating 12.0.0a30 ===== 
2025-08-27T04:53:54,926308Z dirac-jobexec/UserJobFinalization INFO: ===== Executing 12.0.0a30 ===== 
2025-08-27T04:53:54,928280Z dirac-jobexec/DIRAC.DataManagementSystem.Utilities.ResolveSE INFO: Resolving workflow output SE description Tier1-USER
2025-08-27T04:53:54,936712Z dirac-jobexec/DIRAC.DataManagementSystem.Utilities.ResolveSE INFO: Found SEs, local first: ['SARA-USER', 'GRIDKA-USER', 'CNAF-USER', 'CERN-USER', 'PIC-USER', 'RAL-USER', 'IN2P3-USER']
2025-08-27T04:53:54,937724Z dirac-jobexec/DIRAC.DataManagementSystem.Utilities.ResolveSE INFO: Resolving workflow output SE description Tier1-Failover
2025-08-27T04:53:54,941729Z dirac-jobexec/DIRAC.DataManagementSystem.Utilities.ResolveSE INFO: Found SEs, local first: ['SARA-FAILOVER', 'RAL-FAILOVER', 'IN2P3-FAILOVER', 'GRIDKA-FAILOVER', 'CERN-EOS-FAILOVER', 'CNAF-FAILOVER', 'PIC-FAILOVER']
2025-08-27T04:53:54,942937Z dirac-jobexec/UserJobFinalization INFO: User specified output file list is: *.root
2025-08-27T04:53:54,943989Z dirac-jobexec/UserJobFinalization INFO: Found a pattern in the output data file list,           extra files to upload are: mc.root
2025-08-27T04:53:54,944369Z dirac-jobexec/UserJobFinalization INFO: Final list of files to upload are: mc.root
2025-08-27T04:53:54,944579Z dirac-jobexec/UserJobFinalization INFO: Constructing user output LFN(s) for mc.root
2025-08-27T04:53:55,178532Z dirac-jobexec/ProductionData INFO: Created the following output data LFN(s):
/lhcb/user/a/afernez/2025_08/1164942/1164942793/mc.root
2025-08-27T04:53:55,179983Z dirac-jobexec/UserJobFinalization INFO: No outputDataFileMask provided, the files with all the extensions will be considered
2025-08-27T04:53:55,180289Z dirac-jobexec/UserJobFinalization INFO: No outputDataStep provided, the files output of all the steps will be considered
2025-08-27T04:53:55,180505Z dirac-jobexec/UserJobFinalization INFO: Will search for POOL GUIDs for: mc.root
2025-08-27T04:53:55,569630Z dirac-jobexec INFO: GUIDs not found from POOL XML Catalogue (and were generated) for: mc.root
2025-08-27T04:53:55,570529Z dirac-jobexec/UserJobFinalization WARN: PoolXMLFile generated GUID(s) for the following files  mc.root
2025-08-27T04:53:55,874957Z dirac-jobexec/DIRAC.DataManagementSystem.Utilities.ResolveSE INFO: Resolving workflow output SE description Tier1-USER
2025-08-27T04:53:55,880030Z dirac-jobexec/DIRAC.DataManagementSystem.Utilities.ResolveSE INFO: Found eligible local SE ['SARA-USER']
2025-08-27T04:53:55,880929Z dirac-jobexec/UserJobFinalization INFO: Ordered list of output SEs is: SARA-USER, IN2P3-USER, PIC-USER, RAL-USER, GRIDKA-USER, CNAF-USER, CERN-USER
2025-08-27T04:53:55,881258Z dirac-jobexec/UserJobFinalization INFO: Creating DISABLE_WATCHDOG_CPU_WALLCLOCK_CHECK in order to disable the Watchdog
2025-08-27T04:53:55,882048Z dirac-jobexec/UserJobFinalization INFO: Attempting to store mc.root to the following SE(s): SARA-USER, IN2P3-USER, PIC-USER, RAL-USER, GRIDKA-USER, CNAF-USER, CERN-USER
2025-08-27T04:53:55,882290Z dirac-jobexec/FailoverTransfer INFO: Attempting dm.putAndRegister ('/lhcb/user/a/afernez/2025_08/1164942/1164942793/mc.root','/tmp/1164942793/mc.root','SARA-USER',guid='A68122E9-AA8F-708F-CC1E-3E2866653D8A',catalog='None', checksum = '4a386284')
2025-08-27T04:54:00,638400Z dirac-jobexec/FailoverTransfer INFO: dm.putAndRegister successfully uploaded and registered mc.root to SARA-USER
2025-08-27T04:54:01,133518Z dirac-jobexec/UserJobFinalization INFO: ===== Terminating 12.0.0a30 ===== 
