WARNING: Parsing of '.cfg' files as command line arguments is changing!
          Set the environment variable 'export DIRAC_NO_CFG=1' to pass the file as a positional
          argument (this will become the default).
          To modify the local configuration use '--cfg <configfile>' instead.
2025-08-27T00:46:30,112186Z dirac-jobexec INFO: JobID: 1164943199
2025-08-27T00:46:30,119195Z dirac-jobexec INFO: DIRAC JobID 1164943199 is running at site LCG.CNAF.it
Executing StepInstance RunScriptStep1 of type ScriptStep1 ['ScriptStep1']
2025-08-27T00:46:31,650610Z dirac-jobexec/CreateDataFile INFO: ===== Executing 12.0.0a30 ===== 
2025-08-27T00:46:31,652100Z dirac-jobexec INFO: Running in MultiProcessor is not allowed here
2025-08-27T00:46:31,652627Z dirac-jobexec/CreateDataFile INFO: Creating Ganga data file data.py from scratch
2025-08-27T00:46:31,922666Z dirac-jobexec/CreateDataFile INFO: Created Ganga data file data.py
2025-08-27T00:46:31,923340Z dirac-jobexec/CreateDataFile INFO: ===== Terminating 12.0.0a30 ===== 
2025-08-27T00:46:31,929162Z dirac-jobexec/LHCbScript INFO: Command is: /cvmfs/lhcb.cern.ch/lhcbdirac/versions/v12.0.0a30-1755085183/Linux-x86_64/bin/python3 jobScript/GaudiExec_afernez_Job_522.10_8ef90270-7c26-46b5-bdf6-1c75313126db_script.py
2025-08-27T02:29:47,569877Z dirac-jobexec/LHCbScript INFO: /cvmfs/lhcb.cern.ch/lhcbdirac/versions/v12.0.0a30-1755085183/Linux-x86_64/bin/python3 jobScript/GaudiExec_afernez_Job_522.10_8ef90270-7c26-46b5-bdf6-1c75313126db_script.py execution completed with status 0
2025-08-27T02:29:47,573146Z dirac-jobexec/LHCbScript INFO: Output written to Script1_Ganga_GaudiExec.log, execution complete.
2025-08-27T02:29:47,887419Z dirac-jobexec/LHCbScript INFO: GaudiExec successful
2025-08-27T02:29:47,888672Z dirac-jobexec/LHCbScript INFO: ===== Terminating <class 'LHCbDIRAC.Workflow.Modules.LHCbScript.LHCbScript'> ===== 
2025-08-27T02:29:47,899188Z dirac-jobexec/FileUsage INFO: ===== Executing 12.0.0a30 ===== 
2025-08-27T02:29:47,900319Z dirac-jobexec/FileUsage INFO: Popularity report =  {'/lhcb/MC/2016/D0TAUNU.SAFESTRIPTRIG.DST/00202746/0000/': 2}
2025-08-27T02:29:48,077228Z dirac-jobexec/FileUsage INFO: Reporting input file usage successful!
2025-08-27T02:29:48,078314Z dirac-jobexec/FileUsage INFO: ===== Terminating 12.0.0a30 ===== 
2025-08-27T02:29:48,085880Z dirac-jobexec/UserJobFinalization INFO: ===== Executing 12.0.0a30 ===== 
2025-08-27T02:29:48,086830Z dirac-jobexec/DIRAC.DataManagementSystem.Utilities.ResolveSE INFO: Resolving workflow output SE description Tier1-USER
2025-08-27T02:29:48,092774Z dirac-jobexec/DIRAC.DataManagementSystem.Utilities.ResolveSE INFO: Found SEs, local first: ['CNAF-USER', 'RAL-USER', 'PIC-USER', 'CERN-USER', 'SARA-USER', 'IN2P3-USER', 'GRIDKA-USER']
2025-08-27T02:29:48,093532Z dirac-jobexec/DIRAC.DataManagementSystem.Utilities.ResolveSE INFO: Resolving workflow output SE description Tier1-Failover
2025-08-27T02:29:48,097128Z dirac-jobexec/DIRAC.DataManagementSystem.Utilities.ResolveSE INFO: Found SEs, local first: ['CNAF-FAILOVER', 'RAL-FAILOVER', 'GRIDKA-FAILOVER', 'SARA-FAILOVER', 'IN2P3-FAILOVER', 'PIC-FAILOVER', 'CERN-EOS-FAILOVER']
2025-08-27T02:29:48,097961Z dirac-jobexec/UserJobFinalization INFO: User specified output file list is: *.root
2025-08-27T02:29:48,099002Z dirac-jobexec/UserJobFinalization INFO: Found a pattern in the output data file list,           extra files to upload are: mc.root
2025-08-27T02:29:48,099418Z dirac-jobexec/UserJobFinalization INFO: Final list of files to upload are: mc.root
2025-08-27T02:29:48,099789Z dirac-jobexec/UserJobFinalization INFO: Constructing user output LFN(s) for mc.root
2025-08-27T02:29:48,297630Z dirac-jobexec/ProductionData INFO: Created the following output data LFN(s):
/lhcb/user/a/afernez/2025_08/1164943/1164943199/mc.root
2025-08-27T02:29:48,298668Z dirac-jobexec/UserJobFinalization INFO: No outputDataFileMask provided, the files with all the extensions will be considered
2025-08-27T02:29:48,299251Z dirac-jobexec/UserJobFinalization INFO: No outputDataStep provided, the files output of all the steps will be considered
2025-08-27T02:29:48,299690Z dirac-jobexec/UserJobFinalization INFO: Will search for POOL GUIDs for: mc.root
2025-08-27T02:29:48,363985Z dirac-jobexec INFO: GUIDs not found from POOL XML Catalogue (and were generated) for: mc.root
2025-08-27T02:29:48,364904Z dirac-jobexec/UserJobFinalization WARN: PoolXMLFile generated GUID(s) for the following files  mc.root
2025-08-27T02:29:48,467272Z dirac-jobexec/DIRAC.DataManagementSystem.Utilities.ResolveSE INFO: Resolving workflow output SE description Tier1-USER
2025-08-27T02:29:48,471978Z dirac-jobexec/DIRAC.DataManagementSystem.Utilities.ResolveSE INFO: Found eligible local SE ['CNAF-USER']
2025-08-27T02:29:48,472918Z dirac-jobexec/UserJobFinalization INFO: Ordered list of output SEs is: CNAF-USER, GRIDKA-USER, IN2P3-USER, SARA-USER, PIC-USER, CERN-USER, RAL-USER
2025-08-27T02:29:48,473567Z dirac-jobexec/UserJobFinalization INFO: Creating DISABLE_WATCHDOG_CPU_WALLCLOCK_CHECK in order to disable the Watchdog
2025-08-27T02:29:48,474365Z dirac-jobexec/UserJobFinalization INFO: Attempting to store mc.root to the following SE(s): CNAF-USER, GRIDKA-USER, IN2P3-USER, SARA-USER, PIC-USER, CERN-USER, RAL-USER
2025-08-27T02:29:48,474791Z dirac-jobexec/FailoverTransfer INFO: Attempting dm.putAndRegister ('/lhcb/user/a/afernez/2025_08/1164943/1164943199/mc.root','/tmp/1164943199/mc.root','CNAF-USER',guid='89CC6E68-A71C-05DB-DF8C-C43368F253D3',catalog='None', checksum = '828362ae')
2025-08-27T02:29:52,854609Z dirac-jobexec/FailoverTransfer INFO: dm.putAndRegister successfully uploaded and registered mc.root to CNAF-USER
2025-08-27T02:29:53,235410Z dirac-jobexec/UserJobFinalization INFO: ===== Terminating 12.0.0a30 ===== 
