WARNING: Parsing of '.cfg' files as command line arguments is changing!
          Set the environment variable 'export DIRAC_NO_CFG=1' to pass the file as a positional
          argument (this will become the default).
          To modify the local configuration use '--cfg <configfile>' instead.
2025-08-26T23:21:08,124636Z dirac-jobexec INFO: JobID: 1164942683
2025-08-26T23:21:08,134631Z dirac-jobexec INFO: DIRAC JobID 1164942683 is running at site LCG.GRIDKA.de
Executing StepInstance RunScriptStep1 of type ScriptStep1 ['ScriptStep1']
2025-08-26T23:21:10,065160Z dirac-jobexec/CreateDataFile INFO: ===== Executing 12.0.0a30 ===== 
2025-08-26T23:21:10,065912Z dirac-jobexec INFO: Running in MultiProcessor is not allowed here
2025-08-26T23:21:10,066009Z dirac-jobexec/CreateDataFile INFO: Creating Ganga data file data.py from scratch
2025-08-26T23:21:10,318824Z dirac-jobexec/CreateDataFile INFO: Created Ganga data file data.py
2025-08-26T23:21:10,319092Z dirac-jobexec/CreateDataFile INFO: ===== Terminating 12.0.0a30 ===== 
2025-08-26T23:21:10,326519Z dirac-jobexec/LHCbScript INFO: Command is: /cvmfs/lhcb.cern.ch/lhcbdirac/versions/v12.0.0a30-1755085183/Linux-x86_64/bin/python3 jobScript/GaudiExec_afernez_Job_500.10_8a75fd92-f9de-49f4-9868-0f8bb3727444_script.py
2025-08-27T03:40:25,277708Z dirac-jobexec/LHCbScript INFO: /cvmfs/lhcb.cern.ch/lhcbdirac/versions/v12.0.0a30-1755085183/Linux-x86_64/bin/python3 jobScript/GaudiExec_afernez_Job_500.10_8a75fd92-f9de-49f4-9868-0f8bb3727444_script.py execution completed with status 0
2025-08-27T03:40:25,281669Z dirac-jobexec/LHCbScript INFO: Output written to Script1_Ganga_GaudiExec.log, execution complete.
2025-08-27T03:40:25,620967Z dirac-jobexec/LHCbScript INFO: GaudiExec successful
2025-08-27T03:40:25,626762Z dirac-jobexec/LHCbScript INFO: ===== Terminating <class 'LHCbDIRAC.Workflow.Modules.LHCbScript.LHCbScript'> ===== 
2025-08-27T03:40:25,722348Z dirac-jobexec/FileUsage INFO: ===== Executing 12.0.0a30 ===== 
2025-08-27T03:40:25,722854Z dirac-jobexec/FileUsage INFO: Popularity report =  {'/lhcb/MC/2016/D0TAUNU.SAFESTRIPTRIG.DST/00140822/0000/': 3}
2025-08-27T03:40:25,814068Z dirac-jobexec/FileUsage INFO: Reporting input file usage successful!
2025-08-27T03:40:25,814451Z dirac-jobexec/FileUsage INFO: ===== Terminating 12.0.0a30 ===== 
2025-08-27T03:40:25,820667Z dirac-jobexec/UserJobFinalization INFO: ===== Executing 12.0.0a30 ===== 
2025-08-27T03:40:25,820927Z dirac-jobexec/DIRAC.DataManagementSystem.Utilities.ResolveSE INFO: Resolving workflow output SE description Tier1-USER
2025-08-27T03:40:25,828042Z dirac-jobexec/DIRAC.DataManagementSystem.Utilities.ResolveSE INFO: Found SEs, local first: ['GRIDKA-USER', 'CERN-USER', 'IN2P3-USER', 'PIC-USER', 'SARA-USER', 'CNAF-USER', 'RAL-USER']
2025-08-27T03:40:25,828248Z dirac-jobexec/DIRAC.DataManagementSystem.Utilities.ResolveSE INFO: Resolving workflow output SE description Tier1-Failover
2025-08-27T03:40:25,831715Z dirac-jobexec/DIRAC.DataManagementSystem.Utilities.ResolveSE INFO: Found SEs, local first: ['GRIDKA-FAILOVER', 'CNAF-FAILOVER', 'CERN-EOS-FAILOVER', 'IN2P3-FAILOVER', 'RAL-FAILOVER', 'SARA-FAILOVER', 'PIC-FAILOVER']
2025-08-27T03:40:25,832158Z dirac-jobexec/UserJobFinalization INFO: User specified output file list is: *.root
2025-08-27T03:40:25,832715Z dirac-jobexec/UserJobFinalization INFO: Found a pattern in the output data file list,           extra files to upload are: mc.root
2025-08-27T03:40:25,832802Z dirac-jobexec/UserJobFinalization INFO: Final list of files to upload are: mc.root
2025-08-27T03:40:25,832878Z dirac-jobexec/UserJobFinalization INFO: Constructing user output LFN(s) for mc.root
2025-08-27T03:40:25,979317Z dirac-jobexec/ProductionData INFO: Created the following output data LFN(s):
/lhcb/user/a/afernez/2025_08/1164942/1164942683/mc.root
2025-08-27T03:40:25,979716Z dirac-jobexec/UserJobFinalization INFO: No outputDataFileMask provided, the files with all the extensions will be considered
2025-08-27T03:40:25,979794Z dirac-jobexec/UserJobFinalization INFO: No outputDataStep provided, the files output of all the steps will be considered
2025-08-27T03:40:25,979881Z dirac-jobexec/UserJobFinalization INFO: Will search for POOL GUIDs for: mc.root
2025-08-27T03:40:26,201016Z dirac-jobexec INFO: GUIDs not found from POOL XML Catalogue (and were generated) for: mc.root
2025-08-27T03:40:26,201307Z dirac-jobexec/UserJobFinalization WARN: PoolXMLFile generated GUID(s) for the following files  mc.root
2025-08-27T03:40:26,571441Z dirac-jobexec/DIRAC.DataManagementSystem.Utilities.ResolveSE INFO: Resolving workflow output SE description Tier1-USER
2025-08-27T03:40:26,575802Z dirac-jobexec/DIRAC.DataManagementSystem.Utilities.ResolveSE INFO: Found eligible local SE ['GRIDKA-USER']
2025-08-27T03:40:26,576036Z dirac-jobexec/UserJobFinalization INFO: Ordered list of output SEs is: GRIDKA-USER, RAL-USER, IN2P3-USER, PIC-USER, SARA-USER, CERN-USER, CNAF-USER
2025-08-27T03:40:26,576101Z dirac-jobexec/UserJobFinalization INFO: Creating DISABLE_WATCHDOG_CPU_WALLCLOCK_CHECK in order to disable the Watchdog
2025-08-27T03:40:26,576518Z dirac-jobexec/UserJobFinalization INFO: Attempting to store mc.root to the following SE(s): GRIDKA-USER, RAL-USER, IN2P3-USER, PIC-USER, SARA-USER, CERN-USER, CNAF-USER
2025-08-27T03:40:26,576591Z dirac-jobexec/FailoverTransfer INFO: Attempting dm.putAndRegister ('/lhcb/user/a/afernez/2025_08/1164942/1164942683/mc.root','/tmp/1164942683/mc.root','GRIDKA-USER',guid='B9F7E23C-2A16-B1C7-70BF-B3EC43F9FE31',catalog='None', checksum = '800d49e0')
2025-08-27T03:40:29,393148Z dirac-jobexec/FailoverTransfer INFO: dm.putAndRegister successfully uploaded and registered mc.root to GRIDKA-USER
2025-08-27T03:40:29,656762Z dirac-jobexec/UserJobFinalization INFO: ===== Terminating 12.0.0a30 ===== 
