WARNING: Parsing of '.cfg' files as command line arguments is changing!
          Set the environment variable 'export DIRAC_NO_CFG=1' to pass the file as a positional
          argument (this will become the default).
          To modify the local configuration use '--cfg <configfile>' instead.
2025-08-26T22:54:09,294075Z dirac-jobexec INFO: JobID: 1164942468
2025-08-26T22:54:09,311465Z dirac-jobexec INFO: DIRAC JobID 1164942468 is running at site LCG.RAL.uk
Executing StepInstance RunScriptStep1 of type ScriptStep1 ['ScriptStep1']
2025-08-26T22:54:12,152302Z dirac-jobexec/CreateDataFile INFO: ===== Executing 12.0.0a30 ===== 
2025-08-26T22:54:12,154001Z dirac-jobexec INFO: Running in MultiProcessor is not allowed here
2025-08-26T22:54:12,154210Z dirac-jobexec/CreateDataFile INFO: Creating Ganga data file data.py from scratch
2025-08-26T22:54:12,497057Z dirac-jobexec/CreateDataFile INFO: Created Ganga data file data.py
2025-08-26T22:54:12,497717Z dirac-jobexec/CreateDataFile INFO: ===== Terminating 12.0.0a30 ===== 
2025-08-26T22:54:12,513342Z dirac-jobexec/LHCbScript INFO: Command is: /cvmfs/lhcb.cern.ch/lhcbdirac/versions/v12.0.0a30-1755085183/Linux-x86_64/bin/python3 jobScript/GaudiExec_afernez_Job_486.2_d8ed90aa-864f-4d26-941f-451bffe1b7f8_script.py
2025-08-27T00:00:34,192889Z dirac-jobexec/LHCbScript INFO: /cvmfs/lhcb.cern.ch/lhcbdirac/versions/v12.0.0a30-1755085183/Linux-x86_64/bin/python3 jobScript/GaudiExec_afernez_Job_486.2_d8ed90aa-864f-4d26-941f-451bffe1b7f8_script.py execution completed with status 0
2025-08-27T00:00:34,194986Z dirac-jobexec/LHCbScript INFO: Output written to Script1_Ganga_GaudiExec.log, execution complete.
2025-08-27T00:00:34,423626Z dirac-jobexec/LHCbScript INFO: GaudiExec successful
2025-08-27T00:00:34,424801Z dirac-jobexec/LHCbScript INFO: ===== Terminating <class 'LHCbDIRAC.Workflow.Modules.LHCbScript.LHCbScript'> ===== 
2025-08-27T00:00:34,442760Z dirac-jobexec/FileUsage INFO: ===== Executing 12.0.0a30 ===== 
2025-08-27T00:00:34,444108Z dirac-jobexec/FileUsage INFO: Popularity report =  {'/lhcb/LHCb/Collision16/SEMILEPTONIC.DST/00103400/0000/': 9}
2025-08-27T00:00:34,624398Z dirac-jobexec/FileUsage INFO: Reporting input file usage successful!
2025-08-27T00:00:34,625194Z dirac-jobexec/FileUsage INFO: ===== Terminating 12.0.0a30 ===== 
2025-08-27T00:00:34,637392Z dirac-jobexec/UserJobFinalization INFO: ===== Executing 12.0.0a30 ===== 
2025-08-27T00:00:34,637926Z dirac-jobexec/DIRAC.DataManagementSystem.Utilities.ResolveSE INFO: Resolving workflow output SE description Tier1-USER
2025-08-27T00:00:34,649839Z dirac-jobexec/DIRAC.DataManagementSystem.Utilities.ResolveSE INFO: Found SEs, local first: ['RAL-USER', 'CERN-USER', 'CNAF-USER', 'IN2P3-USER', 'PIC-USER', 'SARA-USER', 'GRIDKA-USER']
2025-08-27T00:00:34,650837Z dirac-jobexec/DIRAC.DataManagementSystem.Utilities.ResolveSE INFO: Resolving workflow output SE description Tier1-Failover
2025-08-27T00:00:34,658891Z dirac-jobexec/DIRAC.DataManagementSystem.Utilities.ResolveSE INFO: Found SEs, local first: ['RAL-FAILOVER', 'GRIDKA-FAILOVER', 'PIC-FAILOVER', 'IN2P3-FAILOVER', 'CERN-EOS-FAILOVER', 'CNAF-FAILOVER', 'SARA-FAILOVER']
2025-08-27T00:00:34,660601Z dirac-jobexec/UserJobFinalization INFO: User specified output file list is: *.root
2025-08-27T00:00:34,662528Z dirac-jobexec/UserJobFinalization INFO: Found a pattern in the output data file list,           extra files to upload are: std.root
2025-08-27T00:00:34,663429Z dirac-jobexec/UserJobFinalization INFO: Final list of files to upload are: std.root
2025-08-27T00:00:34,664150Z dirac-jobexec/UserJobFinalization INFO: Constructing user output LFN(s) for std.root
2025-08-27T00:00:34,912519Z dirac-jobexec/ProductionData INFO: Created the following output data LFN(s):
/lhcb/user/a/afernez/2025_08/1164942/1164942468/std.root
2025-08-27T00:00:34,913270Z dirac-jobexec/UserJobFinalization INFO: No outputDataFileMask provided, the files with all the extensions will be considered
2025-08-27T00:00:34,913478Z dirac-jobexec/UserJobFinalization INFO: No outputDataStep provided, the files output of all the steps will be considered
2025-08-27T00:00:34,913662Z dirac-jobexec/UserJobFinalization INFO: Will search for POOL GUIDs for: std.root
2025-08-27T00:00:35,020815Z dirac-jobexec INFO: GUIDs not found from POOL XML Catalogue (and were generated) for: std.root
2025-08-27T00:00:35,021472Z dirac-jobexec/UserJobFinalization WARN: PoolXMLFile generated GUID(s) for the following files  std.root
2025-08-27T00:00:35,056820Z dirac-jobexec/DIRAC.DataManagementSystem.Utilities.ResolveSE INFO: Resolving workflow output SE description Tier1-USER
2025-08-27T00:00:35,062920Z dirac-jobexec/DIRAC.DataManagementSystem.Utilities.ResolveSE INFO: Found eligible local SE ['RAL-USER']
2025-08-27T00:00:35,063485Z dirac-jobexec/UserJobFinalization INFO: Ordered list of output SEs is: RAL-USER, CERN-USER, PIC-USER, CNAF-USER, SARA-USER, IN2P3-USER, GRIDKA-USER
2025-08-27T00:00:35,063705Z dirac-jobexec/UserJobFinalization INFO: Creating DISABLE_WATCHDOG_CPU_WALLCLOCK_CHECK in order to disable the Watchdog
2025-08-27T00:00:35,064372Z dirac-jobexec/UserJobFinalization INFO: Attempting to store std.root to the following SE(s): RAL-USER, CERN-USER, PIC-USER, CNAF-USER, SARA-USER, IN2P3-USER, GRIDKA-USER
2025-08-27T00:00:35,064512Z dirac-jobexec/FailoverTransfer INFO: Attempting dm.putAndRegister ('/lhcb/user/a/afernez/2025_08/1164942/1164942468/std.root','/tmp/1164942468/std.root','RAL-USER',guid='A71E75C2-FA06-BC15-FD1D-4C890B522EC0',catalog='None', checksum = '3563070b')
2025-08-27T00:00:38,925499Z dirac-jobexec/FailoverTransfer INFO: dm.putAndRegister successfully uploaded and registered std.root to RAL-USER
2025-08-27T00:00:39,429135Z dirac-jobexec/UserJobFinalization INFO: ===== Terminating 12.0.0a30 ===== 
