WARNING: Parsing of '.cfg' files as command line arguments is changing!
          Set the environment variable 'export DIRAC_NO_CFG=1' to pass the file as a positional
          argument (this will become the default).
          To modify the local configuration use '--cfg <configfile>' instead.
2025-08-27T05:00:16,120570Z dirac-jobexec INFO: JobID: 1164942789
2025-08-27T05:00:16,127041Z dirac-jobexec INFO: DIRAC JobID 1164942789 is running at site LCG.IN2P3.fr
Executing StepInstance RunScriptStep1 of type ScriptStep1 ['ScriptStep1']
2025-08-27T05:00:17,797392Z dirac-jobexec/CreateDataFile INFO: ===== Executing 12.0.0a30 ===== 
2025-08-27T05:00:17,797999Z dirac-jobexec INFO: Running in MultiProcessor is not allowed here
2025-08-27T05:00:17,798082Z dirac-jobexec/CreateDataFile INFO: Creating Ganga data file data.py from scratch
2025-08-27T05:00:17,958336Z dirac-jobexec/CreateDataFile INFO: Created Ganga data file data.py
2025-08-27T05:00:17,958504Z dirac-jobexec/CreateDataFile INFO: ===== Terminating 12.0.0a30 ===== 
2025-08-27T05:00:17,963233Z dirac-jobexec/LHCbScript INFO: Command is: /cvmfs/lhcb.cern.ch/lhcbdirac/versions/v12.0.0a30-1755085183/Linux-x86_64/bin/python3 jobScript/GaudiExec_afernez_Job_505.2_e1561b23-9300-4813-aa17-f0ad8a4d22f8_script.py
2025-08-27T08:48:16,402414Z dirac-jobexec/LHCbScript INFO: /cvmfs/lhcb.cern.ch/lhcbdirac/versions/v12.0.0a30-1755085183/Linux-x86_64/bin/python3 jobScript/GaudiExec_afernez_Job_505.2_e1561b23-9300-4813-aa17-f0ad8a4d22f8_script.py execution completed with status 0
2025-08-27T08:48:16,403775Z dirac-jobexec/LHCbScript INFO: Output written to Script1_Ganga_GaudiExec.log, execution complete.
2025-08-27T08:48:16,560617Z dirac-jobexec/LHCbScript INFO: GaudiExec successful
2025-08-27T08:48:16,566339Z dirac-jobexec/LHCbScript INFO: ===== Terminating <class 'LHCbDIRAC.Workflow.Modules.LHCbScript.LHCbScript'> ===== 
2025-08-27T08:48:16,821429Z dirac-jobexec/FileUsage INFO: ===== Executing 12.0.0a30 ===== 
2025-08-27T08:48:16,822008Z dirac-jobexec/FileUsage INFO: Popularity report =  {'/lhcb/MC/2016/D0TAUNU.SAFESTRIPTRIG.DST/00140789/0000/': 3}
2025-08-27T08:48:16,868565Z dirac-jobexec/FileUsage INFO: Reporting input file usage successful!
2025-08-27T08:48:16,868969Z dirac-jobexec/FileUsage INFO: ===== Terminating 12.0.0a30 ===== 
2025-08-27T08:48:16,873845Z dirac-jobexec/UserJobFinalization INFO: ===== Executing 12.0.0a30 ===== 
2025-08-27T08:48:16,874128Z dirac-jobexec/DIRAC.DataManagementSystem.Utilities.ResolveSE INFO: Resolving workflow output SE description Tier1-USER
2025-08-27T08:48:16,880566Z dirac-jobexec/DIRAC.DataManagementSystem.Utilities.ResolveSE INFO: Found SEs, local first: ['IN2P3-USER', 'RAL-USER', 'SARA-USER', 'GRIDKA-USER', 'CERN-USER', 'PIC-USER', 'CNAF-USER']
2025-08-27T08:48:16,880820Z dirac-jobexec/DIRAC.DataManagementSystem.Utilities.ResolveSE INFO: Resolving workflow output SE description Tier1-Failover
2025-08-27T08:48:16,883784Z dirac-jobexec/DIRAC.DataManagementSystem.Utilities.ResolveSE INFO: Found SEs, local first: ['IN2P3-FAILOVER', 'RAL-FAILOVER', 'CNAF-FAILOVER', 'CERN-EOS-FAILOVER', 'GRIDKA-FAILOVER', 'PIC-FAILOVER', 'SARA-FAILOVER']
2025-08-27T08:48:16,884113Z dirac-jobexec/UserJobFinalization INFO: User specified output file list is: *.root
2025-08-27T08:48:16,884781Z dirac-jobexec/UserJobFinalization INFO: Found a pattern in the output data file list,           extra files to upload are: mc.root
2025-08-27T08:48:16,884930Z dirac-jobexec/UserJobFinalization INFO: Final list of files to upload are: mc.root
2025-08-27T08:48:16,885146Z dirac-jobexec/UserJobFinalization INFO: Constructing user output LFN(s) for mc.root
2025-08-27T08:48:16,958714Z dirac-jobexec/ProductionData INFO: Created the following output data LFN(s):
/lhcb/user/a/afernez/2025_08/1164942/1164942789/mc.root
2025-08-27T08:48:16,959053Z dirac-jobexec/UserJobFinalization INFO: No outputDataFileMask provided, the files with all the extensions will be considered
2025-08-27T08:48:16,959122Z dirac-jobexec/UserJobFinalization INFO: No outputDataStep provided, the files output of all the steps will be considered
2025-08-27T08:48:16,959202Z dirac-jobexec/UserJobFinalization INFO: Will search for POOL GUIDs for: mc.root
2025-08-27T08:48:17,151988Z dirac-jobexec INFO: GUIDs not found from POOL XML Catalogue (and were generated) for: mc.root
2025-08-27T08:48:17,152293Z dirac-jobexec/UserJobFinalization WARN: PoolXMLFile generated GUID(s) for the following files  mc.root
2025-08-27T08:48:17,561394Z dirac-jobexec/DIRAC.DataManagementSystem.Utilities.ResolveSE INFO: Resolving workflow output SE description Tier1-USER
2025-08-27T08:48:17,565570Z dirac-jobexec/DIRAC.DataManagementSystem.Utilities.ResolveSE INFO: Found eligible local SE ['IN2P3-USER']
2025-08-27T08:48:17,565807Z dirac-jobexec/UserJobFinalization INFO: Ordered list of output SEs is: IN2P3-USER, RAL-USER, PIC-USER, CERN-USER, SARA-USER, GRIDKA-USER, CNAF-USER
2025-08-27T08:48:17,565973Z dirac-jobexec/UserJobFinalization INFO: Creating DISABLE_WATCHDOG_CPU_WALLCLOCK_CHECK in order to disable the Watchdog
2025-08-27T08:48:17,566370Z dirac-jobexec/UserJobFinalization INFO: Attempting to store mc.root to the following SE(s): IN2P3-USER, RAL-USER, PIC-USER, CERN-USER, SARA-USER, GRIDKA-USER, CNAF-USER
2025-08-27T08:48:17,566522Z dirac-jobexec/FailoverTransfer INFO: Attempting dm.putAndRegister ('/lhcb/user/a/afernez/2025_08/1164942/1164942789/mc.root','/tmp/1164942789/mc.root','IN2P3-USER',guid='9C9B39E5-E3FB-B24E-E660-7304E7B993D2',catalog='None', checksum = '963667e2')
2025-08-27T08:48:19,752996Z dirac-jobexec/FailoverTransfer INFO: dm.putAndRegister successfully uploaded and registered mc.root to IN2P3-USER
2025-08-27T08:48:19,924911Z dirac-jobexec/UserJobFinalization INFO: ===== Terminating 12.0.0a30 ===== 
