WARNING: Parsing of '.cfg' files as command line arguments is changing!
          Set the environment variable 'export DIRAC_NO_CFG=1' to pass the file as a positional
          argument (this will become the default).
          To modify the local configuration use '--cfg <configfile>' instead.
2025-08-26T23:01:56,095598Z dirac-jobexec INFO: JobID: 1164942503
2025-08-26T23:01:56,114119Z dirac-jobexec INFO: DIRAC JobID 1164942503 is running at site LCG.GRIDKA.de
Executing StepInstance RunScriptStep1 of type ScriptStep1 ['ScriptStep1']
2025-08-26T23:01:59,383607Z dirac-jobexec/CreateDataFile INFO: ===== Executing 12.0.0a30 ===== 
2025-08-26T23:01:59,385040Z dirac-jobexec INFO: Running in MultiProcessor is not allowed here
2025-08-26T23:01:59,385271Z dirac-jobexec/CreateDataFile INFO: Creating Ganga data file data.py from scratch
2025-08-26T23:01:59,643830Z dirac-jobexec/CreateDataFile INFO: Created Ganga data file data.py
2025-08-26T23:01:59,644317Z dirac-jobexec/CreateDataFile INFO: ===== Terminating 12.0.0a30 ===== 
2025-08-26T23:01:59,655993Z dirac-jobexec/LHCbScript INFO: Command is: /cvmfs/lhcb.cern.ch/lhcbdirac/versions/v12.0.0a30-1755085183/Linux-x86_64/bin/python3 jobScript/GaudiExec_afernez_Job_488.16_ab4ff3ff-8b00-461c-a807-cd96b5d95d98_script.py
2025-08-27T02:09:49,661641Z dirac-jobexec/LHCbScript INFO: /cvmfs/lhcb.cern.ch/lhcbdirac/versions/v12.0.0a30-1755085183/Linux-x86_64/bin/python3 jobScript/GaudiExec_afernez_Job_488.16_ab4ff3ff-8b00-461c-a807-cd96b5d95d98_script.py execution completed with status 0
2025-08-27T02:09:49,663521Z dirac-jobexec/LHCbScript INFO: Output written to Script1_Ganga_GaudiExec.log, execution complete.
2025-08-27T02:09:49,878823Z dirac-jobexec/LHCbScript INFO: GaudiExec successful
2025-08-27T02:09:49,884904Z dirac-jobexec/LHCbScript INFO: ===== Terminating <class 'LHCbDIRAC.Workflow.Modules.LHCbScript.LHCbScript'> ===== 
2025-08-27T02:09:50,352304Z dirac-jobexec/FileUsage INFO: ===== Executing 12.0.0a30 ===== 
2025-08-27T02:09:50,352987Z dirac-jobexec/FileUsage INFO: Popularity report =  {'/lhcb/MC/2016/D0TAUNU.SAFESTRIPTRIG.DST/00140858/0000/': 2}
2025-08-27T02:09:50,496610Z dirac-jobexec/FileUsage INFO: Reporting input file usage successful!
2025-08-27T02:09:50,496936Z dirac-jobexec/FileUsage INFO: ===== Terminating 12.0.0a30 ===== 
2025-08-27T02:09:50,501860Z dirac-jobexec/UserJobFinalization INFO: ===== Executing 12.0.0a30 ===== 
2025-08-27T02:09:50,502149Z dirac-jobexec/DIRAC.DataManagementSystem.Utilities.ResolveSE INFO: Resolving workflow output SE description Tier1-USER
2025-08-27T02:09:50,515493Z dirac-jobexec/DIRAC.DataManagementSystem.Utilities.ResolveSE INFO: Found SEs, local first: ['GRIDKA-USER', 'SARA-USER', 'RAL-USER', 'IN2P3-USER', 'PIC-USER', 'CNAF-USER', 'CERN-USER']
2025-08-27T02:09:50,515869Z dirac-jobexec/DIRAC.DataManagementSystem.Utilities.ResolveSE INFO: Resolving workflow output SE description Tier1-Failover
2025-08-27T02:09:50,520394Z dirac-jobexec/DIRAC.DataManagementSystem.Utilities.ResolveSE INFO: Found SEs, local first: ['GRIDKA-FAILOVER', 'CNAF-FAILOVER', 'PIC-FAILOVER', 'IN2P3-FAILOVER', 'RAL-FAILOVER', 'SARA-FAILOVER', 'CERN-EOS-FAILOVER']
2025-08-27T02:09:50,521374Z dirac-jobexec/UserJobFinalization INFO: User specified output file list is: *.root
2025-08-27T02:09:50,522632Z dirac-jobexec/UserJobFinalization INFO: Found a pattern in the output data file list,           extra files to upload are: mc.root
2025-08-27T02:09:50,522791Z dirac-jobexec/UserJobFinalization INFO: Final list of files to upload are: mc.root
2025-08-27T02:09:50,522897Z dirac-jobexec/UserJobFinalization INFO: Constructing user output LFN(s) for mc.root
2025-08-27T02:09:50,677203Z dirac-jobexec/ProductionData INFO: Created the following output data LFN(s):
/lhcb/user/a/afernez/2025_08/1164942/1164942503/mc.root
2025-08-27T02:09:50,678476Z dirac-jobexec/UserJobFinalization INFO: No outputDataFileMask provided, the files with all the extensions will be considered
2025-08-27T02:09:50,678632Z dirac-jobexec/UserJobFinalization INFO: No outputDataStep provided, the files output of all the steps will be considered
2025-08-27T02:09:50,678759Z dirac-jobexec/UserJobFinalization INFO: Will search for POOL GUIDs for: mc.root
2025-08-27T02:09:50,971555Z dirac-jobexec INFO: GUIDs not found from POOL XML Catalogue (and were generated) for: mc.root
2025-08-27T02:09:50,972115Z dirac-jobexec/UserJobFinalization WARN: PoolXMLFile generated GUID(s) for the following files  mc.root
2025-08-27T02:09:51,308147Z dirac-jobexec/DIRAC.DataManagementSystem.Utilities.ResolveSE INFO: Resolving workflow output SE description Tier1-USER
2025-08-27T02:09:51,314125Z dirac-jobexec/DIRAC.DataManagementSystem.Utilities.ResolveSE INFO: Found eligible local SE ['GRIDKA-USER']
2025-08-27T02:09:51,314692Z dirac-jobexec/UserJobFinalization INFO: Ordered list of output SEs is: GRIDKA-USER, SARA-USER, PIC-USER, RAL-USER, CNAF-USER, IN2P3-USER, CERN-USER
2025-08-27T02:09:51,314813Z dirac-jobexec/UserJobFinalization INFO: Creating DISABLE_WATCHDOG_CPU_WALLCLOCK_CHECK in order to disable the Watchdog
2025-08-27T02:09:51,315489Z dirac-jobexec/UserJobFinalization INFO: Attempting to store mc.root to the following SE(s): GRIDKA-USER, SARA-USER, PIC-USER, RAL-USER, CNAF-USER, IN2P3-USER, CERN-USER
2025-08-27T02:09:51,315601Z dirac-jobexec/FailoverTransfer INFO: Attempting dm.putAndRegister ('/lhcb/user/a/afernez/2025_08/1164942/1164942503/mc.root','/tmp/1164942503/mc.root','GRIDKA-USER',guid='25F979CC-8096-F851-83F5-0DEDE66900BB',catalog='None', checksum = 'fb01a15f')
2025-08-27T02:09:54,116492Z dirac-jobexec/FailoverTransfer INFO: dm.putAndRegister successfully uploaded and registered mc.root to GRIDKA-USER
2025-08-27T02:09:54,431209Z dirac-jobexec/UserJobFinalization INFO: ===== Terminating 12.0.0a30 ===== 
