WARNING: Parsing of '.cfg' files as command line arguments is changing!
          Set the environment variable 'export DIRAC_NO_CFG=1' to pass the file as a positional
          argument (this will become the default).
          To modify the local configuration use '--cfg <configfile>' instead.
2025-08-27T00:19:48,260640Z dirac-jobexec INFO: JobID: 1164943206
2025-08-27T00:19:48,271024Z dirac-jobexec INFO: DIRAC JobID 1164943206 is running at site LCG.CERN.cern
Executing StepInstance RunScriptStep1 of type ScriptStep1 ['ScriptStep1']
2025-08-27T00:19:50,483317Z dirac-jobexec/CreateDataFile INFO: ===== Executing 12.0.0a30 ===== 
2025-08-27T00:19:50,485095Z dirac-jobexec INFO: Getting numberOfProcessors from /Resources/Computing/CEDefaults/NumberOfProcessors
2025-08-27T00:19:50,485353Z dirac-jobexec/CreateDataFile INFO: Creating Ganga data file data.py from scratch
2025-08-27T00:19:50,665606Z dirac-jobexec/CreateDataFile INFO: Created Ganga data file data.py
2025-08-27T00:19:50,665845Z dirac-jobexec/CreateDataFile INFO: ===== Terminating 12.0.0a30 ===== 
2025-08-27T00:19:50,674222Z dirac-jobexec/LHCbScript INFO: Command is: /cvmfs/lhcb.cern.ch/lhcbdirac/versions/v12.0.0a30-1755085183/Linux-x86_64/bin/python3 jobScript/GaudiExec_afernez_Job_522.17_8ef90270-7c26-46b5-bdf6-1c75313126db_script.py
2025-08-27T01:43:00,518643Z dirac-jobexec/LHCbScript INFO: /cvmfs/lhcb.cern.ch/lhcbdirac/versions/v12.0.0a30-1755085183/Linux-x86_64/bin/python3 jobScript/GaudiExec_afernez_Job_522.17_8ef90270-7c26-46b5-bdf6-1c75313126db_script.py execution completed with status 0
2025-08-27T01:43:00,520457Z dirac-jobexec/LHCbScript INFO: Output written to Script1_Ganga_GaudiExec.log, execution complete.
2025-08-27T01:43:00,836330Z dirac-jobexec/LHCbScript INFO: GaudiExec successful
2025-08-27T01:43:00,841977Z dirac-jobexec/LHCbScript INFO: ===== Terminating <class 'LHCbDIRAC.Workflow.Modules.LHCbScript.LHCbScript'> ===== 
2025-08-27T01:43:01,029337Z dirac-jobexec/FileUsage INFO: ===== Executing 12.0.0a30 ===== 
2025-08-27T01:43:01,029908Z dirac-jobexec/FileUsage INFO: Popularity report =  {'/lhcb/MC/2016/D0TAUNU.SAFESTRIPTRIG.DST/00202746/0000/': 1}
2025-08-27T01:43:01,159353Z dirac-jobexec/FileUsage INFO: Reporting input file usage successful!
2025-08-27T01:43:01,159673Z dirac-jobexec/FileUsage INFO: ===== Terminating 12.0.0a30 ===== 
2025-08-27T01:43:01,167845Z dirac-jobexec/UserJobFinalization INFO: ===== Executing 12.0.0a30 ===== 
2025-08-27T01:43:01,168085Z dirac-jobexec/DIRAC.DataManagementSystem.Utilities.ResolveSE INFO: Resolving workflow output SE description Tier1-USER
2025-08-27T01:43:01,176293Z dirac-jobexec/DIRAC.DataManagementSystem.Utilities.ResolveSE INFO: Found SEs, local first: ['CERN-USER', 'IN2P3-USER', 'PIC-USER', 'CNAF-USER', 'RAL-USER', 'SARA-USER', 'GRIDKA-USER']
2025-08-27T01:43:01,176492Z dirac-jobexec/DIRAC.DataManagementSystem.Utilities.ResolveSE INFO: Resolving workflow output SE description Tier1-Failover
2025-08-27T01:43:01,182332Z dirac-jobexec/DIRAC.DataManagementSystem.Utilities.ResolveSE INFO: Found SEs, local first: ['CERN-EOS-FAILOVER', 'GRIDKA-FAILOVER', 'SARA-FAILOVER', 'IN2P3-FAILOVER', 'PIC-FAILOVER', 'RAL-FAILOVER', 'CNAF-FAILOVER']
2025-08-27T01:43:01,182778Z dirac-jobexec/UserJobFinalization INFO: User specified output file list is: *.root
2025-08-27T01:43:01,183471Z dirac-jobexec/UserJobFinalization INFO: Found a pattern in the output data file list,           extra files to upload are: mc.root
2025-08-27T01:43:01,183596Z dirac-jobexec/UserJobFinalization INFO: Final list of files to upload are: mc.root
2025-08-27T01:43:01,183684Z dirac-jobexec/UserJobFinalization INFO: Constructing user output LFN(s) for mc.root
2025-08-27T01:43:01,292757Z dirac-jobexec/ProductionData INFO: Created the following output data LFN(s):
/lhcb/user/a/afernez/2025_08/1164943/1164943206/mc.root
2025-08-27T01:43:01,293090Z dirac-jobexec/UserJobFinalization INFO: No outputDataFileMask provided, the files with all the extensions will be considered
2025-08-27T01:43:01,293189Z dirac-jobexec/UserJobFinalization INFO: No outputDataStep provided, the files output of all the steps will be considered
2025-08-27T01:43:01,293278Z dirac-jobexec/UserJobFinalization INFO: Will search for POOL GUIDs for: mc.root
2025-08-27T01:43:01,382188Z dirac-jobexec INFO: GUIDs not found from POOL XML Catalogue (and were generated) for: mc.root
2025-08-27T01:43:01,382475Z dirac-jobexec/UserJobFinalization WARN: PoolXMLFile generated GUID(s) for the following files  mc.root
2025-08-27T01:43:01,452433Z dirac-jobexec/DIRAC.DataManagementSystem.Utilities.ResolveSE INFO: Resolving workflow output SE description Tier1-USER
2025-08-27T01:43:01,459511Z dirac-jobexec/DIRAC.DataManagementSystem.Utilities.ResolveSE INFO: Found eligible local SE ['CERN-USER']
2025-08-27T01:43:01,459793Z dirac-jobexec/UserJobFinalization INFO: Ordered list of output SEs is: CERN-USER, PIC-USER, RAL-USER, IN2P3-USER, SARA-USER, GRIDKA-USER, CNAF-USER
2025-08-27T01:43:01,459923Z dirac-jobexec/UserJobFinalization INFO: Creating DISABLE_WATCHDOG_CPU_WALLCLOCK_CHECK in order to disable the Watchdog
2025-08-27T01:43:01,460397Z dirac-jobexec/UserJobFinalization INFO: Attempting to store mc.root to the following SE(s): CERN-USER, PIC-USER, RAL-USER, IN2P3-USER, SARA-USER, GRIDKA-USER, CNAF-USER
2025-08-27T01:43:01,460562Z dirac-jobexec/FailoverTransfer INFO: Attempting dm.putAndRegister ('/lhcb/user/a/afernez/2025_08/1164943/1164943206/mc.root','/tmp/1164943206/mc.root','CERN-USER',guid='DECB6BF1-1BE5-98B6-034C-F39CACCACA4F',catalog='None', checksum = '14446db0')
2025-08-27T01:43:03,139547Z dirac-jobexec/FailoverTransfer INFO: dm.putAndRegister successfully uploaded and registered mc.root to CERN-USER
2025-08-27T01:43:03,381619Z dirac-jobexec/UserJobFinalization INFO: ===== Terminating 12.0.0a30 ===== 
