WARNING: Parsing of '.cfg' files as command line arguments is changing!
          Set the environment variable 'export DIRAC_NO_CFG=1' to pass the file as a positional
          argument (this will become the default).
          To modify the local configuration use '--cfg <configfile>' instead.
2025-08-27T00:06:47,530067Z dirac-jobexec INFO: JobID: 1164942904
2025-08-27T00:06:47,539657Z dirac-jobexec INFO: DIRAC JobID 1164942904 is running at site LCG.CERN.cern
Executing StepInstance RunScriptStep1 of type ScriptStep1 ['ScriptStep1']
2025-08-27T00:06:49,499246Z dirac-jobexec/CreateDataFile INFO: ===== Executing 12.0.0a30 ===== 
2025-08-27T00:06:49,501007Z dirac-jobexec INFO: Getting numberOfProcessors from /Resources/Computing/CEDefaults/NumberOfProcessors
2025-08-27T00:06:49,501322Z dirac-jobexec/CreateDataFile INFO: Creating Ganga data file data.py from scratch
2025-08-27T00:06:49,966636Z dirac-jobexec/CreateDataFile INFO: Created Ganga data file data.py
2025-08-27T00:06:49,966955Z dirac-jobexec/CreateDataFile INFO: ===== Terminating 12.0.0a30 ===== 
2025-08-27T00:06:49,976083Z dirac-jobexec/LHCbScript INFO: Command is: /cvmfs/lhcb.cern.ch/lhcbdirac/versions/v12.0.0a30-1755085183/Linux-x86_64/bin/python3 jobScript/GaudiExec_afernez_Job_513.6_7f5e3e5e-06b7-4152-b8da-bd764075dc4e_script.py
2025-08-27T07:36:18,365402Z dirac-jobexec/LHCbScript INFO: /cvmfs/lhcb.cern.ch/lhcbdirac/versions/v12.0.0a30-1755085183/Linux-x86_64/bin/python3 jobScript/GaudiExec_afernez_Job_513.6_7f5e3e5e-06b7-4152-b8da-bd764075dc4e_script.py execution completed with status 0
2025-08-27T07:36:18,398840Z dirac-jobexec/LHCbScript INFO: Output written to Script1_Ganga_GaudiExec.log, execution complete.
2025-08-27T07:36:19,952257Z dirac-jobexec/LHCbScript INFO: GaudiExec successful
2025-08-27T07:36:19,953049Z dirac-jobexec/LHCbScript INFO: ===== Terminating <class 'LHCbDIRAC.Workflow.Modules.LHCbScript.LHCbScript'> ===== 
2025-08-27T07:36:20,025391Z dirac-jobexec/FileUsage INFO: ===== Executing 12.0.0a30 ===== 
2025-08-27T07:36:20,028712Z dirac-jobexec/FileUsage INFO: Popularity report =  {'/lhcb/MC/2016/D0TAUNU.SAFESTRIPTRIG.DST/00219701/0000/': 3}
2025-08-27T07:36:20,132855Z dirac-jobexec/FileUsage INFO: Reporting input file usage successful!
2025-08-27T07:36:20,133401Z dirac-jobexec/FileUsage INFO: ===== Terminating 12.0.0a30 ===== 
2025-08-27T07:36:20,143555Z dirac-jobexec/UserJobFinalization INFO: ===== Executing 12.0.0a30 ===== 
2025-08-27T07:36:20,144243Z dirac-jobexec/DIRAC.DataManagementSystem.Utilities.ResolveSE INFO: Resolving workflow output SE description Tier1-USER
2025-08-27T07:36:20,166479Z dirac-jobexec/DIRAC.DataManagementSystem.Utilities.ResolveSE INFO: Found SEs, local first: ['CERN-USER', 'GRIDKA-USER', 'CNAF-USER', 'SARA-USER', 'IN2P3-USER', 'PIC-USER', 'RAL-USER']
2025-08-27T07:36:20,166920Z dirac-jobexec/DIRAC.DataManagementSystem.Utilities.ResolveSE INFO: Resolving workflow output SE description Tier1-Failover
2025-08-27T07:36:20,173208Z dirac-jobexec/DIRAC.DataManagementSystem.Utilities.ResolveSE INFO: Found SEs, local first: ['CERN-EOS-FAILOVER', 'PIC-FAILOVER', 'GRIDKA-FAILOVER', 'IN2P3-FAILOVER', 'SARA-FAILOVER', 'CNAF-FAILOVER', 'RAL-FAILOVER']
2025-08-27T07:36:20,174463Z dirac-jobexec/UserJobFinalization INFO: User specified output file list is: *.root
2025-08-27T07:36:20,182597Z dirac-jobexec/UserJobFinalization INFO: Found a pattern in the output data file list,           extra files to upload are: mc.root
2025-08-27T07:36:20,182810Z dirac-jobexec/UserJobFinalization INFO: Final list of files to upload are: mc.root
2025-08-27T07:36:20,182912Z dirac-jobexec/UserJobFinalization INFO: Constructing user output LFN(s) for mc.root
2025-08-27T07:36:20,363481Z dirac-jobexec/ProductionData INFO: Created the following output data LFN(s):
/lhcb/user/a/afernez/2025_08/1164942/1164942904/mc.root
2025-08-27T07:36:20,365118Z dirac-jobexec/UserJobFinalization INFO: No outputDataFileMask provided, the files with all the extensions will be considered
2025-08-27T07:36:20,365319Z dirac-jobexec/UserJobFinalization INFO: No outputDataStep provided, the files output of all the steps will be considered
2025-08-27T07:36:20,365466Z dirac-jobexec/UserJobFinalization INFO: Will search for POOL GUIDs for: mc.root
2025-08-27T07:36:21,465419Z dirac-jobexec INFO: GUIDs not found from POOL XML Catalogue (and were generated) for: mc.root
2025-08-27T07:36:21,465686Z dirac-jobexec/UserJobFinalization WARN: PoolXMLFile generated GUID(s) for the following files  mc.root
2025-08-27T07:36:22,526199Z dirac-jobexec/DIRAC.DataManagementSystem.Utilities.ResolveSE INFO: Resolving workflow output SE description Tier1-USER
2025-08-27T07:36:22,530482Z dirac-jobexec/DIRAC.DataManagementSystem.Utilities.ResolveSE INFO: Found eligible local SE ['CERN-USER']
2025-08-27T07:36:22,530677Z dirac-jobexec/UserJobFinalization INFO: Ordered list of output SEs is: CERN-USER, SARA-USER, IN2P3-USER, GRIDKA-USER, PIC-USER, CNAF-USER, RAL-USER
2025-08-27T07:36:22,530750Z dirac-jobexec/UserJobFinalization INFO: Creating DISABLE_WATCHDOG_CPU_WALLCLOCK_CHECK in order to disable the Watchdog
2025-08-27T07:36:22,531980Z dirac-jobexec/UserJobFinalization INFO: Attempting to store mc.root to the following SE(s): CERN-USER, SARA-USER, IN2P3-USER, GRIDKA-USER, PIC-USER, CNAF-USER, RAL-USER
2025-08-27T07:36:22,532122Z dirac-jobexec/FailoverTransfer INFO: Attempting dm.putAndRegister ('/lhcb/user/a/afernez/2025_08/1164942/1164942904/mc.root','/tmp/1164942904/mc.root','CERN-USER',guid='ECC6B1B3-DDE9-FB8C-5325-8524517CB146',catalog='None', checksum = '3a1a2fed')
2025-08-27T07:36:30,083258Z dirac-jobexec/FailoverTransfer INFO: dm.putAndRegister successfully uploaded and registered mc.root to CERN-USER
2025-08-27T07:36:30,242302Z dirac-jobexec/UserJobFinalization INFO: ===== Terminating 12.0.0a30 ===== 
