WARNING: Parsing of '.cfg' files as command line arguments is changing!
          Set the environment variable 'export DIRAC_NO_CFG=1' to pass the file as a positional
          argument (this will become the default).
          To modify the local configuration use '--cfg <configfile>' instead.
2025-08-26T23:15:55,790910Z dirac-jobexec INFO: JobID: 1164942665
2025-08-26T23:15:55,804491Z dirac-jobexec INFO: DIRAC JobID 1164942665 is running at site LCG.RAL.uk
Executing StepInstance RunScriptStep1 of type ScriptStep1 ['ScriptStep1']
2025-08-26T23:15:58,969055Z dirac-jobexec/CreateDataFile INFO: ===== Executing 12.0.0a30 ===== 
2025-08-26T23:15:58,970311Z dirac-jobexec INFO: Running in MultiProcessor is not allowed here
2025-08-26T23:15:58,970480Z dirac-jobexec/CreateDataFile INFO: Creating Ganga data file data.py from scratch
2025-08-26T23:15:59,364214Z dirac-jobexec/CreateDataFile INFO: Created Ganga data file data.py
2025-08-26T23:15:59,364462Z dirac-jobexec/CreateDataFile INFO: ===== Terminating 12.0.0a30 ===== 
2025-08-26T23:15:59,370601Z dirac-jobexec/LHCbScript INFO: Command is: /cvmfs/lhcb.cern.ch/lhcbdirac/versions/v12.0.0a30-1755085183/Linux-x86_64/bin/python3 jobScript/GaudiExec_afernez_Job_497.4_77a35ccd-f9fa-4a45-a85b-2c835de365bf_script.py
2025-08-27T02:26:37,639513Z dirac-jobexec/LHCbScript INFO: /cvmfs/lhcb.cern.ch/lhcbdirac/versions/v12.0.0a30-1755085183/Linux-x86_64/bin/python3 jobScript/GaudiExec_afernez_Job_497.4_77a35ccd-f9fa-4a45-a85b-2c835de365bf_script.py execution completed with status 0
2025-08-27T02:26:37,640526Z dirac-jobexec/LHCbScript INFO: Output written to Script1_Ganga_GaudiExec.log, execution complete.
2025-08-27T02:26:37,857360Z dirac-jobexec/LHCbScript INFO: GaudiExec successful
2025-08-27T02:26:37,860901Z dirac-jobexec/LHCbScript INFO: ===== Terminating <class 'LHCbDIRAC.Workflow.Modules.LHCbScript.LHCbScript'> ===== 
2025-08-27T02:26:37,877777Z dirac-jobexec/FileUsage INFO: ===== Executing 12.0.0a30 ===== 
2025-08-27T02:26:38,210946Z dirac-jobexec/FileUsage INFO: Popularity report =  {'/lhcb/MC/2016/D0TAUNU.SAFESTRIPTRIG.DST/00140834/0000/': 3}
2025-08-27T02:26:38,409569Z dirac-jobexec/FileUsage INFO: Reporting input file usage successful!
2025-08-27T02:26:38,409925Z dirac-jobexec/FileUsage INFO: ===== Terminating 12.0.0a30 ===== 
2025-08-27T02:26:38,429183Z dirac-jobexec/UserJobFinalization INFO: ===== Executing 12.0.0a30 ===== 
2025-08-27T02:26:38,429526Z dirac-jobexec/DIRAC.DataManagementSystem.Utilities.ResolveSE INFO: Resolving workflow output SE description Tier1-USER
2025-08-27T02:26:38,441705Z dirac-jobexec/DIRAC.DataManagementSystem.Utilities.ResolveSE INFO: Found SEs, local first: ['RAL-USER', 'GRIDKA-USER', 'IN2P3-USER', 'CERN-USER', 'CNAF-USER', 'SARA-USER', 'PIC-USER']
2025-08-27T02:26:38,442221Z dirac-jobexec/DIRAC.DataManagementSystem.Utilities.ResolveSE INFO: Resolving workflow output SE description Tier1-Failover
2025-08-27T02:26:38,448054Z dirac-jobexec/DIRAC.DataManagementSystem.Utilities.ResolveSE INFO: Found SEs, local first: ['RAL-FAILOVER', 'CERN-EOS-FAILOVER', 'CNAF-FAILOVER', 'GRIDKA-FAILOVER', 'IN2P3-FAILOVER', 'PIC-FAILOVER', 'SARA-FAILOVER']
2025-08-27T02:26:38,448760Z dirac-jobexec/UserJobFinalization INFO: User specified output file list is: *.root
2025-08-27T02:26:38,449525Z dirac-jobexec/UserJobFinalization INFO: Found a pattern in the output data file list,           extra files to upload are: mc.root
2025-08-27T02:26:38,449630Z dirac-jobexec/UserJobFinalization INFO: Final list of files to upload are: mc.root
2025-08-27T02:26:38,449730Z dirac-jobexec/UserJobFinalization INFO: Constructing user output LFN(s) for mc.root
2025-08-27T02:26:38,643005Z dirac-jobexec/ProductionData INFO: Created the following output data LFN(s):
/lhcb/user/a/afernez/2025_08/1164942/1164942665/mc.root
2025-08-27T02:26:38,643591Z dirac-jobexec/UserJobFinalization INFO: No outputDataFileMask provided, the files with all the extensions will be considered
2025-08-27T02:26:38,643665Z dirac-jobexec/UserJobFinalization INFO: No outputDataStep provided, the files output of all the steps will be considered
2025-08-27T02:26:38,643756Z dirac-jobexec/UserJobFinalization INFO: Will search for POOL GUIDs for: mc.root
2025-08-27T02:26:39,075022Z dirac-jobexec INFO: GUIDs not found from POOL XML Catalogue (and were generated) for: mc.root
2025-08-27T02:26:39,075506Z dirac-jobexec/UserJobFinalization WARN: PoolXMLFile generated GUID(s) for the following files  mc.root
2025-08-27T02:26:39,266933Z dirac-jobexec/DIRAC.DataManagementSystem.Utilities.ResolveSE INFO: Resolving workflow output SE description Tier1-USER
2025-08-27T02:26:39,275223Z dirac-jobexec/DIRAC.DataManagementSystem.Utilities.ResolveSE INFO: Found eligible local SE ['RAL-USER']
2025-08-27T02:26:39,275815Z dirac-jobexec/UserJobFinalization INFO: Ordered list of output SEs is: RAL-USER, CNAF-USER, SARA-USER, GRIDKA-USER, PIC-USER, IN2P3-USER, CERN-USER
2025-08-27T02:26:39,275950Z dirac-jobexec/UserJobFinalization INFO: Creating DISABLE_WATCHDOG_CPU_WALLCLOCK_CHECK in order to disable the Watchdog
2025-08-27T02:26:39,276983Z dirac-jobexec/UserJobFinalization INFO: Attempting to store mc.root to the following SE(s): RAL-USER, CNAF-USER, SARA-USER, GRIDKA-USER, PIC-USER, IN2P3-USER, CERN-USER
2025-08-27T02:26:39,277159Z dirac-jobexec/FailoverTransfer INFO: Attempting dm.putAndRegister ('/lhcb/user/a/afernez/2025_08/1164942/1164942665/mc.root','/tmp/1164942665/mc.root','RAL-USER',guid='56436016-F68B-F509-0BB4-93AA6EF9B689',catalog='None', checksum = 'ea2f1a63')
2025-08-27T02:26:46,397751Z dirac-jobexec/FailoverTransfer INFO: dm.putAndRegister successfully uploaded and registered mc.root to RAL-USER
2025-08-27T02:26:46,843304Z dirac-jobexec/UserJobFinalization INFO: ===== Terminating 12.0.0a30 ===== 
