/home/alex/lhcb-ntuples-gen/.virtualenv/lib/python3.8/site-packages/tensorflow_addons/utils/ensure_tf_install.py:53: UserWarning: Tensorflow Addons supports using Python ops for all Tensorflow versions above or equal to 2.7.0 and strictly below 2.10.0 (nightly versions are not supported). 
 The versions of TensorFlow you are currently using is 2.6.5 and is not supported. 
Some things might work, some things might not.
If you were to encounter a bug, do not file an issue.
If you want to make sure you're using a tested and supported configuration, either change the TensorFlow version or the TensorFlow Addons's version. 
You can find the compatibility matrix in TensorFlow Addon's readme:
https://github.com/tensorflow/addons
  warnings.warn(
Total events in data: 915280
Initialize fit model...
y range is: -28.10098796227365, 15.555713434107703
y major ticks are: -0.5016185679924395,0.07103120169612004,0.6436809713846796,1.2163307410732394
Max y tick is at: 0.6436809713846796
Start to fit...
Compute errors...
Fit & error computation took a total of 27.69 sec.
Fit result:
FitResult of
<ExtendedUnbinnedNLL model=[<zfit.<class 'zfit.models.functor.SumPDF'>  params=[Composed_autoparam_3, Composed_autoparam_4]] data=[<zfit.core.data.Data object at 0x7fee3c52c340>] constraints=[]> 
with
<Minuit Minuit tol=0.001>

╒═════════╤═════════════╤══════════════════╤═════════╤═════════════╕
│ valid   │ converged   │ param at limit   │ edm     │ min value   │
╞═════════╪═════════════╪══════════════════╪═════════╪═════════════╡
│ True    │ True        │ False            │ 6.5e-05 │ -999.6      │
╘═════════╧═════════════╧══════════════════╧═════════╧═════════════╛

Parameters
name               value    minuit_hesse    at limit
-------------  ---------  --------------  ----------
yld_bkg_ratio     0.2573     +/- 0.00089       False
yld_sig_ratio     0.7427     +/-  0.0012       False
expc           -0.001551     +/- 2.5e-05       False
frac_sig_cb       0.4441     +/-    0.04       False
frac_sig_g        0.5188     +/-   0.044       False
alpha              1.807     +/-   0.076       False
peak                5280     +/-   0.013       False
n_cb               38.43     +/-      64       False
width_cb           11.56     +/-    0.38       False
width_g_sig        7.273     +/-    0.14       False
width_g2_sig       30.76     +/-     2.2       False
Compute sWeights...
Dump result...
Plot fitting results...
y range is: -3.33211494708894, 3.768691800675038
y major ticks are: -0.23488669839328777,0.11718597289680788,0.46925864418690355,0.8213313154769991,1.173403986767095
Max y tick is at: 0.8213313154769991
Added y pad. Now y max is: 5.018691800675038
y range is: -3.33211494708894, 3.768691800675038
y major ticks are: -0.23488669839328777,0.11718597289680788,0.46925864418690355,0.8213313154769991,1.173403986767095
Max y tick is at: 0.8213313154769991
Added y pad. Now y max is: 5.018691800675038

ntuple with s-weights at gen//JpsiK-25_05_11_17_29-std-fit-2016/fit.root


 open gen//JpsiK-25_05_11_17_29-std-fit-2016/fit_final.pdf
 open gen//JpsiK-25_05_11_17_29-std-fit-2016/fit_final_log_scale.pdf

