WARNING: Parsing of '.cfg' files as command line arguments is changing!
          Set the environment variable 'export DIRAC_NO_CFG=1' to pass the file as a positional
          argument (this will become the default).
          To modify the local configuration use '--cfg <configfile>' instead.
2025-08-26T23:40:33,054385Z dirac-jobexec INFO: JobID: 1164942900
2025-08-26T23:40:33,063192Z dirac-jobexec INFO: DIRAC JobID 1164942900 is running at site LCG.RAL.uk
Executing StepInstance RunScriptStep1 of type ScriptStep1 ['ScriptStep1']
2025-08-26T23:40:34,941761Z dirac-jobexec/CreateDataFile INFO: ===== Executing 12.0.0a30 ===== 
2025-08-26T23:40:34,942735Z dirac-jobexec INFO: Running in MultiProcessor is not allowed here
2025-08-26T23:40:34,942865Z dirac-jobexec/CreateDataFile INFO: Creating Ganga data file data.py from scratch
2025-08-26T23:40:35,281499Z dirac-jobexec/CreateDataFile INFO: Created Ganga data file data.py
2025-08-26T23:40:35,281711Z dirac-jobexec/CreateDataFile INFO: ===== Terminating 12.0.0a30 ===== 
2025-08-26T23:40:35,289466Z dirac-jobexec/LHCbScript INFO: Command is: /cvmfs/lhcb.cern.ch/lhcbdirac/versions/v12.0.0a30-1755085183/Linux-x86_64/bin/python3 jobScript/GaudiExec_afernez_Job_513.2_7f5e3e5e-06b7-4152-b8da-bd764075dc4e_script.py
2025-08-27T06:25:37,579012Z dirac-jobexec/LHCbScript INFO: /cvmfs/lhcb.cern.ch/lhcbdirac/versions/v12.0.0a30-1755085183/Linux-x86_64/bin/python3 jobScript/GaudiExec_afernez_Job_513.2_7f5e3e5e-06b7-4152-b8da-bd764075dc4e_script.py execution completed with status 0
2025-08-27T06:25:37,580080Z dirac-jobexec/LHCbScript INFO: Output written to Script1_Ganga_GaudiExec.log, execution complete.
2025-08-27T06:25:37,928417Z dirac-jobexec/LHCbScript INFO: GaudiExec successful
2025-08-27T06:25:37,934110Z dirac-jobexec/LHCbScript INFO: ===== Terminating <class 'LHCbDIRAC.Workflow.Modules.LHCbScript.LHCbScript'> ===== 
2025-08-27T06:25:38,313611Z dirac-jobexec/FileUsage INFO: ===== Executing 12.0.0a30 ===== 
2025-08-27T06:25:38,314112Z dirac-jobexec/FileUsage INFO: Popularity report =  {'/lhcb/MC/2016/D0TAUNU.SAFESTRIPTRIG.DST/00219701/0000/': 3}
2025-08-27T06:25:38,525430Z dirac-jobexec/FileUsage INFO: Reporting input file usage successful!
2025-08-27T06:25:38,525710Z dirac-jobexec/FileUsage INFO: ===== Terminating 12.0.0a30 ===== 
2025-08-27T06:25:38,533011Z dirac-jobexec/UserJobFinalization INFO: ===== Executing 12.0.0a30 ===== 
2025-08-27T06:25:38,533214Z dirac-jobexec/DIRAC.DataManagementSystem.Utilities.ResolveSE INFO: Resolving workflow output SE description Tier1-USER
2025-08-27T06:25:38,541283Z dirac-jobexec/DIRAC.DataManagementSystem.Utilities.ResolveSE INFO: Found SEs, local first: ['RAL-USER', 'IN2P3-USER', 'CNAF-USER', 'SARA-USER', 'PIC-USER', 'GRIDKA-USER', 'CERN-USER']
2025-08-27T06:25:38,541495Z dirac-jobexec/DIRAC.DataManagementSystem.Utilities.ResolveSE INFO: Resolving workflow output SE description Tier1-Failover
2025-08-27T06:25:38,545676Z dirac-jobexec/DIRAC.DataManagementSystem.Utilities.ResolveSE INFO: Found SEs, local first: ['RAL-FAILOVER', 'CERN-EOS-FAILOVER', 'GRIDKA-FAILOVER', 'SARA-FAILOVER', 'PIC-FAILOVER', 'IN2P3-FAILOVER', 'CNAF-FAILOVER']
2025-08-27T06:25:38,546103Z dirac-jobexec/UserJobFinalization INFO: User specified output file list is: *.root
2025-08-27T06:25:38,546825Z dirac-jobexec/UserJobFinalization INFO: Found a pattern in the output data file list,           extra files to upload are: mc.root
2025-08-27T06:25:38,546945Z dirac-jobexec/UserJobFinalization INFO: Final list of files to upload are: mc.root
2025-08-27T06:25:38,547030Z dirac-jobexec/UserJobFinalization INFO: Constructing user output LFN(s) for mc.root
2025-08-27T06:25:38,783418Z dirac-jobexec/ProductionData INFO: Created the following output data LFN(s):
/lhcb/user/a/afernez/2025_08/1164942/1164942900/mc.root
2025-08-27T06:25:38,783818Z dirac-jobexec/UserJobFinalization INFO: No outputDataFileMask provided, the files with all the extensions will be considered
2025-08-27T06:25:38,783982Z dirac-jobexec/UserJobFinalization INFO: No outputDataStep provided, the files output of all the steps will be considered
2025-08-27T06:25:38,784099Z dirac-jobexec/UserJobFinalization INFO: Will search for POOL GUIDs for: mc.root
2025-08-27T06:25:39,054728Z dirac-jobexec INFO: GUIDs not found from POOL XML Catalogue (and were generated) for: mc.root
2025-08-27T06:25:39,055021Z dirac-jobexec/UserJobFinalization WARN: PoolXMLFile generated GUID(s) for the following files  mc.root
2025-08-27T06:25:39,924330Z dirac-jobexec/DIRAC.DataManagementSystem.Utilities.ResolveSE INFO: Resolving workflow output SE description Tier1-USER
2025-08-27T06:25:39,929473Z dirac-jobexec/DIRAC.DataManagementSystem.Utilities.ResolveSE INFO: Found eligible local SE ['RAL-USER']
2025-08-27T06:25:39,929710Z dirac-jobexec/UserJobFinalization INFO: Ordered list of output SEs is: RAL-USER, SARA-USER, GRIDKA-USER, CERN-USER, IN2P3-USER, CNAF-USER, PIC-USER
2025-08-27T06:25:39,929825Z dirac-jobexec/UserJobFinalization INFO: Creating DISABLE_WATCHDOG_CPU_WALLCLOCK_CHECK in order to disable the Watchdog
2025-08-27T06:25:39,930283Z dirac-jobexec/UserJobFinalization INFO: Attempting to store mc.root to the following SE(s): RAL-USER, SARA-USER, GRIDKA-USER, CERN-USER, IN2P3-USER, CNAF-USER, PIC-USER
2025-08-27T06:25:39,930419Z dirac-jobexec/FailoverTransfer INFO: Attempting dm.putAndRegister ('/lhcb/user/a/afernez/2025_08/1164942/1164942900/mc.root','/tmp/1164942900/mc.root','RAL-USER',guid='68B73EC9-CDB2-69A8-E9D6-37096D30DC11',catalog='None', checksum = '9a13c641')
2025-08-27T06:25:59,588379Z dirac-jobexec/FailoverTransfer INFO: dm.putAndRegister successfully uploaded and registered mc.root to RAL-USER
2025-08-27T06:25:59,953621Z dirac-jobexec/UserJobFinalization INFO: ===== Terminating 12.0.0a30 ===== 
