WARNING: Parsing of '.cfg' files as command line arguments is changing!
          Set the environment variable 'export DIRAC_NO_CFG=1' to pass the file as a positional
          argument (this will become the default).
          To modify the local configuration use '--cfg <configfile>' instead.
2025-08-27T00:18:25,553618Z dirac-jobexec INFO: JobID: 1164943179
2025-08-27T00:18:25,564121Z dirac-jobexec INFO: DIRAC JobID 1164943179 is running at site LCG.SARA.nl
Executing StepInstance RunScriptStep1 of type ScriptStep1 ['ScriptStep1']
2025-08-27T00:18:28,088541Z dirac-jobexec/CreateDataFile INFO: ===== Executing 12.0.0a30 ===== 
2025-08-27T00:18:28,090392Z dirac-jobexec INFO: Running in MultiProcessor is not allowed here
2025-08-27T00:18:28,091049Z dirac-jobexec/CreateDataFile INFO: Creating Ganga data file data.py from scratch
2025-08-27T00:18:28,492276Z dirac-jobexec/CreateDataFile INFO: Created Ganga data file data.py
2025-08-27T00:18:28,493090Z dirac-jobexec/CreateDataFile INFO: ===== Terminating 12.0.0a30 ===== 
2025-08-27T00:18:28,501046Z dirac-jobexec/LHCbScript INFO: Command is: /cvmfs/lhcb.cern.ch/lhcbdirac/versions/v12.0.0a30-1755085183/Linux-x86_64/bin/python3 jobScript/GaudiExec_afernez_Job_521.13_17b524e5-0a01-4861-83f0-5e39600385b7_script.py
2025-08-27T00:28:51,413598Z dirac-jobexec/LHCbScript INFO: /cvmfs/lhcb.cern.ch/lhcbdirac/versions/v12.0.0a30-1755085183/Linux-x86_64/bin/python3 jobScript/GaudiExec_afernez_Job_521.13_17b524e5-0a01-4861-83f0-5e39600385b7_script.py execution completed with status 0
2025-08-27T00:28:51,414710Z dirac-jobexec/LHCbScript INFO: Output written to Script1_Ganga_GaudiExec.log, execution complete.
2025-08-27T00:28:51,632848Z dirac-jobexec/LHCbScript INFO: GaudiExec successful
2025-08-27T00:28:51,633610Z dirac-jobexec/LHCbScript INFO: ===== Terminating <class 'LHCbDIRAC.Workflow.Modules.LHCbScript.LHCbScript'> ===== 
2025-08-27T00:28:51,642672Z dirac-jobexec/FileUsage INFO: ===== Executing 12.0.0a30 ===== 
2025-08-27T00:28:51,643365Z dirac-jobexec/FileUsage INFO: Popularity report =  {'/lhcb/MC/2016/ALLSTREAMS.DST/00173808/0000/': 2}
2025-08-27T00:28:51,862413Z dirac-jobexec/FileUsage INFO: Reporting input file usage successful!
2025-08-27T00:28:51,862985Z dirac-jobexec/FileUsage INFO: ===== Terminating 12.0.0a30 ===== 
2025-08-27T00:28:51,869764Z dirac-jobexec/UserJobFinalization INFO: ===== Executing 12.0.0a30 ===== 
2025-08-27T00:28:51,870278Z dirac-jobexec/DIRAC.DataManagementSystem.Utilities.ResolveSE INFO: Resolving workflow output SE description Tier1-USER
2025-08-27T00:28:51,877343Z dirac-jobexec/DIRAC.DataManagementSystem.Utilities.ResolveSE INFO: Found SEs, local first: ['SARA-USER', 'PIC-USER', 'IN2P3-USER', 'GRIDKA-USER', 'RAL-USER', 'CNAF-USER', 'CERN-USER']
2025-08-27T00:28:51,877850Z dirac-jobexec/DIRAC.DataManagementSystem.Utilities.ResolveSE INFO: Resolving workflow output SE description Tier1-Failover
2025-08-27T00:28:51,881624Z dirac-jobexec/DIRAC.DataManagementSystem.Utilities.ResolveSE INFO: Found SEs, local first: ['SARA-FAILOVER', 'CNAF-FAILOVER', 'IN2P3-FAILOVER', 'GRIDKA-FAILOVER', 'CERN-EOS-FAILOVER', 'RAL-FAILOVER', 'PIC-FAILOVER']
2025-08-27T00:28:51,882298Z dirac-jobexec/UserJobFinalization INFO: User specified output file list is: *.root
2025-08-27T00:28:51,883283Z dirac-jobexec/UserJobFinalization INFO: Found a pattern in the output data file list,           extra files to upload are: mc.root
2025-08-27T00:28:51,883507Z dirac-jobexec/UserJobFinalization INFO: Final list of files to upload are: mc.root
2025-08-27T00:28:51,883876Z dirac-jobexec/UserJobFinalization INFO: Constructing user output LFN(s) for mc.root
2025-08-27T00:28:52,087595Z dirac-jobexec/ProductionData INFO: Created the following output data LFN(s):
/lhcb/user/a/afernez/2025_08/1164943/1164943179/mc.root
2025-08-27T00:28:52,088490Z dirac-jobexec/UserJobFinalization INFO: No outputDataFileMask provided, the files with all the extensions will be considered
2025-08-27T00:28:52,088741Z dirac-jobexec/UserJobFinalization INFO: No outputDataStep provided, the files output of all the steps will be considered
2025-08-27T00:28:52,089235Z dirac-jobexec/UserJobFinalization INFO: Will search for POOL GUIDs for: mc.root
2025-08-27T00:28:52,320742Z dirac-jobexec INFO: GUIDs not found from POOL XML Catalogue (and were generated) for: mc.root
2025-08-27T00:28:52,321402Z dirac-jobexec/UserJobFinalization WARN: PoolXMLFile generated GUID(s) for the following files  mc.root
2025-08-27T00:28:52,323702Z dirac-jobexec/DIRAC.DataManagementSystem.Utilities.ResolveSE INFO: Resolving workflow output SE description Tier1-USER
2025-08-27T00:28:52,327488Z dirac-jobexec/DIRAC.DataManagementSystem.Utilities.ResolveSE INFO: Found eligible local SE ['SARA-USER']
2025-08-27T00:28:52,327897Z dirac-jobexec/UserJobFinalization INFO: Ordered list of output SEs is: SARA-USER, RAL-USER, CNAF-USER, GRIDKA-USER, IN2P3-USER, PIC-USER, CERN-USER
2025-08-27T00:28:52,328281Z dirac-jobexec/UserJobFinalization INFO: Creating DISABLE_WATCHDOG_CPU_WALLCLOCK_CHECK in order to disable the Watchdog
2025-08-27T00:28:52,328889Z dirac-jobexec/UserJobFinalization INFO: Attempting to store mc.root to the following SE(s): SARA-USER, RAL-USER, CNAF-USER, GRIDKA-USER, IN2P3-USER, PIC-USER, CERN-USER
2025-08-27T00:28:52,329204Z dirac-jobexec/FailoverTransfer INFO: Attempting dm.putAndRegister ('/lhcb/user/a/afernez/2025_08/1164943/1164943179/mc.root','/tmp/1164943179/mc.root','SARA-USER',guid='FA65744E-BDF0-191A-2F98-3CEAB4A337A6',catalog='None', checksum = '33fca512')
2025-08-27T00:28:54,963003Z dirac-jobexec/FailoverTransfer INFO: dm.putAndRegister successfully uploaded and registered mc.root to SARA-USER
2025-08-27T00:28:55,378670Z dirac-jobexec/UserJobFinalization INFO: ===== Terminating 12.0.0a30 ===== 
