WARNING: Parsing of '.cfg' files as command line arguments is changing!
          Set the environment variable 'export DIRAC_NO_CFG=1' to pass the file as a positional
          argument (this will become the default).
          To modify the local configuration use '--cfg <configfile>' instead.
2025-08-26T23:54:01,941908Z dirac-jobexec INFO: JobID: 1164942682
2025-08-26T23:54:01,965474Z dirac-jobexec INFO: DIRAC JobID 1164942682 is running at site LCG.CERN.cern
Executing StepInstance RunScriptStep1 of type ScriptStep1 ['ScriptStep1']
2025-08-26T23:54:05,036257Z dirac-jobexec/CreateDataFile INFO: ===== Executing 12.0.0a30 ===== 
2025-08-26T23:54:05,040205Z dirac-jobexec INFO: Running in MultiProcessor is not allowed here
2025-08-26T23:54:05,040505Z dirac-jobexec/CreateDataFile INFO: Creating Ganga data file data.py from scratch
2025-08-26T23:54:05,224224Z dirac-jobexec/CreateDataFile INFO: Created Ganga data file data.py
2025-08-26T23:54:05,224509Z dirac-jobexec/CreateDataFile INFO: ===== Terminating 12.0.0a30 ===== 
2025-08-26T23:54:05,237430Z dirac-jobexec/LHCbScript INFO: Command is: /cvmfs/lhcb.cern.ch/lhcbdirac/versions/v12.0.0a30-1755085183/Linux-x86_64/bin/python3 jobScript/GaudiExec_afernez_Job_500.9_8a75fd92-f9de-49f4-9868-0f8bb3727444_script.py
2025-08-27T06:08:25,817235Z dirac-jobexec/LHCbScript INFO: /cvmfs/lhcb.cern.ch/lhcbdirac/versions/v12.0.0a30-1755085183/Linux-x86_64/bin/python3 jobScript/GaudiExec_afernez_Job_500.9_8a75fd92-f9de-49f4-9868-0f8bb3727444_script.py execution completed with status 0
2025-08-27T06:08:25,818998Z dirac-jobexec/LHCbScript INFO: Output written to Script1_Ganga_GaudiExec.log, execution complete.
2025-08-27T06:08:25,978090Z dirac-jobexec/LHCbScript INFO: GaudiExec successful
2025-08-27T06:08:25,978904Z dirac-jobexec/LHCbScript INFO: ===== Terminating <class 'LHCbDIRAC.Workflow.Modules.LHCbScript.LHCbScript'> ===== 
2025-08-27T06:08:26,595897Z dirac-jobexec/FileUsage INFO: ===== Executing 12.0.0a30 ===== 
2025-08-27T06:08:26,596659Z dirac-jobexec/FileUsage INFO: Popularity report =  {'/lhcb/MC/2016/D0TAUNU.SAFESTRIPTRIG.DST/00140822/0000/': 3}
2025-08-27T06:08:26,669750Z dirac-jobexec/FileUsage INFO: Reporting input file usage successful!
2025-08-27T06:08:26,670020Z dirac-jobexec/FileUsage INFO: ===== Terminating 12.0.0a30 ===== 
2025-08-27T06:08:26,677440Z dirac-jobexec/UserJobFinalization INFO: ===== Executing 12.0.0a30 ===== 
2025-08-27T06:08:26,677669Z dirac-jobexec/DIRAC.DataManagementSystem.Utilities.ResolveSE INFO: Resolving workflow output SE description Tier1-USER
2025-08-27T06:08:26,686631Z dirac-jobexec/DIRAC.DataManagementSystem.Utilities.ResolveSE INFO: Found SEs, local first: ['CERN-USER', 'CNAF-USER', 'PIC-USER', 'IN2P3-USER', 'SARA-USER', 'GRIDKA-USER', 'RAL-USER']
2025-08-27T06:08:26,686767Z dirac-jobexec/DIRAC.DataManagementSystem.Utilities.ResolveSE INFO: Resolving workflow output SE description Tier1-Failover
2025-08-27T06:08:26,692160Z dirac-jobexec/DIRAC.DataManagementSystem.Utilities.ResolveSE INFO: Found SEs, local first: ['CERN-EOS-FAILOVER', 'RAL-FAILOVER', 'CNAF-FAILOVER', 'SARA-FAILOVER', 'IN2P3-FAILOVER', 'PIC-FAILOVER', 'GRIDKA-FAILOVER']
2025-08-27T06:08:26,692505Z dirac-jobexec/UserJobFinalization INFO: User specified output file list is: *.root
2025-08-27T06:08:26,693353Z dirac-jobexec/UserJobFinalization INFO: Found a pattern in the output data file list,           extra files to upload are: mc.root
2025-08-27T06:08:26,693464Z dirac-jobexec/UserJobFinalization INFO: Final list of files to upload are: mc.root
2025-08-27T06:08:26,693562Z dirac-jobexec/UserJobFinalization INFO: Constructing user output LFN(s) for mc.root
2025-08-27T06:08:26,787308Z dirac-jobexec/ProductionData INFO: Created the following output data LFN(s):
/lhcb/user/a/afernez/2025_08/1164942/1164942682/mc.root
2025-08-27T06:08:26,787747Z dirac-jobexec/UserJobFinalization INFO: No outputDataFileMask provided, the files with all the extensions will be considered
2025-08-27T06:08:26,787854Z dirac-jobexec/UserJobFinalization INFO: No outputDataStep provided, the files output of all the steps will be considered
2025-08-27T06:08:26,787973Z dirac-jobexec/UserJobFinalization INFO: Will search for POOL GUIDs for: mc.root
2025-08-27T06:08:26,997044Z dirac-jobexec INFO: GUIDs not found from POOL XML Catalogue (and were generated) for: mc.root
2025-08-27T06:08:26,997335Z dirac-jobexec/UserJobFinalization WARN: PoolXMLFile generated GUID(s) for the following files  mc.root
2025-08-27T06:08:27,455068Z dirac-jobexec/DIRAC.DataManagementSystem.Utilities.ResolveSE INFO: Resolving workflow output SE description Tier1-USER
2025-08-27T06:08:27,462503Z dirac-jobexec/DIRAC.DataManagementSystem.Utilities.ResolveSE INFO: Found eligible local SE ['CERN-USER']
2025-08-27T06:08:27,462762Z dirac-jobexec/UserJobFinalization INFO: Ordered list of output SEs is: CERN-USER, RAL-USER, PIC-USER, SARA-USER, CNAF-USER, IN2P3-USER, GRIDKA-USER
2025-08-27T06:08:27,462888Z dirac-jobexec/UserJobFinalization INFO: Creating DISABLE_WATCHDOG_CPU_WALLCLOCK_CHECK in order to disable the Watchdog
2025-08-27T06:08:27,463904Z dirac-jobexec/UserJobFinalization INFO: Attempting to store mc.root to the following SE(s): CERN-USER, RAL-USER, PIC-USER, SARA-USER, CNAF-USER, IN2P3-USER, GRIDKA-USER
2025-08-27T06:08:27,464033Z dirac-jobexec/FailoverTransfer INFO: Attempting dm.putAndRegister ('/lhcb/user/a/afernez/2025_08/1164942/1164942682/mc.root','/tmp/1164942682/mc.root','CERN-USER',guid='64A2C004-92B0-289D-129A-C309777D244F',catalog='None', checksum = '825857ac')
2025-08-27T06:08:30,133614Z dirac-jobexec/FailoverTransfer INFO: dm.putAndRegister successfully uploaded and registered mc.root to CERN-USER
2025-08-27T06:08:30,287423Z dirac-jobexec/UserJobFinalization INFO: ===== Terminating 12.0.0a30 ===== 
