WARNING: Parsing of '.cfg' files as command line arguments is changing!
          Set the environment variable 'export DIRAC_NO_CFG=1' to pass the file as a positional
          argument (this will become the default).
          To modify the local configuration use '--cfg <configfile>' instead.
2025-08-26T23:51:50,654042Z dirac-jobexec INFO: JobID: 1164942874
2025-08-26T23:51:50,661865Z dirac-jobexec INFO: DIRAC JobID 1164942874 is running at site LCG.CNAF.it
Executing StepInstance RunScriptStep1 of type ScriptStep1 ['ScriptStep1']
2025-08-26T23:51:52,225616Z dirac-jobexec/CreateDataFile INFO: ===== Executing 12.0.0a30 ===== 
2025-08-26T23:51:52,227111Z dirac-jobexec INFO: Running in MultiProcessor is not allowed here
2025-08-26T23:51:52,227681Z dirac-jobexec/CreateDataFile INFO: Creating Ganga data file data.py from scratch
2025-08-26T23:51:52,511639Z dirac-jobexec/CreateDataFile INFO: Created Ganga data file data.py
2025-08-26T23:51:52,512339Z dirac-jobexec/CreateDataFile INFO: ===== Terminating 12.0.0a30 ===== 
2025-08-26T23:51:52,518606Z dirac-jobexec/LHCbScript INFO: Command is: /cvmfs/lhcb.cern.ch/lhcbdirac/versions/v12.0.0a30-1755085183/Linux-x86_64/bin/python3 jobScript/GaudiExec_afernez_Job_511.7_8c77bce8-520e-4300-882d-a080f63d115a_script.py
2025-08-27T03:46:44,256098Z dirac-jobexec/LHCbScript INFO: /cvmfs/lhcb.cern.ch/lhcbdirac/versions/v12.0.0a30-1755085183/Linux-x86_64/bin/python3 jobScript/GaudiExec_afernez_Job_511.7_8c77bce8-520e-4300-882d-a080f63d115a_script.py execution completed with status 0
2025-08-27T03:46:44,258169Z dirac-jobexec/LHCbScript INFO: Output written to Script1_Ganga_GaudiExec.log, execution complete.
2025-08-27T03:46:44,542389Z dirac-jobexec/LHCbScript INFO: GaudiExec successful
2025-08-27T03:46:44,542930Z dirac-jobexec/LHCbScript INFO: ===== Terminating <class 'LHCbDIRAC.Workflow.Modules.LHCbScript.LHCbScript'> ===== 
2025-08-27T03:46:44,790806Z dirac-jobexec/FileUsage INFO: ===== Executing 12.0.0a30 ===== 
2025-08-27T03:46:44,791251Z dirac-jobexec/FileUsage INFO: Popularity report =  {'/lhcb/MC/2016/D0TAUNU.SAFESTRIPTRIG.DST/00140819/0000/': 3}
2025-08-27T03:46:44,974828Z dirac-jobexec/FileUsage INFO: Reporting input file usage successful!
2025-08-27T03:46:44,975378Z dirac-jobexec/FileUsage INFO: ===== Terminating 12.0.0a30 ===== 
2025-08-27T03:46:44,981670Z dirac-jobexec/UserJobFinalization INFO: ===== Executing 12.0.0a30 ===== 
2025-08-27T03:46:44,982016Z dirac-jobexec/DIRAC.DataManagementSystem.Utilities.ResolveSE INFO: Resolving workflow output SE description Tier1-USER
2025-08-27T03:46:44,987872Z dirac-jobexec/DIRAC.DataManagementSystem.Utilities.ResolveSE INFO: Found SEs, local first: ['CNAF-USER', 'GRIDKA-USER', 'CERN-USER', 'SARA-USER', 'IN2P3-USER', 'RAL-USER', 'PIC-USER']
2025-08-27T03:46:44,988145Z dirac-jobexec/DIRAC.DataManagementSystem.Utilities.ResolveSE INFO: Resolving workflow output SE description Tier1-Failover
2025-08-27T03:46:44,991396Z dirac-jobexec/DIRAC.DataManagementSystem.Utilities.ResolveSE INFO: Found SEs, local first: ['CNAF-FAILOVER', 'RAL-FAILOVER', 'PIC-FAILOVER', 'CERN-EOS-FAILOVER', 'GRIDKA-FAILOVER', 'IN2P3-FAILOVER', 'SARA-FAILOVER']
2025-08-27T03:46:44,991810Z dirac-jobexec/UserJobFinalization INFO: User specified output file list is: *.root
2025-08-27T03:46:44,992850Z dirac-jobexec/UserJobFinalization INFO: Found a pattern in the output data file list,           extra files to upload are: mc.root
2025-08-27T03:46:44,993015Z dirac-jobexec/UserJobFinalization INFO: Final list of files to upload are: mc.root
2025-08-27T03:46:44,993471Z dirac-jobexec/UserJobFinalization INFO: Constructing user output LFN(s) for mc.root
2025-08-27T03:46:45,170066Z dirac-jobexec/ProductionData INFO: Created the following output data LFN(s):
/lhcb/user/a/afernez/2025_08/1164942/1164942874/mc.root
2025-08-27T03:46:45,170981Z dirac-jobexec/UserJobFinalization INFO: No outputDataFileMask provided, the files with all the extensions will be considered
2025-08-27T03:46:45,171168Z dirac-jobexec/UserJobFinalization INFO: No outputDataStep provided, the files output of all the steps will be considered
2025-08-27T03:46:45,171642Z dirac-jobexec/UserJobFinalization INFO: Will search for POOL GUIDs for: mc.root
2025-08-27T03:46:45,349106Z dirac-jobexec INFO: GUIDs not found from POOL XML Catalogue (and were generated) for: mc.root
2025-08-27T03:46:45,349952Z dirac-jobexec/UserJobFinalization WARN: PoolXMLFile generated GUID(s) for the following files  mc.root
2025-08-27T03:46:45,639007Z dirac-jobexec/DIRAC.DataManagementSystem.Utilities.ResolveSE INFO: Resolving workflow output SE description Tier1-USER
2025-08-27T03:46:45,643420Z dirac-jobexec/DIRAC.DataManagementSystem.Utilities.ResolveSE INFO: Found eligible local SE ['CNAF-USER']
2025-08-27T03:46:45,643777Z dirac-jobexec/UserJobFinalization INFO: Ordered list of output SEs is: CNAF-USER, SARA-USER, IN2P3-USER, CERN-USER, GRIDKA-USER, PIC-USER, RAL-USER
2025-08-27T03:46:45,644341Z dirac-jobexec/UserJobFinalization INFO: Creating DISABLE_WATCHDOG_CPU_WALLCLOCK_CHECK in order to disable the Watchdog
2025-08-27T03:46:45,644852Z dirac-jobexec/UserJobFinalization INFO: Attempting to store mc.root to the following SE(s): CNAF-USER, SARA-USER, IN2P3-USER, CERN-USER, GRIDKA-USER, PIC-USER, RAL-USER
2025-08-27T03:46:45,645349Z dirac-jobexec/FailoverTransfer INFO: Attempting dm.putAndRegister ('/lhcb/user/a/afernez/2025_08/1164942/1164942874/mc.root','/tmp/1164942874/mc.root','CNAF-USER',guid='8313B672-A451-5E48-FBB9-183468486460',catalog='None', checksum = '3fc6b83d')
2025-08-27T03:46:50,505038Z dirac-jobexec/FailoverTransfer INFO: dm.putAndRegister successfully uploaded and registered mc.root to CNAF-USER
2025-08-27T03:46:50,865653Z dirac-jobexec/UserJobFinalization INFO: ===== Terminating 12.0.0a30 ===== 
