WARNING: Parsing of '.cfg' files as command line arguments is changing!
          Set the environment variable 'export DIRAC_NO_CFG=1' to pass the file as a positional
          argument (this will become the default).
          To modify the local configuration use '--cfg <configfile>' instead.
2025-08-27T04:48:19,188239Z dirac-jobexec INFO: JobID: 1164942802
2025-08-27T04:48:19,205065Z dirac-jobexec INFO: DIRAC JobID 1164942802 is running at site LCG.IN2P3.fr
Executing StepInstance RunScriptStep1 of type ScriptStep1 ['ScriptStep1']
2025-08-27T04:48:22,130783Z dirac-jobexec/CreateDataFile INFO: ===== Executing 12.0.0a30 ===== 
2025-08-27T04:48:22,131843Z dirac-jobexec INFO: Running in MultiProcessor is not allowed here
2025-08-27T04:48:22,131973Z dirac-jobexec/CreateDataFile INFO: Creating Ganga data file data.py from scratch
2025-08-27T04:48:22,430043Z dirac-jobexec/CreateDataFile INFO: Created Ganga data file data.py
2025-08-27T04:48:22,430280Z dirac-jobexec/CreateDataFile INFO: ===== Terminating 12.0.0a30 ===== 
2025-08-27T04:48:22,455059Z dirac-jobexec/LHCbScript INFO: Command is: /cvmfs/lhcb.cern.ch/lhcbdirac/versions/v12.0.0a30-1755085183/Linux-x86_64/bin/python3 jobScript/GaudiExec_afernez_Job_505.14_e1561b23-9300-4813-aa17-f0ad8a4d22f8_script.py
2025-08-27T08:18:28,388537Z dirac-jobexec/LHCbScript INFO: /cvmfs/lhcb.cern.ch/lhcbdirac/versions/v12.0.0a30-1755085183/Linux-x86_64/bin/python3 jobScript/GaudiExec_afernez_Job_505.14_e1561b23-9300-4813-aa17-f0ad8a4d22f8_script.py execution completed with status 0
2025-08-27T08:18:28,390740Z dirac-jobexec/LHCbScript INFO: Output written to Script1_Ganga_GaudiExec.log, execution complete.
2025-08-27T08:18:28,686441Z dirac-jobexec/LHCbScript INFO: GaudiExec successful
2025-08-27T08:18:28,686932Z dirac-jobexec/LHCbScript INFO: ===== Terminating <class 'LHCbDIRAC.Workflow.Modules.LHCbScript.LHCbScript'> ===== 
2025-08-27T08:18:28,872242Z dirac-jobexec/FileUsage INFO: ===== Executing 12.0.0a30 ===== 
2025-08-27T08:18:28,872648Z dirac-jobexec/FileUsage INFO: Popularity report =  {'/lhcb/MC/2016/D0TAUNU.SAFESTRIPTRIG.DST/00140789/0000/': 3}
2025-08-27T08:18:28,939071Z dirac-jobexec/FileUsage INFO: Reporting input file usage successful!
2025-08-27T08:18:28,939326Z dirac-jobexec/FileUsage INFO: ===== Terminating 12.0.0a30 ===== 
2025-08-27T08:18:28,944449Z dirac-jobexec/UserJobFinalization INFO: ===== Executing 12.0.0a30 ===== 
2025-08-27T08:18:28,944582Z dirac-jobexec/DIRAC.DataManagementSystem.Utilities.ResolveSE INFO: Resolving workflow output SE description Tier1-USER
2025-08-27T08:18:28,950666Z dirac-jobexec/DIRAC.DataManagementSystem.Utilities.ResolveSE INFO: Found SEs, local first: ['IN2P3-USER', 'GRIDKA-USER', 'SARA-USER', 'CERN-USER', 'PIC-USER', 'CNAF-USER', 'RAL-USER']
2025-08-27T08:18:28,950761Z dirac-jobexec/DIRAC.DataManagementSystem.Utilities.ResolveSE INFO: Resolving workflow output SE description Tier1-Failover
2025-08-27T08:18:28,953423Z dirac-jobexec/DIRAC.DataManagementSystem.Utilities.ResolveSE INFO: Found SEs, local first: ['IN2P3-FAILOVER', 'CERN-EOS-FAILOVER', 'CNAF-FAILOVER', 'SARA-FAILOVER', 'GRIDKA-FAILOVER', 'RAL-FAILOVER', 'PIC-FAILOVER']
2025-08-27T08:18:28,953650Z dirac-jobexec/UserJobFinalization INFO: User specified output file list is: *.root
2025-08-27T08:18:28,954121Z dirac-jobexec/UserJobFinalization INFO: Found a pattern in the output data file list,           extra files to upload are: mc.root
2025-08-27T08:18:28,954183Z dirac-jobexec/UserJobFinalization INFO: Final list of files to upload are: mc.root
2025-08-27T08:18:28,954243Z dirac-jobexec/UserJobFinalization INFO: Constructing user output LFN(s) for mc.root
2025-08-27T08:18:29,027302Z dirac-jobexec/ProductionData INFO: Created the following output data LFN(s):
/lhcb/user/a/afernez/2025_08/1164942/1164942802/mc.root
2025-08-27T08:18:29,027769Z dirac-jobexec/UserJobFinalization INFO: No outputDataFileMask provided, the files with all the extensions will be considered
2025-08-27T08:18:29,027910Z dirac-jobexec/UserJobFinalization INFO: No outputDataStep provided, the files output of all the steps will be considered
2025-08-27T08:18:29,028065Z dirac-jobexec/UserJobFinalization INFO: Will search for POOL GUIDs for: mc.root
2025-08-27T08:18:29,316916Z dirac-jobexec INFO: GUIDs not found from POOL XML Catalogue (and were generated) for: mc.root
2025-08-27T08:18:29,317321Z dirac-jobexec/UserJobFinalization WARN: PoolXMLFile generated GUID(s) for the following files  mc.root
2025-08-27T08:18:29,658581Z dirac-jobexec/DIRAC.DataManagementSystem.Utilities.ResolveSE INFO: Resolving workflow output SE description Tier1-USER
2025-08-27T08:18:29,662167Z dirac-jobexec/DIRAC.DataManagementSystem.Utilities.ResolveSE INFO: Found eligible local SE ['IN2P3-USER']
2025-08-27T08:18:29,662316Z dirac-jobexec/UserJobFinalization INFO: Ordered list of output SEs is: IN2P3-USER, RAL-USER, SARA-USER, CERN-USER, CNAF-USER, GRIDKA-USER, PIC-USER
2025-08-27T08:18:29,662391Z dirac-jobexec/UserJobFinalization INFO: Creating DISABLE_WATCHDOG_CPU_WALLCLOCK_CHECK in order to disable the Watchdog
2025-08-27T08:18:29,664271Z dirac-jobexec/UserJobFinalization INFO: Attempting to store mc.root to the following SE(s): IN2P3-USER, RAL-USER, SARA-USER, CERN-USER, CNAF-USER, GRIDKA-USER, PIC-USER
2025-08-27T08:18:29,664370Z dirac-jobexec/FailoverTransfer INFO: Attempting dm.putAndRegister ('/lhcb/user/a/afernez/2025_08/1164942/1164942802/mc.root','/tmp/1164942802/mc.root','IN2P3-USER',guid='8CC1F3CC-F378-4074-8551-0BC967A05997',catalog='None', checksum = 'e49e0faa')
2025-08-27T08:18:31,983646Z dirac-jobexec/FailoverTransfer INFO: dm.putAndRegister successfully uploaded and registered mc.root to IN2P3-USER
2025-08-27T08:18:32,299343Z dirac-jobexec/UserJobFinalization INFO: ===== Terminating 12.0.0a30 ===== 
