WARNING: Parsing of '.cfg' files as command line arguments is changing!
          Set the environment variable 'export DIRAC_NO_CFG=1' to pass the file as a positional
          argument (this will become the default).
          To modify the local configuration use '--cfg <configfile>' instead.
2025-08-27T00:45:00,328660Z dirac-jobexec INFO: JobID: 1164943020
2025-08-27T00:45:00,333258Z dirac-jobexec INFO: DIRAC JobID 1164943020 is running at site LCG.CNAF.it
Executing StepInstance RunScriptStep1 of type ScriptStep1 ['ScriptStep1']
2025-08-27T00:45:01,445798Z dirac-jobexec/CreateDataFile INFO: ===== Executing 12.0.0a30 ===== 
2025-08-27T00:45:01,446436Z dirac-jobexec INFO: Running in MultiProcessor is not allowed here
2025-08-27T00:45:01,446514Z dirac-jobexec/CreateDataFile INFO: Creating Ganga data file data.py from scratch
2025-08-27T00:45:01,755370Z dirac-jobexec/CreateDataFile INFO: Created Ganga data file data.py
2025-08-27T00:45:01,755601Z dirac-jobexec/CreateDataFile INFO: ===== Terminating 12.0.0a30 ===== 
2025-08-27T00:45:01,759260Z dirac-jobexec/LHCbScript INFO: Command is: /cvmfs/lhcb.cern.ch/lhcbdirac/versions/v12.0.0a30-1755085183/Linux-x86_64/bin/python3 jobScript/GaudiExec_afernez_Job_519.23_95ac0898-b1e3-4ba2-8db7-a0e9916ec57f_script.py
2025-08-27T00:48:24,654730Z dirac-jobexec/LHCbScript INFO: /cvmfs/lhcb.cern.ch/lhcbdirac/versions/v12.0.0a30-1755085183/Linux-x86_64/bin/python3 jobScript/GaudiExec_afernez_Job_519.23_95ac0898-b1e3-4ba2-8db7-a0e9916ec57f_script.py execution completed with status 0
2025-08-27T00:48:24,655734Z dirac-jobexec/LHCbScript INFO: Output written to Script1_Ganga_GaudiExec.log, execution complete.
2025-08-27T00:48:24,831211Z dirac-jobexec/LHCbScript INFO: GaudiExec successful
2025-08-27T00:48:24,831897Z dirac-jobexec/LHCbScript INFO: ===== Terminating <class 'LHCbDIRAC.Workflow.Modules.LHCbScript.LHCbScript'> ===== 
2025-08-27T00:48:24,835954Z dirac-jobexec/FileUsage INFO: ===== Executing 12.0.0a30 ===== 
2025-08-27T00:48:24,836709Z dirac-jobexec/FileUsage INFO: Popularity report =  {'/lhcb/MC/2016/ALLSTREAMS.DST/00173814/0000/': 1}
2025-08-27T00:48:25,174728Z dirac-jobexec/FileUsage INFO: Reporting input file usage successful!
2025-08-27T00:48:25,175457Z dirac-jobexec/FileUsage INFO: ===== Terminating 12.0.0a30 ===== 
2025-08-27T00:48:25,179474Z dirac-jobexec/UserJobFinalization INFO: ===== Executing 12.0.0a30 ===== 
2025-08-27T00:48:25,180060Z dirac-jobexec/DIRAC.DataManagementSystem.Utilities.ResolveSE INFO: Resolving workflow output SE description Tier1-USER
2025-08-27T00:48:25,186166Z dirac-jobexec/DIRAC.DataManagementSystem.Utilities.ResolveSE INFO: Found SEs, local first: ['CNAF-USER', 'CERN-USER', 'IN2P3-USER', 'PIC-USER', 'RAL-USER', 'GRIDKA-USER', 'SARA-USER']
2025-08-27T00:48:25,186650Z dirac-jobexec/DIRAC.DataManagementSystem.Utilities.ResolveSE INFO: Resolving workflow output SE description Tier1-Failover
2025-08-27T00:48:25,188559Z dirac-jobexec/DIRAC.DataManagementSystem.Utilities.ResolveSE INFO: Found SEs, local first: ['CNAF-FAILOVER', 'RAL-FAILOVER', 'PIC-FAILOVER', 'GRIDKA-FAILOVER', 'CERN-EOS-FAILOVER', 'SARA-FAILOVER', 'IN2P3-FAILOVER']
2025-08-27T00:48:25,189097Z dirac-jobexec/UserJobFinalization INFO: User specified output file list is: *.root
2025-08-27T00:48:25,189495Z dirac-jobexec/UserJobFinalization INFO: Found a pattern in the output data file list,           extra files to upload are: mc.root
2025-08-27T00:48:25,189767Z dirac-jobexec/UserJobFinalization INFO: Final list of files to upload are: mc.root
2025-08-27T00:48:25,189846Z dirac-jobexec/UserJobFinalization INFO: Constructing user output LFN(s) for mc.root
2025-08-27T00:48:25,447245Z dirac-jobexec/ProductionData INFO: Created the following output data LFN(s):
/lhcb/user/a/afernez/2025_08/1164943/1164943020/mc.root
2025-08-27T00:48:25,447582Z dirac-jobexec/UserJobFinalization INFO: No outputDataFileMask provided, the files with all the extensions will be considered
2025-08-27T00:48:25,448041Z dirac-jobexec/UserJobFinalization INFO: No outputDataStep provided, the files output of all the steps will be considered
2025-08-27T00:48:25,448172Z dirac-jobexec/UserJobFinalization INFO: Will search for POOL GUIDs for: mc.root
2025-08-27T00:48:25,545422Z dirac-jobexec INFO: GUIDs not found from POOL XML Catalogue (and were generated) for: mc.root
2025-08-27T00:48:25,545695Z dirac-jobexec/UserJobFinalization WARN: PoolXMLFile generated GUID(s) for the following files  mc.root
2025-08-27T00:48:25,546847Z dirac-jobexec/DIRAC.DataManagementSystem.Utilities.ResolveSE INFO: Resolving workflow output SE description Tier1-USER
2025-08-27T00:48:25,548865Z dirac-jobexec/DIRAC.DataManagementSystem.Utilities.ResolveSE INFO: Found eligible local SE ['CNAF-USER']
2025-08-27T00:48:25,549247Z dirac-jobexec/UserJobFinalization INFO: Ordered list of output SEs is: CNAF-USER, RAL-USER, GRIDKA-USER, PIC-USER, SARA-USER, CERN-USER, IN2P3-USER
2025-08-27T00:48:25,549364Z dirac-jobexec/UserJobFinalization INFO: Creating DISABLE_WATCHDOG_CPU_WALLCLOCK_CHECK in order to disable the Watchdog
2025-08-27T00:48:25,549788Z dirac-jobexec/UserJobFinalization INFO: Attempting to store mc.root to the following SE(s): CNAF-USER, RAL-USER, GRIDKA-USER, PIC-USER, SARA-USER, CERN-USER, IN2P3-USER
2025-08-27T00:48:25,549893Z dirac-jobexec/FailoverTransfer INFO: Attempting dm.putAndRegister ('/lhcb/user/a/afernez/2025_08/1164943/1164943020/mc.root','/tmp/1164943020/mc.root','CNAF-USER',guid='A01A52EB-D5B0-32B2-9D8C-B923F6D508FE',catalog='None', checksum = '9c79deaa')
2025-08-27T00:48:29,725528Z dirac-jobexec/FailoverTransfer INFO: dm.putAndRegister successfully uploaded and registered mc.root to CNAF-USER
2025-08-27T00:48:30,058359Z dirac-jobexec/UserJobFinalization INFO: ===== Terminating 12.0.0a30 ===== 
