WARNING: Parsing of '.cfg' files as command line arguments is changing!
          Set the environment variable 'export DIRAC_NO_CFG=1' to pass the file as a positional
          argument (this will become the default).
          To modify the local configuration use '--cfg <configfile>' instead.
2025-08-27T04:59:30,084507Z dirac-jobexec INFO: JobID: 1164942626
2025-08-27T04:59:30,092951Z dirac-jobexec INFO: DIRAC JobID 1164942626 is running at site LCG.IN2P3.fr
Executing StepInstance RunScriptStep1 of type ScriptStep1 ['ScriptStep1']
2025-08-27T04:59:31,543620Z dirac-jobexec/CreateDataFile INFO: ===== Executing 12.0.0a30 ===== 
2025-08-27T04:59:31,544813Z dirac-jobexec INFO: Running in MultiProcessor is not allowed here
2025-08-27T04:59:31,544977Z dirac-jobexec/CreateDataFile INFO: Creating Ganga data file data.py from scratch
2025-08-27T04:59:31,695676Z dirac-jobexec/CreateDataFile INFO: Created Ganga data file data.py
2025-08-27T04:59:31,695877Z dirac-jobexec/CreateDataFile INFO: ===== Terminating 12.0.0a30 ===== 
2025-08-27T04:59:31,699506Z dirac-jobexec/LHCbScript INFO: Command is: /cvmfs/lhcb.cern.ch/lhcbdirac/versions/v12.0.0a30-1755085183/Linux-x86_64/bin/python3 jobScript/GaudiExec_afernez_Job_496.14_e3c5c5bd-4ba0-469b-bec5-679b83091e74_script.py
2025-08-27T07:54:20,659368Z dirac-jobexec/LHCbScript INFO: /cvmfs/lhcb.cern.ch/lhcbdirac/versions/v12.0.0a30-1755085183/Linux-x86_64/bin/python3 jobScript/GaudiExec_afernez_Job_496.14_e3c5c5bd-4ba0-469b-bec5-679b83091e74_script.py execution completed with status 0
2025-08-27T07:54:20,661071Z dirac-jobexec/LHCbScript INFO: Output written to Script1_Ganga_GaudiExec.log, execution complete.
2025-08-27T07:54:20,985412Z dirac-jobexec/LHCbScript INFO: GaudiExec successful
2025-08-27T07:54:20,986196Z dirac-jobexec/LHCbScript INFO: ===== Terminating <class 'LHCbDIRAC.Workflow.Modules.LHCbScript.LHCbScript'> ===== 
2025-08-27T07:54:20,995581Z dirac-jobexec/FileUsage INFO: ===== Executing 12.0.0a30 ===== 
2025-08-27T07:54:20,996040Z dirac-jobexec/FileUsage INFO: Popularity report =  {'/lhcb/MC/2016/D0TAUNU.SAFESTRIPTRIG.DST/00140846/0000/': 3}
2025-08-27T07:54:21,058377Z dirac-jobexec/FileUsage INFO: Reporting input file usage successful!
2025-08-27T07:54:21,058645Z dirac-jobexec/FileUsage INFO: ===== Terminating 12.0.0a30 ===== 
2025-08-27T07:54:21,063187Z dirac-jobexec/UserJobFinalization INFO: ===== Executing 12.0.0a30 ===== 
2025-08-27T07:54:21,063421Z dirac-jobexec/DIRAC.DataManagementSystem.Utilities.ResolveSE INFO: Resolving workflow output SE description Tier1-USER
2025-08-27T07:54:21,069957Z dirac-jobexec/DIRAC.DataManagementSystem.Utilities.ResolveSE INFO: Found SEs, local first: ['IN2P3-USER', 'CERN-USER', 'CNAF-USER', 'RAL-USER', 'PIC-USER', 'GRIDKA-USER', 'SARA-USER']
2025-08-27T07:54:21,070118Z dirac-jobexec/DIRAC.DataManagementSystem.Utilities.ResolveSE INFO: Resolving workflow output SE description Tier1-Failover
2025-08-27T07:54:21,072425Z dirac-jobexec/DIRAC.DataManagementSystem.Utilities.ResolveSE INFO: Found SEs, local first: ['IN2P3-FAILOVER', 'CERN-EOS-FAILOVER', 'RAL-FAILOVER', 'SARA-FAILOVER', 'GRIDKA-FAILOVER', 'CNAF-FAILOVER', 'PIC-FAILOVER']
2025-08-27T07:54:21,072700Z dirac-jobexec/UserJobFinalization INFO: User specified output file list is: *.root
2025-08-27T07:54:21,073463Z dirac-jobexec/UserJobFinalization INFO: Found a pattern in the output data file list,           extra files to upload are: mc.root
2025-08-27T07:54:21,073524Z dirac-jobexec/UserJobFinalization INFO: Final list of files to upload are: mc.root
2025-08-27T07:54:21,073567Z dirac-jobexec/UserJobFinalization INFO: Constructing user output LFN(s) for mc.root
2025-08-27T07:54:21,132328Z dirac-jobexec/ProductionData INFO: Created the following output data LFN(s):
/lhcb/user/a/afernez/2025_08/1164942/1164942626/mc.root
2025-08-27T07:54:21,132661Z dirac-jobexec/UserJobFinalization INFO: No outputDataFileMask provided, the files with all the extensions will be considered
2025-08-27T07:54:21,132723Z dirac-jobexec/UserJobFinalization INFO: No outputDataStep provided, the files output of all the steps will be considered
2025-08-27T07:54:21,132790Z dirac-jobexec/UserJobFinalization INFO: Will search for POOL GUIDs for: mc.root
2025-08-27T07:54:21,334021Z dirac-jobexec INFO: GUIDs not found from POOL XML Catalogue (and were generated) for: mc.root
2025-08-27T07:54:21,334341Z dirac-jobexec/UserJobFinalization WARN: PoolXMLFile generated GUID(s) for the following files  mc.root
2025-08-27T07:54:21,573297Z dirac-jobexec/DIRAC.DataManagementSystem.Utilities.ResolveSE INFO: Resolving workflow output SE description Tier1-USER
2025-08-27T07:54:21,578282Z dirac-jobexec/DIRAC.DataManagementSystem.Utilities.ResolveSE INFO: Found eligible local SE ['IN2P3-USER']
2025-08-27T07:54:21,578579Z dirac-jobexec/UserJobFinalization INFO: Ordered list of output SEs is: IN2P3-USER, CNAF-USER, PIC-USER, RAL-USER, GRIDKA-USER, SARA-USER, CERN-USER
2025-08-27T07:54:21,578670Z dirac-jobexec/UserJobFinalization INFO: Creating DISABLE_WATCHDOG_CPU_WALLCLOCK_CHECK in order to disable the Watchdog
2025-08-27T07:54:21,579276Z dirac-jobexec/UserJobFinalization INFO: Attempting to store mc.root to the following SE(s): IN2P3-USER, CNAF-USER, PIC-USER, RAL-USER, GRIDKA-USER, SARA-USER, CERN-USER
2025-08-27T07:54:21,579375Z dirac-jobexec/FailoverTransfer INFO: Attempting dm.putAndRegister ('/lhcb/user/a/afernez/2025_08/1164942/1164942626/mc.root','/tmp/1164942626/mc.root','IN2P3-USER',guid='1B7E03EB-F3D1-C10A-CFE9-E68089CD30C9',catalog='None', checksum = 'f6c5a7ea')
2025-08-27T07:54:23,572150Z dirac-jobexec/FailoverTransfer INFO: dm.putAndRegister successfully uploaded and registered mc.root to IN2P3-USER
2025-08-27T07:54:23,759421Z dirac-jobexec/UserJobFinalization INFO: ===== Terminating 12.0.0a30 ===== 
