WARNING: Parsing of '.cfg' files as command line arguments is changing!
          Set the environment variable 'export DIRAC_NO_CFG=1' to pass the file as a positional
          argument (this will become the default).
          To modify the local configuration use '--cfg <configfile>' instead.
2025-08-27T00:21:00,775452Z dirac-jobexec INFO: JobID: 1164943204
2025-08-27T00:21:00,815826Z dirac-jobexec INFO: DIRAC JobID 1164943204 is running at site LCG.CERN.cern
Executing StepInstance RunScriptStep1 of type ScriptStep1 ['ScriptStep1']
2025-08-27T00:21:03,160942Z dirac-jobexec/CreateDataFile INFO: ===== Executing 12.0.0a30 ===== 
2025-08-27T00:21:03,162257Z dirac-jobexec INFO: Running in MultiProcessor is not allowed here
2025-08-27T00:21:03,162461Z dirac-jobexec/CreateDataFile INFO: Creating Ganga data file data.py from scratch
2025-08-27T00:21:03,336452Z dirac-jobexec/CreateDataFile INFO: Created Ganga data file data.py
2025-08-27T00:21:03,336689Z dirac-jobexec/CreateDataFile INFO: ===== Terminating 12.0.0a30 ===== 
2025-08-27T00:21:03,342993Z dirac-jobexec/LHCbScript INFO: Command is: /cvmfs/lhcb.cern.ch/lhcbdirac/versions/v12.0.0a30-1755085183/Linux-x86_64/bin/python3 jobScript/GaudiExec_afernez_Job_522.15_8ef90270-7c26-46b5-bdf6-1c75313126db_script.py
2025-08-27T04:28:42,238432Z dirac-jobexec/LHCbScript INFO: /cvmfs/lhcb.cern.ch/lhcbdirac/versions/v12.0.0a30-1755085183/Linux-x86_64/bin/python3 jobScript/GaudiExec_afernez_Job_522.15_8ef90270-7c26-46b5-bdf6-1c75313126db_script.py execution completed with status 0
2025-08-27T04:28:42,331241Z dirac-jobexec/LHCbScript INFO: Output written to Script1_Ganga_GaudiExec.log, execution complete.
2025-08-27T04:28:45,464329Z dirac-jobexec/LHCbScript INFO: GaudiExec successful
2025-08-27T04:28:45,467774Z dirac-jobexec/LHCbScript INFO: ===== Terminating <class 'LHCbDIRAC.Workflow.Modules.LHCbScript.LHCbScript'> ===== 
2025-08-27T04:28:45,702227Z dirac-jobexec/FileUsage INFO: ===== Executing 12.0.0a30 ===== 
2025-08-27T04:28:45,714528Z dirac-jobexec/FileUsage INFO: Popularity report =  {'/lhcb/MC/2016/D0TAUNU.SAFESTRIPTRIG.DST/00202746/0000/': 3}
2025-08-27T04:28:45,833791Z dirac-jobexec/FileUsage INFO: Reporting input file usage successful!
2025-08-27T04:28:45,834881Z dirac-jobexec/FileUsage INFO: ===== Terminating 12.0.0a30 ===== 
2025-08-27T04:28:45,845606Z dirac-jobexec/UserJobFinalization INFO: ===== Executing 12.0.0a30 ===== 
2025-08-27T04:28:45,846446Z dirac-jobexec/DIRAC.DataManagementSystem.Utilities.ResolveSE INFO: Resolving workflow output SE description Tier1-USER
2025-08-27T04:28:45,871399Z dirac-jobexec/DIRAC.DataManagementSystem.Utilities.ResolveSE INFO: Found SEs, local first: ['CERN-USER', 'RAL-USER', 'IN2P3-USER', 'SARA-USER', 'GRIDKA-USER', 'CNAF-USER', 'PIC-USER']
2025-08-27T04:28:45,871673Z dirac-jobexec/DIRAC.DataManagementSystem.Utilities.ResolveSE INFO: Resolving workflow output SE description Tier1-Failover
2025-08-27T04:28:45,877471Z dirac-jobexec/DIRAC.DataManagementSystem.Utilities.ResolveSE INFO: Found SEs, local first: ['CERN-EOS-FAILOVER', 'PIC-FAILOVER', 'CNAF-FAILOVER', 'IN2P3-FAILOVER', 'GRIDKA-FAILOVER', 'SARA-FAILOVER', 'RAL-FAILOVER']
2025-08-27T04:28:45,879858Z dirac-jobexec/UserJobFinalization INFO: User specified output file list is: *.root
2025-08-27T04:28:45,908113Z dirac-jobexec/UserJobFinalization INFO: Found a pattern in the output data file list,           extra files to upload are: mc.root
2025-08-27T04:28:45,908398Z dirac-jobexec/UserJobFinalization INFO: Final list of files to upload are: mc.root
2025-08-27T04:28:45,908506Z dirac-jobexec/UserJobFinalization INFO: Constructing user output LFN(s) for mc.root
2025-08-27T04:28:46,187152Z dirac-jobexec/ProductionData INFO: Created the following output data LFN(s):
/lhcb/user/a/afernez/2025_08/1164943/1164943204/mc.root
2025-08-27T04:28:46,189841Z dirac-jobexec/UserJobFinalization INFO: No outputDataFileMask provided, the files with all the extensions will be considered
2025-08-27T04:28:46,190076Z dirac-jobexec/UserJobFinalization INFO: No outputDataStep provided, the files output of all the steps will be considered
2025-08-27T04:28:46,190706Z dirac-jobexec/UserJobFinalization INFO: Will search for POOL GUIDs for: mc.root
2025-08-27T04:28:48,904812Z dirac-jobexec INFO: GUIDs not found from POOL XML Catalogue (and were generated) for: mc.root
2025-08-27T04:28:48,905058Z dirac-jobexec/UserJobFinalization WARN: PoolXMLFile generated GUID(s) for the following files  mc.root
2025-08-27T04:28:49,105705Z dirac-jobexec/DIRAC.DataManagementSystem.Utilities.ResolveSE INFO: Resolving workflow output SE description Tier1-USER
2025-08-27T04:28:49,110590Z dirac-jobexec/DIRAC.DataManagementSystem.Utilities.ResolveSE INFO: Found eligible local SE ['CERN-USER']
2025-08-27T04:28:49,110781Z dirac-jobexec/UserJobFinalization INFO: Ordered list of output SEs is: CERN-USER, SARA-USER, RAL-USER, IN2P3-USER, GRIDKA-USER, CNAF-USER, PIC-USER
2025-08-27T04:28:49,110861Z dirac-jobexec/UserJobFinalization INFO: Creating DISABLE_WATCHDOG_CPU_WALLCLOCK_CHECK in order to disable the Watchdog
2025-08-27T04:28:49,111214Z dirac-jobexec/UserJobFinalization INFO: Attempting to store mc.root to the following SE(s): CERN-USER, SARA-USER, RAL-USER, IN2P3-USER, GRIDKA-USER, CNAF-USER, PIC-USER
2025-08-27T04:28:49,111311Z dirac-jobexec/FailoverTransfer INFO: Attempting dm.putAndRegister ('/lhcb/user/a/afernez/2025_08/1164943/1164943204/mc.root','/tmp/1164943204/mc.root','CERN-USER',guid='4FD44E4F-70DD-19F1-7ECB-927920831E13',catalog='None', checksum = 'd40151e0')
2025-08-27T04:28:50,999083Z dirac-jobexec/FailoverTransfer INFO: dm.putAndRegister successfully uploaded and registered mc.root to CERN-USER
2025-08-27T04:28:51,207721Z dirac-jobexec/UserJobFinalization INFO: ===== Terminating 12.0.0a30 ===== 
