WARNING: Parsing of '.cfg' files as command line arguments is changing!
          Set the environment variable 'export DIRAC_NO_CFG=1' to pass the file as a positional
          argument (this will become the default).
          To modify the local configuration use '--cfg <configfile>' instead.
2025-08-27T00:18:25,405671Z dirac-jobexec INFO: JobID: 1164943184
2025-08-27T00:18:25,417488Z dirac-jobexec INFO: DIRAC JobID 1164943184 is running at site LCG.SARA.nl
Executing StepInstance RunScriptStep1 of type ScriptStep1 ['ScriptStep1']
2025-08-27T00:18:27,740941Z dirac-jobexec/CreateDataFile INFO: ===== Executing 12.0.0a30 ===== 
2025-08-27T00:18:27,742987Z dirac-jobexec INFO: Running in MultiProcessor is not allowed here
2025-08-27T00:18:27,743628Z dirac-jobexec/CreateDataFile INFO: Creating Ganga data file data.py from scratch
2025-08-27T00:18:28,196249Z dirac-jobexec/CreateDataFile INFO: Created Ganga data file data.py
2025-08-27T00:18:28,197107Z dirac-jobexec/CreateDataFile INFO: ===== Terminating 12.0.0a30 ===== 
2025-08-27T00:18:28,206211Z dirac-jobexec/LHCbScript INFO: Command is: /cvmfs/lhcb.cern.ch/lhcbdirac/versions/v12.0.0a30-1755085183/Linux-x86_64/bin/python3 jobScript/GaudiExec_afernez_Job_521.18_17b524e5-0a01-4861-83f0-5e39600385b7_script.py
2025-08-27T00:24:03,966762Z dirac-jobexec/LHCbScript INFO: /cvmfs/lhcb.cern.ch/lhcbdirac/versions/v12.0.0a30-1755085183/Linux-x86_64/bin/python3 jobScript/GaudiExec_afernez_Job_521.18_17b524e5-0a01-4861-83f0-5e39600385b7_script.py execution completed with status 0
2025-08-27T00:24:03,967892Z dirac-jobexec/LHCbScript INFO: Output written to Script1_Ganga_GaudiExec.log, execution complete.
2025-08-27T00:24:04,244043Z dirac-jobexec/LHCbScript INFO: GaudiExec successful
2025-08-27T00:24:04,245213Z dirac-jobexec/LHCbScript INFO: ===== Terminating <class 'LHCbDIRAC.Workflow.Modules.LHCbScript.LHCbScript'> ===== 
2025-08-27T00:24:04,252509Z dirac-jobexec/FileUsage INFO: ===== Executing 12.0.0a30 ===== 
2025-08-27T00:24:04,253384Z dirac-jobexec/FileUsage INFO: Popularity report =  {'/lhcb/MC/2016/ALLSTREAMS.DST/00173808/0000/': 1}
2025-08-27T00:24:04,438212Z dirac-jobexec/FileUsage INFO: Reporting input file usage successful!
2025-08-27T00:24:04,438822Z dirac-jobexec/FileUsage INFO: ===== Terminating 12.0.0a30 ===== 
2025-08-27T00:24:04,444588Z dirac-jobexec/UserJobFinalization INFO: ===== Executing 12.0.0a30 ===== 
2025-08-27T00:24:04,445163Z dirac-jobexec/DIRAC.DataManagementSystem.Utilities.ResolveSE INFO: Resolving workflow output SE description Tier1-USER
2025-08-27T00:24:04,452265Z dirac-jobexec/DIRAC.DataManagementSystem.Utilities.ResolveSE INFO: Found SEs, local first: ['SARA-USER', 'RAL-USER', 'IN2P3-USER', 'CERN-USER', 'CNAF-USER', 'PIC-USER', 'GRIDKA-USER']
2025-08-27T00:24:04,452978Z dirac-jobexec/DIRAC.DataManagementSystem.Utilities.ResolveSE INFO: Resolving workflow output SE description Tier1-Failover
2025-08-27T00:24:04,455750Z dirac-jobexec/DIRAC.DataManagementSystem.Utilities.ResolveSE INFO: Found SEs, local first: ['SARA-FAILOVER', 'CNAF-FAILOVER', 'IN2P3-FAILOVER', 'RAL-FAILOVER', 'PIC-FAILOVER', 'CERN-EOS-FAILOVER', 'GRIDKA-FAILOVER']
2025-08-27T00:24:04,456477Z dirac-jobexec/UserJobFinalization INFO: User specified output file list is: *.root
2025-08-27T00:24:04,457221Z dirac-jobexec/UserJobFinalization INFO: Found a pattern in the output data file list,           extra files to upload are: mc.root
2025-08-27T00:24:04,457464Z dirac-jobexec/UserJobFinalization INFO: Final list of files to upload are: mc.root
2025-08-27T00:24:04,457637Z dirac-jobexec/UserJobFinalization INFO: Constructing user output LFN(s) for mc.root
2025-08-27T00:24:04,642417Z dirac-jobexec/ProductionData INFO: Created the following output data LFN(s):
/lhcb/user/a/afernez/2025_08/1164943/1164943184/mc.root
2025-08-27T00:24:04,643570Z dirac-jobexec/UserJobFinalization INFO: No outputDataFileMask provided, the files with all the extensions will be considered
2025-08-27T00:24:04,644099Z dirac-jobexec/UserJobFinalization INFO: No outputDataStep provided, the files output of all the steps will be considered
2025-08-27T00:24:04,644408Z dirac-jobexec/UserJobFinalization INFO: Will search for POOL GUIDs for: mc.root
2025-08-27T00:24:04,891354Z dirac-jobexec INFO: GUIDs not found from POOL XML Catalogue (and were generated) for: mc.root
2025-08-27T00:24:04,892145Z dirac-jobexec/UserJobFinalization WARN: PoolXMLFile generated GUID(s) for the following files  mc.root
2025-08-27T00:24:04,894081Z dirac-jobexec/DIRAC.DataManagementSystem.Utilities.ResolveSE INFO: Resolving workflow output SE description Tier1-USER
2025-08-27T00:24:04,897895Z dirac-jobexec/DIRAC.DataManagementSystem.Utilities.ResolveSE INFO: Found eligible local SE ['SARA-USER']
2025-08-27T00:24:04,898594Z dirac-jobexec/UserJobFinalization INFO: Ordered list of output SEs is: SARA-USER, CERN-USER, CNAF-USER, GRIDKA-USER, PIC-USER, RAL-USER, IN2P3-USER
2025-08-27T00:24:04,898825Z dirac-jobexec/UserJobFinalization INFO: Creating DISABLE_WATCHDOG_CPU_WALLCLOCK_CHECK in order to disable the Watchdog
2025-08-27T00:24:04,899621Z dirac-jobexec/UserJobFinalization INFO: Attempting to store mc.root to the following SE(s): SARA-USER, CERN-USER, CNAF-USER, GRIDKA-USER, PIC-USER, RAL-USER, IN2P3-USER
2025-08-27T00:24:04,899898Z dirac-jobexec/FailoverTransfer INFO: Attempting dm.putAndRegister ('/lhcb/user/a/afernez/2025_08/1164943/1164943184/mc.root','/tmp/1164943184/mc.root','SARA-USER',guid='77B490D6-7F75-E8C8-FE5F-1FB8D38E84AC',catalog='None', checksum = '8f1744aa')
2025-08-27T00:24:07,339504Z dirac-jobexec/FailoverTransfer INFO: dm.putAndRegister successfully uploaded and registered mc.root to SARA-USER
2025-08-27T00:24:07,698730Z dirac-jobexec/UserJobFinalization INFO: ===== Terminating 12.0.0a30 ===== 
