WARNING: Parsing of '.cfg' files as command line arguments is changing!
          Set the environment variable 'export DIRAC_NO_CFG=1' to pass the file as a positional
          argument (this will become the default).
          To modify the local configuration use '--cfg <configfile>' instead.
2025-08-26T23:10:29,309710Z dirac-jobexec INFO: JobID: 1164942628
2025-08-26T23:10:29,318780Z dirac-jobexec INFO: DIRAC JobID 1164942628 is running at site LCG.RAL.uk
Executing StepInstance RunScriptStep1 of type ScriptStep1 ['ScriptStep1']
2025-08-26T23:10:31,763291Z dirac-jobexec/CreateDataFile INFO: ===== Executing 12.0.0a30 ===== 
2025-08-26T23:10:31,764236Z dirac-jobexec INFO: Running in MultiProcessor is not allowed here
2025-08-26T23:10:31,764355Z dirac-jobexec/CreateDataFile INFO: Creating Ganga data file data.py from scratch
2025-08-26T23:10:32,099085Z dirac-jobexec/CreateDataFile INFO: Created Ganga data file data.py
2025-08-26T23:10:32,099517Z dirac-jobexec/CreateDataFile INFO: ===== Terminating 12.0.0a30 ===== 
2025-08-26T23:10:32,108140Z dirac-jobexec/LHCbScript INFO: Command is: /cvmfs/lhcb.cern.ch/lhcbdirac/versions/v12.0.0a30-1755085183/Linux-x86_64/bin/python3 jobScript/GaudiExec_afernez_Job_496.16_e3c5c5bd-4ba0-469b-bec5-679b83091e74_script.py
2025-08-27T04:01:14,176828Z dirac-jobexec/LHCbScript INFO: /cvmfs/lhcb.cern.ch/lhcbdirac/versions/v12.0.0a30-1755085183/Linux-x86_64/bin/python3 jobScript/GaudiExec_afernez_Job_496.16_e3c5c5bd-4ba0-469b-bec5-679b83091e74_script.py execution completed with status 0
2025-08-27T04:01:14,177896Z dirac-jobexec/LHCbScript INFO: Output written to Script1_Ganga_GaudiExec.log, execution complete.
2025-08-27T04:01:14,542282Z dirac-jobexec/LHCbScript INFO: GaudiExec successful
2025-08-27T04:01:14,548180Z dirac-jobexec/LHCbScript INFO: ===== Terminating <class 'LHCbDIRAC.Workflow.Modules.LHCbScript.LHCbScript'> ===== 
2025-08-27T04:01:14,830929Z dirac-jobexec/FileUsage INFO: ===== Executing 12.0.0a30 ===== 
2025-08-27T04:01:14,831403Z dirac-jobexec/FileUsage INFO: Popularity report =  {'/lhcb/MC/2016/D0TAUNU.SAFESTRIPTRIG.DST/00140846/0000/': 3}
2025-08-27T04:01:14,979202Z dirac-jobexec/FileUsage INFO: Reporting input file usage successful!
2025-08-27T04:01:14,979523Z dirac-jobexec/FileUsage INFO: ===== Terminating 12.0.0a30 ===== 
2025-08-27T04:01:14,988897Z dirac-jobexec/UserJobFinalization INFO: ===== Executing 12.0.0a30 ===== 
2025-08-27T04:01:14,989141Z dirac-jobexec/DIRAC.DataManagementSystem.Utilities.ResolveSE INFO: Resolving workflow output SE description Tier1-USER
2025-08-27T04:01:14,997485Z dirac-jobexec/DIRAC.DataManagementSystem.Utilities.ResolveSE INFO: Found SEs, local first: ['RAL-USER', 'SARA-USER', 'IN2P3-USER', 'GRIDKA-USER', 'CNAF-USER', 'CERN-USER', 'PIC-USER']
2025-08-27T04:01:14,998058Z dirac-jobexec/DIRAC.DataManagementSystem.Utilities.ResolveSE INFO: Resolving workflow output SE description Tier1-Failover
2025-08-27T04:01:15,001900Z dirac-jobexec/DIRAC.DataManagementSystem.Utilities.ResolveSE INFO: Found SEs, local first: ['RAL-FAILOVER', 'PIC-FAILOVER', 'CNAF-FAILOVER', 'GRIDKA-FAILOVER', 'CERN-EOS-FAILOVER', 'SARA-FAILOVER', 'IN2P3-FAILOVER']
2025-08-27T04:01:15,002513Z dirac-jobexec/UserJobFinalization INFO: User specified output file list is: *.root
2025-08-27T04:01:15,003059Z dirac-jobexec/UserJobFinalization INFO: Found a pattern in the output data file list,           extra files to upload are: mc.root
2025-08-27T04:01:15,003347Z dirac-jobexec/UserJobFinalization INFO: Final list of files to upload are: mc.root
2025-08-27T04:01:15,003515Z dirac-jobexec/UserJobFinalization INFO: Constructing user output LFN(s) for mc.root
2025-08-27T04:01:15,375775Z dirac-jobexec/ProductionData INFO: Created the following output data LFN(s):
/lhcb/user/a/afernez/2025_08/1164942/1164942628/mc.root
2025-08-27T04:01:15,376348Z dirac-jobexec/UserJobFinalization INFO: No outputDataFileMask provided, the files with all the extensions will be considered
2025-08-27T04:01:15,376821Z dirac-jobexec/UserJobFinalization INFO: No outputDataStep provided, the files output of all the steps will be considered
2025-08-27T04:01:15,376997Z dirac-jobexec/UserJobFinalization INFO: Will search for POOL GUIDs for: mc.root
2025-08-27T04:01:15,596299Z dirac-jobexec INFO: GUIDs not found from POOL XML Catalogue (and were generated) for: mc.root
2025-08-27T04:01:15,596835Z dirac-jobexec/UserJobFinalization WARN: PoolXMLFile generated GUID(s) for the following files  mc.root
2025-08-27T04:01:15,820975Z dirac-jobexec/DIRAC.DataManagementSystem.Utilities.ResolveSE INFO: Resolving workflow output SE description Tier1-USER
2025-08-27T04:01:15,825911Z dirac-jobexec/DIRAC.DataManagementSystem.Utilities.ResolveSE INFO: Found eligible local SE ['RAL-USER']
2025-08-27T04:01:15,826640Z dirac-jobexec/UserJobFinalization INFO: Ordered list of output SEs is: RAL-USER, IN2P3-USER, PIC-USER, CNAF-USER, GRIDKA-USER, CERN-USER, SARA-USER
2025-08-27T04:01:15,826755Z dirac-jobexec/UserJobFinalization INFO: Creating DISABLE_WATCHDOG_CPU_WALLCLOCK_CHECK in order to disable the Watchdog
2025-08-27T04:01:15,827226Z dirac-jobexec/UserJobFinalization INFO: Attempting to store mc.root to the following SE(s): RAL-USER, IN2P3-USER, PIC-USER, CNAF-USER, GRIDKA-USER, CERN-USER, SARA-USER
2025-08-27T04:01:15,827323Z dirac-jobexec/FailoverTransfer INFO: Attempting dm.putAndRegister ('/lhcb/user/a/afernez/2025_08/1164942/1164942628/mc.root','/tmp/1164942628/mc.root','RAL-USER',guid='A5393C6E-6772-DC94-F1B4-26338D6BD95B',catalog='None', checksum = '72ba3caf')
2025-08-27T04:01:24,969626Z dirac-jobexec/FailoverTransfer INFO: dm.putAndRegister successfully uploaded and registered mc.root to RAL-USER
2025-08-27T04:01:25,413505Z dirac-jobexec/UserJobFinalization INFO: ===== Terminating 12.0.0a30 ===== 
