WARNING: Parsing of '.cfg' files as command line arguments is changing!
          Set the environment variable 'export DIRAC_NO_CFG=1' to pass the file as a positional
          argument (this will become the default).
          To modify the local configuration use '--cfg <configfile>' instead.
2025-08-26T23:39:58,162435Z dirac-jobexec INFO: JobID: 1164942890
2025-08-26T23:39:58,175871Z dirac-jobexec INFO: DIRAC JobID 1164942890 is running at site LCG.RAL.uk
Executing StepInstance RunScriptStep1 of type ScriptStep1 ['ScriptStep1']
2025-08-26T23:40:00,733845Z dirac-jobexec/CreateDataFile INFO: ===== Executing 12.0.0a30 ===== 
2025-08-26T23:40:00,735272Z dirac-jobexec INFO: Running in MultiProcessor is not allowed here
2025-08-26T23:40:00,735476Z dirac-jobexec/CreateDataFile INFO: Creating Ganga data file data.py from scratch
2025-08-26T23:40:01,083645Z dirac-jobexec/CreateDataFile INFO: Created Ganga data file data.py
2025-08-26T23:40:01,083941Z dirac-jobexec/CreateDataFile INFO: ===== Terminating 12.0.0a30 ===== 
2025-08-26T23:40:01,091200Z dirac-jobexec/LHCbScript INFO: Command is: /cvmfs/lhcb.cern.ch/lhcbdirac/versions/v12.0.0a30-1755085183/Linux-x86_64/bin/python3 jobScript/GaudiExec_afernez_Job_512.8_b901b1bf-bdd4-40f9-ba7a-3d1893ed79cf_script.py
2025-08-27T02:31:13,907057Z dirac-jobexec/LHCbScript INFO: /cvmfs/lhcb.cern.ch/lhcbdirac/versions/v12.0.0a30-1755085183/Linux-x86_64/bin/python3 jobScript/GaudiExec_afernez_Job_512.8_b901b1bf-bdd4-40f9-ba7a-3d1893ed79cf_script.py execution completed with status 0
2025-08-27T02:31:13,907920Z dirac-jobexec/LHCbScript INFO: Output written to Script1_Ganga_GaudiExec.log, execution complete.
2025-08-27T02:31:14,235665Z dirac-jobexec/LHCbScript INFO: GaudiExec successful
2025-08-27T02:31:14,240406Z dirac-jobexec/LHCbScript INFO: ===== Terminating <class 'LHCbDIRAC.Workflow.Modules.LHCbScript.LHCbScript'> ===== 
2025-08-27T02:31:14,258267Z dirac-jobexec/FileUsage INFO: ===== Executing 12.0.0a30 ===== 
2025-08-27T02:31:14,258692Z dirac-jobexec/FileUsage INFO: Popularity report =  {'/lhcb/MC/2016/D0TAUNU.SAFESTRIPTRIG.DST/00140831/0000/': 3}
2025-08-27T02:31:14,482646Z dirac-jobexec/FileUsage INFO: Reporting input file usage successful!
2025-08-27T02:31:14,488417Z dirac-jobexec/FileUsage INFO: ===== Terminating 12.0.0a30 ===== 
2025-08-27T02:31:14,687956Z dirac-jobexec/UserJobFinalization INFO: ===== Executing 12.0.0a30 ===== 
2025-08-27T02:31:14,688212Z dirac-jobexec/DIRAC.DataManagementSystem.Utilities.ResolveSE INFO: Resolving workflow output SE description Tier1-USER
2025-08-27T02:31:14,696004Z dirac-jobexec/DIRAC.DataManagementSystem.Utilities.ResolveSE INFO: Found SEs, local first: ['RAL-USER', 'CNAF-USER', 'GRIDKA-USER', 'PIC-USER', 'CERN-USER', 'SARA-USER', 'IN2P3-USER']
2025-08-27T02:31:14,696223Z dirac-jobexec/DIRAC.DataManagementSystem.Utilities.ResolveSE INFO: Resolving workflow output SE description Tier1-Failover
2025-08-27T02:31:14,699792Z dirac-jobexec/DIRAC.DataManagementSystem.Utilities.ResolveSE INFO: Found SEs, local first: ['RAL-FAILOVER', 'SARA-FAILOVER', 'GRIDKA-FAILOVER', 'PIC-FAILOVER', 'IN2P3-FAILOVER', 'CNAF-FAILOVER', 'CERN-EOS-FAILOVER']
2025-08-27T02:31:14,700351Z dirac-jobexec/UserJobFinalization INFO: User specified output file list is: *.root
2025-08-27T02:31:14,701144Z dirac-jobexec/UserJobFinalization INFO: Found a pattern in the output data file list,           extra files to upload are: mc.root
2025-08-27T02:31:14,701291Z dirac-jobexec/UserJobFinalization INFO: Final list of files to upload are: mc.root
2025-08-27T02:31:14,701600Z dirac-jobexec/UserJobFinalization INFO: Constructing user output LFN(s) for mc.root
2025-08-27T02:31:14,878940Z dirac-jobexec/ProductionData INFO: Created the following output data LFN(s):
/lhcb/user/a/afernez/2025_08/1164942/1164942890/mc.root
2025-08-27T02:31:14,879743Z dirac-jobexec/UserJobFinalization INFO: No outputDataFileMask provided, the files with all the extensions will be considered
2025-08-27T02:31:14,879893Z dirac-jobexec/UserJobFinalization INFO: No outputDataStep provided, the files output of all the steps will be considered
2025-08-27T02:31:14,880217Z dirac-jobexec/UserJobFinalization INFO: Will search for POOL GUIDs for: mc.root
2025-08-27T02:31:15,155314Z dirac-jobexec INFO: GUIDs not found from POOL XML Catalogue (and were generated) for: mc.root
2025-08-27T02:31:15,155592Z dirac-jobexec/UserJobFinalization WARN: PoolXMLFile generated GUID(s) for the following files  mc.root
2025-08-27T02:31:15,314348Z dirac-jobexec/DIRAC.DataManagementSystem.Utilities.ResolveSE INFO: Resolving workflow output SE description Tier1-USER
2025-08-27T02:31:15,318816Z dirac-jobexec/DIRAC.DataManagementSystem.Utilities.ResolveSE INFO: Found eligible local SE ['RAL-USER']
2025-08-27T02:31:15,319419Z dirac-jobexec/UserJobFinalization INFO: Ordered list of output SEs is: RAL-USER, IN2P3-USER, CNAF-USER, SARA-USER, GRIDKA-USER, CERN-USER, PIC-USER
2025-08-27T02:31:15,319581Z dirac-jobexec/UserJobFinalization INFO: Creating DISABLE_WATCHDOG_CPU_WALLCLOCK_CHECK in order to disable the Watchdog
2025-08-27T02:31:15,320211Z dirac-jobexec/UserJobFinalization INFO: Attempting to store mc.root to the following SE(s): RAL-USER, IN2P3-USER, CNAF-USER, SARA-USER, GRIDKA-USER, CERN-USER, PIC-USER
2025-08-27T02:31:15,320374Z dirac-jobexec/FailoverTransfer INFO: Attempting dm.putAndRegister ('/lhcb/user/a/afernez/2025_08/1164942/1164942890/mc.root','/tmp/1164942890/mc.root','RAL-USER',guid='832241DA-C3F2-C614-A845-FDE17522AE38',catalog='None', checksum = '37615956')
2025-08-27T02:31:23,171171Z dirac-jobexec/FailoverTransfer INFO: dm.putAndRegister successfully uploaded and registered mc.root to RAL-USER
2025-08-27T02:31:23,585748Z dirac-jobexec/UserJobFinalization INFO: ===== Terminating 12.0.0a30 ===== 
