WARNING: Parsing of '.cfg' files as command line arguments is changing!
          Set the environment variable 'export DIRAC_NO_CFG=1' to pass the file as a positional
          argument (this will become the default).
          To modify the local configuration use '--cfg <configfile>' instead.
2025-08-26T23:57:15,865150Z dirac-jobexec INFO: JobID: 1164942692
2025-08-26T23:57:15,870148Z dirac-jobexec INFO: DIRAC JobID 1164942692 is running at site LCG.CNAF.it
Executing StepInstance RunScriptStep1 of type ScriptStep1 ['ScriptStep1']
2025-08-26T23:57:16,981351Z dirac-jobexec/CreateDataFile INFO: ===== Executing 12.0.0a30 ===== 
2025-08-26T23:57:16,982003Z dirac-jobexec INFO: Running in MultiProcessor is not allowed here
2025-08-26T23:57:16,982081Z dirac-jobexec/CreateDataFile INFO: Creating Ganga data file data.py from scratch
2025-08-26T23:57:17,268254Z dirac-jobexec/CreateDataFile INFO: Created Ganga data file data.py
2025-08-26T23:57:17,268850Z dirac-jobexec/CreateDataFile INFO: ===== Terminating 12.0.0a30 ===== 
2025-08-26T23:57:17,272980Z dirac-jobexec/LHCbScript INFO: Command is: /cvmfs/lhcb.cern.ch/lhcbdirac/versions/v12.0.0a30-1755085183/Linux-x86_64/bin/python3 jobScript/GaudiExec_afernez_Job_500.19_8a75fd92-f9de-49f4-9868-0f8bb3727444_script.py
2025-08-27T00:42:05,430614Z dirac-jobexec/LHCbScript INFO: /cvmfs/lhcb.cern.ch/lhcbdirac/versions/v12.0.0a30-1755085183/Linux-x86_64/bin/python3 jobScript/GaudiExec_afernez_Job_500.19_8a75fd92-f9de-49f4-9868-0f8bb3727444_script.py execution completed with status 0
2025-08-27T00:42:05,432033Z dirac-jobexec/LHCbScript INFO: Output written to Script1_Ganga_GaudiExec.log, execution complete.
2025-08-27T00:42:05,777025Z dirac-jobexec/LHCbScript INFO: GaudiExec successful
2025-08-27T00:42:05,777378Z dirac-jobexec/LHCbScript INFO: ===== Terminating <class 'LHCbDIRAC.Workflow.Modules.LHCbScript.LHCbScript'> ===== 
2025-08-27T00:42:05,856001Z dirac-jobexec/FileUsage INFO: ===== Executing 12.0.0a30 ===== 
2025-08-27T00:42:05,856884Z dirac-jobexec/FileUsage INFO: Popularity report =  {'/lhcb/MC/2016/D0TAUNU.SAFESTRIPTRIG.DST/00140822/0000/': 1}
2025-08-27T00:42:06,033022Z dirac-jobexec/FileUsage INFO: Reporting input file usage successful!
2025-08-27T00:42:06,033556Z dirac-jobexec/FileUsage INFO: ===== Terminating 12.0.0a30 ===== 
2025-08-27T00:42:06,037430Z dirac-jobexec/UserJobFinalization INFO: ===== Executing 12.0.0a30 ===== 
2025-08-27T00:42:06,037828Z dirac-jobexec/DIRAC.DataManagementSystem.Utilities.ResolveSE INFO: Resolving workflow output SE description Tier1-USER
2025-08-27T00:42:06,040916Z dirac-jobexec/DIRAC.DataManagementSystem.Utilities.ResolveSE INFO: Found SEs, local first: ['CNAF-USER', 'IN2P3-USER', 'RAL-USER', 'PIC-USER', 'SARA-USER', 'GRIDKA-USER', 'CERN-USER']
2025-08-27T00:42:06,041225Z dirac-jobexec/DIRAC.DataManagementSystem.Utilities.ResolveSE INFO: Resolving workflow output SE description Tier1-Failover
2025-08-27T00:42:06,043241Z dirac-jobexec/DIRAC.DataManagementSystem.Utilities.ResolveSE INFO: Found SEs, local first: ['CNAF-FAILOVER', 'RAL-FAILOVER', 'IN2P3-FAILOVER', 'CERN-EOS-FAILOVER', 'GRIDKA-FAILOVER', 'PIC-FAILOVER', 'SARA-FAILOVER']
2025-08-27T00:42:06,043635Z dirac-jobexec/UserJobFinalization INFO: User specified output file list is: *.root
2025-08-27T00:42:06,044164Z dirac-jobexec/UserJobFinalization INFO: Found a pattern in the output data file list,           extra files to upload are: mc.root
2025-08-27T00:42:06,044359Z dirac-jobexec/UserJobFinalization INFO: Final list of files to upload are: mc.root
2025-08-27T00:42:06,044532Z dirac-jobexec/UserJobFinalization INFO: Constructing user output LFN(s) for mc.root
2025-08-27T00:42:06,303085Z dirac-jobexec/ProductionData INFO: Created the following output data LFN(s):
/lhcb/user/a/afernez/2025_08/1164942/1164942692/mc.root
2025-08-27T00:42:06,303665Z dirac-jobexec/UserJobFinalization INFO: No outputDataFileMask provided, the files with all the extensions will be considered
2025-08-27T00:42:06,303967Z dirac-jobexec/UserJobFinalization INFO: No outputDataStep provided, the files output of all the steps will be considered
2025-08-27T00:42:06,304189Z dirac-jobexec/UserJobFinalization INFO: Will search for POOL GUIDs for: mc.root
2025-08-27T00:42:06,346847Z dirac-jobexec INFO: GUIDs not found from POOL XML Catalogue (and were generated) for: mc.root
2025-08-27T00:42:06,347357Z dirac-jobexec/UserJobFinalization WARN: PoolXMLFile generated GUID(s) for the following files  mc.root
2025-08-27T00:42:06,423886Z dirac-jobexec/DIRAC.DataManagementSystem.Utilities.ResolveSE INFO: Resolving workflow output SE description Tier1-USER
2025-08-27T00:42:06,426539Z dirac-jobexec/DIRAC.DataManagementSystem.Utilities.ResolveSE INFO: Found eligible local SE ['CNAF-USER']
2025-08-27T00:42:06,427007Z dirac-jobexec/UserJobFinalization INFO: Ordered list of output SEs is: CNAF-USER, PIC-USER, IN2P3-USER, GRIDKA-USER, RAL-USER, SARA-USER, CERN-USER
2025-08-27T00:42:06,427281Z dirac-jobexec/UserJobFinalization INFO: Creating DISABLE_WATCHDOG_CPU_WALLCLOCK_CHECK in order to disable the Watchdog
2025-08-27T00:42:06,427735Z dirac-jobexec/UserJobFinalization INFO: Attempting to store mc.root to the following SE(s): CNAF-USER, PIC-USER, IN2P3-USER, GRIDKA-USER, RAL-USER, SARA-USER, CERN-USER
2025-08-27T00:42:06,427951Z dirac-jobexec/FailoverTransfer INFO: Attempting dm.putAndRegister ('/lhcb/user/a/afernez/2025_08/1164942/1164942692/mc.root','/tmp/1164942692/mc.root','CNAF-USER',guid='DEA67245-90E4-8570-196E-A505FB6DA50D',catalog='None', checksum = '1e0b3500')
2025-08-27T00:42:10,735264Z dirac-jobexec/FailoverTransfer INFO: dm.putAndRegister successfully uploaded and registered mc.root to CNAF-USER
2025-08-27T00:42:11,140264Z dirac-jobexec/UserJobFinalization INFO: ===== Terminating 12.0.0a30 ===== 
