WARNING: Parsing of '.cfg' files as command line arguments is changing!
          Set the environment variable 'export DIRAC_NO_CFG=1' to pass the file as a positional
          argument (this will become the default).
          To modify the local configuration use '--cfg <configfile>' instead.
2025-08-26T23:33:08,256025Z dirac-jobexec INFO: JobID: 1164942841
2025-08-26T23:33:08,269189Z dirac-jobexec INFO: DIRAC JobID 1164942841 is running at site LCG.GRIDKA.de
Executing StepInstance RunScriptStep1 of type ScriptStep1 ['ScriptStep1']
2025-08-26T23:33:10,325260Z dirac-jobexec/CreateDataFile INFO: ===== Executing 12.0.0a30 ===== 
2025-08-26T23:33:10,326263Z dirac-jobexec INFO: Running in MultiProcessor is not allowed here
2025-08-26T23:33:10,326403Z dirac-jobexec/CreateDataFile INFO: Creating Ganga data file data.py from scratch
2025-08-26T23:33:10,569286Z dirac-jobexec/CreateDataFile INFO: Created Ganga data file data.py
2025-08-26T23:33:10,569449Z dirac-jobexec/CreateDataFile INFO: ===== Terminating 12.0.0a30 ===== 
2025-08-26T23:33:10,573690Z dirac-jobexec/LHCbScript INFO: Command is: /cvmfs/lhcb.cern.ch/lhcbdirac/versions/v12.0.0a30-1755085183/Linux-x86_64/bin/python3 jobScript/GaudiExec_afernez_Job_510.6_b40758de-0c17-4015-97ce-9976d6fc55aa_script.py
2025-08-27T03:43:55,762977Z dirac-jobexec/LHCbScript INFO: /cvmfs/lhcb.cern.ch/lhcbdirac/versions/v12.0.0a30-1755085183/Linux-x86_64/bin/python3 jobScript/GaudiExec_afernez_Job_510.6_b40758de-0c17-4015-97ce-9976d6fc55aa_script.py execution completed with status 0
2025-08-27T03:43:55,764381Z dirac-jobexec/LHCbScript INFO: Output written to Script1_Ganga_GaudiExec.log, execution complete.
2025-08-27T03:43:56,008014Z dirac-jobexec/LHCbScript INFO: GaudiExec successful
2025-08-27T03:43:56,013951Z dirac-jobexec/LHCbScript INFO: ===== Terminating <class 'LHCbDIRAC.Workflow.Modules.LHCbScript.LHCbScript'> ===== 
2025-08-27T03:43:56,239584Z dirac-jobexec/FileUsage INFO: ===== Executing 12.0.0a30 ===== 
2025-08-27T03:43:56,240163Z dirac-jobexec/FileUsage INFO: Popularity report =  {'/lhcb/MC/2016/D0TAUNU.SAFESTRIPTRIG.DST/00140825/0000/': 3}
2025-08-27T03:43:56,483846Z dirac-jobexec/FileUsage INFO: Reporting input file usage successful!
2025-08-27T03:43:56,484469Z dirac-jobexec/FileUsage INFO: ===== Terminating 12.0.0a30 ===== 
2025-08-27T03:43:56,492123Z dirac-jobexec/UserJobFinalization INFO: ===== Executing 12.0.0a30 ===== 
2025-08-27T03:43:56,492522Z dirac-jobexec/DIRAC.DataManagementSystem.Utilities.ResolveSE INFO: Resolving workflow output SE description Tier1-USER
2025-08-27T03:43:56,504199Z dirac-jobexec/DIRAC.DataManagementSystem.Utilities.ResolveSE INFO: Found SEs, local first: ['GRIDKA-USER', 'SARA-USER', 'RAL-USER', 'CERN-USER', 'IN2P3-USER', 'PIC-USER', 'CNAF-USER']
2025-08-27T03:43:56,504446Z dirac-jobexec/DIRAC.DataManagementSystem.Utilities.ResolveSE INFO: Resolving workflow output SE description Tier1-Failover
2025-08-27T03:43:56,509197Z dirac-jobexec/DIRAC.DataManagementSystem.Utilities.ResolveSE INFO: Found SEs, local first: ['GRIDKA-FAILOVER', 'RAL-FAILOVER', 'IN2P3-FAILOVER', 'CNAF-FAILOVER', 'PIC-FAILOVER', 'SARA-FAILOVER', 'CERN-EOS-FAILOVER']
2025-08-27T03:43:56,509825Z dirac-jobexec/UserJobFinalization INFO: User specified output file list is: *.root
2025-08-27T03:43:56,510725Z dirac-jobexec/UserJobFinalization INFO: Found a pattern in the output data file list,           extra files to upload are: mc.root
2025-08-27T03:43:56,510835Z dirac-jobexec/UserJobFinalization INFO: Final list of files to upload are: mc.root
2025-08-27T03:43:56,510902Z dirac-jobexec/UserJobFinalization INFO: Constructing user output LFN(s) for mc.root
2025-08-27T03:43:56,652193Z dirac-jobexec/ProductionData INFO: Created the following output data LFN(s):
/lhcb/user/a/afernez/2025_08/1164942/1164942841/mc.root
2025-08-27T03:43:56,652647Z dirac-jobexec/UserJobFinalization INFO: No outputDataFileMask provided, the files with all the extensions will be considered
2025-08-27T03:43:56,652728Z dirac-jobexec/UserJobFinalization INFO: No outputDataStep provided, the files output of all the steps will be considered
2025-08-27T03:43:56,652825Z dirac-jobexec/UserJobFinalization INFO: Will search for POOL GUIDs for: mc.root
2025-08-27T03:43:56,981683Z dirac-jobexec INFO: GUIDs not found from POOL XML Catalogue (and were generated) for: mc.root
2025-08-27T03:43:56,982100Z dirac-jobexec/UserJobFinalization WARN: PoolXMLFile generated GUID(s) for the following files  mc.root
2025-08-27T03:43:57,521923Z dirac-jobexec/DIRAC.DataManagementSystem.Utilities.ResolveSE INFO: Resolving workflow output SE description Tier1-USER
2025-08-27T03:43:57,529142Z dirac-jobexec/DIRAC.DataManagementSystem.Utilities.ResolveSE INFO: Found eligible local SE ['GRIDKA-USER']
2025-08-27T03:43:57,529468Z dirac-jobexec/UserJobFinalization INFO: Ordered list of output SEs is: GRIDKA-USER, SARA-USER, CERN-USER, PIC-USER, RAL-USER, CNAF-USER, IN2P3-USER
2025-08-27T03:43:57,529570Z dirac-jobexec/UserJobFinalization INFO: Creating DISABLE_WATCHDOG_CPU_WALLCLOCK_CHECK in order to disable the Watchdog
2025-08-27T03:43:57,530157Z dirac-jobexec/UserJobFinalization INFO: Attempting to store mc.root to the following SE(s): GRIDKA-USER, SARA-USER, CERN-USER, PIC-USER, RAL-USER, CNAF-USER, IN2P3-USER
2025-08-27T03:43:57,530274Z dirac-jobexec/FailoverTransfer INFO: Attempting dm.putAndRegister ('/lhcb/user/a/afernez/2025_08/1164942/1164942841/mc.root','/tmp/1164942841/mc.root','GRIDKA-USER',guid='BA8B9DBA-8375-6B0F-AFE4-64EA678CBB31',catalog='None', checksum = '3ccbb1b4')
2025-08-27T03:44:00,433041Z dirac-jobexec/FailoverTransfer INFO: dm.putAndRegister successfully uploaded and registered mc.root to GRIDKA-USER
2025-08-27T03:44:00,767904Z dirac-jobexec/UserJobFinalization INFO: ===== Terminating 12.0.0a30 ===== 
