WARNING: Parsing of '.cfg' files as command line arguments is changing!
          Set the environment variable 'export DIRAC_NO_CFG=1' to pass the file as a positional
          argument (this will become the default).
          To modify the local configuration use '--cfg <configfile>' instead.
2025-08-26T23:30:59,242168Z dirac-jobexec INFO: JobID: 1164942818
2025-08-26T23:30:59,256446Z dirac-jobexec INFO: DIRAC JobID 1164942818 is running at site LCG.RAL.uk
Executing StepInstance RunScriptStep1 of type ScriptStep1 ['ScriptStep1']
2025-08-26T23:31:01,512669Z dirac-jobexec/CreateDataFile INFO: ===== Executing 12.0.0a30 ===== 
2025-08-26T23:31:01,513580Z dirac-jobexec INFO: Running in MultiProcessor is not allowed here
2025-08-26T23:31:01,513741Z dirac-jobexec/CreateDataFile INFO: Creating Ganga data file data.py from scratch
2025-08-26T23:31:01,860930Z dirac-jobexec/CreateDataFile INFO: Created Ganga data file data.py
2025-08-26T23:31:01,861331Z dirac-jobexec/CreateDataFile INFO: ===== Terminating 12.0.0a30 ===== 
2025-08-26T23:31:01,870377Z dirac-jobexec/LHCbScript INFO: Command is: /cvmfs/lhcb.cern.ch/lhcbdirac/versions/v12.0.0a30-1755085183/Linux-x86_64/bin/python3 jobScript/GaudiExec_afernez_Job_509.7_1c52fda8-fffc-48c0-a287-433c29024e7d_script.py
2025-08-27T04:10:35,375786Z dirac-jobexec/LHCbScript INFO: /cvmfs/lhcb.cern.ch/lhcbdirac/versions/v12.0.0a30-1755085183/Linux-x86_64/bin/python3 jobScript/GaudiExec_afernez_Job_509.7_1c52fda8-fffc-48c0-a287-433c29024e7d_script.py execution completed with status 0
2025-08-27T04:10:35,376389Z dirac-jobexec/LHCbScript INFO: Output written to Script1_Ganga_GaudiExec.log, execution complete.
2025-08-27T04:10:35,749934Z dirac-jobexec/LHCbScript INFO: GaudiExec successful
2025-08-27T04:10:35,756077Z dirac-jobexec/LHCbScript INFO: ===== Terminating <class 'LHCbDIRAC.Workflow.Modules.LHCbScript.LHCbScript'> ===== 
2025-08-27T04:10:35,923995Z dirac-jobexec/FileUsage INFO: ===== Executing 12.0.0a30 ===== 
2025-08-27T04:10:35,924467Z dirac-jobexec/FileUsage INFO: Popularity report =  {'/lhcb/MC/2016/D0TAUNU.SAFESTRIPTRIG.DST/00140810/0000/': 3}
2025-08-27T04:10:36,071141Z dirac-jobexec/FileUsage INFO: Reporting input file usage successful!
2025-08-27T04:10:36,071496Z dirac-jobexec/FileUsage INFO: ===== Terminating 12.0.0a30 ===== 
2025-08-27T04:10:36,078118Z dirac-jobexec/UserJobFinalization INFO: ===== Executing 12.0.0a30 ===== 
2025-08-27T04:10:36,078481Z dirac-jobexec/DIRAC.DataManagementSystem.Utilities.ResolveSE INFO: Resolving workflow output SE description Tier1-USER
2025-08-27T04:10:36,085539Z dirac-jobexec/DIRAC.DataManagementSystem.Utilities.ResolveSE INFO: Found SEs, local first: ['RAL-USER', 'GRIDKA-USER', 'CERN-USER', 'IN2P3-USER', 'CNAF-USER', 'SARA-USER', 'PIC-USER']
2025-08-27T04:10:36,085916Z dirac-jobexec/DIRAC.DataManagementSystem.Utilities.ResolveSE INFO: Resolving workflow output SE description Tier1-Failover
2025-08-27T04:10:36,089370Z dirac-jobexec/DIRAC.DataManagementSystem.Utilities.ResolveSE INFO: Found SEs, local first: ['RAL-FAILOVER', 'GRIDKA-FAILOVER', 'PIC-FAILOVER', 'IN2P3-FAILOVER', 'CERN-EOS-FAILOVER', 'SARA-FAILOVER', 'CNAF-FAILOVER']
2025-08-27T04:10:36,089949Z dirac-jobexec/UserJobFinalization INFO: User specified output file list is: *.root
2025-08-27T04:10:36,090792Z dirac-jobexec/UserJobFinalization INFO: Found a pattern in the output data file list,           extra files to upload are: mc.root
2025-08-27T04:10:36,090946Z dirac-jobexec/UserJobFinalization INFO: Final list of files to upload are: mc.root
2025-08-27T04:10:36,091224Z dirac-jobexec/UserJobFinalization INFO: Constructing user output LFN(s) for mc.root
2025-08-27T04:10:36,407370Z dirac-jobexec/ProductionData INFO: Created the following output data LFN(s):
/lhcb/user/a/afernez/2025_08/1164942/1164942818/mc.root
2025-08-27T04:10:36,408037Z dirac-jobexec/UserJobFinalization INFO: No outputDataFileMask provided, the files with all the extensions will be considered
2025-08-27T04:10:36,408102Z dirac-jobexec/UserJobFinalization INFO: No outputDataStep provided, the files output of all the steps will be considered
2025-08-27T04:10:36,408164Z dirac-jobexec/UserJobFinalization INFO: Will search for POOL GUIDs for: mc.root
2025-08-27T04:10:36,664620Z dirac-jobexec INFO: GUIDs not found from POOL XML Catalogue (and were generated) for: mc.root
2025-08-27T04:10:36,664927Z dirac-jobexec/UserJobFinalization WARN: PoolXMLFile generated GUID(s) for the following files  mc.root
2025-08-27T04:10:36,913915Z dirac-jobexec/DIRAC.DataManagementSystem.Utilities.ResolveSE INFO: Resolving workflow output SE description Tier1-USER
2025-08-27T04:10:36,917313Z dirac-jobexec/DIRAC.DataManagementSystem.Utilities.ResolveSE INFO: Found eligible local SE ['RAL-USER']
2025-08-27T04:10:36,917549Z dirac-jobexec/UserJobFinalization INFO: Ordered list of output SEs is: RAL-USER, CNAF-USER, PIC-USER, GRIDKA-USER, CERN-USER, SARA-USER, IN2P3-USER
2025-08-27T04:10:36,917615Z dirac-jobexec/UserJobFinalization INFO: Creating DISABLE_WATCHDOG_CPU_WALLCLOCK_CHECK in order to disable the Watchdog
2025-08-27T04:10:36,918082Z dirac-jobexec/UserJobFinalization INFO: Attempting to store mc.root to the following SE(s): RAL-USER, CNAF-USER, PIC-USER, GRIDKA-USER, CERN-USER, SARA-USER, IN2P3-USER
2025-08-27T04:10:36,918160Z dirac-jobexec/FailoverTransfer INFO: Attempting dm.putAndRegister ('/lhcb/user/a/afernez/2025_08/1164942/1164942818/mc.root','/tmp/1164942818/mc.root','RAL-USER',guid='F3FABD0E-99E7-1839-4E67-B2E91B44E171',catalog='None', checksum = '7d609f0f')
2025-08-27T04:10:50,581110Z dirac-jobexec/FailoverTransfer INFO: dm.putAndRegister successfully uploaded and registered mc.root to RAL-USER
2025-08-27T04:10:50,985448Z dirac-jobexec/UserJobFinalization INFO: ===== Terminating 12.0.0a30 ===== 
