WARNING: Parsing of '.cfg' files as command line arguments is changing!
          Set the environment variable 'export DIRAC_NO_CFG=1' to pass the file as a positional
          argument (this will become the default).
          To modify the local configuration use '--cfg <configfile>' instead.
2025-08-27T00:23:06,698490Z dirac-jobexec INFO: JobID: 1164943198
2025-08-27T00:23:06,706064Z dirac-jobexec INFO: DIRAC JobID 1164943198 is running at site LCG.SARA.nl
Executing StepInstance RunScriptStep1 of type ScriptStep1 ['ScriptStep1']
2025-08-27T00:23:08,442195Z dirac-jobexec/CreateDataFile INFO: ===== Executing 12.0.0a30 ===== 
2025-08-27T00:23:08,443583Z dirac-jobexec INFO: Running in MultiProcessor is not allowed here
2025-08-27T00:23:08,443933Z dirac-jobexec/CreateDataFile INFO: Creating Ganga data file data.py from scratch
2025-08-27T00:23:08,819665Z dirac-jobexec/CreateDataFile INFO: Created Ganga data file data.py
2025-08-27T00:23:08,820078Z dirac-jobexec/CreateDataFile INFO: ===== Terminating 12.0.0a30 ===== 
2025-08-27T00:23:08,825357Z dirac-jobexec/LHCbScript INFO: Command is: /cvmfs/lhcb.cern.ch/lhcbdirac/versions/v12.0.0a30-1755085183/Linux-x86_64/bin/python3 jobScript/GaudiExec_afernez_Job_522.9_8ef90270-7c26-46b5-bdf6-1c75313126db_script.py
2025-08-27T03:15:12,805845Z dirac-jobexec/LHCbScript INFO: /cvmfs/lhcb.cern.ch/lhcbdirac/versions/v12.0.0a30-1755085183/Linux-x86_64/bin/python3 jobScript/GaudiExec_afernez_Job_522.9_8ef90270-7c26-46b5-bdf6-1c75313126db_script.py execution completed with status 0
2025-08-27T03:15:12,807043Z dirac-jobexec/LHCbScript INFO: Output written to Script1_Ganga_GaudiExec.log, execution complete.
2025-08-27T03:15:13,092054Z dirac-jobexec/LHCbScript INFO: GaudiExec successful
2025-08-27T03:15:13,092982Z dirac-jobexec/LHCbScript INFO: ===== Terminating <class 'LHCbDIRAC.Workflow.Modules.LHCbScript.LHCbScript'> ===== 
2025-08-27T03:15:13,101736Z dirac-jobexec/FileUsage INFO: ===== Executing 12.0.0a30 ===== 
2025-08-27T03:15:13,102490Z dirac-jobexec/FileUsage INFO: Popularity report =  {'/lhcb/MC/2016/D0TAUNU.SAFESTRIPTRIG.DST/00202746/0000/': 3}
2025-08-27T03:15:13,315220Z dirac-jobexec/FileUsage INFO: Reporting input file usage successful!
2025-08-27T03:15:13,316117Z dirac-jobexec/FileUsage INFO: ===== Terminating 12.0.0a30 ===== 
2025-08-27T03:15:13,322518Z dirac-jobexec/UserJobFinalization INFO: ===== Executing 12.0.0a30 ===== 
2025-08-27T03:15:13,323037Z dirac-jobexec/DIRAC.DataManagementSystem.Utilities.ResolveSE INFO: Resolving workflow output SE description Tier1-USER
2025-08-27T03:15:13,331617Z dirac-jobexec/DIRAC.DataManagementSystem.Utilities.ResolveSE INFO: Found SEs, local first: ['SARA-USER', 'CNAF-USER', 'GRIDKA-USER', 'RAL-USER', 'CERN-USER', 'IN2P3-USER', 'PIC-USER']
2025-08-27T03:15:13,332080Z dirac-jobexec/DIRAC.DataManagementSystem.Utilities.ResolveSE INFO: Resolving workflow output SE description Tier1-Failover
2025-08-27T03:15:13,335058Z dirac-jobexec/DIRAC.DataManagementSystem.Utilities.ResolveSE INFO: Found SEs, local first: ['SARA-FAILOVER', 'GRIDKA-FAILOVER', 'RAL-FAILOVER', 'PIC-FAILOVER', 'CNAF-FAILOVER', 'IN2P3-FAILOVER', 'CERN-EOS-FAILOVER']
2025-08-27T03:15:13,335545Z dirac-jobexec/UserJobFinalization INFO: User specified output file list is: *.root
2025-08-27T03:15:13,336128Z dirac-jobexec/UserJobFinalization INFO: Found a pattern in the output data file list,           extra files to upload are: mc.root
2025-08-27T03:15:13,336389Z dirac-jobexec/UserJobFinalization INFO: Final list of files to upload are: mc.root
2025-08-27T03:15:13,336530Z dirac-jobexec/UserJobFinalization INFO: Constructing user output LFN(s) for mc.root
2025-08-27T03:15:13,745443Z dirac-jobexec/ProductionData INFO: Created the following output data LFN(s):
/lhcb/user/a/afernez/2025_08/1164943/1164943198/mc.root
2025-08-27T03:15:13,745824Z dirac-jobexec/UserJobFinalization INFO: No outputDataFileMask provided, the files with all the extensions will be considered
2025-08-27T03:15:13,745889Z dirac-jobexec/UserJobFinalization INFO: No outputDataStep provided, the files output of all the steps will be considered
2025-08-27T03:15:13,746312Z dirac-jobexec/UserJobFinalization INFO: Will search for POOL GUIDs for: mc.root
2025-08-27T03:15:13,991395Z dirac-jobexec INFO: GUIDs not found from POOL XML Catalogue (and were generated) for: mc.root
2025-08-27T03:15:13,991866Z dirac-jobexec/UserJobFinalization WARN: PoolXMLFile generated GUID(s) for the following files  mc.root
2025-08-27T03:15:14,168201Z dirac-jobexec/DIRAC.DataManagementSystem.Utilities.ResolveSE INFO: Resolving workflow output SE description Tier1-USER
2025-08-27T03:15:14,173058Z dirac-jobexec/DIRAC.DataManagementSystem.Utilities.ResolveSE INFO: Found eligible local SE ['SARA-USER']
2025-08-27T03:15:14,173552Z dirac-jobexec/UserJobFinalization INFO: Ordered list of output SEs is: SARA-USER, CNAF-USER, IN2P3-USER, CERN-USER, RAL-USER, PIC-USER, GRIDKA-USER
2025-08-27T03:15:14,173729Z dirac-jobexec/UserJobFinalization INFO: Creating DISABLE_WATCHDOG_CPU_WALLCLOCK_CHECK in order to disable the Watchdog
2025-08-27T03:15:14,174428Z dirac-jobexec/UserJobFinalization INFO: Attempting to store mc.root to the following SE(s): SARA-USER, CNAF-USER, IN2P3-USER, CERN-USER, RAL-USER, PIC-USER, GRIDKA-USER
2025-08-27T03:15:14,174628Z dirac-jobexec/FailoverTransfer INFO: Attempting dm.putAndRegister ('/lhcb/user/a/afernez/2025_08/1164943/1164943198/mc.root','/tmp/1164943198/mc.root','SARA-USER',guid='DEBE9EFD-B85C-D316-3567-A43545B28405',catalog='None', checksum = '4f81b5f1')
2025-08-27T03:15:17,450302Z dirac-jobexec/FailoverTransfer INFO: dm.putAndRegister successfully uploaded and registered mc.root to SARA-USER
2025-08-27T03:15:17,878589Z dirac-jobexec/UserJobFinalization INFO: ===== Terminating 12.0.0a30 ===== 
