WARNING: Parsing of '.cfg' files as command line arguments is changing!
          Set the environment variable 'export DIRAC_NO_CFG=1' to pass the file as a positional
          argument (this will become the default).
          To modify the local configuration use '--cfg <configfile>' instead.
2025-08-26T23:01:20,402663Z dirac-jobexec INFO: JobID: 1164942491
2025-08-26T23:01:20,411319Z dirac-jobexec INFO: DIRAC JobID 1164942491 is running at site LCG.PIC.es
Executing StepInstance RunScriptStep1 of type ScriptStep1 ['ScriptStep1']
2025-08-26T23:01:23,660857Z dirac-jobexec/CreateDataFile INFO: ===== Executing 12.0.0a30 ===== 
2025-08-26T23:01:23,661905Z dirac-jobexec INFO: Running in MultiProcessor is not allowed here
2025-08-26T23:01:23,662064Z dirac-jobexec/CreateDataFile INFO: Creating Ganga data file data.py from scratch
2025-08-26T23:01:24,187252Z dirac-jobexec/CreateDataFile INFO: Created Ganga data file data.py
2025-08-26T23:01:24,187505Z dirac-jobexec/CreateDataFile INFO: ===== Terminating 12.0.0a30 ===== 
2025-08-26T23:01:24,194521Z dirac-jobexec/LHCbScript INFO: Command is: /cvmfs/lhcb.cern.ch/lhcbdirac/versions/v12.0.0a30-1755085183/Linux-x86_64/bin/python3 jobScript/GaudiExec_afernez_Job_488.4_ab4ff3ff-8b00-461c-a807-cd96b5d95d98_script.py
2025-08-27T02:17:33,879981Z dirac-jobexec/LHCbScript INFO: /cvmfs/lhcb.cern.ch/lhcbdirac/versions/v12.0.0a30-1755085183/Linux-x86_64/bin/python3 jobScript/GaudiExec_afernez_Job_488.4_ab4ff3ff-8b00-461c-a807-cd96b5d95d98_script.py execution completed with status 0
2025-08-27T02:17:33,882425Z dirac-jobexec/LHCbScript INFO: Output written to Script1_Ganga_GaudiExec.log, execution complete.
2025-08-27T02:17:34,530174Z dirac-jobexec/LHCbScript INFO: GaudiExec successful
2025-08-27T02:17:34,531129Z dirac-jobexec/LHCbScript INFO: ===== Terminating <class 'LHCbDIRAC.Workflow.Modules.LHCbScript.LHCbScript'> ===== 
2025-08-27T02:17:34,542846Z dirac-jobexec/FileUsage INFO: ===== Executing 12.0.0a30 ===== 
2025-08-27T02:17:34,543725Z dirac-jobexec/FileUsage INFO: Popularity report =  {'/lhcb/MC/2016/D0TAUNU.SAFESTRIPTRIG.DST/00140858/0000/': 2}
2025-08-27T02:17:34,920457Z dirac-jobexec/FileUsage INFO: Reporting input file usage successful!
2025-08-27T02:17:34,921183Z dirac-jobexec/FileUsage INFO: ===== Terminating 12.0.0a30 ===== 
2025-08-27T02:17:34,927343Z dirac-jobexec/UserJobFinalization INFO: ===== Executing 12.0.0a30 ===== 
2025-08-27T02:17:34,927836Z dirac-jobexec/DIRAC.DataManagementSystem.Utilities.ResolveSE INFO: Resolving workflow output SE description Tier1-USER
2025-08-27T02:17:34,934947Z dirac-jobexec/DIRAC.DataManagementSystem.Utilities.ResolveSE INFO: Found SEs, local first: ['PIC-USER', 'CNAF-USER', 'IN2P3-USER', 'RAL-USER', 'CERN-USER', 'SARA-USER', 'GRIDKA-USER']
2025-08-27T02:17:34,935265Z dirac-jobexec/DIRAC.DataManagementSystem.Utilities.ResolveSE INFO: Resolving workflow output SE description Tier1-Failover
2025-08-27T02:17:34,938919Z dirac-jobexec/DIRAC.DataManagementSystem.Utilities.ResolveSE INFO: Found SEs, local first: ['PIC-FAILOVER', 'SARA-FAILOVER', 'RAL-FAILOVER', 'CNAF-FAILOVER', 'GRIDKA-FAILOVER', 'CERN-EOS-FAILOVER', 'IN2P3-FAILOVER']
2025-08-27T02:17:34,939409Z dirac-jobexec/UserJobFinalization INFO: User specified output file list is: *.root
2025-08-27T02:17:34,940371Z dirac-jobexec/UserJobFinalization INFO: Found a pattern in the output data file list,           extra files to upload are: mc.root
2025-08-27T02:17:34,940624Z dirac-jobexec/UserJobFinalization INFO: Final list of files to upload are: mc.root
2025-08-27T02:17:34,940874Z dirac-jobexec/UserJobFinalization INFO: Constructing user output LFN(s) for mc.root
2025-08-27T02:17:35,249022Z dirac-jobexec/ProductionData INFO: Created the following output data LFN(s):
/lhcb/user/a/afernez/2025_08/1164942/1164942491/mc.root
2025-08-27T02:17:35,249770Z dirac-jobexec/UserJobFinalization INFO: No outputDataFileMask provided, the files with all the extensions will be considered
2025-08-27T02:17:35,250049Z dirac-jobexec/UserJobFinalization INFO: No outputDataStep provided, the files output of all the steps will be considered
2025-08-27T02:17:35,250336Z dirac-jobexec/UserJobFinalization INFO: Will search for POOL GUIDs for: mc.root
2025-08-27T02:17:35,483030Z dirac-jobexec INFO: GUIDs not found from POOL XML Catalogue (and were generated) for: mc.root
2025-08-27T02:17:35,483661Z dirac-jobexec/UserJobFinalization WARN: PoolXMLFile generated GUID(s) for the following files  mc.root
2025-08-27T02:17:35,692334Z dirac-jobexec/DIRAC.DataManagementSystem.Utilities.ResolveSE INFO: Resolving workflow output SE description Tier1-USER
2025-08-27T02:17:35,696866Z dirac-jobexec/DIRAC.DataManagementSystem.Utilities.ResolveSE INFO: Found eligible local SE ['PIC-USER']
2025-08-27T02:17:35,697220Z dirac-jobexec/UserJobFinalization INFO: Ordered list of output SEs is: PIC-USER, IN2P3-USER, GRIDKA-USER, CERN-USER, CNAF-USER, RAL-USER, SARA-USER
2025-08-27T02:17:35,697485Z dirac-jobexec/UserJobFinalization INFO: Creating DISABLE_WATCHDOG_CPU_WALLCLOCK_CHECK in order to disable the Watchdog
2025-08-27T02:17:35,698087Z dirac-jobexec/UserJobFinalization INFO: Attempting to store mc.root to the following SE(s): PIC-USER, IN2P3-USER, GRIDKA-USER, CERN-USER, CNAF-USER, RAL-USER, SARA-USER
2025-08-27T02:17:35,698360Z dirac-jobexec/FailoverTransfer INFO: Attempting dm.putAndRegister ('/lhcb/user/a/afernez/2025_08/1164942/1164942491/mc.root','/tmp/1164942491/mc.root','PIC-USER',guid='DB867DD3-1CF4-C2DE-9532-ADA2BA5F1AFE',catalog='None', checksum = 'b489aaca')
2025-08-27T02:17:41,310464Z dirac-jobexec/FailoverTransfer INFO: dm.putAndRegister successfully uploaded and registered mc.root to PIC-USER
2025-08-27T02:17:41,891017Z dirac-jobexec/UserJobFinalization INFO: ===== Terminating 12.0.0a30 ===== 
