WARNING: Parsing of '.cfg' files as command line arguments is changing!
          Set the environment variable 'export DIRAC_NO_CFG=1' to pass the file as a positional
          argument (this will become the default).
          To modify the local configuration use '--cfg <configfile>' instead.
2025-08-26T23:42:19,517205Z dirac-jobexec INFO: JobID: 1164942892
2025-08-26T23:42:19,526361Z dirac-jobexec INFO: DIRAC JobID 1164942892 is running at site LCG.RAL.uk
Executing StepInstance RunScriptStep1 of type ScriptStep1 ['ScriptStep1']
2025-08-26T23:42:21,917714Z dirac-jobexec/CreateDataFile INFO: ===== Executing 12.0.0a30 ===== 
2025-08-26T23:42:21,919276Z dirac-jobexec INFO: Running in MultiProcessor is not allowed here
2025-08-26T23:42:21,919474Z dirac-jobexec/CreateDataFile INFO: Creating Ganga data file data.py from scratch
2025-08-26T23:42:22,227565Z dirac-jobexec/CreateDataFile INFO: Created Ganga data file data.py
2025-08-26T23:42:22,227810Z dirac-jobexec/CreateDataFile INFO: ===== Terminating 12.0.0a30 ===== 
2025-08-26T23:42:22,234725Z dirac-jobexec/LHCbScript INFO: Command is: /cvmfs/lhcb.cern.ch/lhcbdirac/versions/v12.0.0a30-1755085183/Linux-x86_64/bin/python3 jobScript/GaudiExec_afernez_Job_512.10_b901b1bf-bdd4-40f9-ba7a-3d1893ed79cf_script.py
2025-08-26T23:48:01,100597Z dirac-jobexec/LHCbScript INFO: /cvmfs/lhcb.cern.ch/lhcbdirac/versions/v12.0.0a30-1755085183/Linux-x86_64/bin/python3 jobScript/GaudiExec_afernez_Job_512.10_b901b1bf-bdd4-40f9-ba7a-3d1893ed79cf_script.py execution completed with status 0
2025-08-26T23:48:01,106893Z dirac-jobexec/LHCbScript INFO: Output written to Script1_Ganga_GaudiExec.log, execution complete.
2025-08-26T23:48:01,415518Z dirac-jobexec/LHCbScript INFO: GaudiExec successful
2025-08-26T23:48:01,416250Z dirac-jobexec/LHCbScript INFO: ===== Terminating <class 'LHCbDIRAC.Workflow.Modules.LHCbScript.LHCbScript'> ===== 
2025-08-26T23:48:01,456676Z dirac-jobexec/FileUsage INFO: ===== Executing 12.0.0a30 ===== 
2025-08-26T23:48:01,457439Z dirac-jobexec/FileUsage INFO: Popularity report =  {'/lhcb/MC/2016/D0TAUNU.SAFESTRIPTRIG.DST/00140831/0000/': 1}
2025-08-26T23:48:01,625912Z dirac-jobexec/FileUsage INFO: Reporting input file usage successful!
2025-08-26T23:48:01,626264Z dirac-jobexec/FileUsage INFO: ===== Terminating 12.0.0a30 ===== 
2025-08-26T23:48:01,642799Z dirac-jobexec/UserJobFinalization INFO: ===== Executing 12.0.0a30 ===== 
2025-08-26T23:48:01,646280Z dirac-jobexec/DIRAC.DataManagementSystem.Utilities.ResolveSE INFO: Resolving workflow output SE description Tier1-USER
2025-08-26T23:48:01,668592Z dirac-jobexec/DIRAC.DataManagementSystem.Utilities.ResolveSE INFO: Found SEs, local first: ['RAL-USER', 'GRIDKA-USER', 'CNAF-USER', 'CERN-USER', 'PIC-USER', 'IN2P3-USER', 'SARA-USER']
2025-08-26T23:48:01,668875Z dirac-jobexec/DIRAC.DataManagementSystem.Utilities.ResolveSE INFO: Resolving workflow output SE description Tier1-Failover
2025-08-26T23:48:01,679383Z dirac-jobexec/DIRAC.DataManagementSystem.Utilities.ResolveSE INFO: Found SEs, local first: ['RAL-FAILOVER', 'CERN-EOS-FAILOVER', 'GRIDKA-FAILOVER', 'PIC-FAILOVER', 'SARA-FAILOVER', 'CNAF-FAILOVER', 'IN2P3-FAILOVER']
2025-08-26T23:48:01,680013Z dirac-jobexec/UserJobFinalization INFO: User specified output file list is: *.root
2025-08-26T23:48:01,684190Z dirac-jobexec/UserJobFinalization INFO: Found a pattern in the output data file list,           extra files to upload are: mc.root
2025-08-26T23:48:01,684485Z dirac-jobexec/UserJobFinalization INFO: Final list of files to upload are: mc.root
2025-08-26T23:48:01,684577Z dirac-jobexec/UserJobFinalization INFO: Constructing user output LFN(s) for mc.root
2025-08-26T23:48:01,889678Z dirac-jobexec/ProductionData INFO: Created the following output data LFN(s):
/lhcb/user/a/afernez/2025_08/1164942/1164942892/mc.root
2025-08-26T23:48:01,890563Z dirac-jobexec/UserJobFinalization INFO: No outputDataFileMask provided, the files with all the extensions will be considered
2025-08-26T23:48:01,890954Z dirac-jobexec/UserJobFinalization INFO: No outputDataStep provided, the files output of all the steps will be considered
2025-08-26T23:48:01,891091Z dirac-jobexec/UserJobFinalization INFO: Will search for POOL GUIDs for: mc.root
2025-08-26T23:48:02,176301Z dirac-jobexec INFO: GUIDs not found from POOL XML Catalogue (and were generated) for: mc.root
2025-08-26T23:48:02,176705Z dirac-jobexec/UserJobFinalization WARN: PoolXMLFile generated GUID(s) for the following files  mc.root
2025-08-26T23:48:02,184865Z dirac-jobexec/DIRAC.DataManagementSystem.Utilities.ResolveSE INFO: Resolving workflow output SE description Tier1-USER
2025-08-26T23:48:02,190769Z dirac-jobexec/DIRAC.DataManagementSystem.Utilities.ResolveSE INFO: Found eligible local SE ['RAL-USER']
2025-08-26T23:48:02,191156Z dirac-jobexec/UserJobFinalization INFO: Ordered list of output SEs is: RAL-USER, PIC-USER, GRIDKA-USER, CNAF-USER, SARA-USER, CERN-USER, IN2P3-USER
2025-08-26T23:48:02,191273Z dirac-jobexec/UserJobFinalization INFO: Creating DISABLE_WATCHDOG_CPU_WALLCLOCK_CHECK in order to disable the Watchdog
2025-08-26T23:48:02,191760Z dirac-jobexec/UserJobFinalization INFO: Attempting to store mc.root to the following SE(s): RAL-USER, PIC-USER, GRIDKA-USER, CNAF-USER, SARA-USER, CERN-USER, IN2P3-USER
2025-08-26T23:48:02,192117Z dirac-jobexec/FailoverTransfer INFO: Attempting dm.putAndRegister ('/lhcb/user/a/afernez/2025_08/1164942/1164942892/mc.root','/tmp/1164942892/mc.root','RAL-USER',guid='8C9BD4C1-2077-E847-1790-E761E27256F9',catalog='None', checksum = '585bb2c4')
2025-08-26T23:48:05,279288Z dirac-jobexec/FailoverTransfer INFO: dm.putAndRegister successfully uploaded and registered mc.root to RAL-USER
2025-08-26T23:48:05,779801Z dirac-jobexec/UserJobFinalization INFO: ===== Terminating 12.0.0a30 ===== 
