WARNING: Parsing of '.cfg' files as command line arguments is changing!
          Set the environment variable 'export DIRAC_NO_CFG=1' to pass the file as a positional
          argument (this will become the default).
          To modify the local configuration use '--cfg <configfile>' instead.
2025-08-27T03:09:36,242027Z dirac-jobexec INFO: JobID: 1164942781
2025-08-27T03:09:36,250025Z dirac-jobexec INFO: DIRAC JobID 1164942781 is running at site LCG.UKI-LT2-IC-HEP.uk
Executing StepInstance RunScriptStep1 of type ScriptStep1 ['ScriptStep1']
2025-08-27T03:09:38,030923Z dirac-jobexec/CreateDataFile INFO: ===== Executing 12.0.0a30 ===== 
2025-08-27T03:09:38,032905Z dirac-jobexec INFO: Running in MultiProcessor is not allowed here
2025-08-27T03:09:38,033266Z dirac-jobexec/CreateDataFile INFO: Creating Ganga data file data.py from scratch
2025-08-27T03:09:38,352073Z dirac-jobexec/CreateDataFile INFO: Created Ganga data file data.py
2025-08-27T03:09:38,352594Z dirac-jobexec/CreateDataFile INFO: ===== Terminating 12.0.0a30 ===== 
2025-08-27T03:09:38,358371Z dirac-jobexec/LHCbScript INFO: Command is: /cvmfs/lhcb.cern.ch/lhcbdirac/versions/v12.0.0a30-1755085183/Linux-x86_64/bin/python3 jobScript/GaudiExec_afernez_Job_504.14_7d1fc639-e1d7-4824-a878-0f96a5b07652_script.py
2025-08-27T04:35:28,462875Z dirac-jobexec/LHCbScript INFO: /cvmfs/lhcb.cern.ch/lhcbdirac/versions/v12.0.0a30-1755085183/Linux-x86_64/bin/python3 jobScript/GaudiExec_afernez_Job_504.14_7d1fc639-e1d7-4824-a878-0f96a5b07652_script.py execution completed with status 0
2025-08-27T04:35:28,466210Z dirac-jobexec/LHCbScript INFO: Output written to Script1_Ganga_GaudiExec.log, execution complete.
2025-08-27T04:35:28,821974Z dirac-jobexec/LHCbScript INFO: GaudiExec successful
2025-08-27T04:35:28,822713Z dirac-jobexec/LHCbScript INFO: ===== Terminating <class 'LHCbDIRAC.Workflow.Modules.LHCbScript.LHCbScript'> ===== 
2025-08-27T04:35:28,831879Z dirac-jobexec/FileUsage INFO: ===== Executing 12.0.0a30 ===== 
2025-08-27T04:35:28,832762Z dirac-jobexec/FileUsage INFO: Popularity report =  {'/lhcb/MC/2016/D0TAUNU.SAFESTRIPTRIG.DST/00140792/0000/': 1}
2025-08-27T04:35:28,974925Z dirac-jobexec/FileUsage INFO: Reporting input file usage successful!
2025-08-27T04:35:28,975504Z dirac-jobexec/FileUsage INFO: ===== Terminating 12.0.0a30 ===== 
2025-08-27T04:35:28,981662Z dirac-jobexec/UserJobFinalization INFO: ===== Executing 12.0.0a30 ===== 
2025-08-27T04:35:28,982122Z dirac-jobexec/DIRAC.DataManagementSystem.Utilities.ResolveSE INFO: Resolving workflow output SE description Tier1-USER
2025-08-27T04:35:28,990320Z dirac-jobexec/DIRAC.DataManagementSystem.Utilities.ResolveSE INFO: Found SEs, local first: ['CNAF-USER', 'CERN-USER', 'SARA-USER', 'IN2P3-USER', 'RAL-USER', 'GRIDKA-USER', 'PIC-USER']
2025-08-27T04:35:28,990724Z dirac-jobexec/DIRAC.DataManagementSystem.Utilities.ResolveSE INFO: Resolving workflow output SE description Tier1-Failover
2025-08-27T04:35:28,994138Z dirac-jobexec/DIRAC.DataManagementSystem.Utilities.ResolveSE INFO: Found SEs, local first: ['PIC-FAILOVER', 'SARA-FAILOVER', 'RAL-FAILOVER', 'IN2P3-FAILOVER', 'CNAF-FAILOVER', 'CERN-EOS-FAILOVER', 'GRIDKA-FAILOVER']
2025-08-27T04:35:28,994646Z dirac-jobexec/UserJobFinalization INFO: User specified output file list is: *.root
2025-08-27T04:35:28,995302Z dirac-jobexec/UserJobFinalization INFO: Found a pattern in the output data file list,           extra files to upload are: mc.root
2025-08-27T04:35:28,995543Z dirac-jobexec/UserJobFinalization INFO: Final list of files to upload are: mc.root
2025-08-27T04:35:28,995766Z dirac-jobexec/UserJobFinalization INFO: Constructing user output LFN(s) for mc.root
2025-08-27T04:35:29,174669Z dirac-jobexec/ProductionData INFO: Created the following output data LFN(s):
/lhcb/user/a/afernez/2025_08/1164942/1164942781/mc.root
2025-08-27T04:35:29,175301Z dirac-jobexec/UserJobFinalization INFO: No outputDataFileMask provided, the files with all the extensions will be considered
2025-08-27T04:35:29,175556Z dirac-jobexec/UserJobFinalization INFO: No outputDataStep provided, the files output of all the steps will be considered
2025-08-27T04:35:29,175817Z dirac-jobexec/UserJobFinalization INFO: Will search for POOL GUIDs for: mc.root
2025-08-27T04:35:29,246961Z dirac-jobexec INFO: GUIDs not found from POOL XML Catalogue (and were generated) for: mc.root
2025-08-27T04:35:29,247496Z dirac-jobexec/UserJobFinalization WARN: PoolXMLFile generated GUID(s) for the following files  mc.root
2025-08-27T04:35:29,345446Z dirac-jobexec/DIRAC.DataManagementSystem.Utilities.ResolveSE INFO: Resolving workflow output SE description Tier1-USER
2025-08-27T04:35:29,349687Z dirac-jobexec/DIRAC.DataManagementSystem.Utilities.ResolveSE INFO: Found associated SEs ['CERN-USER'] in /Resources/Countries/cern/AssociatedSEs/Tier1-USER
2025-08-27T04:35:29,350104Z dirac-jobexec/UserJobFinalization INFO: Ordered list of output SEs is: CERN-USER, CNAF-USER, GRIDKA-USER, SARA-USER, PIC-USER, RAL-USER, IN2P3-USER
2025-08-27T04:35:29,350381Z dirac-jobexec/UserJobFinalization INFO: Creating DISABLE_WATCHDOG_CPU_WALLCLOCK_CHECK in order to disable the Watchdog
2025-08-27T04:35:29,350939Z dirac-jobexec/UserJobFinalization INFO: Attempting to store mc.root to the following SE(s): CERN-USER, CNAF-USER, GRIDKA-USER, SARA-USER, PIC-USER, RAL-USER, IN2P3-USER
2025-08-27T04:35:29,351194Z dirac-jobexec/FailoverTransfer INFO: Attempting dm.putAndRegister ('/lhcb/user/a/afernez/2025_08/1164942/1164942781/mc.root','/tmp/1164942781/mc.root','CERN-USER',guid='EB444FEC-C8AA-D212-CE94-3DA0EBE6E93F',catalog='None', checksum = '01f04ca4')
2025-08-27T04:35:32,890765Z dirac-jobexec/FailoverTransfer INFO: dm.putAndRegister successfully uploaded and registered mc.root to CERN-USER
2025-08-27T04:35:33,228585Z dirac-jobexec/UserJobFinalization INFO: ===== Terminating 12.0.0a30 ===== 
