WARNING: Parsing of '.cfg' files as command line arguments is changing!
          Set the environment variable 'export DIRAC_NO_CFG=1' to pass the file as a positional
          argument (this will become the default).
          To modify the local configuration use '--cfg <configfile>' instead.
2025-08-27T05:11:33,688789Z dirac-jobexec INFO: JobID: 1164942618
2025-08-27T05:11:33,696268Z dirac-jobexec INFO: DIRAC JobID 1164942618 is running at site LCG.IN2P3.fr
Executing StepInstance RunScriptStep1 of type ScriptStep1 ['ScriptStep1']
2025-08-27T05:11:35,579119Z dirac-jobexec/CreateDataFile INFO: ===== Executing 12.0.0a30 ===== 
2025-08-27T05:11:35,579815Z dirac-jobexec INFO: Running in MultiProcessor is not allowed here
2025-08-27T05:11:35,579905Z dirac-jobexec/CreateDataFile INFO: Creating Ganga data file data.py from scratch
2025-08-27T05:11:35,740061Z dirac-jobexec/CreateDataFile INFO: Created Ganga data file data.py
2025-08-27T05:11:35,740249Z dirac-jobexec/CreateDataFile INFO: ===== Terminating 12.0.0a30 ===== 
2025-08-27T05:11:35,744929Z dirac-jobexec/LHCbScript INFO: Command is: /cvmfs/lhcb.cern.ch/lhcbdirac/versions/v12.0.0a30-1755085183/Linux-x86_64/bin/python3 jobScript/GaudiExec_afernez_Job_496.6_e3c5c5bd-4ba0-469b-bec5-679b83091e74_script.py
2025-08-27T08:50:42,759407Z dirac-jobexec/LHCbScript INFO: /cvmfs/lhcb.cern.ch/lhcbdirac/versions/v12.0.0a30-1755085183/Linux-x86_64/bin/python3 jobScript/GaudiExec_afernez_Job_496.6_e3c5c5bd-4ba0-469b-bec5-679b83091e74_script.py execution completed with status 0
2025-08-27T08:50:42,760918Z dirac-jobexec/LHCbScript INFO: Output written to Script1_Ganga_GaudiExec.log, execution complete.
2025-08-27T08:50:43,082896Z dirac-jobexec/LHCbScript INFO: GaudiExec successful
2025-08-27T08:50:43,088670Z dirac-jobexec/LHCbScript INFO: ===== Terminating <class 'LHCbDIRAC.Workflow.Modules.LHCbScript.LHCbScript'> ===== 
2025-08-27T08:50:43,138454Z dirac-jobexec/FileUsage INFO: ===== Executing 12.0.0a30 ===== 
2025-08-27T08:50:43,138845Z dirac-jobexec/FileUsage INFO: Popularity report =  {'/lhcb/MC/2016/D0TAUNU.SAFESTRIPTRIG.DST/00140846/0000/': 3}
2025-08-27T08:50:43,184793Z dirac-jobexec/FileUsage INFO: Reporting input file usage successful!
2025-08-27T08:50:43,185043Z dirac-jobexec/FileUsage INFO: ===== Terminating 12.0.0a30 ===== 
2025-08-27T08:50:43,189803Z dirac-jobexec/UserJobFinalization INFO: ===== Executing 12.0.0a30 ===== 
2025-08-27T08:50:43,189969Z dirac-jobexec/DIRAC.DataManagementSystem.Utilities.ResolveSE INFO: Resolving workflow output SE description Tier1-USER
2025-08-27T08:50:43,196041Z dirac-jobexec/DIRAC.DataManagementSystem.Utilities.ResolveSE INFO: Found SEs, local first: ['IN2P3-USER', 'PIC-USER', 'RAL-USER', 'SARA-USER', 'GRIDKA-USER', 'CNAF-USER', 'CERN-USER']
2025-08-27T08:50:43,196201Z dirac-jobexec/DIRAC.DataManagementSystem.Utilities.ResolveSE INFO: Resolving workflow output SE description Tier1-Failover
2025-08-27T08:50:43,198791Z dirac-jobexec/DIRAC.DataManagementSystem.Utilities.ResolveSE INFO: Found SEs, local first: ['IN2P3-FAILOVER', 'RAL-FAILOVER', 'PIC-FAILOVER', 'CERN-EOS-FAILOVER', 'CNAF-FAILOVER', 'SARA-FAILOVER', 'GRIDKA-FAILOVER']
2025-08-27T08:50:43,199032Z dirac-jobexec/UserJobFinalization INFO: User specified output file list is: *.root
2025-08-27T08:50:43,199522Z dirac-jobexec/UserJobFinalization INFO: Found a pattern in the output data file list,           extra files to upload are: mc.root
2025-08-27T08:50:43,199582Z dirac-jobexec/UserJobFinalization INFO: Final list of files to upload are: mc.root
2025-08-27T08:50:43,199646Z dirac-jobexec/UserJobFinalization INFO: Constructing user output LFN(s) for mc.root
2025-08-27T08:50:43,262555Z dirac-jobexec/ProductionData INFO: Created the following output data LFN(s):
/lhcb/user/a/afernez/2025_08/1164942/1164942618/mc.root
2025-08-27T08:50:43,262878Z dirac-jobexec/UserJobFinalization INFO: No outputDataFileMask provided, the files with all the extensions will be considered
2025-08-27T08:50:43,262940Z dirac-jobexec/UserJobFinalization INFO: No outputDataStep provided, the files output of all the steps will be considered
2025-08-27T08:50:43,263025Z dirac-jobexec/UserJobFinalization INFO: Will search for POOL GUIDs for: mc.root
2025-08-27T08:50:43,432975Z dirac-jobexec INFO: GUIDs not found from POOL XML Catalogue (and were generated) for: mc.root
2025-08-27T08:50:43,433232Z dirac-jobexec/UserJobFinalization WARN: PoolXMLFile generated GUID(s) for the following files  mc.root
2025-08-27T08:50:43,610225Z dirac-jobexec/DIRAC.DataManagementSystem.Utilities.ResolveSE INFO: Resolving workflow output SE description Tier1-USER
2025-08-27T08:50:43,613416Z dirac-jobexec/DIRAC.DataManagementSystem.Utilities.ResolveSE INFO: Found eligible local SE ['IN2P3-USER']
2025-08-27T08:50:43,613517Z dirac-jobexec/UserJobFinalization INFO: Ordered list of output SEs is: IN2P3-USER, CERN-USER, RAL-USER, CNAF-USER, GRIDKA-USER, PIC-USER, SARA-USER
2025-08-27T08:50:43,613582Z dirac-jobexec/UserJobFinalization INFO: Creating DISABLE_WATCHDOG_CPU_WALLCLOCK_CHECK in order to disable the Watchdog
2025-08-27T08:50:43,615004Z dirac-jobexec/UserJobFinalization INFO: Attempting to store mc.root to the following SE(s): IN2P3-USER, CERN-USER, RAL-USER, CNAF-USER, GRIDKA-USER, PIC-USER, SARA-USER
2025-08-27T08:50:43,615077Z dirac-jobexec/FailoverTransfer INFO: Attempting dm.putAndRegister ('/lhcb/user/a/afernez/2025_08/1164942/1164942618/mc.root','/tmp/1164942618/mc.root','IN2P3-USER',guid='53CFDC9A-F0F4-9A47-87D8-D6D698A56BD8',catalog='None', checksum = '5f13369b')
2025-08-27T08:50:46,764677Z dirac-jobexec/FailoverTransfer INFO: dm.putAndRegister successfully uploaded and registered mc.root to IN2P3-USER
2025-08-27T08:50:46,955918Z dirac-jobexec/UserJobFinalization INFO: ===== Terminating 12.0.0a30 ===== 
