WARNING: Parsing of '.cfg' files as command line arguments is changing!
          Set the environment variable 'export DIRAC_NO_CFG=1' to pass the file as a positional
          argument (this will become the default).
          To modify the local configuration use '--cfg <configfile>' instead.
2025-08-26T22:59:50,218930Z dirac-jobexec INFO: JobID: 1164942496
2025-08-26T22:59:50,288689Z dirac-jobexec INFO: DIRAC JobID 1164942496 is running at site LCG.CERN.cern
Executing StepInstance RunScriptStep1 of type ScriptStep1 ['ScriptStep1']
2025-08-26T22:59:55,638419Z dirac-jobexec/CreateDataFile INFO: ===== Executing 12.0.0a30 ===== 
2025-08-26T22:59:55,640719Z dirac-jobexec INFO: Running in MultiProcessor is not allowed here
2025-08-26T22:59:55,641032Z dirac-jobexec/CreateDataFile INFO: Creating Ganga data file data.py from scratch
2025-08-26T22:59:55,910768Z dirac-jobexec/CreateDataFile INFO: Created Ganga data file data.py
2025-08-26T22:59:55,911081Z dirac-jobexec/CreateDataFile INFO: ===== Terminating 12.0.0a30 ===== 
2025-08-26T22:59:55,928705Z dirac-jobexec/LHCbScript INFO: Command is: /cvmfs/lhcb.cern.ch/lhcbdirac/versions/v12.0.0a30-1755085183/Linux-x86_64/bin/python3 jobScript/GaudiExec_afernez_Job_488.9_ab4ff3ff-8b00-461c-a807-cd96b5d95d98_script.py
2025-08-27T04:47:58,291545Z dirac-jobexec/LHCbScript INFO: /cvmfs/lhcb.cern.ch/lhcbdirac/versions/v12.0.0a30-1755085183/Linux-x86_64/bin/python3 jobScript/GaudiExec_afernez_Job_488.9_ab4ff3ff-8b00-461c-a807-cd96b5d95d98_script.py execution completed with status 0
2025-08-27T04:47:58,292682Z dirac-jobexec/LHCbScript INFO: Output written to Script1_Ganga_GaudiExec.log, execution complete.
2025-08-27T04:47:58,607135Z dirac-jobexec/LHCbScript INFO: GaudiExec successful
2025-08-27T04:47:58,612993Z dirac-jobexec/LHCbScript INFO: ===== Terminating <class 'LHCbDIRAC.Workflow.Modules.LHCbScript.LHCbScript'> ===== 
2025-08-27T04:47:58,898668Z dirac-jobexec/FileUsage INFO: ===== Executing 12.0.0a30 ===== 
2025-08-27T04:47:58,899314Z dirac-jobexec/FileUsage INFO: Popularity report =  {'/lhcb/MC/2016/D0TAUNU.SAFESTRIPTRIG.DST/00140858/0000/': 3}
2025-08-27T04:47:58,978654Z dirac-jobexec/FileUsage INFO: Reporting input file usage successful!
2025-08-27T04:47:58,978945Z dirac-jobexec/FileUsage INFO: ===== Terminating 12.0.0a30 ===== 
2025-08-27T04:47:58,987973Z dirac-jobexec/UserJobFinalization INFO: ===== Executing 12.0.0a30 ===== 
2025-08-27T04:47:58,988287Z dirac-jobexec/DIRAC.DataManagementSystem.Utilities.ResolveSE INFO: Resolving workflow output SE description Tier1-USER
2025-08-27T04:47:58,998959Z dirac-jobexec/DIRAC.DataManagementSystem.Utilities.ResolveSE INFO: Found SEs, local first: ['CERN-USER', 'CNAF-USER', 'SARA-USER', 'RAL-USER', 'IN2P3-USER', 'GRIDKA-USER', 'PIC-USER']
2025-08-27T04:47:58,999191Z dirac-jobexec/DIRAC.DataManagementSystem.Utilities.ResolveSE INFO: Resolving workflow output SE description Tier1-Failover
2025-08-27T04:47:59,005663Z dirac-jobexec/DIRAC.DataManagementSystem.Utilities.ResolveSE INFO: Found SEs, local first: ['CERN-EOS-FAILOVER', 'PIC-FAILOVER', 'GRIDKA-FAILOVER', 'IN2P3-FAILOVER', 'CNAF-FAILOVER', 'SARA-FAILOVER', 'RAL-FAILOVER']
2025-08-27T04:47:59,006141Z dirac-jobexec/UserJobFinalization INFO: User specified output file list is: *.root
2025-08-27T04:47:59,006805Z dirac-jobexec/UserJobFinalization INFO: Found a pattern in the output data file list,           extra files to upload are: mc.root
2025-08-27T04:47:59,006933Z dirac-jobexec/UserJobFinalization INFO: Final list of files to upload are: mc.root
2025-08-27T04:47:59,007029Z dirac-jobexec/UserJobFinalization INFO: Constructing user output LFN(s) for mc.root
2025-08-27T04:47:59,107501Z dirac-jobexec/ProductionData INFO: Created the following output data LFN(s):
/lhcb/user/a/afernez/2025_08/1164942/1164942496/mc.root
2025-08-27T04:47:59,107908Z dirac-jobexec/UserJobFinalization INFO: No outputDataFileMask provided, the files with all the extensions will be considered
2025-08-27T04:47:59,108119Z dirac-jobexec/UserJobFinalization INFO: No outputDataStep provided, the files output of all the steps will be considered
2025-08-27T04:47:59,108240Z dirac-jobexec/UserJobFinalization INFO: Will search for POOL GUIDs for: mc.root
2025-08-27T04:47:59,362085Z dirac-jobexec INFO: GUIDs not found from POOL XML Catalogue (and were generated) for: mc.root
2025-08-27T04:47:59,362387Z dirac-jobexec/UserJobFinalization WARN: PoolXMLFile generated GUID(s) for the following files  mc.root
2025-08-27T04:47:59,840198Z dirac-jobexec/DIRAC.DataManagementSystem.Utilities.ResolveSE INFO: Resolving workflow output SE description Tier1-USER
2025-08-27T04:47:59,850247Z dirac-jobexec/DIRAC.DataManagementSystem.Utilities.ResolveSE INFO: Found eligible local SE ['CERN-USER']
2025-08-27T04:47:59,850531Z dirac-jobexec/UserJobFinalization INFO: Ordered list of output SEs is: CERN-USER, RAL-USER, PIC-USER, GRIDKA-USER, CNAF-USER, IN2P3-USER, SARA-USER
2025-08-27T04:47:59,850649Z dirac-jobexec/UserJobFinalization INFO: Creating DISABLE_WATCHDOG_CPU_WALLCLOCK_CHECK in order to disable the Watchdog
2025-08-27T04:47:59,852101Z dirac-jobexec/UserJobFinalization INFO: Attempting to store mc.root to the following SE(s): CERN-USER, RAL-USER, PIC-USER, GRIDKA-USER, CNAF-USER, IN2P3-USER, SARA-USER
2025-08-27T04:47:59,852295Z dirac-jobexec/FailoverTransfer INFO: Attempting dm.putAndRegister ('/lhcb/user/a/afernez/2025_08/1164942/1164942496/mc.root','/tmp/1164942496/mc.root','CERN-USER',guid='7EBA488E-AD5D-FC0A-55B8-CA5AF4CC41B9',catalog='None', checksum = '297dabf7')
2025-08-27T04:48:02,589057Z dirac-jobexec/FailoverTransfer INFO: dm.putAndRegister successfully uploaded and registered mc.root to CERN-USER
2025-08-27T04:48:02,739629Z dirac-jobexec/UserJobFinalization INFO: ===== Terminating 12.0.0a30 ===== 
