WARNING: Parsing of '.cfg' files as command line arguments is changing!
          Set the environment variable 'export DIRAC_NO_CFG=1' to pass the file as a positional
          argument (this will become the default).
          To modify the local configuration use '--cfg <configfile>' instead.
2025-08-27T00:07:47,394547Z dirac-jobexec INFO: JobID: 1164942705
2025-08-27T00:07:47,403428Z dirac-jobexec INFO: DIRAC JobID 1164942705 is running at site LCG.CERN.cern
Executing StepInstance RunScriptStep1 of type ScriptStep1 ['ScriptStep1']
2025-08-27T00:07:49,605113Z dirac-jobexec/CreateDataFile INFO: ===== Executing 12.0.0a30 ===== 
2025-08-27T00:07:49,606389Z dirac-jobexec INFO: Getting numberOfProcessors from /Resources/Computing/CEDefaults/NumberOfProcessors
2025-08-27T00:07:49,606596Z dirac-jobexec/CreateDataFile INFO: Creating Ganga data file data.py from scratch
2025-08-27T00:07:49,785789Z dirac-jobexec/CreateDataFile INFO: Created Ganga data file data.py
2025-08-27T00:07:49,786042Z dirac-jobexec/CreateDataFile INFO: ===== Terminating 12.0.0a30 ===== 
2025-08-27T00:07:49,794973Z dirac-jobexec/LHCbScript INFO: Command is: /cvmfs/lhcb.cern.ch/lhcbdirac/versions/v12.0.0a30-1755085183/Linux-x86_64/bin/python3 jobScript/GaudiExec_afernez_Job_501.9_c4b7d374-3967-41ba-bc35-1901373c3880_script.py
2025-08-27T05:04:14,805660Z dirac-jobexec/LHCbScript INFO: /cvmfs/lhcb.cern.ch/lhcbdirac/versions/v12.0.0a30-1755085183/Linux-x86_64/bin/python3 jobScript/GaudiExec_afernez_Job_501.9_c4b7d374-3967-41ba-bc35-1901373c3880_script.py execution completed with status 0
2025-08-27T05:04:14,806479Z dirac-jobexec/LHCbScript INFO: Output written to Script1_Ganga_GaudiExec.log, execution complete.
2025-08-27T05:04:15,103974Z dirac-jobexec/LHCbScript INFO: GaudiExec successful
2025-08-27T05:04:15,109881Z dirac-jobexec/LHCbScript INFO: ===== Terminating <class 'LHCbDIRAC.Workflow.Modules.LHCbScript.LHCbScript'> ===== 
2025-08-27T05:04:15,319062Z dirac-jobexec/FileUsage INFO: ===== Executing 12.0.0a30 ===== 
2025-08-27T05:04:15,319707Z dirac-jobexec/FileUsage INFO: Popularity report =  {'/lhcb/MC/2016/D0TAUNU.SAFESTRIPTRIG.DST/00140813/0000/': 3}
2025-08-27T05:04:15,467216Z dirac-jobexec/FileUsage INFO: Reporting input file usage successful!
2025-08-27T05:04:15,467621Z dirac-jobexec/FileUsage INFO: ===== Terminating 12.0.0a30 ===== 
2025-08-27T05:04:15,475621Z dirac-jobexec/UserJobFinalization INFO: ===== Executing 12.0.0a30 ===== 
2025-08-27T05:04:15,475882Z dirac-jobexec/DIRAC.DataManagementSystem.Utilities.ResolveSE INFO: Resolving workflow output SE description Tier1-USER
2025-08-27T05:04:15,484673Z dirac-jobexec/DIRAC.DataManagementSystem.Utilities.ResolveSE INFO: Found SEs, local first: ['CERN-USER', 'GRIDKA-USER', 'CNAF-USER', 'SARA-USER', 'IN2P3-USER', 'RAL-USER', 'PIC-USER']
2025-08-27T05:04:15,484870Z dirac-jobexec/DIRAC.DataManagementSystem.Utilities.ResolveSE INFO: Resolving workflow output SE description Tier1-Failover
2025-08-27T05:04:15,490269Z dirac-jobexec/DIRAC.DataManagementSystem.Utilities.ResolveSE INFO: Found SEs, local first: ['CERN-EOS-FAILOVER', 'CNAF-FAILOVER', 'GRIDKA-FAILOVER', 'SARA-FAILOVER', 'IN2P3-FAILOVER', 'RAL-FAILOVER', 'PIC-FAILOVER']
2025-08-27T05:04:15,490740Z dirac-jobexec/UserJobFinalization INFO: User specified output file list is: *.root
2025-08-27T05:04:15,491715Z dirac-jobexec/UserJobFinalization INFO: Found a pattern in the output data file list,           extra files to upload are: mc.root
2025-08-27T05:04:15,491846Z dirac-jobexec/UserJobFinalization INFO: Final list of files to upload are: mc.root
2025-08-27T05:04:15,491918Z dirac-jobexec/UserJobFinalization INFO: Constructing user output LFN(s) for mc.root
2025-08-27T05:04:15,637703Z dirac-jobexec/ProductionData INFO: Created the following output data LFN(s):
/lhcb/user/a/afernez/2025_08/1164942/1164942705/mc.root
2025-08-27T05:04:15,638187Z dirac-jobexec/UserJobFinalization INFO: No outputDataFileMask provided, the files with all the extensions will be considered
2025-08-27T05:04:15,638325Z dirac-jobexec/UserJobFinalization INFO: No outputDataStep provided, the files output of all the steps will be considered
2025-08-27T05:04:15,638423Z dirac-jobexec/UserJobFinalization INFO: Will search for POOL GUIDs for: mc.root
2025-08-27T05:04:15,893961Z dirac-jobexec INFO: GUIDs not found from POOL XML Catalogue (and were generated) for: mc.root
2025-08-27T05:04:15,894275Z dirac-jobexec/UserJobFinalization WARN: PoolXMLFile generated GUID(s) for the following files  mc.root
2025-08-27T05:04:16,245463Z dirac-jobexec/DIRAC.DataManagementSystem.Utilities.ResolveSE INFO: Resolving workflow output SE description Tier1-USER
2025-08-27T05:04:16,256468Z dirac-jobexec/DIRAC.DataManagementSystem.Utilities.ResolveSE INFO: Found eligible local SE ['CERN-USER']
2025-08-27T05:04:16,256891Z dirac-jobexec/UserJobFinalization INFO: Ordered list of output SEs is: CERN-USER, RAL-USER, GRIDKA-USER, IN2P3-USER, SARA-USER, PIC-USER, CNAF-USER
2025-08-27T05:04:16,257066Z dirac-jobexec/UserJobFinalization INFO: Creating DISABLE_WATCHDOG_CPU_WALLCLOCK_CHECK in order to disable the Watchdog
2025-08-27T05:04:16,257886Z dirac-jobexec/UserJobFinalization INFO: Attempting to store mc.root to the following SE(s): CERN-USER, RAL-USER, GRIDKA-USER, IN2P3-USER, SARA-USER, PIC-USER, CNAF-USER
2025-08-27T05:04:16,258070Z dirac-jobexec/FailoverTransfer INFO: Attempting dm.putAndRegister ('/lhcb/user/a/afernez/2025_08/1164942/1164942705/mc.root','/tmp/1164942705/mc.root','CERN-USER',guid='04B55AF4-48C6-CCCD-529A-26716DBCC4D5',catalog='None', checksum = 'f7646d1b')
2025-08-27T05:04:19,332033Z dirac-jobexec/FailoverTransfer INFO: dm.putAndRegister successfully uploaded and registered mc.root to CERN-USER
2025-08-27T05:04:19,575481Z dirac-jobexec/UserJobFinalization INFO: ===== Terminating 12.0.0a30 ===== 
