WARNING: Parsing of '.cfg' files as command line arguments is changing!
          Set the environment variable 'export DIRAC_NO_CFG=1' to pass the file as a positional
          argument (this will become the default).
          To modify the local configuration use '--cfg <configfile>' instead.
2025-08-27T04:29:06,604736Z dirac-jobexec INFO: JobID: 1164942832
2025-08-27T04:29:06,612506Z dirac-jobexec INFO: DIRAC JobID 1164942832 is running at site LCG.IN2P3.fr
Executing StepInstance RunScriptStep1 of type ScriptStep1 ['ScriptStep1']
2025-08-27T04:29:08,632040Z dirac-jobexec/CreateDataFile INFO: ===== Executing 12.0.0a30 ===== 
2025-08-27T04:29:08,632900Z dirac-jobexec INFO: Running in MultiProcessor is not allowed here
2025-08-27T04:29:08,633000Z dirac-jobexec/CreateDataFile INFO: Creating Ganga data file data.py from scratch
2025-08-27T04:29:08,833825Z dirac-jobexec/CreateDataFile INFO: Created Ganga data file data.py
2025-08-27T04:29:08,834195Z dirac-jobexec/CreateDataFile INFO: ===== Terminating 12.0.0a30 ===== 
2025-08-27T04:29:08,839750Z dirac-jobexec/LHCbScript INFO: Command is: /cvmfs/lhcb.cern.ch/lhcbdirac/versions/v12.0.0a30-1755085183/Linux-x86_64/bin/python3 jobScript/GaudiExec_afernez_Job_509.21_1c52fda8-fffc-48c0-a287-433c29024e7d_script.py
2025-08-27T05:48:05,559456Z dirac-jobexec/LHCbScript INFO: /cvmfs/lhcb.cern.ch/lhcbdirac/versions/v12.0.0a30-1755085183/Linux-x86_64/bin/python3 jobScript/GaudiExec_afernez_Job_509.21_1c52fda8-fffc-48c0-a287-433c29024e7d_script.py execution completed with status 0
2025-08-27T05:48:05,560914Z dirac-jobexec/LHCbScript INFO: Output written to Script1_Ganga_GaudiExec.log, execution complete.
2025-08-27T05:48:05,871940Z dirac-jobexec/LHCbScript INFO: GaudiExec successful
2025-08-27T05:48:05,877627Z dirac-jobexec/LHCbScript INFO: ===== Terminating <class 'LHCbDIRAC.Workflow.Modules.LHCbScript.LHCbScript'> ===== 
2025-08-27T05:48:06,022631Z dirac-jobexec/FileUsage INFO: ===== Executing 12.0.0a30 ===== 
2025-08-27T05:48:06,022943Z dirac-jobexec/FileUsage INFO: Popularity report =  {'/lhcb/MC/2016/D0TAUNU.SAFESTRIPTRIG.DST/00140810/0000/': 1}
2025-08-27T05:48:06,095106Z dirac-jobexec/FileUsage INFO: Reporting input file usage successful!
2025-08-27T05:48:06,095335Z dirac-jobexec/FileUsage INFO: ===== Terminating 12.0.0a30 ===== 
2025-08-27T05:48:06,100307Z dirac-jobexec/UserJobFinalization INFO: ===== Executing 12.0.0a30 ===== 
2025-08-27T05:48:06,100490Z dirac-jobexec/DIRAC.DataManagementSystem.Utilities.ResolveSE INFO: Resolving workflow output SE description Tier1-USER
2025-08-27T05:48:06,107508Z dirac-jobexec/DIRAC.DataManagementSystem.Utilities.ResolveSE INFO: Found SEs, local first: ['IN2P3-USER', 'CNAF-USER', 'GRIDKA-USER', 'SARA-USER', 'CERN-USER', 'RAL-USER', 'PIC-USER']
2025-08-27T05:48:06,107674Z dirac-jobexec/DIRAC.DataManagementSystem.Utilities.ResolveSE INFO: Resolving workflow output SE description Tier1-Failover
2025-08-27T05:48:06,110228Z dirac-jobexec/DIRAC.DataManagementSystem.Utilities.ResolveSE INFO: Found SEs, local first: ['IN2P3-FAILOVER', 'RAL-FAILOVER', 'PIC-FAILOVER', 'GRIDKA-FAILOVER', 'CERN-EOS-FAILOVER', 'SARA-FAILOVER', 'CNAF-FAILOVER']
2025-08-27T05:48:06,110466Z dirac-jobexec/UserJobFinalization INFO: User specified output file list is: *.root
2025-08-27T05:48:06,110884Z dirac-jobexec/UserJobFinalization INFO: Found a pattern in the output data file list,           extra files to upload are: mc.root
2025-08-27T05:48:06,110941Z dirac-jobexec/UserJobFinalization INFO: Final list of files to upload are: mc.root
2025-08-27T05:48:06,110986Z dirac-jobexec/UserJobFinalization INFO: Constructing user output LFN(s) for mc.root
2025-08-27T05:48:06,207033Z dirac-jobexec/ProductionData INFO: Created the following output data LFN(s):
/lhcb/user/a/afernez/2025_08/1164942/1164942832/mc.root
2025-08-27T05:48:06,207327Z dirac-jobexec/UserJobFinalization INFO: No outputDataFileMask provided, the files with all the extensions will be considered
2025-08-27T05:48:06,207380Z dirac-jobexec/UserJobFinalization INFO: No outputDataStep provided, the files output of all the steps will be considered
2025-08-27T05:48:06,207459Z dirac-jobexec/UserJobFinalization INFO: Will search for POOL GUIDs for: mc.root
2025-08-27T05:48:06,287502Z dirac-jobexec INFO: GUIDs not found from POOL XML Catalogue (and were generated) for: mc.root
2025-08-27T05:48:06,287889Z dirac-jobexec/UserJobFinalization WARN: PoolXMLFile generated GUID(s) for the following files  mc.root
2025-08-27T05:48:06,414387Z dirac-jobexec/DIRAC.DataManagementSystem.Utilities.ResolveSE INFO: Resolving workflow output SE description Tier1-USER
2025-08-27T05:48:06,417842Z dirac-jobexec/DIRAC.DataManagementSystem.Utilities.ResolveSE INFO: Found eligible local SE ['IN2P3-USER']
2025-08-27T05:48:06,418232Z dirac-jobexec/UserJobFinalization INFO: Ordered list of output SEs is: IN2P3-USER, SARA-USER, RAL-USER, PIC-USER, CNAF-USER, CERN-USER, GRIDKA-USER
2025-08-27T05:48:06,418388Z dirac-jobexec/UserJobFinalization INFO: Creating DISABLE_WATCHDOG_CPU_WALLCLOCK_CHECK in order to disable the Watchdog
2025-08-27T05:48:06,420165Z dirac-jobexec/UserJobFinalization INFO: Attempting to store mc.root to the following SE(s): IN2P3-USER, SARA-USER, RAL-USER, PIC-USER, CNAF-USER, CERN-USER, GRIDKA-USER
2025-08-27T05:48:06,420349Z dirac-jobexec/FailoverTransfer INFO: Attempting dm.putAndRegister ('/lhcb/user/a/afernez/2025_08/1164942/1164942832/mc.root','/tmp/1164942832/mc.root','IN2P3-USER',guid='F5F01243-4BA2-6D04-2FCD-0DDAA02991F1',catalog='None', checksum = '529ba9f8')
2025-08-27T05:48:08,135368Z dirac-jobexec/FailoverTransfer INFO: dm.putAndRegister successfully uploaded and registered mc.root to IN2P3-USER
2025-08-27T05:48:08,372135Z dirac-jobexec/UserJobFinalization INFO: ===== Terminating 12.0.0a30 ===== 
