WARNING: Parsing of '.cfg' files as command line arguments is changing!
          Set the environment variable 'export DIRAC_NO_CFG=1' to pass the file as a positional
          argument (this will become the default).
          To modify the local configuration use '--cfg <configfile>' instead.
2025-08-26T23:26:21,117075Z dirac-jobexec INFO: JobID: 1164942776
2025-08-26T23:26:21,121859Z dirac-jobexec INFO: DIRAC JobID 1164942776 is running at site LCG.CSCS.ch
Executing StepInstance RunScriptStep1 of type ScriptStep1 ['ScriptStep1']
2025-08-26T23:26:22,048273Z dirac-jobexec/CreateDataFile INFO: ===== Executing 12.0.0a30 ===== 
2025-08-26T23:26:22,048797Z dirac-jobexec INFO: Running in MultiProcessor is not allowed here
2025-08-26T23:26:22,048874Z dirac-jobexec/CreateDataFile INFO: Creating Ganga data file data.py from scratch
2025-08-26T23:26:22,236052Z dirac-jobexec/CreateDataFile INFO: Created Ganga data file data.py
2025-08-26T23:26:22,236443Z dirac-jobexec/CreateDataFile INFO: ===== Terminating 12.0.0a30 ===== 
2025-08-26T23:26:22,246109Z dirac-jobexec/LHCbScript INFO: Command is: /cvmfs/lhcb.cern.ch/lhcbdirac/versions/v12.0.0a30-1755085183/Linux-x86_64/bin/python3 jobScript/GaudiExec_afernez_Job_504.9_7d1fc639-e1d7-4824-a878-0f96a5b07652_script.py
2025-08-27T00:17:49,153097Z dirac-jobexec/LHCbScript INFO: /cvmfs/lhcb.cern.ch/lhcbdirac/versions/v12.0.0a30-1755085183/Linux-x86_64/bin/python3 jobScript/GaudiExec_afernez_Job_504.9_7d1fc639-e1d7-4824-a878-0f96a5b07652_script.py execution completed with status 0
2025-08-27T00:17:49,153981Z dirac-jobexec/LHCbScript INFO: Output written to Script1_Ganga_GaudiExec.log, execution complete.
2025-08-27T00:17:49,350750Z dirac-jobexec/LHCbScript INFO: GaudiExec successful
2025-08-27T00:17:49,351236Z dirac-jobexec/LHCbScript INFO: ===== Terminating <class 'LHCbDIRAC.Workflow.Modules.LHCbScript.LHCbScript'> ===== 
2025-08-27T00:17:49,355100Z dirac-jobexec/FileUsage INFO: ===== Executing 12.0.0a30 ===== 
2025-08-27T00:17:49,355463Z dirac-jobexec/FileUsage INFO: Popularity report =  {'/lhcb/MC/2016/D0TAUNU.SAFESTRIPTRIG.DST/00140792/0000/': 1}
2025-08-27T00:17:49,401351Z dirac-jobexec/FileUsage INFO: Reporting input file usage successful!
2025-08-27T00:17:49,401766Z dirac-jobexec/FileUsage INFO: ===== Terminating 12.0.0a30 ===== 
2025-08-27T00:17:49,405267Z dirac-jobexec/UserJobFinalization INFO: ===== Executing 12.0.0a30 ===== 
2025-08-27T00:17:49,405461Z dirac-jobexec/DIRAC.DataManagementSystem.Utilities.ResolveSE INFO: Resolving workflow output SE description Tier1-USER
2025-08-27T00:17:49,409924Z dirac-jobexec/DIRAC.DataManagementSystem.Utilities.ResolveSE INFO: Found SEs, local first: ['SARA-USER', 'PIC-USER', 'CERN-USER', 'RAL-USER', 'IN2P3-USER', 'CNAF-USER', 'GRIDKA-USER']
2025-08-27T00:17:49,410100Z dirac-jobexec/DIRAC.DataManagementSystem.Utilities.ResolveSE INFO: Resolving workflow output SE description Tier1-Failover
2025-08-27T00:17:49,411908Z dirac-jobexec/DIRAC.DataManagementSystem.Utilities.ResolveSE INFO: Found SEs, local first: ['IN2P3-FAILOVER', 'SARA-FAILOVER', 'RAL-FAILOVER', 'CERN-EOS-FAILOVER', 'PIC-FAILOVER', 'CNAF-FAILOVER', 'GRIDKA-FAILOVER']
2025-08-27T00:17:49,412166Z dirac-jobexec/UserJobFinalization INFO: User specified output file list is: *.root
2025-08-27T00:17:49,412526Z dirac-jobexec/UserJobFinalization INFO: Found a pattern in the output data file list,           extra files to upload are: mc.root
2025-08-27T00:17:49,412683Z dirac-jobexec/UserJobFinalization INFO: Final list of files to upload are: mc.root
2025-08-27T00:17:49,412826Z dirac-jobexec/UserJobFinalization INFO: Constructing user output LFN(s) for mc.root
2025-08-27T00:17:49,481438Z dirac-jobexec/ProductionData INFO: Created the following output data LFN(s):
/lhcb/user/a/afernez/2025_08/1164942/1164942776/mc.root
2025-08-27T00:17:49,481921Z dirac-jobexec/UserJobFinalization INFO: No outputDataFileMask provided, the files with all the extensions will be considered
2025-08-27T00:17:49,482073Z dirac-jobexec/UserJobFinalization INFO: No outputDataStep provided, the files output of all the steps will be considered
2025-08-27T00:17:49,482228Z dirac-jobexec/UserJobFinalization INFO: Will search for POOL GUIDs for: mc.root
2025-08-27T00:17:49,526048Z dirac-jobexec INFO: GUIDs not found from POOL XML Catalogue (and were generated) for: mc.root
2025-08-27T00:17:49,526393Z dirac-jobexec/UserJobFinalization WARN: PoolXMLFile generated GUID(s) for the following files  mc.root
2025-08-27T00:17:49,597370Z dirac-jobexec/DIRAC.DataManagementSystem.Utilities.ResolveSE INFO: Resolving workflow output SE description Tier1-USER
2025-08-27T00:17:49,600009Z dirac-jobexec/DIRAC.DataManagementSystem.Utilities.ResolveSE INFO: Found associated SEs ['CERN-USER'] in /Resources/Countries/cern/AssociatedSEs/Tier1-USER
2025-08-27T00:17:49,600336Z dirac-jobexec/UserJobFinalization INFO: Ordered list of output SEs is: CERN-USER, RAL-USER, GRIDKA-USER, IN2P3-USER, PIC-USER, CNAF-USER, SARA-USER
2025-08-27T00:17:49,600497Z dirac-jobexec/UserJobFinalization INFO: Creating DISABLE_WATCHDOG_CPU_WALLCLOCK_CHECK in order to disable the Watchdog
2025-08-27T00:17:49,601112Z dirac-jobexec/UserJobFinalization INFO: Attempting to store mc.root to the following SE(s): CERN-USER, RAL-USER, GRIDKA-USER, IN2P3-USER, PIC-USER, CNAF-USER, SARA-USER
2025-08-27T00:17:49,601281Z dirac-jobexec/FailoverTransfer INFO: Attempting dm.putAndRegister ('/lhcb/user/a/afernez/2025_08/1164942/1164942776/mc.root','/tmp/1164942776/mc.root','CERN-USER',guid='F5035DED-5896-8A46-EE37-EC5EE249D319',catalog='None', checksum = '3fa57b58')
2025-08-27T00:18:12,095333Z dirac-jobexec/FailoverTransfer INFO: dm.putAndRegister successfully uploaded and registered mc.root to CERN-USER
2025-08-27T00:18:12,265627Z dirac-jobexec/UserJobFinalization INFO: ===== Terminating 12.0.0a30 ===== 
