WARNING: Parsing of '.cfg' files as command line arguments is changing!
          Set the environment variable 'export DIRAC_NO_CFG=1' to pass the file as a positional
          argument (this will become the default).
          To modify the local configuration use '--cfg <configfile>' instead.
2025-08-27T00:21:08,490523Z dirac-jobexec INFO: JobID: 1164942833
2025-08-27T00:21:08,502066Z dirac-jobexec INFO: DIRAC JobID 1164942833 is running at site LCG.CERN.cern
Executing StepInstance RunScriptStep1 of type ScriptStep1 ['ScriptStep1']
2025-08-27T00:21:11,322335Z dirac-jobexec/CreateDataFile INFO: ===== Executing 12.0.0a30 ===== 
2025-08-27T00:21:11,323744Z dirac-jobexec INFO: Getting numberOfProcessors from /Resources/Computing/CEDefaults/NumberOfProcessors
2025-08-27T00:21:11,323997Z dirac-jobexec/CreateDataFile INFO: Creating Ganga data file data.py from scratch
2025-08-27T00:21:11,503799Z dirac-jobexec/CreateDataFile INFO: Created Ganga data file data.py
2025-08-27T00:21:11,504080Z dirac-jobexec/CreateDataFile INFO: ===== Terminating 12.0.0a30 ===== 
2025-08-27T00:21:11,513585Z dirac-jobexec/LHCbScript INFO: Command is: /cvmfs/lhcb.cern.ch/lhcbdirac/versions/v12.0.0a30-1755085183/Linux-x86_64/bin/python3 jobScript/GaudiExec_afernez_Job_509.22_1c52fda8-fffc-48c0-a287-433c29024e7d_script.py
2025-08-27T04:04:56,251252Z dirac-jobexec/LHCbScript INFO: /cvmfs/lhcb.cern.ch/lhcbdirac/versions/v12.0.0a30-1755085183/Linux-x86_64/bin/python3 jobScript/GaudiExec_afernez_Job_509.22_1c52fda8-fffc-48c0-a287-433c29024e7d_script.py execution completed with status 0
2025-08-27T04:04:56,253589Z dirac-jobexec/LHCbScript INFO: Output written to Script1_Ganga_GaudiExec.log, execution complete.
2025-08-27T04:04:56,800666Z dirac-jobexec/LHCbScript INFO: GaudiExec successful
2025-08-27T04:04:56,806496Z dirac-jobexec/LHCbScript INFO: ===== Terminating <class 'LHCbDIRAC.Workflow.Modules.LHCbScript.LHCbScript'> ===== 
2025-08-27T04:04:56,917114Z dirac-jobexec/FileUsage INFO: ===== Executing 12.0.0a30 ===== 
2025-08-27T04:04:56,917584Z dirac-jobexec/FileUsage INFO: Popularity report =  {'/lhcb/MC/2016/D0TAUNU.SAFESTRIPTRIG.DST/00140810/0000/': 2}
2025-08-27T04:04:57,263465Z dirac-jobexec/FileUsage INFO: Reporting input file usage successful!
2025-08-27T04:04:57,263826Z dirac-jobexec/FileUsage INFO: ===== Terminating 12.0.0a30 ===== 
2025-08-27T04:04:57,273152Z dirac-jobexec/UserJobFinalization INFO: ===== Executing 12.0.0a30 ===== 
2025-08-27T04:04:57,273431Z dirac-jobexec/DIRAC.DataManagementSystem.Utilities.ResolveSE INFO: Resolving workflow output SE description Tier1-USER
2025-08-27T04:04:57,288008Z dirac-jobexec/DIRAC.DataManagementSystem.Utilities.ResolveSE INFO: Found SEs, local first: ['CERN-USER', 'IN2P3-USER', 'CNAF-USER', 'PIC-USER', 'SARA-USER', 'GRIDKA-USER', 'RAL-USER']
2025-08-27T04:04:57,288259Z dirac-jobexec/DIRAC.DataManagementSystem.Utilities.ResolveSE INFO: Resolving workflow output SE description Tier1-Failover
2025-08-27T04:04:57,294768Z dirac-jobexec/DIRAC.DataManagementSystem.Utilities.ResolveSE INFO: Found SEs, local first: ['CERN-EOS-FAILOVER', 'GRIDKA-FAILOVER', 'RAL-FAILOVER', 'IN2P3-FAILOVER', 'SARA-FAILOVER', 'CNAF-FAILOVER', 'PIC-FAILOVER']
2025-08-27T04:04:57,295297Z dirac-jobexec/UserJobFinalization INFO: User specified output file list is: *.root
2025-08-27T04:04:57,296329Z dirac-jobexec/UserJobFinalization INFO: Found a pattern in the output data file list,           extra files to upload are: mc.root
2025-08-27T04:04:57,296497Z dirac-jobexec/UserJobFinalization INFO: Final list of files to upload are: mc.root
2025-08-27T04:04:57,296595Z dirac-jobexec/UserJobFinalization INFO: Constructing user output LFN(s) for mc.root
2025-08-27T04:04:57,401041Z dirac-jobexec/ProductionData INFO: Created the following output data LFN(s):
/lhcb/user/a/afernez/2025_08/1164942/1164942833/mc.root
2025-08-27T04:04:57,401508Z dirac-jobexec/UserJobFinalization INFO: No outputDataFileMask provided, the files with all the extensions will be considered
2025-08-27T04:04:57,401648Z dirac-jobexec/UserJobFinalization INFO: No outputDataStep provided, the files output of all the steps will be considered
2025-08-27T04:04:57,401945Z dirac-jobexec/UserJobFinalization INFO: Will search for POOL GUIDs for: mc.root
2025-08-27T04:04:57,682629Z dirac-jobexec INFO: GUIDs not found from POOL XML Catalogue (and were generated) for: mc.root
2025-08-27T04:04:57,682935Z dirac-jobexec/UserJobFinalization WARN: PoolXMLFile generated GUID(s) for the following files  mc.root
2025-08-27T04:04:57,993171Z dirac-jobexec/DIRAC.DataManagementSystem.Utilities.ResolveSE INFO: Resolving workflow output SE description Tier1-USER
2025-08-27T04:04:58,004811Z dirac-jobexec/DIRAC.DataManagementSystem.Utilities.ResolveSE INFO: Found eligible local SE ['CERN-USER']
2025-08-27T04:04:58,005181Z dirac-jobexec/UserJobFinalization INFO: Ordered list of output SEs is: CERN-USER, IN2P3-USER, RAL-USER, GRIDKA-USER, SARA-USER, CNAF-USER, PIC-USER
2025-08-27T04:04:58,005399Z dirac-jobexec/UserJobFinalization INFO: Creating DISABLE_WATCHDOG_CPU_WALLCLOCK_CHECK in order to disable the Watchdog
2025-08-27T04:04:58,009167Z dirac-jobexec/UserJobFinalization INFO: Attempting to store mc.root to the following SE(s): CERN-USER, IN2P3-USER, RAL-USER, GRIDKA-USER, SARA-USER, CNAF-USER, PIC-USER
2025-08-27T04:04:58,009442Z dirac-jobexec/FailoverTransfer INFO: Attempting dm.putAndRegister ('/lhcb/user/a/afernez/2025_08/1164942/1164942833/mc.root','/tmp/1164942833/mc.root','CERN-USER',guid='0759B13B-9FD2-1371-94B8-9D9E07FD4BBA',catalog='None', checksum = '79db6c5e')
2025-08-27T04:05:00,413855Z dirac-jobexec/FailoverTransfer INFO: dm.putAndRegister successfully uploaded and registered mc.root to CERN-USER
2025-08-27T04:05:00,585630Z dirac-jobexec/UserJobFinalization INFO: ===== Terminating 12.0.0a30 ===== 
