WARNING: Parsing of '.cfg' files as command line arguments is changing!
          Set the environment variable 'export DIRAC_NO_CFG=1' to pass the file as a positional
          argument (this will become the default).
          To modify the local configuration use '--cfg <configfile>' instead.
2025-08-26T23:32:57,683273Z dirac-jobexec INFO: JobID: 1164942845
2025-08-26T23:32:57,687937Z dirac-jobexec INFO: DIRAC JobID 1164942845 is running at site LCG.PIC.es
Executing StepInstance RunScriptStep1 of type ScriptStep1 ['ScriptStep1']
2025-08-26T23:32:59,142076Z dirac-jobexec/CreateDataFile INFO: ===== Executing 12.0.0a30 ===== 
2025-08-26T23:32:59,142701Z dirac-jobexec INFO: Running in MultiProcessor is not allowed here
2025-08-26T23:32:59,142798Z dirac-jobexec/CreateDataFile INFO: Creating Ganga data file data.py from scratch
2025-08-26T23:32:59,635792Z dirac-jobexec/CreateDataFile INFO: Created Ganga data file data.py
2025-08-26T23:32:59,635970Z dirac-jobexec/CreateDataFile INFO: ===== Terminating 12.0.0a30 ===== 
2025-08-26T23:32:59,639930Z dirac-jobexec/LHCbScript INFO: Command is: /cvmfs/lhcb.cern.ch/lhcbdirac/versions/v12.0.0a30-1755085183/Linux-x86_64/bin/python3 jobScript/GaudiExec_afernez_Job_510.9_b40758de-0c17-4015-97ce-9976d6fc55aa_script.py
2025-08-27T00:53:18,149413Z dirac-jobexec/LHCbScript INFO: /cvmfs/lhcb.cern.ch/lhcbdirac/versions/v12.0.0a30-1755085183/Linux-x86_64/bin/python3 jobScript/GaudiExec_afernez_Job_510.9_b40758de-0c17-4015-97ce-9976d6fc55aa_script.py execution completed with status 0
2025-08-27T00:53:18,154401Z dirac-jobexec/LHCbScript INFO: Output written to Script1_Ganga_GaudiExec.log, execution complete.
2025-08-27T00:53:18,620168Z dirac-jobexec/LHCbScript INFO: GaudiExec successful
2025-08-27T00:53:18,626001Z dirac-jobexec/LHCbScript INFO: ===== Terminating <class 'LHCbDIRAC.Workflow.Modules.LHCbScript.LHCbScript'> ===== 
2025-08-27T00:53:18,752969Z dirac-jobexec/FileUsage INFO: ===== Executing 12.0.0a30 ===== 
2025-08-27T00:53:18,753452Z dirac-jobexec/FileUsage INFO: Popularity report =  {'/lhcb/MC/2016/D0TAUNU.SAFESTRIPTRIG.DST/00140825/0000/': 2}
2025-08-27T00:53:19,016423Z dirac-jobexec/FileUsage INFO: Reporting input file usage successful!
2025-08-27T00:53:19,016713Z dirac-jobexec/FileUsage INFO: ===== Terminating 12.0.0a30 ===== 
2025-08-27T00:53:19,021559Z dirac-jobexec/UserJobFinalization INFO: ===== Executing 12.0.0a30 ===== 
2025-08-27T00:53:19,021670Z dirac-jobexec/DIRAC.DataManagementSystem.Utilities.ResolveSE INFO: Resolving workflow output SE description Tier1-USER
2025-08-27T00:53:19,027577Z dirac-jobexec/DIRAC.DataManagementSystem.Utilities.ResolveSE INFO: Found SEs, local first: ['PIC-USER', 'IN2P3-USER', 'GRIDKA-USER', 'CERN-USER', 'RAL-USER', 'SARA-USER', 'CNAF-USER']
2025-08-27T00:53:19,027653Z dirac-jobexec/DIRAC.DataManagementSystem.Utilities.ResolveSE INFO: Resolving workflow output SE description Tier1-Failover
2025-08-27T00:53:19,030109Z dirac-jobexec/DIRAC.DataManagementSystem.Utilities.ResolveSE INFO: Found SEs, local first: ['PIC-FAILOVER', 'GRIDKA-FAILOVER', 'CNAF-FAILOVER', 'RAL-FAILOVER', 'IN2P3-FAILOVER', 'CERN-EOS-FAILOVER', 'SARA-FAILOVER']
2025-08-27T00:53:19,030342Z dirac-jobexec/UserJobFinalization INFO: User specified output file list is: *.root
2025-08-27T00:53:19,030800Z dirac-jobexec/UserJobFinalization INFO: Found a pattern in the output data file list,           extra files to upload are: mc.root
2025-08-27T00:53:19,030868Z dirac-jobexec/UserJobFinalization INFO: Final list of files to upload are: mc.root
2025-08-27T00:53:19,030932Z dirac-jobexec/UserJobFinalization INFO: Constructing user output LFN(s) for mc.root
2025-08-27T00:53:19,345303Z dirac-jobexec/ProductionData INFO: Created the following output data LFN(s):
/lhcb/user/a/afernez/2025_08/1164942/1164942845/mc.root
2025-08-27T00:53:19,345650Z dirac-jobexec/UserJobFinalization INFO: No outputDataFileMask provided, the files with all the extensions will be considered
2025-08-27T00:53:19,345774Z dirac-jobexec/UserJobFinalization INFO: No outputDataStep provided, the files output of all the steps will be considered
2025-08-27T00:53:19,345865Z dirac-jobexec/UserJobFinalization INFO: Will search for POOL GUIDs for: mc.root
2025-08-27T00:53:19,400583Z dirac-jobexec INFO: GUIDs not found from POOL XML Catalogue (and were generated) for: mc.root
2025-08-27T00:53:19,400886Z dirac-jobexec/UserJobFinalization WARN: PoolXMLFile generated GUID(s) for the following files  mc.root
2025-08-27T00:53:19,588300Z dirac-jobexec/DIRAC.DataManagementSystem.Utilities.ResolveSE INFO: Resolving workflow output SE description Tier1-USER
2025-08-27T00:53:19,597924Z dirac-jobexec/DIRAC.DataManagementSystem.Utilities.ResolveSE INFO: Found eligible local SE ['PIC-USER']
2025-08-27T00:53:19,598189Z dirac-jobexec/UserJobFinalization INFO: Ordered list of output SEs is: PIC-USER, RAL-USER, CERN-USER, SARA-USER, GRIDKA-USER, CNAF-USER, IN2P3-USER
2025-08-27T00:53:19,598287Z dirac-jobexec/UserJobFinalization INFO: Creating DISABLE_WATCHDOG_CPU_WALLCLOCK_CHECK in order to disable the Watchdog
2025-08-27T00:53:19,598875Z dirac-jobexec/UserJobFinalization INFO: Attempting to store mc.root to the following SE(s): PIC-USER, RAL-USER, CERN-USER, SARA-USER, GRIDKA-USER, CNAF-USER, IN2P3-USER
2025-08-27T00:53:19,598947Z dirac-jobexec/FailoverTransfer INFO: Attempting dm.putAndRegister ('/lhcb/user/a/afernez/2025_08/1164942/1164942845/mc.root','/tmp/1164942845/mc.root','PIC-USER',guid='74851EBE-CBF2-F0D5-EC1D-E9375D025B68',catalog='None', checksum = 'd328892d')
2025-08-27T00:53:23,352333Z dirac-jobexec/FailoverTransfer INFO: dm.putAndRegister successfully uploaded and registered mc.root to PIC-USER
2025-08-27T00:53:23,941665Z dirac-jobexec/UserJobFinalization INFO: ===== Terminating 12.0.0a30 ===== 
