WARNING: Parsing of '.cfg' files as command line arguments is changing!
          Set the environment variable 'export DIRAC_NO_CFG=1' to pass the file as a positional
          argument (this will become the default).
          To modify the local configuration use '--cfg <configfile>' instead.
2025-08-26T23:18:10,951908Z dirac-jobexec INFO: JobID: 1164942691
2025-08-26T23:18:10,956305Z dirac-jobexec INFO: DIRAC JobID 1164942691 is running at site LCG.CSCS.ch
Executing StepInstance RunScriptStep1 of type ScriptStep1 ['ScriptStep1']
2025-08-26T23:18:11,838796Z dirac-jobexec/CreateDataFile INFO: ===== Executing 12.0.0a30 ===== 
2025-08-26T23:18:11,839280Z dirac-jobexec INFO: Running in MultiProcessor is not allowed here
2025-08-26T23:18:11,839359Z dirac-jobexec/CreateDataFile INFO: Creating Ganga data file data.py from scratch
2025-08-26T23:18:12,020066Z dirac-jobexec/CreateDataFile INFO: Created Ganga data file data.py
2025-08-26T23:18:12,020210Z dirac-jobexec/CreateDataFile INFO: ===== Terminating 12.0.0a30 ===== 
2025-08-26T23:18:12,023233Z dirac-jobexec/LHCbScript INFO: Command is: /cvmfs/lhcb.cern.ch/lhcbdirac/versions/v12.0.0a30-1755085183/Linux-x86_64/bin/python3 jobScript/GaudiExec_afernez_Job_500.18_8a75fd92-f9de-49f4-9868-0f8bb3727444_script.py
2025-08-27T01:02:43,077684Z dirac-jobexec/LHCbScript INFO: /cvmfs/lhcb.cern.ch/lhcbdirac/versions/v12.0.0a30-1755085183/Linux-x86_64/bin/python3 jobScript/GaudiExec_afernez_Job_500.18_8a75fd92-f9de-49f4-9868-0f8bb3727444_script.py execution completed with status 0
2025-08-27T01:02:43,078169Z dirac-jobexec/LHCbScript INFO: Output written to Script1_Ganga_GaudiExec.log, execution complete.
2025-08-27T01:02:43,271166Z dirac-jobexec/LHCbScript INFO: GaudiExec successful
2025-08-27T01:02:43,271466Z dirac-jobexec/LHCbScript INFO: ===== Terminating <class 'LHCbDIRAC.Workflow.Modules.LHCbScript.LHCbScript'> ===== 
2025-08-27T01:02:43,341587Z dirac-jobexec/FileUsage INFO: ===== Executing 12.0.0a30 ===== 
2025-08-27T01:02:43,341827Z dirac-jobexec/FileUsage INFO: Popularity report =  {'/lhcb/MC/2016/D0TAUNU.SAFESTRIPTRIG.DST/00140822/0000/': 2}
2025-08-27T01:02:43,460184Z dirac-jobexec/FileUsage INFO: Reporting input file usage successful!
2025-08-27T01:02:43,460361Z dirac-jobexec/FileUsage INFO: ===== Terminating 12.0.0a30 ===== 
2025-08-27T01:02:43,463566Z dirac-jobexec/UserJobFinalization INFO: ===== Executing 12.0.0a30 ===== 
2025-08-27T01:02:43,463652Z dirac-jobexec/DIRAC.DataManagementSystem.Utilities.ResolveSE INFO: Resolving workflow output SE description Tier1-USER
2025-08-27T01:02:43,486529Z dirac-jobexec/DIRAC.DataManagementSystem.Utilities.ResolveSE INFO: Found SEs, local first: ['GRIDKA-USER', 'PIC-USER', 'CERN-USER', 'SARA-USER', 'RAL-USER', 'CNAF-USER', 'IN2P3-USER']
2025-08-27T01:02:43,486956Z dirac-jobexec/DIRAC.DataManagementSystem.Utilities.ResolveSE INFO: Resolving workflow output SE description Tier1-Failover
2025-08-27T01:02:43,488843Z dirac-jobexec/DIRAC.DataManagementSystem.Utilities.ResolveSE INFO: Found SEs, local first: ['IN2P3-FAILOVER', 'SARA-FAILOVER', 'GRIDKA-FAILOVER', 'PIC-FAILOVER', 'CNAF-FAILOVER', 'CERN-EOS-FAILOVER', 'RAL-FAILOVER']
2025-08-27T01:02:43,489119Z dirac-jobexec/UserJobFinalization INFO: User specified output file list is: *.root
2025-08-27T01:02:43,489420Z dirac-jobexec/UserJobFinalization INFO: Found a pattern in the output data file list,           extra files to upload are: mc.root
2025-08-27T01:02:43,489576Z dirac-jobexec/UserJobFinalization INFO: Final list of files to upload are: mc.root
2025-08-27T01:02:43,489656Z dirac-jobexec/UserJobFinalization INFO: Constructing user output LFN(s) for mc.root
2025-08-27T01:02:43,652051Z dirac-jobexec/ProductionData INFO: Created the following output data LFN(s):
/lhcb/user/a/afernez/2025_08/1164942/1164942691/mc.root
2025-08-27T01:02:43,652343Z dirac-jobexec/UserJobFinalization INFO: No outputDataFileMask provided, the files with all the extensions will be considered
2025-08-27T01:02:43,652585Z dirac-jobexec/UserJobFinalization INFO: No outputDataStep provided, the files output of all the steps will be considered
2025-08-27T01:02:43,652676Z dirac-jobexec/UserJobFinalization INFO: Will search for POOL GUIDs for: mc.root
2025-08-27T01:02:43,691445Z dirac-jobexec INFO: GUIDs not found from POOL XML Catalogue (and were generated) for: mc.root
2025-08-27T01:02:43,691715Z dirac-jobexec/UserJobFinalization WARN: PoolXMLFile generated GUID(s) for the following files  mc.root
2025-08-27T01:02:43,816054Z dirac-jobexec/DIRAC.DataManagementSystem.Utilities.ResolveSE INFO: Resolving workflow output SE description Tier1-USER
2025-08-27T01:02:43,818453Z dirac-jobexec/DIRAC.DataManagementSystem.Utilities.ResolveSE INFO: Found associated SEs ['CERN-USER'] in /Resources/Countries/cern/AssociatedSEs/Tier1-USER
2025-08-27T01:02:43,818734Z dirac-jobexec/UserJobFinalization INFO: Ordered list of output SEs is: CERN-USER, PIC-USER, CNAF-USER, SARA-USER, GRIDKA-USER, RAL-USER, IN2P3-USER
2025-08-27T01:02:43,818830Z dirac-jobexec/UserJobFinalization INFO: Creating DISABLE_WATCHDOG_CPU_WALLCLOCK_CHECK in order to disable the Watchdog
2025-08-27T01:02:43,819222Z dirac-jobexec/UserJobFinalization INFO: Attempting to store mc.root to the following SE(s): CERN-USER, PIC-USER, CNAF-USER, SARA-USER, GRIDKA-USER, RAL-USER, IN2P3-USER
2025-08-27T01:02:43,819322Z dirac-jobexec/FailoverTransfer INFO: Attempting dm.putAndRegister ('/lhcb/user/a/afernez/2025_08/1164942/1164942691/mc.root','/tmp/1164942691/mc.root','CERN-USER',guid='B8F53834-03C9-3349-C366-161467DF3FC4',catalog='None', checksum = 'de456b10')
2025-08-27T01:03:41,005202Z dirac-jobexec/FailoverTransfer INFO: dm.putAndRegister successfully uploaded and registered mc.root to CERN-USER
2025-08-27T01:03:41,321006Z dirac-jobexec/UserJobFinalization INFO: ===== Terminating 12.0.0a30 ===== 
