WARNING: Parsing of '.cfg' files as command line arguments is changing!
          Set the environment variable 'export DIRAC_NO_CFG=1' to pass the file as a positional
          argument (this will become the default).
          To modify the local configuration use '--cfg <configfile>' instead.
2025-08-27T00:18:25,897653Z dirac-jobexec INFO: JobID: 1164943171
2025-08-27T00:18:25,907018Z dirac-jobexec INFO: DIRAC JobID 1164943171 is running at site LCG.SARA.nl
Executing StepInstance RunScriptStep1 of type ScriptStep1 ['ScriptStep1']
2025-08-27T00:18:28,728481Z dirac-jobexec/CreateDataFile INFO: ===== Executing 12.0.0a30 ===== 
2025-08-27T00:18:28,731372Z dirac-jobexec INFO: Running in MultiProcessor is not allowed here
2025-08-27T00:18:28,732000Z dirac-jobexec/CreateDataFile INFO: Creating Ganga data file data.py from scratch
2025-08-27T00:18:29,134304Z dirac-jobexec/CreateDataFile INFO: Created Ganga data file data.py
2025-08-27T00:18:29,134898Z dirac-jobexec/CreateDataFile INFO: ===== Terminating 12.0.0a30 ===== 
2025-08-27T00:18:29,142901Z dirac-jobexec/LHCbScript INFO: Command is: /cvmfs/lhcb.cern.ch/lhcbdirac/versions/v12.0.0a30-1755085183/Linux-x86_64/bin/python3 jobScript/GaudiExec_afernez_Job_521.5_17b524e5-0a01-4861-83f0-5e39600385b7_script.py
2025-08-27T00:32:04,573825Z dirac-jobexec/LHCbScript INFO: /cvmfs/lhcb.cern.ch/lhcbdirac/versions/v12.0.0a30-1755085183/Linux-x86_64/bin/python3 jobScript/GaudiExec_afernez_Job_521.5_17b524e5-0a01-4861-83f0-5e39600385b7_script.py execution completed with status 0
2025-08-27T00:32:04,575240Z dirac-jobexec/LHCbScript INFO: Output written to Script1_Ganga_GaudiExec.log, execution complete.
2025-08-27T00:32:04,835151Z dirac-jobexec/LHCbScript INFO: GaudiExec successful
2025-08-27T00:32:04,836404Z dirac-jobexec/LHCbScript INFO: ===== Terminating <class 'LHCbDIRAC.Workflow.Modules.LHCbScript.LHCbScript'> ===== 
2025-08-27T00:32:04,846122Z dirac-jobexec/FileUsage INFO: ===== Executing 12.0.0a30 ===== 
2025-08-27T00:32:04,847240Z dirac-jobexec/FileUsage INFO: Popularity report =  {'/lhcb/MC/2016/ALLSTREAMS.DST/00173808/0000/': 3}
2025-08-27T00:32:05,022264Z dirac-jobexec/FileUsage INFO: Reporting input file usage successful!
2025-08-27T00:32:05,022950Z dirac-jobexec/FileUsage INFO: ===== Terminating 12.0.0a30 ===== 
2025-08-27T00:32:05,029967Z dirac-jobexec/UserJobFinalization INFO: ===== Executing 12.0.0a30 ===== 
2025-08-27T00:32:05,030638Z dirac-jobexec/DIRAC.DataManagementSystem.Utilities.ResolveSE INFO: Resolving workflow output SE description Tier1-USER
2025-08-27T00:32:05,042365Z dirac-jobexec/DIRAC.DataManagementSystem.Utilities.ResolveSE INFO: Found SEs, local first: ['SARA-USER', 'IN2P3-USER', 'PIC-USER', 'CERN-USER', 'GRIDKA-USER', 'CNAF-USER', 'RAL-USER']
2025-08-27T00:32:05,043151Z dirac-jobexec/DIRAC.DataManagementSystem.Utilities.ResolveSE INFO: Resolving workflow output SE description Tier1-Failover
2025-08-27T00:32:05,045969Z dirac-jobexec/DIRAC.DataManagementSystem.Utilities.ResolveSE INFO: Found SEs, local first: ['SARA-FAILOVER', 'PIC-FAILOVER', 'CERN-EOS-FAILOVER', 'IN2P3-FAILOVER', 'RAL-FAILOVER', 'CNAF-FAILOVER', 'GRIDKA-FAILOVER']
2025-08-27T00:32:05,046564Z dirac-jobexec/UserJobFinalization INFO: User specified output file list is: *.root
2025-08-27T00:32:05,047206Z dirac-jobexec/UserJobFinalization INFO: Found a pattern in the output data file list,           extra files to upload are: mc.root
2025-08-27T00:32:05,047529Z dirac-jobexec/UserJobFinalization INFO: Final list of files to upload are: mc.root
2025-08-27T00:32:05,047643Z dirac-jobexec/UserJobFinalization INFO: Constructing user output LFN(s) for mc.root
2025-08-27T00:32:05,273824Z dirac-jobexec/ProductionData INFO: Created the following output data LFN(s):
/lhcb/user/a/afernez/2025_08/1164943/1164943171/mc.root
2025-08-27T00:32:05,274842Z dirac-jobexec/UserJobFinalization INFO: No outputDataFileMask provided, the files with all the extensions will be considered
2025-08-27T00:32:05,275344Z dirac-jobexec/UserJobFinalization INFO: No outputDataStep provided, the files output of all the steps will be considered
2025-08-27T00:32:05,275509Z dirac-jobexec/UserJobFinalization INFO: Will search for POOL GUIDs for: mc.root
2025-08-27T00:32:05,541320Z dirac-jobexec INFO: GUIDs not found from POOL XML Catalogue (and were generated) for: mc.root
2025-08-27T00:32:05,541888Z dirac-jobexec/UserJobFinalization WARN: PoolXMLFile generated GUID(s) for the following files  mc.root
2025-08-27T00:32:05,545238Z dirac-jobexec/DIRAC.DataManagementSystem.Utilities.ResolveSE INFO: Resolving workflow output SE description Tier1-USER
2025-08-27T00:32:05,549351Z dirac-jobexec/DIRAC.DataManagementSystem.Utilities.ResolveSE INFO: Found eligible local SE ['SARA-USER']
2025-08-27T00:32:05,550083Z dirac-jobexec/UserJobFinalization INFO: Ordered list of output SEs is: SARA-USER, PIC-USER, CNAF-USER, IN2P3-USER, GRIDKA-USER, CERN-USER, RAL-USER
2025-08-27T00:32:05,550246Z dirac-jobexec/UserJobFinalization INFO: Creating DISABLE_WATCHDOG_CPU_WALLCLOCK_CHECK in order to disable the Watchdog
2025-08-27T00:32:05,550948Z dirac-jobexec/UserJobFinalization INFO: Attempting to store mc.root to the following SE(s): SARA-USER, PIC-USER, CNAF-USER, IN2P3-USER, GRIDKA-USER, CERN-USER, RAL-USER
2025-08-27T00:32:05,551123Z dirac-jobexec/FailoverTransfer INFO: Attempting dm.putAndRegister ('/lhcb/user/a/afernez/2025_08/1164943/1164943171/mc.root','/tmp/1164943171/mc.root','SARA-USER',guid='AF07771E-AEC7-E42C-5010-B5CA30C95EC5',catalog='None', checksum = 'fc118f82')
2025-08-27T00:32:08,435535Z dirac-jobexec/FailoverTransfer INFO: dm.putAndRegister successfully uploaded and registered mc.root to SARA-USER
2025-08-27T00:32:08,854478Z dirac-jobexec/UserJobFinalization INFO: ===== Terminating 12.0.0a30 ===== 
