WARNING: Parsing of '.cfg' files as command line arguments is changing!
          Set the environment variable 'export DIRAC_NO_CFG=1' to pass the file as a positional
          argument (this will become the default).
          To modify the local configuration use '--cfg <configfile>' instead.
2025-08-26T23:54:57,389521Z dirac-jobexec INFO: JobID: 1164942867
2025-08-26T23:54:57,397744Z dirac-jobexec INFO: DIRAC JobID 1164942867 is running at site LCG.CERN.cern
Executing StepInstance RunScriptStep1 of type ScriptStep1 ['ScriptStep1']
2025-08-26T23:54:59,250320Z dirac-jobexec/CreateDataFile INFO: ===== Executing 12.0.0a30 ===== 
2025-08-26T23:54:59,251419Z dirac-jobexec INFO: Getting numberOfProcessors from /Resources/Computing/CEDefaults/NumberOfProcessors
2025-08-26T23:54:59,251627Z dirac-jobexec/CreateDataFile INFO: Creating Ganga data file data.py from scratch
2025-08-26T23:54:59,440181Z dirac-jobexec/CreateDataFile INFO: Created Ganga data file data.py
2025-08-26T23:54:59,440397Z dirac-jobexec/CreateDataFile INFO: ===== Terminating 12.0.0a30 ===== 
2025-08-26T23:54:59,447951Z dirac-jobexec/LHCbScript INFO: Command is: /cvmfs/lhcb.cern.ch/lhcbdirac/versions/v12.0.0a30-1755085183/Linux-x86_64/bin/python3 jobScript/GaudiExec_afernez_Job_511.0_8c77bce8-520e-4300-882d-a080f63d115a_script.py
2025-08-27T05:20:00,595884Z dirac-jobexec/LHCbScript INFO: /cvmfs/lhcb.cern.ch/lhcbdirac/versions/v12.0.0a30-1755085183/Linux-x86_64/bin/python3 jobScript/GaudiExec_afernez_Job_511.0_8c77bce8-520e-4300-882d-a080f63d115a_script.py execution completed with status 0
2025-08-27T05:20:00,596855Z dirac-jobexec/LHCbScript INFO: Output written to Script1_Ganga_GaudiExec.log, execution complete.
2025-08-27T05:20:00,807157Z dirac-jobexec/LHCbScript INFO: GaudiExec successful
2025-08-27T05:20:00,812906Z dirac-jobexec/LHCbScript INFO: ===== Terminating <class 'LHCbDIRAC.Workflow.Modules.LHCbScript.LHCbScript'> ===== 
2025-08-27T05:20:01,123273Z dirac-jobexec/FileUsage INFO: ===== Executing 12.0.0a30 ===== 
2025-08-27T05:20:01,123813Z dirac-jobexec/FileUsage INFO: Popularity report =  {'/lhcb/MC/2016/D0TAUNU.SAFESTRIPTRIG.DST/00140819/0000/': 3}
2025-08-27T05:20:01,425651Z dirac-jobexec/FileUsage INFO: Reporting input file usage successful!
2025-08-27T05:20:01,425932Z dirac-jobexec/FileUsage INFO: ===== Terminating 12.0.0a30 ===== 
2025-08-27T05:20:01,433604Z dirac-jobexec/UserJobFinalization INFO: ===== Executing 12.0.0a30 ===== 
2025-08-27T05:20:01,433834Z dirac-jobexec/DIRAC.DataManagementSystem.Utilities.ResolveSE INFO: Resolving workflow output SE description Tier1-USER
2025-08-27T05:20:01,440965Z dirac-jobexec/DIRAC.DataManagementSystem.Utilities.ResolveSE INFO: Found SEs, local first: ['CERN-USER', 'GRIDKA-USER', 'IN2P3-USER', 'CNAF-USER', 'SARA-USER', 'RAL-USER', 'PIC-USER']
2025-08-27T05:20:01,441146Z dirac-jobexec/DIRAC.DataManagementSystem.Utilities.ResolveSE INFO: Resolving workflow output SE description Tier1-Failover
2025-08-27T05:20:01,446530Z dirac-jobexec/DIRAC.DataManagementSystem.Utilities.ResolveSE INFO: Found SEs, local first: ['CERN-EOS-FAILOVER', 'PIC-FAILOVER', 'CNAF-FAILOVER', 'SARA-FAILOVER', 'IN2P3-FAILOVER', 'RAL-FAILOVER', 'GRIDKA-FAILOVER']
2025-08-27T05:20:01,446949Z dirac-jobexec/UserJobFinalization INFO: User specified output file list is: *.root
2025-08-27T05:20:01,447591Z dirac-jobexec/UserJobFinalization INFO: Found a pattern in the output data file list,           extra files to upload are: mc.root
2025-08-27T05:20:01,447706Z dirac-jobexec/UserJobFinalization INFO: Final list of files to upload are: mc.root
2025-08-27T05:20:01,447796Z dirac-jobexec/UserJobFinalization INFO: Constructing user output LFN(s) for mc.root
2025-08-27T05:20:01,676179Z dirac-jobexec/ProductionData INFO: Created the following output data LFN(s):
/lhcb/user/a/afernez/2025_08/1164942/1164942867/mc.root
2025-08-27T05:20:01,676516Z dirac-jobexec/UserJobFinalization INFO: No outputDataFileMask provided, the files with all the extensions will be considered
2025-08-27T05:20:01,676612Z dirac-jobexec/UserJobFinalization INFO: No outputDataStep provided, the files output of all the steps will be considered
2025-08-27T05:20:01,676786Z dirac-jobexec/UserJobFinalization INFO: Will search for POOL GUIDs for: mc.root
2025-08-27T05:20:01,862925Z dirac-jobexec INFO: GUIDs not found from POOL XML Catalogue (and were generated) for: mc.root
2025-08-27T05:20:01,863189Z dirac-jobexec/UserJobFinalization WARN: PoolXMLFile generated GUID(s) for the following files  mc.root
2025-08-27T05:20:02,186243Z dirac-jobexec/DIRAC.DataManagementSystem.Utilities.ResolveSE INFO: Resolving workflow output SE description Tier1-USER
2025-08-27T05:20:02,192628Z dirac-jobexec/DIRAC.DataManagementSystem.Utilities.ResolveSE INFO: Found eligible local SE ['CERN-USER']
2025-08-27T05:20:02,192852Z dirac-jobexec/UserJobFinalization INFO: Ordered list of output SEs is: CERN-USER, SARA-USER, IN2P3-USER, RAL-USER, PIC-USER, GRIDKA-USER, CNAF-USER
2025-08-27T05:20:02,193028Z dirac-jobexec/UserJobFinalization INFO: Creating DISABLE_WATCHDOG_CPU_WALLCLOCK_CHECK in order to disable the Watchdog
2025-08-27T05:20:02,193521Z dirac-jobexec/UserJobFinalization INFO: Attempting to store mc.root to the following SE(s): CERN-USER, SARA-USER, IN2P3-USER, RAL-USER, PIC-USER, GRIDKA-USER, CNAF-USER
2025-08-27T05:20:02,193636Z dirac-jobexec/FailoverTransfer INFO: Attempting dm.putAndRegister ('/lhcb/user/a/afernez/2025_08/1164942/1164942867/mc.root','/tmp/1164942867/mc.root','CERN-USER',guid='20961B19-D905-0DD4-09F2-87C89E1C09B0',catalog='None', checksum = '769b26ac')
2025-08-27T05:20:04,910886Z dirac-jobexec/FailoverTransfer INFO: dm.putAndRegister successfully uploaded and registered mc.root to CERN-USER
2025-08-27T05:20:05,183372Z dirac-jobexec/UserJobFinalization INFO: ===== Terminating 12.0.0a30 ===== 
