WARNING: Parsing of '.cfg' files as command line arguments is changing!
          Set the environment variable 'export DIRAC_NO_CFG=1' to pass the file as a positional
          argument (this will become the default).
          To modify the local configuration use '--cfg <configfile>' instead.
2025-08-27T00:18:16,234084Z dirac-jobexec INFO: JobID: 1164943178
2025-08-27T00:18:16,241604Z dirac-jobexec INFO: DIRAC JobID 1164943178 is running at site LCG.RAL.uk
Executing StepInstance RunScriptStep1 of type ScriptStep1 ['ScriptStep1']
2025-08-27T00:18:18,239155Z dirac-jobexec/CreateDataFile INFO: ===== Executing 12.0.0a30 ===== 
2025-08-27T00:18:18,240190Z dirac-jobexec INFO: Running in MultiProcessor is not allowed here
2025-08-27T00:18:18,240329Z dirac-jobexec/CreateDataFile INFO: Creating Ganga data file data.py from scratch
2025-08-27T00:18:18,650041Z dirac-jobexec/CreateDataFile INFO: Created Ganga data file data.py
2025-08-27T00:18:18,650259Z dirac-jobexec/CreateDataFile INFO: ===== Terminating 12.0.0a30 ===== 
2025-08-27T00:18:18,656943Z dirac-jobexec/LHCbScript INFO: Command is: /cvmfs/lhcb.cern.ch/lhcbdirac/versions/v12.0.0a30-1755085183/Linux-x86_64/bin/python3 jobScript/GaudiExec_afernez_Job_521.12_17b524e5-0a01-4861-83f0-5e39600385b7_script.py
2025-08-27T00:35:16,624846Z dirac-jobexec/LHCbScript INFO: /cvmfs/lhcb.cern.ch/lhcbdirac/versions/v12.0.0a30-1755085183/Linux-x86_64/bin/python3 jobScript/GaudiExec_afernez_Job_521.12_17b524e5-0a01-4861-83f0-5e39600385b7_script.py execution completed with status 0
2025-08-27T00:35:16,625855Z dirac-jobexec/LHCbScript INFO: Output written to Script1_Ganga_GaudiExec.log, execution complete.
2025-08-27T00:35:17,089613Z dirac-jobexec/LHCbScript INFO: GaudiExec successful
2025-08-27T00:35:17,090149Z dirac-jobexec/LHCbScript INFO: ===== Terminating <class 'LHCbDIRAC.Workflow.Modules.LHCbScript.LHCbScript'> ===== 
2025-08-27T00:35:17,098715Z dirac-jobexec/FileUsage INFO: ===== Executing 12.0.0a30 ===== 
2025-08-27T00:35:17,099111Z dirac-jobexec/FileUsage INFO: Popularity report =  {'/lhcb/MC/2016/ALLSTREAMS.DST/00173808/0000/': 3}
2025-08-27T00:35:17,299757Z dirac-jobexec/FileUsage INFO: Reporting input file usage successful!
2025-08-27T00:35:17,300231Z dirac-jobexec/FileUsage INFO: ===== Terminating 12.0.0a30 ===== 
2025-08-27T00:35:17,309640Z dirac-jobexec/UserJobFinalization INFO: ===== Executing 12.0.0a30 ===== 
2025-08-27T00:35:17,310009Z dirac-jobexec/DIRAC.DataManagementSystem.Utilities.ResolveSE INFO: Resolving workflow output SE description Tier1-USER
2025-08-27T00:35:17,318741Z dirac-jobexec/DIRAC.DataManagementSystem.Utilities.ResolveSE INFO: Found SEs, local first: ['RAL-USER', 'PIC-USER', 'CERN-USER', 'IN2P3-USER', 'GRIDKA-USER', 'SARA-USER', 'CNAF-USER']
2025-08-27T00:35:17,318963Z dirac-jobexec/DIRAC.DataManagementSystem.Utilities.ResolveSE INFO: Resolving workflow output SE description Tier1-Failover
2025-08-27T00:35:17,322827Z dirac-jobexec/DIRAC.DataManagementSystem.Utilities.ResolveSE INFO: Found SEs, local first: ['RAL-FAILOVER', 'IN2P3-FAILOVER', 'SARA-FAILOVER', 'CNAF-FAILOVER', 'GRIDKA-FAILOVER', 'CERN-EOS-FAILOVER', 'PIC-FAILOVER']
2025-08-27T00:35:17,323243Z dirac-jobexec/UserJobFinalization INFO: User specified output file list is: *.root
2025-08-27T00:35:17,323940Z dirac-jobexec/UserJobFinalization INFO: Found a pattern in the output data file list,           extra files to upload are: mc.root
2025-08-27T00:35:17,324041Z dirac-jobexec/UserJobFinalization INFO: Final list of files to upload are: mc.root
2025-08-27T00:35:17,324126Z dirac-jobexec/UserJobFinalization INFO: Constructing user output LFN(s) for mc.root
2025-08-27T00:35:17,546814Z dirac-jobexec/ProductionData INFO: Created the following output data LFN(s):
/lhcb/user/a/afernez/2025_08/1164943/1164943178/mc.root
2025-08-27T00:35:17,547328Z dirac-jobexec/UserJobFinalization INFO: No outputDataFileMask provided, the files with all the extensions will be considered
2025-08-27T00:35:17,547617Z dirac-jobexec/UserJobFinalization INFO: No outputDataStep provided, the files output of all the steps will be considered
2025-08-27T00:35:17,548007Z dirac-jobexec/UserJobFinalization INFO: Will search for POOL GUIDs for: mc.root
2025-08-27T00:35:17,735370Z dirac-jobexec INFO: GUIDs not found from POOL XML Catalogue (and were generated) for: mc.root
2025-08-27T00:35:17,735719Z dirac-jobexec/UserJobFinalization WARN: PoolXMLFile generated GUID(s) for the following files  mc.root
2025-08-27T00:35:17,739277Z dirac-jobexec/DIRAC.DataManagementSystem.Utilities.ResolveSE INFO: Resolving workflow output SE description Tier1-USER
2025-08-27T00:35:17,744074Z dirac-jobexec/DIRAC.DataManagementSystem.Utilities.ResolveSE INFO: Found eligible local SE ['RAL-USER']
2025-08-27T00:35:17,744358Z dirac-jobexec/UserJobFinalization INFO: Ordered list of output SEs is: RAL-USER, PIC-USER, IN2P3-USER, CNAF-USER, GRIDKA-USER, SARA-USER, CERN-USER
2025-08-27T00:35:17,744488Z dirac-jobexec/UserJobFinalization INFO: Creating DISABLE_WATCHDOG_CPU_WALLCLOCK_CHECK in order to disable the Watchdog
2025-08-27T00:35:17,745167Z dirac-jobexec/UserJobFinalization INFO: Attempting to store mc.root to the following SE(s): RAL-USER, PIC-USER, IN2P3-USER, CNAF-USER, GRIDKA-USER, SARA-USER, CERN-USER
2025-08-27T00:35:17,745283Z dirac-jobexec/FailoverTransfer INFO: Attempting dm.putAndRegister ('/lhcb/user/a/afernez/2025_08/1164943/1164943178/mc.root','/tmp/1164943178/mc.root','RAL-USER',guid='6732A34D-8C2B-9084-96F9-93DC09E36C43',catalog='None', checksum = 'ffbae372')
2025-08-27T00:35:20,898159Z dirac-jobexec/FailoverTransfer INFO: dm.putAndRegister successfully uploaded and registered mc.root to RAL-USER
2025-08-27T00:35:21,360016Z dirac-jobexec/UserJobFinalization INFO: ===== Terminating 12.0.0a30 ===== 
