WARNING: Parsing of '.cfg' files as command line arguments is changing!
          Set the environment variable 'export DIRAC_NO_CFG=1' to pass the file as a positional
          argument (this will become the default).
          To modify the local configuration use '--cfg <configfile>' instead.
2025-08-27T05:08:10,176523Z dirac-jobexec INFO: JobID: 1164942824
2025-08-27T05:08:10,180511Z dirac-jobexec INFO: DIRAC JobID 1164942824 is running at site LCG.IN2P3.fr
Executing StepInstance RunScriptStep1 of type ScriptStep1 ['ScriptStep1']
2025-08-27T05:08:11,649220Z dirac-jobexec/CreateDataFile INFO: ===== Executing 12.0.0a30 ===== 
2025-08-27T05:08:11,649946Z dirac-jobexec INFO: Running in MultiProcessor is not allowed here
2025-08-27T05:08:11,650034Z dirac-jobexec/CreateDataFile INFO: Creating Ganga data file data.py from scratch
2025-08-27T05:08:11,798793Z dirac-jobexec/CreateDataFile INFO: Created Ganga data file data.py
2025-08-27T05:08:11,798966Z dirac-jobexec/CreateDataFile INFO: ===== Terminating 12.0.0a30 ===== 
2025-08-27T05:08:11,803899Z dirac-jobexec/LHCbScript INFO: Command is: /cvmfs/lhcb.cern.ch/lhcbdirac/versions/v12.0.0a30-1755085183/Linux-x86_64/bin/python3 jobScript/GaudiExec_afernez_Job_509.13_1c52fda8-fffc-48c0-a287-433c29024e7d_script.py
2025-08-27T08:50:47,667476Z dirac-jobexec/LHCbScript INFO: /cvmfs/lhcb.cern.ch/lhcbdirac/versions/v12.0.0a30-1755085183/Linux-x86_64/bin/python3 jobScript/GaudiExec_afernez_Job_509.13_1c52fda8-fffc-48c0-a287-433c29024e7d_script.py execution completed with status 0
2025-08-27T08:50:47,670586Z dirac-jobexec/LHCbScript INFO: Output written to Script1_Ganga_GaudiExec.log, execution complete.
2025-08-27T08:50:47,974513Z dirac-jobexec/LHCbScript INFO: GaudiExec successful
2025-08-27T08:50:47,975335Z dirac-jobexec/LHCbScript INFO: ===== Terminating <class 'LHCbDIRAC.Workflow.Modules.LHCbScript.LHCbScript'> ===== 
2025-08-27T08:50:47,985954Z dirac-jobexec/FileUsage INFO: ===== Executing 12.0.0a30 ===== 
2025-08-27T08:50:47,986774Z dirac-jobexec/FileUsage INFO: Popularity report =  {'/lhcb/MC/2016/D0TAUNU.SAFESTRIPTRIG.DST/00140810/0000/': 3}
2025-08-27T08:50:48,092204Z dirac-jobexec/FileUsage INFO: Reporting input file usage successful!
2025-08-27T08:50:48,092615Z dirac-jobexec/FileUsage INFO: ===== Terminating 12.0.0a30 ===== 
2025-08-27T08:50:48,097989Z dirac-jobexec/UserJobFinalization INFO: ===== Executing 12.0.0a30 ===== 
2025-08-27T08:50:48,098284Z dirac-jobexec/DIRAC.DataManagementSystem.Utilities.ResolveSE INFO: Resolving workflow output SE description Tier1-USER
2025-08-27T08:50:48,104330Z dirac-jobexec/DIRAC.DataManagementSystem.Utilities.ResolveSE INFO: Found SEs, local first: ['IN2P3-USER', 'RAL-USER', 'PIC-USER', 'CNAF-USER', 'SARA-USER', 'CERN-USER', 'GRIDKA-USER']
2025-08-27T08:50:48,104499Z dirac-jobexec/DIRAC.DataManagementSystem.Utilities.ResolveSE INFO: Resolving workflow output SE description Tier1-Failover
2025-08-27T08:50:48,107064Z dirac-jobexec/DIRAC.DataManagementSystem.Utilities.ResolveSE INFO: Found SEs, local first: ['IN2P3-FAILOVER', 'CNAF-FAILOVER', 'GRIDKA-FAILOVER', 'RAL-FAILOVER', 'CERN-EOS-FAILOVER', 'PIC-FAILOVER', 'SARA-FAILOVER']
2025-08-27T08:50:48,107294Z dirac-jobexec/UserJobFinalization INFO: User specified output file list is: *.root
2025-08-27T08:50:48,107709Z dirac-jobexec/UserJobFinalization INFO: Found a pattern in the output data file list,           extra files to upload are: mc.root
2025-08-27T08:50:48,107777Z dirac-jobexec/UserJobFinalization INFO: Final list of files to upload are: mc.root
2025-08-27T08:50:48,107848Z dirac-jobexec/UserJobFinalization INFO: Constructing user output LFN(s) for mc.root
2025-08-27T08:50:48,190626Z dirac-jobexec/ProductionData INFO: Created the following output data LFN(s):
/lhcb/user/a/afernez/2025_08/1164942/1164942824/mc.root
2025-08-27T08:50:48,190993Z dirac-jobexec/UserJobFinalization INFO: No outputDataFileMask provided, the files with all the extensions will be considered
2025-08-27T08:50:48,191066Z dirac-jobexec/UserJobFinalization INFO: No outputDataStep provided, the files output of all the steps will be considered
2025-08-27T08:50:48,191156Z dirac-jobexec/UserJobFinalization INFO: Will search for POOL GUIDs for: mc.root
2025-08-27T08:50:48,362427Z dirac-jobexec INFO: GUIDs not found from POOL XML Catalogue (and were generated) for: mc.root
2025-08-27T08:50:48,362652Z dirac-jobexec/UserJobFinalization WARN: PoolXMLFile generated GUID(s) for the following files  mc.root
2025-08-27T08:50:48,566345Z dirac-jobexec/DIRAC.DataManagementSystem.Utilities.ResolveSE INFO: Resolving workflow output SE description Tier1-USER
2025-08-27T08:50:48,568839Z dirac-jobexec/DIRAC.DataManagementSystem.Utilities.ResolveSE INFO: Found eligible local SE ['IN2P3-USER']
2025-08-27T08:50:48,568931Z dirac-jobexec/UserJobFinalization INFO: Ordered list of output SEs is: IN2P3-USER, CNAF-USER, CERN-USER, SARA-USER, RAL-USER, GRIDKA-USER, PIC-USER
2025-08-27T08:50:48,568989Z dirac-jobexec/UserJobFinalization INFO: Creating DISABLE_WATCHDOG_CPU_WALLCLOCK_CHECK in order to disable the Watchdog
2025-08-27T08:50:48,569279Z dirac-jobexec/UserJobFinalization INFO: Attempting to store mc.root to the following SE(s): IN2P3-USER, CNAF-USER, CERN-USER, SARA-USER, RAL-USER, GRIDKA-USER, PIC-USER
2025-08-27T08:50:48,569344Z dirac-jobexec/FailoverTransfer INFO: Attempting dm.putAndRegister ('/lhcb/user/a/afernez/2025_08/1164942/1164942824/mc.root','/tmp/1164942824/mc.root','IN2P3-USER',guid='4875AE0E-9687-D03F-9101-B3A722EB5FC9',catalog='None', checksum = '0a9a351e')
2025-08-27T08:50:50,872458Z dirac-jobexec/FailoverTransfer INFO: dm.putAndRegister successfully uploaded and registered mc.root to IN2P3-USER
2025-08-27T08:50:51,035482Z dirac-jobexec/UserJobFinalization INFO: ===== Terminating 12.0.0a30 ===== 
