WARNING: Parsing of '.cfg' files as command line arguments is changing!
          Set the environment variable 'export DIRAC_NO_CFG=1' to pass the file as a positional
          argument (this will become the default).
          To modify the local configuration use '--cfg <configfile>' instead.
2025-08-27T00:10:52,702037Z dirac-jobexec INFO: JobID: 1164943014
2025-08-27T00:10:52,718396Z dirac-jobexec INFO: DIRAC JobID 1164943014 is running at site LCG.SARA.nl
Executing StepInstance RunScriptStep1 of type ScriptStep1 ['ScriptStep1']
2025-08-27T00:10:56,833835Z dirac-jobexec/CreateDataFile INFO: ===== Executing 12.0.0a30 ===== 
2025-08-27T00:10:56,837220Z dirac-jobexec INFO: Running in MultiProcessor is not allowed here
2025-08-27T00:10:56,837938Z dirac-jobexec/CreateDataFile INFO: Creating Ganga data file data.py from scratch
2025-08-27T00:10:57,219306Z dirac-jobexec/CreateDataFile INFO: Created Ganga data file data.py
2025-08-27T00:10:57,219895Z dirac-jobexec/CreateDataFile INFO: ===== Terminating 12.0.0a30 ===== 
2025-08-27T00:10:57,229310Z dirac-jobexec/LHCbScript INFO: Command is: /cvmfs/lhcb.cern.ch/lhcbdirac/versions/v12.0.0a30-1755085183/Linux-x86_64/bin/python3 jobScript/GaudiExec_afernez_Job_519.17_95ac0898-b1e3-4ba2-8db7-a0e9916ec57f_script.py
2025-08-27T00:18:26,633727Z dirac-jobexec/LHCbScript INFO: /cvmfs/lhcb.cern.ch/lhcbdirac/versions/v12.0.0a30-1755085183/Linux-x86_64/bin/python3 jobScript/GaudiExec_afernez_Job_519.17_95ac0898-b1e3-4ba2-8db7-a0e9916ec57f_script.py execution completed with status 0
2025-08-27T00:18:26,641962Z dirac-jobexec/LHCbScript INFO: Output written to Script1_Ganga_GaudiExec.log, execution complete.
2025-08-27T00:18:26,902239Z dirac-jobexec/LHCbScript INFO: GaudiExec successful
2025-08-27T00:18:26,903390Z dirac-jobexec/LHCbScript INFO: ===== Terminating <class 'LHCbDIRAC.Workflow.Modules.LHCbScript.LHCbScript'> ===== 
2025-08-27T00:18:26,919584Z dirac-jobexec/FileUsage INFO: ===== Executing 12.0.0a30 ===== 
2025-08-27T00:18:26,921316Z dirac-jobexec/FileUsage INFO: Popularity report =  {'/lhcb/MC/2016/ALLSTREAMS.DST/00173814/0000/': 1}
2025-08-27T00:18:27,135697Z dirac-jobexec/FileUsage INFO: Reporting input file usage successful!
2025-08-27T00:18:27,136523Z dirac-jobexec/FileUsage INFO: ===== Terminating 12.0.0a30 ===== 
2025-08-27T00:18:27,145581Z dirac-jobexec/UserJobFinalization INFO: ===== Executing 12.0.0a30 ===== 
2025-08-27T00:18:27,146315Z dirac-jobexec/DIRAC.DataManagementSystem.Utilities.ResolveSE INFO: Resolving workflow output SE description Tier1-USER
2025-08-27T00:18:27,158612Z dirac-jobexec/DIRAC.DataManagementSystem.Utilities.ResolveSE INFO: Found SEs, local first: ['SARA-USER', 'PIC-USER', 'RAL-USER', 'GRIDKA-USER', 'CERN-USER', 'CNAF-USER', 'IN2P3-USER']
2025-08-27T00:18:27,159370Z dirac-jobexec/DIRAC.DataManagementSystem.Utilities.ResolveSE INFO: Resolving workflow output SE description Tier1-Failover
2025-08-27T00:18:27,162932Z dirac-jobexec/DIRAC.DataManagementSystem.Utilities.ResolveSE INFO: Found SEs, local first: ['SARA-FAILOVER', 'PIC-FAILOVER', 'RAL-FAILOVER', 'CERN-EOS-FAILOVER', 'CNAF-FAILOVER', 'GRIDKA-FAILOVER', 'IN2P3-FAILOVER']
2025-08-27T00:18:27,163620Z dirac-jobexec/UserJobFinalization INFO: User specified output file list is: *.root
2025-08-27T00:18:27,164390Z dirac-jobexec/UserJobFinalization INFO: Found a pattern in the output data file list,           extra files to upload are: mc.root
2025-08-27T00:18:27,164707Z dirac-jobexec/UserJobFinalization INFO: Final list of files to upload are: mc.root
2025-08-27T00:18:27,164871Z dirac-jobexec/UserJobFinalization INFO: Constructing user output LFN(s) for mc.root
2025-08-27T00:18:27,395239Z dirac-jobexec/ProductionData INFO: Created the following output data LFN(s):
/lhcb/user/a/afernez/2025_08/1164943/1164943014/mc.root
2025-08-27T00:18:27,396289Z dirac-jobexec/UserJobFinalization INFO: No outputDataFileMask provided, the files with all the extensions will be considered
2025-08-27T00:18:27,397112Z dirac-jobexec/UserJobFinalization INFO: No outputDataStep provided, the files output of all the steps will be considered
2025-08-27T00:18:27,397349Z dirac-jobexec/UserJobFinalization INFO: Will search for POOL GUIDs for: mc.root
2025-08-27T00:18:27,737021Z dirac-jobexec INFO: GUIDs not found from POOL XML Catalogue (and were generated) for: mc.root
2025-08-27T00:18:27,737555Z dirac-jobexec/UserJobFinalization WARN: PoolXMLFile generated GUID(s) for the following files  mc.root
2025-08-27T00:18:27,738903Z dirac-jobexec/DIRAC.DataManagementSystem.Utilities.ResolveSE INFO: Resolving workflow output SE description Tier1-USER
2025-08-27T00:18:27,743159Z dirac-jobexec/DIRAC.DataManagementSystem.Utilities.ResolveSE INFO: Found eligible local SE ['SARA-USER']
2025-08-27T00:18:27,744195Z dirac-jobexec/UserJobFinalization INFO: Ordered list of output SEs is: SARA-USER, CERN-USER, GRIDKA-USER, PIC-USER, RAL-USER, IN2P3-USER, CNAF-USER
2025-08-27T00:18:27,744462Z dirac-jobexec/UserJobFinalization INFO: Creating DISABLE_WATCHDOG_CPU_WALLCLOCK_CHECK in order to disable the Watchdog
2025-08-27T00:18:27,745688Z dirac-jobexec/UserJobFinalization INFO: Attempting to store mc.root to the following SE(s): SARA-USER, CERN-USER, GRIDKA-USER, PIC-USER, RAL-USER, IN2P3-USER, CNAF-USER
2025-08-27T00:18:27,746259Z dirac-jobexec/FailoverTransfer INFO: Attempting dm.putAndRegister ('/lhcb/user/a/afernez/2025_08/1164943/1164943014/mc.root','/tmp/1164943014/mc.root','SARA-USER',guid='6A8AAEB8-284C-3AAF-40BC-D7434220104A',catalog='None', checksum = '5d178de0')
2025-08-27T00:18:30,683293Z dirac-jobexec/FailoverTransfer INFO: dm.putAndRegister successfully uploaded and registered mc.root to SARA-USER
2025-08-27T00:18:31,071312Z dirac-jobexec/UserJobFinalization INFO: ===== Terminating 12.0.0a30 ===== 
