WARNING: Parsing of '.cfg' files as command line arguments is changing!
          Set the environment variable 'export DIRAC_NO_CFG=1' to pass the file as a positional
          argument (this will become the default).
          To modify the local configuration use '--cfg <configfile>' instead.
2025-08-26T23:18:53,417906Z dirac-jobexec INFO: JobID: 1164942617
2025-08-26T23:18:53,493893Z dirac-jobexec INFO: DIRAC JobID 1164942617 is running at site LCG.CERN.cern
Executing StepInstance RunScriptStep1 of type ScriptStep1 ['ScriptStep1']
2025-08-26T23:19:06,885941Z dirac-jobexec/CreateDataFile INFO: ===== Executing 12.0.0a30 ===== 
2025-08-26T23:19:06,888368Z dirac-jobexec INFO: Running in MultiProcessor is not allowed here
2025-08-26T23:19:06,889425Z dirac-jobexec/CreateDataFile INFO: Creating Ganga data file data.py from scratch
2025-08-26T23:19:07,182202Z dirac-jobexec/CreateDataFile INFO: Created Ganga data file data.py
2025-08-26T23:19:07,182476Z dirac-jobexec/CreateDataFile INFO: ===== Terminating 12.0.0a30 ===== 
2025-08-26T23:19:07,209027Z dirac-jobexec/LHCbScript INFO: Command is: /cvmfs/lhcb.cern.ch/lhcbdirac/versions/v12.0.0a30-1755085183/Linux-x86_64/bin/python3 jobScript/GaudiExec_afernez_Job_496.5_e3c5c5bd-4ba0-469b-bec5-679b83091e74_script.py
2025-08-27T05:34:20,171242Z dirac-jobexec/LHCbScript INFO: /cvmfs/lhcb.cern.ch/lhcbdirac/versions/v12.0.0a30-1755085183/Linux-x86_64/bin/python3 jobScript/GaudiExec_afernez_Job_496.5_e3c5c5bd-4ba0-469b-bec5-679b83091e74_script.py execution completed with status 0
2025-08-27T05:34:20,172126Z dirac-jobexec/LHCbScript INFO: Output written to Script1_Ganga_GaudiExec.log, execution complete.
2025-08-27T05:34:20,626572Z dirac-jobexec/LHCbScript INFO: GaudiExec successful
2025-08-27T05:34:20,627248Z dirac-jobexec/LHCbScript INFO: ===== Terminating <class 'LHCbDIRAC.Workflow.Modules.LHCbScript.LHCbScript'> ===== 
2025-08-27T05:34:20,840946Z dirac-jobexec/FileUsage INFO: ===== Executing 12.0.0a30 ===== 
2025-08-27T05:34:20,841466Z dirac-jobexec/FileUsage INFO: Popularity report =  {'/lhcb/MC/2016/D0TAUNU.SAFESTRIPTRIG.DST/00140846/0000/': 3}
2025-08-27T05:34:21,042146Z dirac-jobexec/FileUsage INFO: Reporting input file usage successful!
2025-08-27T05:34:21,042459Z dirac-jobexec/FileUsage INFO: ===== Terminating 12.0.0a30 ===== 
2025-08-27T05:34:21,053462Z dirac-jobexec/UserJobFinalization INFO: ===== Executing 12.0.0a30 ===== 
2025-08-27T05:34:21,053739Z dirac-jobexec/DIRAC.DataManagementSystem.Utilities.ResolveSE INFO: Resolving workflow output SE description Tier1-USER
2025-08-27T05:34:21,066645Z dirac-jobexec/DIRAC.DataManagementSystem.Utilities.ResolveSE INFO: Found SEs, local first: ['CERN-USER', 'PIC-USER', 'SARA-USER', 'GRIDKA-USER', 'CNAF-USER', 'IN2P3-USER', 'RAL-USER']
2025-08-27T05:34:21,066873Z dirac-jobexec/DIRAC.DataManagementSystem.Utilities.ResolveSE INFO: Resolving workflow output SE description Tier1-Failover
2025-08-27T05:34:21,073233Z dirac-jobexec/DIRAC.DataManagementSystem.Utilities.ResolveSE INFO: Found SEs, local first: ['CERN-EOS-FAILOVER', 'GRIDKA-FAILOVER', 'IN2P3-FAILOVER', 'CNAF-FAILOVER', 'RAL-FAILOVER', 'PIC-FAILOVER', 'SARA-FAILOVER']
2025-08-27T05:34:21,073734Z dirac-jobexec/UserJobFinalization INFO: User specified output file list is: *.root
2025-08-27T05:34:21,074375Z dirac-jobexec/UserJobFinalization INFO: Found a pattern in the output data file list,           extra files to upload are: mc.root
2025-08-27T05:34:21,074522Z dirac-jobexec/UserJobFinalization INFO: Final list of files to upload are: mc.root
2025-08-27T05:34:21,079936Z dirac-jobexec/UserJobFinalization INFO: Constructing user output LFN(s) for mc.root
2025-08-27T05:34:21,412724Z dirac-jobexec/ProductionData INFO: Created the following output data LFN(s):
/lhcb/user/a/afernez/2025_08/1164942/1164942617/mc.root
2025-08-27T05:34:21,413138Z dirac-jobexec/UserJobFinalization INFO: No outputDataFileMask provided, the files with all the extensions will be considered
2025-08-27T05:34:21,413246Z dirac-jobexec/UserJobFinalization INFO: No outputDataStep provided, the files output of all the steps will be considered
2025-08-27T05:34:21,413355Z dirac-jobexec/UserJobFinalization INFO: Will search for POOL GUIDs for: mc.root
2025-08-27T05:34:21,670296Z dirac-jobexec INFO: GUIDs not found from POOL XML Catalogue (and were generated) for: mc.root
2025-08-27T05:34:21,670618Z dirac-jobexec/UserJobFinalization WARN: PoolXMLFile generated GUID(s) for the following files  mc.root
2025-08-27T05:34:22,046725Z dirac-jobexec/DIRAC.DataManagementSystem.Utilities.ResolveSE INFO: Resolving workflow output SE description Tier1-USER
2025-08-27T05:34:22,053921Z dirac-jobexec/DIRAC.DataManagementSystem.Utilities.ResolveSE INFO: Found eligible local SE ['CERN-USER']
2025-08-27T05:34:22,054194Z dirac-jobexec/UserJobFinalization INFO: Ordered list of output SEs is: CERN-USER, SARA-USER, IN2P3-USER, PIC-USER, CNAF-USER, RAL-USER, GRIDKA-USER
2025-08-27T05:34:22,054326Z dirac-jobexec/UserJobFinalization INFO: Creating DISABLE_WATCHDOG_CPU_WALLCLOCK_CHECK in order to disable the Watchdog
2025-08-27T05:34:22,056420Z dirac-jobexec/UserJobFinalization INFO: Attempting to store mc.root to the following SE(s): CERN-USER, SARA-USER, IN2P3-USER, PIC-USER, CNAF-USER, RAL-USER, GRIDKA-USER
2025-08-27T05:34:22,056645Z dirac-jobexec/FailoverTransfer INFO: Attempting dm.putAndRegister ('/lhcb/user/a/afernez/2025_08/1164942/1164942617/mc.root','/tmp/1164942617/mc.root','CERN-USER',guid='DEE2544B-9A68-7F5E-E29B-E7DF741409C2',catalog='None', checksum = 'b2e26c66')
2025-08-27T05:34:25,208740Z dirac-jobexec/FailoverTransfer INFO: dm.putAndRegister successfully uploaded and registered mc.root to CERN-USER
2025-08-27T05:34:25,425641Z dirac-jobexec/UserJobFinalization INFO: ===== Terminating 12.0.0a30 ===== 
