WARNING: Parsing of '.cfg' files as command line arguments is changing!
          Set the environment variable 'export DIRAC_NO_CFG=1' to pass the file as a positional
          argument (this will become the default).
          To modify the local configuration use '--cfg <configfile>' instead.
2025-08-26T23:27:30,291561Z dirac-jobexec INFO: JobID: 1164942806
2025-08-26T23:27:30,306257Z dirac-jobexec INFO: DIRAC JobID 1164942806 is running at site LCG.RAL.uk
Executing StepInstance RunScriptStep1 of type ScriptStep1 ['ScriptStep1']
2025-08-26T23:27:33,691342Z dirac-jobexec/CreateDataFile INFO: ===== Executing 12.0.0a30 ===== 
2025-08-26T23:27:33,693115Z dirac-jobexec INFO: Running in MultiProcessor is not allowed here
2025-08-26T23:27:33,693359Z dirac-jobexec/CreateDataFile INFO: Creating Ganga data file data.py from scratch
2025-08-26T23:27:34,107577Z dirac-jobexec/CreateDataFile INFO: Created Ganga data file data.py
2025-08-26T23:27:34,107885Z dirac-jobexec/CreateDataFile INFO: ===== Terminating 12.0.0a30 ===== 
2025-08-26T23:27:34,117738Z dirac-jobexec/LHCbScript INFO: Command is: /cvmfs/lhcb.cern.ch/lhcbdirac/versions/v12.0.0a30-1755085183/Linux-x86_64/bin/python3 jobScript/GaudiExec_afernez_Job_505.18_e1561b23-9300-4813-aa17-f0ad8a4d22f8_script.py
2025-08-27T01:06:57,030925Z dirac-jobexec/LHCbScript INFO: /cvmfs/lhcb.cern.ch/lhcbdirac/versions/v12.0.0a30-1755085183/Linux-x86_64/bin/python3 jobScript/GaudiExec_afernez_Job_505.18_e1561b23-9300-4813-aa17-f0ad8a4d22f8_script.py execution completed with status 0
2025-08-27T01:06:57,032496Z dirac-jobexec/LHCbScript INFO: Output written to Script1_Ganga_GaudiExec.log, execution complete.
2025-08-27T01:06:57,435787Z dirac-jobexec/LHCbScript INFO: GaudiExec successful
2025-08-27T01:06:57,442087Z dirac-jobexec/LHCbScript INFO: ===== Terminating <class 'LHCbDIRAC.Workflow.Modules.LHCbScript.LHCbScript'> ===== 
2025-08-27T01:06:57,745325Z dirac-jobexec/FileUsage INFO: ===== Executing 12.0.0a30 ===== 
2025-08-27T01:06:57,746042Z dirac-jobexec/FileUsage INFO: Popularity report =  {'/lhcb/MC/2016/D0TAUNU.SAFESTRIPTRIG.DST/00140789/0000/': 1}
2025-08-27T01:06:57,924482Z dirac-jobexec/FileUsage INFO: Reporting input file usage successful!
2025-08-27T01:06:57,924837Z dirac-jobexec/FileUsage INFO: ===== Terminating 12.0.0a30 ===== 
2025-08-27T01:06:57,931416Z dirac-jobexec/UserJobFinalization INFO: ===== Executing 12.0.0a30 ===== 
2025-08-27T01:06:57,931729Z dirac-jobexec/DIRAC.DataManagementSystem.Utilities.ResolveSE INFO: Resolving workflow output SE description Tier1-USER
2025-08-27T01:06:57,943066Z dirac-jobexec/DIRAC.DataManagementSystem.Utilities.ResolveSE INFO: Found SEs, local first: ['RAL-USER', 'PIC-USER', 'CNAF-USER', 'IN2P3-USER', 'GRIDKA-USER', 'SARA-USER', 'CERN-USER']
2025-08-27T01:06:57,943648Z dirac-jobexec/DIRAC.DataManagementSystem.Utilities.ResolveSE INFO: Resolving workflow output SE description Tier1-Failover
2025-08-27T01:06:57,950873Z dirac-jobexec/DIRAC.DataManagementSystem.Utilities.ResolveSE INFO: Found SEs, local first: ['RAL-FAILOVER', 'IN2P3-FAILOVER', 'CNAF-FAILOVER', 'GRIDKA-FAILOVER', 'PIC-FAILOVER', 'SARA-FAILOVER', 'CERN-EOS-FAILOVER']
2025-08-27T01:06:57,951703Z dirac-jobexec/UserJobFinalization INFO: User specified output file list is: *.root
2025-08-27T01:06:57,952632Z dirac-jobexec/UserJobFinalization INFO: Found a pattern in the output data file list,           extra files to upload are: mc.root
2025-08-27T01:06:57,952862Z dirac-jobexec/UserJobFinalization INFO: Final list of files to upload are: mc.root
2025-08-27T01:06:57,953129Z dirac-jobexec/UserJobFinalization INFO: Constructing user output LFN(s) for mc.root
2025-08-27T01:06:58,156234Z dirac-jobexec/ProductionData INFO: Created the following output data LFN(s):
/lhcb/user/a/afernez/2025_08/1164942/1164942806/mc.root
2025-08-27T01:06:58,157608Z dirac-jobexec/UserJobFinalization INFO: No outputDataFileMask provided, the files with all the extensions will be considered
2025-08-27T01:06:58,157841Z dirac-jobexec/UserJobFinalization INFO: No outputDataStep provided, the files output of all the steps will be considered
2025-08-27T01:06:58,157967Z dirac-jobexec/UserJobFinalization INFO: Will search for POOL GUIDs for: mc.root
2025-08-27T01:06:58,247820Z dirac-jobexec INFO: GUIDs not found from POOL XML Catalogue (and were generated) for: mc.root
2025-08-27T01:06:58,248176Z dirac-jobexec/UserJobFinalization WARN: PoolXMLFile generated GUID(s) for the following files  mc.root
2025-08-27T01:06:58,333209Z dirac-jobexec/DIRAC.DataManagementSystem.Utilities.ResolveSE INFO: Resolving workflow output SE description Tier1-USER
2025-08-27T01:06:58,338270Z dirac-jobexec/DIRAC.DataManagementSystem.Utilities.ResolveSE INFO: Found eligible local SE ['RAL-USER']
2025-08-27T01:06:58,338576Z dirac-jobexec/UserJobFinalization INFO: Ordered list of output SEs is: RAL-USER, CERN-USER, IN2P3-USER, GRIDKA-USER, PIC-USER, CNAF-USER, SARA-USER
2025-08-27T01:06:58,338708Z dirac-jobexec/UserJobFinalization INFO: Creating DISABLE_WATCHDOG_CPU_WALLCLOCK_CHECK in order to disable the Watchdog
2025-08-27T01:06:58,339241Z dirac-jobexec/UserJobFinalization INFO: Attempting to store mc.root to the following SE(s): RAL-USER, CERN-USER, IN2P3-USER, GRIDKA-USER, PIC-USER, CNAF-USER, SARA-USER
2025-08-27T01:06:58,339365Z dirac-jobexec/FailoverTransfer INFO: Attempting dm.putAndRegister ('/lhcb/user/a/afernez/2025_08/1164942/1164942806/mc.root','/tmp/1164942806/mc.root','RAL-USER',guid='C05F4FF3-A407-D357-932A-86AFE6673C09',catalog='None', checksum = 'b6daf429')
2025-08-27T01:07:04,207327Z dirac-jobexec/FailoverTransfer INFO: dm.putAndRegister successfully uploaded and registered mc.root to RAL-USER
2025-08-27T01:07:04,636734Z dirac-jobexec/UserJobFinalization INFO: ===== Terminating 12.0.0a30 ===== 
