WARNING: Parsing of '.cfg' files as command line arguments is changing!
          Set the environment variable 'export DIRAC_NO_CFG=1' to pass the file as a positional
          argument (this will become the default).
          To modify the local configuration use '--cfg <configfile>' instead.
2025-08-26T23:19:48,560497Z dirac-jobexec INFO: JobID: 1164942708
2025-08-26T23:19:48,566482Z dirac-jobexec INFO: DIRAC JobID 1164942708 is running at site LCG.CNAF.it
Executing StepInstance RunScriptStep1 of type ScriptStep1 ['ScriptStep1']
2025-08-26T23:19:49,830665Z dirac-jobexec/CreateDataFile INFO: ===== Executing 12.0.0a30 ===== 
2025-08-26T23:19:49,831478Z dirac-jobexec INFO: Running in MultiProcessor is not allowed here
2025-08-26T23:19:49,831573Z dirac-jobexec/CreateDataFile INFO: Creating Ganga data file data.py from scratch
2025-08-26T23:19:50,295896Z dirac-jobexec/CreateDataFile INFO: Created Ganga data file data.py
2025-08-26T23:19:50,296570Z dirac-jobexec/CreateDataFile INFO: ===== Terminating 12.0.0a30 ===== 
2025-08-26T23:19:50,301416Z dirac-jobexec/LHCbScript INFO: Command is: /cvmfs/lhcb.cern.ch/lhcbdirac/versions/v12.0.0a30-1755085183/Linux-x86_64/bin/python3 jobScript/GaudiExec_afernez_Job_501.12_c4b7d374-3967-41ba-bc35-1901373c3880_script.py
2025-08-27T01:34:22,924388Z dirac-jobexec/LHCbScript INFO: /cvmfs/lhcb.cern.ch/lhcbdirac/versions/v12.0.0a30-1755085183/Linux-x86_64/bin/python3 jobScript/GaudiExec_afernez_Job_501.12_c4b7d374-3967-41ba-bc35-1901373c3880_script.py execution completed with status 0
2025-08-27T01:34:22,925779Z dirac-jobexec/LHCbScript INFO: Output written to Script1_Ganga_GaudiExec.log, execution complete.
2025-08-27T01:34:23,161542Z dirac-jobexec/LHCbScript INFO: GaudiExec successful
2025-08-27T01:34:23,161957Z dirac-jobexec/LHCbScript INFO: ===== Terminating <class 'LHCbDIRAC.Workflow.Modules.LHCbScript.LHCbScript'> ===== 
2025-08-27T01:34:23,397339Z dirac-jobexec/FileUsage INFO: ===== Executing 12.0.0a30 ===== 
2025-08-27T01:34:23,397651Z dirac-jobexec/FileUsage INFO: Popularity report =  {'/lhcb/MC/2016/D0TAUNU.SAFESTRIPTRIG.DST/00140813/0000/': 3}
2025-08-27T01:34:23,531544Z dirac-jobexec/FileUsage INFO: Reporting input file usage successful!
2025-08-27T01:34:23,532240Z dirac-jobexec/FileUsage INFO: ===== Terminating 12.0.0a30 ===== 
2025-08-27T01:34:23,536701Z dirac-jobexec/UserJobFinalization INFO: ===== Executing 12.0.0a30 ===== 
2025-08-27T01:34:23,537255Z dirac-jobexec/DIRAC.DataManagementSystem.Utilities.ResolveSE INFO: Resolving workflow output SE description Tier1-USER
2025-08-27T01:34:23,541856Z dirac-jobexec/DIRAC.DataManagementSystem.Utilities.ResolveSE INFO: Found SEs, local first: ['CNAF-USER', 'IN2P3-USER', 'PIC-USER', 'RAL-USER', 'GRIDKA-USER', 'CERN-USER', 'SARA-USER']
2025-08-27T01:34:23,542300Z dirac-jobexec/DIRAC.DataManagementSystem.Utilities.ResolveSE INFO: Resolving workflow output SE description Tier1-Failover
2025-08-27T01:34:23,545111Z dirac-jobexec/DIRAC.DataManagementSystem.Utilities.ResolveSE INFO: Found SEs, local first: ['CNAF-FAILOVER', 'CERN-EOS-FAILOVER', 'PIC-FAILOVER', 'RAL-FAILOVER', 'SARA-FAILOVER', 'GRIDKA-FAILOVER', 'IN2P3-FAILOVER']
2025-08-27T01:34:23,545649Z dirac-jobexec/UserJobFinalization INFO: User specified output file list is: *.root
2025-08-27T01:34:23,546089Z dirac-jobexec/UserJobFinalization INFO: Found a pattern in the output data file list,           extra files to upload are: mc.root
2025-08-27T01:34:23,546382Z dirac-jobexec/UserJobFinalization INFO: Final list of files to upload are: mc.root
2025-08-27T01:34:23,546487Z dirac-jobexec/UserJobFinalization INFO: Constructing user output LFN(s) for mc.root
2025-08-27T01:34:25,079773Z dirac-jobexec/ProductionData INFO: Created the following output data LFN(s):
/lhcb/user/a/afernez/2025_08/1164942/1164942708/mc.root
2025-08-27T01:34:25,080502Z dirac-jobexec/UserJobFinalization INFO: No outputDataFileMask provided, the files with all the extensions will be considered
2025-08-27T01:34:25,080671Z dirac-jobexec/UserJobFinalization INFO: No outputDataStep provided, the files output of all the steps will be considered
2025-08-27T01:34:25,081001Z dirac-jobexec/UserJobFinalization INFO: Will search for POOL GUIDs for: mc.root
2025-08-27T01:34:25,221945Z dirac-jobexec INFO: GUIDs not found from POOL XML Catalogue (and were generated) for: mc.root
2025-08-27T01:34:25,222847Z dirac-jobexec/UserJobFinalization WARN: PoolXMLFile generated GUID(s) for the following files  mc.root
2025-08-27T01:34:25,400818Z dirac-jobexec/DIRAC.DataManagementSystem.Utilities.ResolveSE INFO: Resolving workflow output SE description Tier1-USER
2025-08-27T01:34:25,405384Z dirac-jobexec/DIRAC.DataManagementSystem.Utilities.ResolveSE INFO: Found eligible local SE ['CNAF-USER']
2025-08-27T01:34:25,405691Z dirac-jobexec/UserJobFinalization INFO: Ordered list of output SEs is: CNAF-USER, RAL-USER, CERN-USER, SARA-USER, GRIDKA-USER, IN2P3-USER, PIC-USER
2025-08-27T01:34:25,406161Z dirac-jobexec/UserJobFinalization INFO: Creating DISABLE_WATCHDOG_CPU_WALLCLOCK_CHECK in order to disable the Watchdog
2025-08-27T01:34:25,406720Z dirac-jobexec/UserJobFinalization INFO: Attempting to store mc.root to the following SE(s): CNAF-USER, RAL-USER, CERN-USER, SARA-USER, GRIDKA-USER, IN2P3-USER, PIC-USER
2025-08-27T01:34:25,407120Z dirac-jobexec/FailoverTransfer INFO: Attempting dm.putAndRegister ('/lhcb/user/a/afernez/2025_08/1164942/1164942708/mc.root','/tmp/1164942708/mc.root','CNAF-USER',guid='D1CFC2F4-B3B4-AFDB-3A5F-AF3AE5CB78AA',catalog='None', checksum = 'db2aa14e')
2025-08-27T01:34:27,923176Z dirac-jobexec/FailoverTransfer INFO: dm.putAndRegister successfully uploaded and registered mc.root to CNAF-USER
2025-08-27T01:34:28,223894Z dirac-jobexec/UserJobFinalization INFO: ===== Terminating 12.0.0a30 ===== 
