WARNING: Parsing of '.cfg' files as command line arguments is changing!
          Set the environment variable 'export DIRAC_NO_CFG=1' to pass the file as a positional
          argument (this will become the default).
          To modify the local configuration use '--cfg <configfile>' instead.
2025-08-26T23:34:22,602313Z dirac-jobexec INFO: JobID: 1164942854
2025-08-26T23:34:22,606497Z dirac-jobexec INFO: DIRAC JobID 1164942854 is running at site LCG.Beijing.cn
Executing StepInstance RunScriptStep1 of type ScriptStep1 ['ScriptStep1']
2025-08-26T23:34:27,396711Z dirac-jobexec/CreateDataFile INFO: ===== Executing 12.0.0a30 ===== 
2025-08-26T23:34:27,397235Z dirac-jobexec INFO: Running in MultiProcessor is not allowed here
2025-08-26T23:34:27,397328Z dirac-jobexec/CreateDataFile INFO: Creating Ganga data file data.py from scratch
2025-08-26T23:34:30,477910Z dirac-jobexec/CreateDataFile INFO: Created Ganga data file data.py
2025-08-26T23:34:30,478014Z dirac-jobexec/CreateDataFile INFO: ===== Terminating 12.0.0a30 ===== 
2025-08-26T23:34:30,481554Z dirac-jobexec/LHCbScript INFO: Command is: /cvmfs/lhcb.cern.ch/lhcbdirac/versions/v12.0.0a30-1755085183/Linux-x86_64/bin/python3 jobScript/GaudiExec_afernez_Job_510.18_b40758de-0c17-4015-97ce-9976d6fc55aa_script.py
2025-08-27T00:25:45,708511Z dirac-jobexec/LHCbScript INFO: /cvmfs/lhcb.cern.ch/lhcbdirac/versions/v12.0.0a30-1755085183/Linux-x86_64/bin/python3 jobScript/GaudiExec_afernez_Job_510.18_b40758de-0c17-4015-97ce-9976d6fc55aa_script.py execution completed with status 0
2025-08-27T00:25:45,709015Z dirac-jobexec/LHCbScript INFO: Output written to Script1_Ganga_GaudiExec.log, execution complete.
2025-08-27T00:25:48,520709Z dirac-jobexec/LHCbScript INFO: GaudiExec successful
2025-08-27T00:25:48,520938Z dirac-jobexec/LHCbScript INFO: ===== Terminating <class 'LHCbDIRAC.Workflow.Modules.LHCbScript.LHCbScript'> ===== 
2025-08-27T00:25:48,525837Z dirac-jobexec/FileUsage INFO: ===== Executing 12.0.0a30 ===== 
2025-08-27T00:25:48,526044Z dirac-jobexec/FileUsage INFO: Popularity report =  {'/lhcb/MC/2016/D0TAUNU.SAFESTRIPTRIG.DST/00140825/0000/': 1}
2025-08-27T00:25:50,626087Z dirac-jobexec/FileUsage INFO: Reporting input file usage successful!
2025-08-27T00:25:50,626202Z dirac-jobexec/FileUsage INFO: ===== Terminating 12.0.0a30 ===== 
2025-08-27T00:25:50,629600Z dirac-jobexec/UserJobFinalization INFO: ===== Executing 12.0.0a30 ===== 
2025-08-27T00:25:50,629696Z dirac-jobexec/DIRAC.DataManagementSystem.Utilities.ResolveSE INFO: Resolving workflow output SE description Tier1-USER
2025-08-27T00:25:50,633238Z dirac-jobexec/DIRAC.DataManagementSystem.Utilities.ResolveSE INFO: Found SEs, local first: ['RAL-USER', 'SARA-USER', 'PIC-USER', 'GRIDKA-USER', 'CERN-USER', 'IN2P3-USER', 'CNAF-USER']
2025-08-27T00:25:50,633319Z dirac-jobexec/DIRAC.DataManagementSystem.Utilities.ResolveSE INFO: Resolving workflow output SE description Tier1-Failover
2025-08-27T00:25:50,635314Z dirac-jobexec/DIRAC.DataManagementSystem.Utilities.ResolveSE INFO: Found SEs, local first: ['PIC-FAILOVER', 'CNAF-FAILOVER', 'IN2P3-FAILOVER', 'GRIDKA-FAILOVER', 'CERN-EOS-FAILOVER', 'SARA-FAILOVER', 'RAL-FAILOVER']
2025-08-27T00:25:50,635498Z dirac-jobexec/UserJobFinalization INFO: User specified output file list is: *.root
2025-08-27T00:25:50,635785Z dirac-jobexec/UserJobFinalization INFO: Found a pattern in the output data file list,           extra files to upload are: mc.root
2025-08-27T00:25:50,635838Z dirac-jobexec/UserJobFinalization INFO: Final list of files to upload are: mc.root
2025-08-27T00:25:50,635880Z dirac-jobexec/UserJobFinalization INFO: Constructing user output LFN(s) for mc.root
2025-08-27T00:25:52,776228Z dirac-jobexec/ProductionData INFO: Created the following output data LFN(s):
/lhcb/user/a/afernez/2025_08/1164942/1164942854/mc.root
2025-08-27T00:25:52,776378Z dirac-jobexec/UserJobFinalization INFO: No outputDataFileMask provided, the files with all the extensions will be considered
2025-08-27T00:25:52,776427Z dirac-jobexec/UserJobFinalization INFO: No outputDataStep provided, the files output of all the steps will be considered
2025-08-27T00:25:52,776480Z dirac-jobexec/UserJobFinalization INFO: Will search for POOL GUIDs for: mc.root
2025-08-27T00:25:52,823973Z dirac-jobexec INFO: GUIDs not found from POOL XML Catalogue (and were generated) for: mc.root
2025-08-27T00:25:52,824064Z dirac-jobexec/UserJobFinalization WARN: PoolXMLFile generated GUID(s) for the following files  mc.root
2025-08-27T00:25:52,895356Z dirac-jobexec/DIRAC.DataManagementSystem.Utilities.ResolveSE INFO: Resolving workflow output SE description Tier1-USER
2025-08-27T00:25:52,897700Z dirac-jobexec/DIRAC.DataManagementSystem.Utilities.ResolveSE INFO: Found associated SEs ['CERN-USER'] in /Resources/Countries/cern/AssociatedSEs/Tier1-USER
2025-08-27T00:25:52,897799Z dirac-jobexec/UserJobFinalization INFO: Ordered list of output SEs is: CERN-USER, CNAF-USER, PIC-USER, RAL-USER, GRIDKA-USER, SARA-USER, IN2P3-USER
2025-08-27T00:25:52,897855Z dirac-jobexec/UserJobFinalization INFO: Creating DISABLE_WATCHDOG_CPU_WALLCLOCK_CHECK in order to disable the Watchdog
2025-08-27T00:25:52,898089Z dirac-jobexec/UserJobFinalization INFO: Attempting to store mc.root to the following SE(s): CERN-USER, CNAF-USER, PIC-USER, RAL-USER, GRIDKA-USER, SARA-USER, IN2P3-USER
2025-08-27T00:25:52,898152Z dirac-jobexec/FailoverTransfer INFO: Attempting dm.putAndRegister ('/lhcb/user/a/afernez/2025_08/1164942/1164942854/mc.root','/tmp/1164942854/mc.root','CERN-USER',guid='032234E7-4837-A757-57A0-B1D94CA9F532',catalog='None', checksum = '4644d89f')
2025-08-27T00:26:33,736050Z dirac-jobexec/FailoverTransfer INFO: dm.putAndRegister successfully uploaded and registered mc.root to CERN-USER
2025-08-27T00:26:37,453413Z dirac-jobexec/UserJobFinalization INFO: ===== Terminating 12.0.0a30 ===== 
