WARNING: Parsing of '.cfg' files as command line arguments is changing!
          Set the environment variable 'export DIRAC_NO_CFG=1' to pass the file as a positional
          argument (this will become the default).
          To modify the local configuration use '--cfg <configfile>' instead.
2025-08-27T05:09:10,427580Z dirac-jobexec INFO: JobID: 1164942673
2025-08-27T05:09:10,435968Z dirac-jobexec INFO: DIRAC JobID 1164942673 is running at site LCG.IN2P3.fr
Executing StepInstance RunScriptStep1 of type ScriptStep1 ['ScriptStep1']
2025-08-27T05:09:12,250333Z dirac-jobexec/CreateDataFile INFO: ===== Executing 12.0.0a30 ===== 
2025-08-27T05:09:12,251386Z dirac-jobexec INFO: Running in MultiProcessor is not allowed here
2025-08-27T05:09:12,251529Z dirac-jobexec/CreateDataFile INFO: Creating Ganga data file data.py from scratch
2025-08-27T05:09:12,404341Z dirac-jobexec/CreateDataFile INFO: Created Ganga data file data.py
2025-08-27T05:09:12,404562Z dirac-jobexec/CreateDataFile INFO: ===== Terminating 12.0.0a30 ===== 
2025-08-27T05:09:12,410296Z dirac-jobexec/LHCbScript INFO: Command is: /cvmfs/lhcb.cern.ch/lhcbdirac/versions/v12.0.0a30-1755085183/Linux-x86_64/bin/python3 jobScript/GaudiExec_afernez_Job_500.0_8a75fd92-f9de-49f4-9868-0f8bb3727444_script.py
2025-08-27T09:09:48,365583Z dirac-jobexec/LHCbScript INFO: /cvmfs/lhcb.cern.ch/lhcbdirac/versions/v12.0.0a30-1755085183/Linux-x86_64/bin/python3 jobScript/GaudiExec_afernez_Job_500.0_8a75fd92-f9de-49f4-9868-0f8bb3727444_script.py execution completed with status 0
2025-08-27T09:09:48,368386Z dirac-jobexec/LHCbScript INFO: Output written to Script1_Ganga_GaudiExec.log, execution complete.
2025-08-27T09:09:48,521799Z dirac-jobexec/LHCbScript INFO: GaudiExec successful
2025-08-27T09:09:48,527448Z dirac-jobexec/LHCbScript INFO: ===== Terminating <class 'LHCbDIRAC.Workflow.Modules.LHCbScript.LHCbScript'> ===== 
2025-08-27T09:09:48,669590Z dirac-jobexec/FileUsage INFO: ===== Executing 12.0.0a30 ===== 
2025-08-27T09:09:48,670217Z dirac-jobexec/FileUsage INFO: Popularity report =  {'/lhcb/MC/2016/D0TAUNU.SAFESTRIPTRIG.DST/00140822/0000/': 3}
2025-08-27T09:09:48,718998Z dirac-jobexec/FileUsage INFO: Reporting input file usage successful!
2025-08-27T09:09:48,719425Z dirac-jobexec/FileUsage INFO: ===== Terminating 12.0.0a30 ===== 
2025-08-27T09:09:48,731728Z dirac-jobexec/UserJobFinalization INFO: ===== Executing 12.0.0a30 ===== 
2025-08-27T09:09:48,732058Z dirac-jobexec/DIRAC.DataManagementSystem.Utilities.ResolveSE INFO: Resolving workflow output SE description Tier1-USER
2025-08-27T09:09:48,738502Z dirac-jobexec/DIRAC.DataManagementSystem.Utilities.ResolveSE INFO: Found SEs, local first: ['IN2P3-USER', 'RAL-USER', 'GRIDKA-USER', 'SARA-USER', 'CERN-USER', 'PIC-USER', 'CNAF-USER']
2025-08-27T09:09:48,738584Z dirac-jobexec/DIRAC.DataManagementSystem.Utilities.ResolveSE INFO: Resolving workflow output SE description Tier1-Failover
2025-08-27T09:09:48,741178Z dirac-jobexec/DIRAC.DataManagementSystem.Utilities.ResolveSE INFO: Found SEs, local first: ['IN2P3-FAILOVER', 'CNAF-FAILOVER', 'SARA-FAILOVER', 'GRIDKA-FAILOVER', 'PIC-FAILOVER', 'RAL-FAILOVER', 'CERN-EOS-FAILOVER']
2025-08-27T09:09:48,741519Z dirac-jobexec/UserJobFinalization INFO: User specified output file list is: *.root
2025-08-27T09:09:48,742159Z dirac-jobexec/UserJobFinalization INFO: Found a pattern in the output data file list,           extra files to upload are: mc.root
2025-08-27T09:09:48,742223Z dirac-jobexec/UserJobFinalization INFO: Final list of files to upload are: mc.root
2025-08-27T09:09:48,742289Z dirac-jobexec/UserJobFinalization INFO: Constructing user output LFN(s) for mc.root
2025-08-27T09:09:48,815353Z dirac-jobexec/ProductionData INFO: Created the following output data LFN(s):
/lhcb/user/a/afernez/2025_08/1164942/1164942673/mc.root
2025-08-27T09:09:48,815671Z dirac-jobexec/UserJobFinalization INFO: No outputDataFileMask provided, the files with all the extensions will be considered
2025-08-27T09:09:48,815726Z dirac-jobexec/UserJobFinalization INFO: No outputDataStep provided, the files output of all the steps will be considered
2025-08-27T09:09:48,815793Z dirac-jobexec/UserJobFinalization INFO: Will search for POOL GUIDs for: mc.root
2025-08-27T09:09:49,027004Z dirac-jobexec INFO: GUIDs not found from POOL XML Catalogue (and were generated) for: mc.root
2025-08-27T09:09:49,027332Z dirac-jobexec/UserJobFinalization WARN: PoolXMLFile generated GUID(s) for the following files  mc.root
2025-08-27T09:09:49,375148Z dirac-jobexec/DIRAC.DataManagementSystem.Utilities.ResolveSE INFO: Resolving workflow output SE description Tier1-USER
2025-08-27T09:09:49,377684Z dirac-jobexec/DIRAC.DataManagementSystem.Utilities.ResolveSE INFO: Found eligible local SE ['IN2P3-USER']
2025-08-27T09:09:49,377770Z dirac-jobexec/UserJobFinalization INFO: Ordered list of output SEs is: IN2P3-USER, SARA-USER, RAL-USER, CNAF-USER, PIC-USER, GRIDKA-USER, CERN-USER
2025-08-27T09:09:49,377825Z dirac-jobexec/UserJobFinalization INFO: Creating DISABLE_WATCHDOG_CPU_WALLCLOCK_CHECK in order to disable the Watchdog
2025-08-27T09:09:49,378121Z dirac-jobexec/UserJobFinalization INFO: Attempting to store mc.root to the following SE(s): IN2P3-USER, SARA-USER, RAL-USER, CNAF-USER, PIC-USER, GRIDKA-USER, CERN-USER
2025-08-27T09:09:49,378176Z dirac-jobexec/FailoverTransfer INFO: Attempting dm.putAndRegister ('/lhcb/user/a/afernez/2025_08/1164942/1164942673/mc.root','/tmp/1164942673/mc.root','IN2P3-USER',guid='F2788351-C76F-028B-7A0A-B32E9FBC3060',catalog='None', checksum = '84660033')
2025-08-27T09:09:52,022701Z dirac-jobexec/FailoverTransfer INFO: dm.putAndRegister successfully uploaded and registered mc.root to IN2P3-USER
2025-08-27T09:09:52,249177Z dirac-jobexec/UserJobFinalization INFO: ===== Terminating 12.0.0a30 ===== 
