WARNING: Parsing of '.cfg' files as command line arguments is changing!
          Set the environment variable 'export DIRAC_NO_CFG=1' to pass the file as a positional
          argument (this will become the default).
          To modify the local configuration use '--cfg <configfile>' instead.
2025-08-26T23:04:43,778287Z dirac-jobexec INFO: JobID: 1164942569
2025-08-26T23:04:43,788922Z dirac-jobexec INFO: DIRAC JobID 1164942569 is running at site LCG.RAL.uk
Executing StepInstance RunScriptStep1 of type ScriptStep1 ['ScriptStep1']
2025-08-26T23:04:46,451866Z dirac-jobexec/CreateDataFile INFO: ===== Executing 12.0.0a30 ===== 
2025-08-26T23:04:46,453167Z dirac-jobexec INFO: Running in MultiProcessor is not allowed here
2025-08-26T23:04:46,453387Z dirac-jobexec/CreateDataFile INFO: Creating Ganga data file data.py from scratch
2025-08-26T23:04:46,811732Z dirac-jobexec/CreateDataFile INFO: Created Ganga data file data.py
2025-08-26T23:04:46,812238Z dirac-jobexec/CreateDataFile INFO: ===== Terminating 12.0.0a30 ===== 
2025-08-26T23:04:46,822150Z dirac-jobexec/LHCbScript INFO: Command is: /cvmfs/lhcb.cern.ch/lhcbdirac/versions/v12.0.0a30-1755085183/Linux-x86_64/bin/python3 jobScript/GaudiExec_afernez_Job_489.4_03310399-c3fa-40ff-ade7-75b37927ec8d_script.py
2025-08-27T04:41:36,556342Z dirac-jobexec/LHCbScript INFO: /cvmfs/lhcb.cern.ch/lhcbdirac/versions/v12.0.0a30-1755085183/Linux-x86_64/bin/python3 jobScript/GaudiExec_afernez_Job_489.4_03310399-c3fa-40ff-ade7-75b37927ec8d_script.py execution completed with status 0
2025-08-27T04:41:36,557301Z dirac-jobexec/LHCbScript INFO: Output written to Script1_Ganga_GaudiExec.log, execution complete.
2025-08-27T04:41:37,365564Z dirac-jobexec/LHCbScript INFO: GaudiExec successful
2025-08-27T04:41:37,366256Z dirac-jobexec/LHCbScript INFO: ===== Terminating <class 'LHCbDIRAC.Workflow.Modules.LHCbScript.LHCbScript'> ===== 
2025-08-27T04:41:37,383085Z dirac-jobexec/FileUsage INFO: ===== Executing 12.0.0a30 ===== 
2025-08-27T04:41:37,384749Z dirac-jobexec/FileUsage INFO: Popularity report =  {'/lhcb/MC/2016/D0TAUNU.SAFESTRIPTRIG.DST/00140861/0000/': 3}
2025-08-27T04:41:37,538989Z dirac-jobexec/FileUsage INFO: Reporting input file usage successful!
2025-08-27T04:41:37,539318Z dirac-jobexec/FileUsage INFO: ===== Terminating 12.0.0a30 ===== 
2025-08-27T04:41:37,547370Z dirac-jobexec/UserJobFinalization INFO: ===== Executing 12.0.0a30 ===== 
2025-08-27T04:41:37,547827Z dirac-jobexec/DIRAC.DataManagementSystem.Utilities.ResolveSE INFO: Resolving workflow output SE description Tier1-USER
2025-08-27T04:41:37,560574Z dirac-jobexec/DIRAC.DataManagementSystem.Utilities.ResolveSE INFO: Found SEs, local first: ['RAL-USER', 'CNAF-USER', 'CERN-USER', 'SARA-USER', 'GRIDKA-USER', 'PIC-USER', 'IN2P3-USER']
2025-08-27T04:41:37,560857Z dirac-jobexec/DIRAC.DataManagementSystem.Utilities.ResolveSE INFO: Resolving workflow output SE description Tier1-Failover
2025-08-27T04:41:37,565764Z dirac-jobexec/DIRAC.DataManagementSystem.Utilities.ResolveSE INFO: Found SEs, local first: ['RAL-FAILOVER', 'CNAF-FAILOVER', 'IN2P3-FAILOVER', 'GRIDKA-FAILOVER', 'SARA-FAILOVER', 'PIC-FAILOVER', 'CERN-EOS-FAILOVER']
2025-08-27T04:41:37,566314Z dirac-jobexec/UserJobFinalization INFO: User specified output file list is: *.root
2025-08-27T04:41:37,566930Z dirac-jobexec/UserJobFinalization INFO: Found a pattern in the output data file list,           extra files to upload are: mc.root
2025-08-27T04:41:37,567039Z dirac-jobexec/UserJobFinalization INFO: Final list of files to upload are: mc.root
2025-08-27T04:41:37,567119Z dirac-jobexec/UserJobFinalization INFO: Constructing user output LFN(s) for mc.root
2025-08-27T04:41:37,771142Z dirac-jobexec/ProductionData INFO: Created the following output data LFN(s):
/lhcb/user/a/afernez/2025_08/1164942/1164942569/mc.root
2025-08-27T04:41:37,771591Z dirac-jobexec/UserJobFinalization INFO: No outputDataFileMask provided, the files with all the extensions will be considered
2025-08-27T04:41:37,771674Z dirac-jobexec/UserJobFinalization INFO: No outputDataStep provided, the files output of all the steps will be considered
2025-08-27T04:41:37,771769Z dirac-jobexec/UserJobFinalization INFO: Will search for POOL GUIDs for: mc.root
2025-08-27T04:41:38,067301Z dirac-jobexec INFO: GUIDs not found from POOL XML Catalogue (and were generated) for: mc.root
2025-08-27T04:41:38,067619Z dirac-jobexec/UserJobFinalization WARN: PoolXMLFile generated GUID(s) for the following files  mc.root
2025-08-27T04:41:38,471534Z dirac-jobexec/DIRAC.DataManagementSystem.Utilities.ResolveSE INFO: Resolving workflow output SE description Tier1-USER
2025-08-27T04:41:38,477014Z dirac-jobexec/DIRAC.DataManagementSystem.Utilities.ResolveSE INFO: Found eligible local SE ['RAL-USER']
2025-08-27T04:41:38,477348Z dirac-jobexec/UserJobFinalization INFO: Ordered list of output SEs is: RAL-USER, SARA-USER, IN2P3-USER, PIC-USER, GRIDKA-USER, CNAF-USER, CERN-USER
2025-08-27T04:41:38,477448Z dirac-jobexec/UserJobFinalization INFO: Creating DISABLE_WATCHDOG_CPU_WALLCLOCK_CHECK in order to disable the Watchdog
2025-08-27T04:41:38,478485Z dirac-jobexec/UserJobFinalization INFO: Attempting to store mc.root to the following SE(s): RAL-USER, SARA-USER, IN2P3-USER, PIC-USER, GRIDKA-USER, CNAF-USER, CERN-USER
2025-08-27T04:41:38,478622Z dirac-jobexec/FailoverTransfer INFO: Attempting dm.putAndRegister ('/lhcb/user/a/afernez/2025_08/1164942/1164942569/mc.root','/tmp/1164942569/mc.root','RAL-USER',guid='55AA8A27-11E2-8CEC-B819-A8A9B76ABEAA',catalog='None', checksum = 'ea9ce807')
2025-08-27T04:41:59,548171Z dirac-jobexec/FailoverTransfer INFO: dm.putAndRegister successfully uploaded and registered mc.root to RAL-USER
2025-08-27T04:41:59,968433Z dirac-jobexec/UserJobFinalization INFO: ===== Terminating 12.0.0a30 ===== 
