WARNING: Parsing of '.cfg' files as command line arguments is changing!
          Set the environment variable 'export DIRAC_NO_CFG=1' to pass the file as a positional
          argument (this will become the default).
          To modify the local configuration use '--cfg <configfile>' instead.
2025-08-26T23:18:38,351157Z dirac-jobexec INFO: JobID: 1164942698
2025-08-26T23:18:38,357954Z dirac-jobexec INFO: DIRAC JobID 1164942698 is running at site LCG.RAL.uk
Executing StepInstance RunScriptStep1 of type ScriptStep1 ['ScriptStep1']
2025-08-26T23:18:40,190348Z dirac-jobexec/CreateDataFile INFO: ===== Executing 12.0.0a30 ===== 
2025-08-26T23:18:40,191495Z dirac-jobexec INFO: Running in MultiProcessor is not allowed here
2025-08-26T23:18:40,191683Z dirac-jobexec/CreateDataFile INFO: Creating Ganga data file data.py from scratch
2025-08-26T23:18:40,497763Z dirac-jobexec/CreateDataFile INFO: Created Ganga data file data.py
2025-08-26T23:18:40,497988Z dirac-jobexec/CreateDataFile INFO: ===== Terminating 12.0.0a30 ===== 
2025-08-26T23:18:40,505221Z dirac-jobexec/LHCbScript INFO: Command is: /cvmfs/lhcb.cern.ch/lhcbdirac/versions/v12.0.0a30-1755085183/Linux-x86_64/bin/python3 jobScript/GaudiExec_afernez_Job_501.2_c4b7d374-3967-41ba-bc35-1901373c3880_script.py
2025-08-27T04:12:13,839369Z dirac-jobexec/LHCbScript INFO: /cvmfs/lhcb.cern.ch/lhcbdirac/versions/v12.0.0a30-1755085183/Linux-x86_64/bin/python3 jobScript/GaudiExec_afernez_Job_501.2_c4b7d374-3967-41ba-bc35-1901373c3880_script.py execution completed with status 0
2025-08-27T04:12:13,840095Z dirac-jobexec/LHCbScript INFO: Output written to Script1_Ganga_GaudiExec.log, execution complete.
2025-08-27T04:12:14,182411Z dirac-jobexec/LHCbScript INFO: GaudiExec successful
2025-08-27T04:12:14,188121Z dirac-jobexec/LHCbScript INFO: ===== Terminating <class 'LHCbDIRAC.Workflow.Modules.LHCbScript.LHCbScript'> ===== 
2025-08-27T04:12:14,533189Z dirac-jobexec/FileUsage INFO: ===== Executing 12.0.0a30 ===== 
2025-08-27T04:12:14,533626Z dirac-jobexec/FileUsage INFO: Popularity report =  {'/lhcb/MC/2016/D0TAUNU.SAFESTRIPTRIG.DST/00140813/0000/': 3}
2025-08-27T04:12:14,687190Z dirac-jobexec/FileUsage INFO: Reporting input file usage successful!
2025-08-27T04:12:14,687467Z dirac-jobexec/FileUsage INFO: ===== Terminating 12.0.0a30 ===== 
2025-08-27T04:12:14,694193Z dirac-jobexec/UserJobFinalization INFO: ===== Executing 12.0.0a30 ===== 
2025-08-27T04:12:14,694398Z dirac-jobexec/DIRAC.DataManagementSystem.Utilities.ResolveSE INFO: Resolving workflow output SE description Tier1-USER
2025-08-27T04:12:14,701468Z dirac-jobexec/DIRAC.DataManagementSystem.Utilities.ResolveSE INFO: Found SEs, local first: ['RAL-USER', 'CERN-USER', 'PIC-USER', 'GRIDKA-USER', 'SARA-USER', 'CNAF-USER', 'IN2P3-USER']
2025-08-27T04:12:14,701639Z dirac-jobexec/DIRAC.DataManagementSystem.Utilities.ResolveSE INFO: Resolving workflow output SE description Tier1-Failover
2025-08-27T04:12:14,705735Z dirac-jobexec/DIRAC.DataManagementSystem.Utilities.ResolveSE INFO: Found SEs, local first: ['RAL-FAILOVER', 'CNAF-FAILOVER', 'IN2P3-FAILOVER', 'CERN-EOS-FAILOVER', 'GRIDKA-FAILOVER', 'PIC-FAILOVER', 'SARA-FAILOVER']
2025-08-27T04:12:14,706116Z dirac-jobexec/UserJobFinalization INFO: User specified output file list is: *.root
2025-08-27T04:12:14,706612Z dirac-jobexec/UserJobFinalization INFO: Found a pattern in the output data file list,           extra files to upload are: mc.root
2025-08-27T04:12:14,706716Z dirac-jobexec/UserJobFinalization INFO: Final list of files to upload are: mc.root
2025-08-27T04:12:14,706792Z dirac-jobexec/UserJobFinalization INFO: Constructing user output LFN(s) for mc.root
2025-08-27T04:12:14,886518Z dirac-jobexec/ProductionData INFO: Created the following output data LFN(s):
/lhcb/user/a/afernez/2025_08/1164942/1164942698/mc.root
2025-08-27T04:12:14,886832Z dirac-jobexec/UserJobFinalization INFO: No outputDataFileMask provided, the files with all the extensions will be considered
2025-08-27T04:12:14,887017Z dirac-jobexec/UserJobFinalization INFO: No outputDataStep provided, the files output of all the steps will be considered
2025-08-27T04:12:14,887117Z dirac-jobexec/UserJobFinalization INFO: Will search for POOL GUIDs for: mc.root
2025-08-27T04:12:15,058899Z dirac-jobexec INFO: GUIDs not found from POOL XML Catalogue (and were generated) for: mc.root
2025-08-27T04:12:15,059134Z dirac-jobexec/UserJobFinalization WARN: PoolXMLFile generated GUID(s) for the following files  mc.root
2025-08-27T04:12:15,378106Z dirac-jobexec/DIRAC.DataManagementSystem.Utilities.ResolveSE INFO: Resolving workflow output SE description Tier1-USER
2025-08-27T04:12:15,382747Z dirac-jobexec/DIRAC.DataManagementSystem.Utilities.ResolveSE INFO: Found eligible local SE ['RAL-USER']
2025-08-27T04:12:15,382969Z dirac-jobexec/UserJobFinalization INFO: Ordered list of output SEs is: RAL-USER, SARA-USER, CERN-USER, GRIDKA-USER, PIC-USER, CNAF-USER, IN2P3-USER
2025-08-27T04:12:15,383080Z dirac-jobexec/UserJobFinalization INFO: Creating DISABLE_WATCHDOG_CPU_WALLCLOCK_CHECK in order to disable the Watchdog
2025-08-27T04:12:15,383471Z dirac-jobexec/UserJobFinalization INFO: Attempting to store mc.root to the following SE(s): RAL-USER, SARA-USER, CERN-USER, GRIDKA-USER, PIC-USER, CNAF-USER, IN2P3-USER
2025-08-27T04:12:15,383589Z dirac-jobexec/FailoverTransfer INFO: Attempting dm.putAndRegister ('/lhcb/user/a/afernez/2025_08/1164942/1164942698/mc.root','/tmp/1164942698/mc.root','RAL-USER',guid='DB3D04D2-179D-6064-F33B-791CBDAB09A6',catalog='None', checksum = '54c34982')
2025-08-27T04:12:32,359284Z dirac-jobexec/FailoverTransfer INFO: dm.putAndRegister successfully uploaded and registered mc.root to RAL-USER
2025-08-27T04:12:32,781008Z dirac-jobexec/UserJobFinalization INFO: ===== Terminating 12.0.0a30 ===== 
