WARNING: Parsing of '.cfg' files as command line arguments is changing!
          Set the environment variable 'export DIRAC_NO_CFG=1' to pass the file as a positional
          argument (this will become the default).
          To modify the local configuration use '--cfg <configfile>' instead.
2025-08-27T00:27:48,051529Z dirac-jobexec INFO: JobID: 1164943134
2025-08-27T00:27:48,056391Z dirac-jobexec INFO: DIRAC JobID 1164943134 is running at site LCG.CNAF.it
Executing StepInstance RunScriptStep1 of type ScriptStep1 ['ScriptStep1']
2025-08-27T00:27:49,264747Z dirac-jobexec/CreateDataFile INFO: ===== Executing 12.0.0a30 ===== 
2025-08-27T00:27:49,265475Z dirac-jobexec INFO: Running in MultiProcessor is not allowed here
2025-08-27T00:27:49,265562Z dirac-jobexec/CreateDataFile INFO: Creating Ganga data file data.py from scratch
2025-08-27T00:27:49,550942Z dirac-jobexec/CreateDataFile INFO: Created Ganga data file data.py
2025-08-27T00:27:49,551225Z dirac-jobexec/CreateDataFile INFO: ===== Terminating 12.0.0a30 ===== 
2025-08-27T00:27:49,555673Z dirac-jobexec/LHCbScript INFO: Command is: /cvmfs/lhcb.cern.ch/lhcbdirac/versions/v12.0.0a30-1755085183/Linux-x86_64/bin/python3 jobScript/GaudiExec_afernez_Job_520.8_d9df1e39-3852-412e-950a-87fad13ae701_script.py
2025-08-27T00:34:21,730609Z dirac-jobexec/LHCbScript INFO: /cvmfs/lhcb.cern.ch/lhcbdirac/versions/v12.0.0a30-1755085183/Linux-x86_64/bin/python3 jobScript/GaudiExec_afernez_Job_520.8_d9df1e39-3852-412e-950a-87fad13ae701_script.py execution completed with status 0
2025-08-27T00:34:21,732230Z dirac-jobexec/LHCbScript INFO: Output written to Script1_Ganga_GaudiExec.log, execution complete.
2025-08-27T00:34:21,994387Z dirac-jobexec/LHCbScript INFO: GaudiExec successful
2025-08-27T00:34:21,995233Z dirac-jobexec/LHCbScript INFO: ===== Terminating <class 'LHCbDIRAC.Workflow.Modules.LHCbScript.LHCbScript'> ===== 
2025-08-27T00:34:22,002110Z dirac-jobexec/FileUsage INFO: ===== Executing 12.0.0a30 ===== 
2025-08-27T00:34:22,002948Z dirac-jobexec/FileUsage INFO: Popularity report =  {'/lhcb/MC/2016/ALLSTREAMS.DST/00173812/0000/': 2}
2025-08-27T00:34:22,172658Z dirac-jobexec/FileUsage INFO: Reporting input file usage successful!
2025-08-27T00:34:22,173384Z dirac-jobexec/FileUsage INFO: ===== Terminating 12.0.0a30 ===== 
2025-08-27T00:34:22,177461Z dirac-jobexec/UserJobFinalization INFO: ===== Executing 12.0.0a30 ===== 
2025-08-27T00:34:22,178113Z dirac-jobexec/DIRAC.DataManagementSystem.Utilities.ResolveSE INFO: Resolving workflow output SE description Tier1-USER
2025-08-27T00:34:22,182050Z dirac-jobexec/DIRAC.DataManagementSystem.Utilities.ResolveSE INFO: Found SEs, local first: ['CNAF-USER', 'RAL-USER', 'PIC-USER', 'IN2P3-USER', 'SARA-USER', 'GRIDKA-USER', 'CERN-USER']
2025-08-27T00:34:22,182537Z dirac-jobexec/DIRAC.DataManagementSystem.Utilities.ResolveSE INFO: Resolving workflow output SE description Tier1-Failover
2025-08-27T00:34:22,184485Z dirac-jobexec/DIRAC.DataManagementSystem.Utilities.ResolveSE INFO: Found SEs, local first: ['CNAF-FAILOVER', 'RAL-FAILOVER', 'GRIDKA-FAILOVER', 'IN2P3-FAILOVER', 'CERN-EOS-FAILOVER', 'PIC-FAILOVER', 'SARA-FAILOVER']
2025-08-27T00:34:22,185152Z dirac-jobexec/UserJobFinalization INFO: User specified output file list is: *.root
2025-08-27T00:34:22,185680Z dirac-jobexec/UserJobFinalization INFO: Found a pattern in the output data file list,           extra files to upload are: mc.root
2025-08-27T00:34:22,186050Z dirac-jobexec/UserJobFinalization INFO: Final list of files to upload are: mc.root
2025-08-27T00:34:22,186151Z dirac-jobexec/UserJobFinalization INFO: Constructing user output LFN(s) for mc.root
2025-08-27T00:34:22,345641Z dirac-jobexec/ProductionData INFO: Created the following output data LFN(s):
/lhcb/user/a/afernez/2025_08/1164943/1164943134/mc.root
2025-08-27T00:34:22,346011Z dirac-jobexec/UserJobFinalization INFO: No outputDataFileMask provided, the files with all the extensions will be considered
2025-08-27T00:34:22,346401Z dirac-jobexec/UserJobFinalization INFO: No outputDataStep provided, the files output of all the steps will be considered
2025-08-27T00:34:22,346539Z dirac-jobexec/UserJobFinalization INFO: Will search for POOL GUIDs for: mc.root
2025-08-27T00:34:22,458129Z dirac-jobexec INFO: GUIDs not found from POOL XML Catalogue (and were generated) for: mc.root
2025-08-27T00:34:22,458414Z dirac-jobexec/UserJobFinalization WARN: PoolXMLFile generated GUID(s) for the following files  mc.root
2025-08-27T00:34:22,460197Z dirac-jobexec/DIRAC.DataManagementSystem.Utilities.ResolveSE INFO: Resolving workflow output SE description Tier1-USER
2025-08-27T00:34:22,462412Z dirac-jobexec/DIRAC.DataManagementSystem.Utilities.ResolveSE INFO: Found eligible local SE ['CNAF-USER']
2025-08-27T00:34:22,462805Z dirac-jobexec/UserJobFinalization INFO: Ordered list of output SEs is: CNAF-USER, CERN-USER, SARA-USER, RAL-USER, PIC-USER, IN2P3-USER, GRIDKA-USER
2025-08-27T00:34:22,462949Z dirac-jobexec/UserJobFinalization INFO: Creating DISABLE_WATCHDOG_CPU_WALLCLOCK_CHECK in order to disable the Watchdog
2025-08-27T00:34:22,463423Z dirac-jobexec/UserJobFinalization INFO: Attempting to store mc.root to the following SE(s): CNAF-USER, CERN-USER, SARA-USER, RAL-USER, PIC-USER, IN2P3-USER, GRIDKA-USER
2025-08-27T00:34:22,463540Z dirac-jobexec/FailoverTransfer INFO: Attempting dm.putAndRegister ('/lhcb/user/a/afernez/2025_08/1164943/1164943134/mc.root','/tmp/1164943134/mc.root','CNAF-USER',guid='516525EA-4857-D842-E496-76EC91F283DF',catalog='None', checksum = '808b82da')
2025-08-27T00:34:26,458151Z dirac-jobexec/FailoverTransfer INFO: dm.putAndRegister successfully uploaded and registered mc.root to CNAF-USER
2025-08-27T00:34:26,796346Z dirac-jobexec/UserJobFinalization INFO: ===== Terminating 12.0.0a30 ===== 
