WARNING: Parsing of '.cfg' files as command line arguments is changing!
          Set the environment variable 'export DIRAC_NO_CFG=1' to pass the file as a positional
          argument (this will become the default).
          To modify the local configuration use '--cfg <configfile>' instead.
2025-08-26T23:28:25,036597Z dirac-jobexec INFO: JobID: 1164942773
2025-08-26T23:28:25,047219Z dirac-jobexec INFO: DIRAC JobID 1164942773 is running at site LCG.PIC.es
Executing StepInstance RunScriptStep1 of type ScriptStep1 ['ScriptStep1']
2025-08-26T23:28:27,125937Z dirac-jobexec/CreateDataFile INFO: ===== Executing 12.0.0a30 ===== 
2025-08-26T23:28:27,126824Z dirac-jobexec INFO: Running in MultiProcessor is not allowed here
2025-08-26T23:28:27,126935Z dirac-jobexec/CreateDataFile INFO: Creating Ganga data file data.py from scratch
2025-08-26T23:28:27,658993Z dirac-jobexec/CreateDataFile INFO: Created Ganga data file data.py
2025-08-26T23:28:27,659245Z dirac-jobexec/CreateDataFile INFO: ===== Terminating 12.0.0a30 ===== 
2025-08-26T23:28:27,666062Z dirac-jobexec/LHCbScript INFO: Command is: /cvmfs/lhcb.cern.ch/lhcbdirac/versions/v12.0.0a30-1755085183/Linux-x86_64/bin/python3 jobScript/GaudiExec_afernez_Job_504.6_7d1fc639-e1d7-4824-a878-0f96a5b07652_script.py
2025-08-27T00:45:15,948070Z dirac-jobexec/LHCbScript INFO: /cvmfs/lhcb.cern.ch/lhcbdirac/versions/v12.0.0a30-1755085183/Linux-x86_64/bin/python3 jobScript/GaudiExec_afernez_Job_504.6_7d1fc639-e1d7-4824-a878-0f96a5b07652_script.py execution completed with status 0
2025-08-27T00:45:15,950382Z dirac-jobexec/LHCbScript INFO: Output written to Script1_Ganga_GaudiExec.log, execution complete.
2025-08-27T00:45:16,522328Z dirac-jobexec/LHCbScript INFO: GaudiExec successful
2025-08-27T00:45:16,528712Z dirac-jobexec/LHCbScript INFO: ===== Terminating <class 'LHCbDIRAC.Workflow.Modules.LHCbScript.LHCbScript'> ===== 
2025-08-27T00:45:16,776448Z dirac-jobexec/FileUsage INFO: ===== Executing 12.0.0a30 ===== 
2025-08-27T00:45:16,777169Z dirac-jobexec/FileUsage INFO: Popularity report =  {'/lhcb/MC/2016/D0TAUNU.SAFESTRIPTRIG.DST/00140792/0000/': 1}
2025-08-27T00:45:17,130697Z dirac-jobexec/FileUsage INFO: Reporting input file usage successful!
2025-08-27T00:45:17,131492Z dirac-jobexec/FileUsage INFO: ===== Terminating 12.0.0a30 ===== 
2025-08-27T00:45:17,138758Z dirac-jobexec/UserJobFinalization INFO: ===== Executing 12.0.0a30 ===== 
2025-08-27T00:45:17,139223Z dirac-jobexec/DIRAC.DataManagementSystem.Utilities.ResolveSE INFO: Resolving workflow output SE description Tier1-USER
2025-08-27T00:45:17,154659Z dirac-jobexec/DIRAC.DataManagementSystem.Utilities.ResolveSE INFO: Found SEs, local first: ['PIC-USER', 'RAL-USER', 'CNAF-USER', 'IN2P3-USER', 'GRIDKA-USER', 'SARA-USER', 'CERN-USER']
2025-08-27T00:45:17,155313Z dirac-jobexec/DIRAC.DataManagementSystem.Utilities.ResolveSE INFO: Resolving workflow output SE description Tier1-Failover
2025-08-27T00:45:17,160576Z dirac-jobexec/DIRAC.DataManagementSystem.Utilities.ResolveSE INFO: Found SEs, local first: ['PIC-FAILOVER', 'RAL-FAILOVER', 'GRIDKA-FAILOVER', 'CERN-EOS-FAILOVER', 'IN2P3-FAILOVER', 'CNAF-FAILOVER', 'SARA-FAILOVER']
2025-08-27T00:45:17,161410Z dirac-jobexec/UserJobFinalization INFO: User specified output file list is: *.root
2025-08-27T00:45:17,162354Z dirac-jobexec/UserJobFinalization INFO: Found a pattern in the output data file list,           extra files to upload are: mc.root
2025-08-27T00:45:17,162652Z dirac-jobexec/UserJobFinalization INFO: Final list of files to upload are: mc.root
2025-08-27T00:45:17,162728Z dirac-jobexec/UserJobFinalization INFO: Constructing user output LFN(s) for mc.root
2025-08-27T00:45:17,490535Z dirac-jobexec/ProductionData INFO: Created the following output data LFN(s):
/lhcb/user/a/afernez/2025_08/1164942/1164942773/mc.root
2025-08-27T00:45:17,490895Z dirac-jobexec/UserJobFinalization INFO: No outputDataFileMask provided, the files with all the extensions will be considered
2025-08-27T00:45:17,490962Z dirac-jobexec/UserJobFinalization INFO: No outputDataStep provided, the files output of all the steps will be considered
2025-08-27T00:45:17,491037Z dirac-jobexec/UserJobFinalization INFO: Will search for POOL GUIDs for: mc.root
2025-08-27T00:45:17,569255Z dirac-jobexec INFO: GUIDs not found from POOL XML Catalogue (and were generated) for: mc.root
2025-08-27T00:45:17,569623Z dirac-jobexec/UserJobFinalization WARN: PoolXMLFile generated GUID(s) for the following files  mc.root
2025-08-27T00:45:17,684686Z dirac-jobexec/DIRAC.DataManagementSystem.Utilities.ResolveSE INFO: Resolving workflow output SE description Tier1-USER
2025-08-27T00:45:17,689143Z dirac-jobexec/DIRAC.DataManagementSystem.Utilities.ResolveSE INFO: Found eligible local SE ['PIC-USER']
2025-08-27T00:45:17,689485Z dirac-jobexec/UserJobFinalization INFO: Ordered list of output SEs is: PIC-USER, GRIDKA-USER, RAL-USER, CERN-USER, CNAF-USER, SARA-USER, IN2P3-USER
2025-08-27T00:45:17,689579Z dirac-jobexec/UserJobFinalization INFO: Creating DISABLE_WATCHDOG_CPU_WALLCLOCK_CHECK in order to disable the Watchdog
2025-08-27T00:45:17,690049Z dirac-jobexec/UserJobFinalization INFO: Attempting to store mc.root to the following SE(s): PIC-USER, GRIDKA-USER, RAL-USER, CERN-USER, CNAF-USER, SARA-USER, IN2P3-USER
2025-08-27T00:45:17,690146Z dirac-jobexec/FailoverTransfer INFO: Attempting dm.putAndRegister ('/lhcb/user/a/afernez/2025_08/1164942/1164942773/mc.root','/tmp/1164942773/mc.root','PIC-USER',guid='E26EE6E4-C9F4-0592-87F6-9DF67DCD5480',catalog='None', checksum = '63746929')
2025-08-27T00:45:22,701174Z dirac-jobexec/FailoverTransfer INFO: dm.putAndRegister successfully uploaded and registered mc.root to PIC-USER
2025-08-27T00:45:23,518391Z dirac-jobexec/UserJobFinalization INFO: ===== Terminating 12.0.0a30 ===== 
