WARNING: Parsing of '.cfg' files as command line arguments is changing!
          Set the environment variable 'export DIRAC_NO_CFG=1' to pass the file as a positional
          argument (this will become the default).
          To modify the local configuration use '--cfg <configfile>' instead.
2025-08-26T23:32:56,998971Z dirac-jobexec INFO: JobID: 1164942837
2025-08-26T23:32:57,007849Z dirac-jobexec INFO: DIRAC JobID 1164942837 is running at site LCG.RAL.uk
Executing StepInstance RunScriptStep1 of type ScriptStep1 ['ScriptStep1']
2025-08-26T23:32:59,720883Z dirac-jobexec/CreateDataFile INFO: ===== Executing 12.0.0a30 ===== 
2025-08-26T23:32:59,722759Z dirac-jobexec INFO: Running in MultiProcessor is not allowed here
2025-08-26T23:32:59,722959Z dirac-jobexec/CreateDataFile INFO: Creating Ganga data file data.py from scratch
2025-08-26T23:33:00,055134Z dirac-jobexec/CreateDataFile INFO: Created Ganga data file data.py
2025-08-26T23:33:00,055413Z dirac-jobexec/CreateDataFile INFO: ===== Terminating 12.0.0a30 ===== 
2025-08-26T23:33:00,074347Z dirac-jobexec/LHCbScript INFO: Command is: /cvmfs/lhcb.cern.ch/lhcbdirac/versions/v12.0.0a30-1755085183/Linux-x86_64/bin/python3 jobScript/GaudiExec_afernez_Job_510.2_b40758de-0c17-4015-97ce-9976d6fc55aa_script.py
2025-08-27T04:53:41,562915Z dirac-jobexec/LHCbScript INFO: /cvmfs/lhcb.cern.ch/lhcbdirac/versions/v12.0.0a30-1755085183/Linux-x86_64/bin/python3 jobScript/GaudiExec_afernez_Job_510.2_b40758de-0c17-4015-97ce-9976d6fc55aa_script.py execution completed with status 0
2025-08-27T04:53:41,564162Z dirac-jobexec/LHCbScript INFO: Output written to Script1_Ganga_GaudiExec.log, execution complete.
2025-08-27T04:53:41,976437Z dirac-jobexec/LHCbScript INFO: GaudiExec successful
2025-08-27T04:53:41,982571Z dirac-jobexec/LHCbScript INFO: ===== Terminating <class 'LHCbDIRAC.Workflow.Modules.LHCbScript.LHCbScript'> ===== 
2025-08-27T04:53:42,269498Z dirac-jobexec/FileUsage INFO: ===== Executing 12.0.0a30 ===== 
2025-08-27T04:53:42,271434Z dirac-jobexec/FileUsage INFO: Popularity report =  {'/lhcb/MC/2016/D0TAUNU.SAFESTRIPTRIG.DST/00140825/0000/': 3}
2025-08-27T04:53:42,441729Z dirac-jobexec/FileUsage INFO: Reporting input file usage successful!
2025-08-27T04:53:42,442330Z dirac-jobexec/FileUsage INFO: ===== Terminating 12.0.0a30 ===== 
2025-08-27T04:53:42,460858Z dirac-jobexec/UserJobFinalization INFO: ===== Executing 12.0.0a30 ===== 
2025-08-27T04:53:42,461253Z dirac-jobexec/DIRAC.DataManagementSystem.Utilities.ResolveSE INFO: Resolving workflow output SE description Tier1-USER
2025-08-27T04:53:42,471169Z dirac-jobexec/DIRAC.DataManagementSystem.Utilities.ResolveSE INFO: Found SEs, local first: ['RAL-USER', 'CERN-USER', 'GRIDKA-USER', 'CNAF-USER', 'IN2P3-USER', 'PIC-USER', 'SARA-USER']
2025-08-27T04:53:42,471526Z dirac-jobexec/DIRAC.DataManagementSystem.Utilities.ResolveSE INFO: Resolving workflow output SE description Tier1-Failover
2025-08-27T04:53:42,475454Z dirac-jobexec/DIRAC.DataManagementSystem.Utilities.ResolveSE INFO: Found SEs, local first: ['RAL-FAILOVER', 'CNAF-FAILOVER', 'IN2P3-FAILOVER', 'SARA-FAILOVER', 'PIC-FAILOVER', 'GRIDKA-FAILOVER', 'CERN-EOS-FAILOVER']
2025-08-27T04:53:42,475913Z dirac-jobexec/UserJobFinalization INFO: User specified output file list is: *.root
2025-08-27T04:53:42,476553Z dirac-jobexec/UserJobFinalization INFO: Found a pattern in the output data file list,           extra files to upload are: mc.root
2025-08-27T04:53:42,476653Z dirac-jobexec/UserJobFinalization INFO: Final list of files to upload are: mc.root
2025-08-27T04:53:42,476727Z dirac-jobexec/UserJobFinalization INFO: Constructing user output LFN(s) for mc.root
2025-08-27T04:53:42,677331Z dirac-jobexec/ProductionData INFO: Created the following output data LFN(s):
/lhcb/user/a/afernez/2025_08/1164942/1164942837/mc.root
2025-08-27T04:53:42,678478Z dirac-jobexec/UserJobFinalization INFO: No outputDataFileMask provided, the files with all the extensions will be considered
2025-08-27T04:53:42,678642Z dirac-jobexec/UserJobFinalization INFO: No outputDataStep provided, the files output of all the steps will be considered
2025-08-27T04:53:42,678774Z dirac-jobexec/UserJobFinalization INFO: Will search for POOL GUIDs for: mc.root
2025-08-27T04:53:42,963570Z dirac-jobexec INFO: GUIDs not found from POOL XML Catalogue (and were generated) for: mc.root
2025-08-27T04:53:42,964339Z dirac-jobexec/UserJobFinalization WARN: PoolXMLFile generated GUID(s) for the following files  mc.root
2025-08-27T04:53:43,233227Z dirac-jobexec/DIRAC.DataManagementSystem.Utilities.ResolveSE INFO: Resolving workflow output SE description Tier1-USER
2025-08-27T04:53:43,238581Z dirac-jobexec/DIRAC.DataManagementSystem.Utilities.ResolveSE INFO: Found eligible local SE ['RAL-USER']
2025-08-27T04:53:43,239653Z dirac-jobexec/UserJobFinalization INFO: Ordered list of output SEs is: RAL-USER, SARA-USER, CERN-USER, CNAF-USER, IN2P3-USER, PIC-USER, GRIDKA-USER
2025-08-27T04:53:43,239919Z dirac-jobexec/UserJobFinalization INFO: Creating DISABLE_WATCHDOG_CPU_WALLCLOCK_CHECK in order to disable the Watchdog
2025-08-27T04:53:43,240492Z dirac-jobexec/UserJobFinalization INFO: Attempting to store mc.root to the following SE(s): RAL-USER, SARA-USER, CERN-USER, CNAF-USER, IN2P3-USER, PIC-USER, GRIDKA-USER
2025-08-27T04:53:43,240638Z dirac-jobexec/FailoverTransfer INFO: Attempting dm.putAndRegister ('/lhcb/user/a/afernez/2025_08/1164942/1164942837/mc.root','/tmp/1164942837/mc.root','RAL-USER',guid='E1118474-4B32-3A63-4DC1-58800C81A233',catalog='None', checksum = 'd9263fae')
2025-08-27T04:53:58,991040Z dirac-jobexec/FailoverTransfer INFO: dm.putAndRegister successfully uploaded and registered mc.root to RAL-USER
2025-08-27T04:53:59,495892Z dirac-jobexec/UserJobFinalization INFO: ===== Terminating 12.0.0a30 ===== 
