WARNING: Parsing of '.cfg' files as command line arguments is changing!
          Set the environment variable 'export DIRAC_NO_CFG=1' to pass the file as a positional
          argument (this will become the default).
          To modify the local configuration use '--cfg <configfile>' instead.
2025-08-27T03:07:23,672471Z dirac-jobexec INFO: JobID: 1164942594
2025-08-27T03:07:23,687283Z dirac-jobexec INFO: DIRAC JobID 1164942594 is running at site LCG.UKI-LT2-IC-HEP.uk
Executing StepInstance RunScriptStep1 of type ScriptStep1 ['ScriptStep1']
2025-08-27T03:07:26,736210Z dirac-jobexec/CreateDataFile INFO: ===== Executing 12.0.0a30 ===== 
2025-08-27T03:07:26,738407Z dirac-jobexec INFO: Running in MultiProcessor is not allowed here
2025-08-27T03:07:26,738860Z dirac-jobexec/CreateDataFile INFO: Creating Ganga data file data.py from scratch
2025-08-27T03:07:27,071986Z dirac-jobexec/CreateDataFile INFO: Created Ganga data file data.py
2025-08-27T03:07:27,072745Z dirac-jobexec/CreateDataFile INFO: ===== Terminating 12.0.0a30 ===== 
2025-08-27T03:07:27,081452Z dirac-jobexec/LHCbScript INFO: Command is: /cvmfs/lhcb.cern.ch/lhcbdirac/versions/v12.0.0a30-1755085183/Linux-x86_64/bin/python3 jobScript/GaudiExec_afernez_Job_494.6_f13e03bc-78a2-4569-adcf-4f9bdb2798a3_script.py
2025-08-27T06:30:35,849275Z dirac-jobexec/LHCbScript INFO: /cvmfs/lhcb.cern.ch/lhcbdirac/versions/v12.0.0a30-1755085183/Linux-x86_64/bin/python3 jobScript/GaudiExec_afernez_Job_494.6_f13e03bc-78a2-4569-adcf-4f9bdb2798a3_script.py execution completed with status 0
2025-08-27T06:30:35,855655Z dirac-jobexec/LHCbScript INFO: Output written to Script1_Ganga_GaudiExec.log, execution complete.
2025-08-27T06:30:36,397875Z dirac-jobexec/LHCbScript INFO: GaudiExec successful
2025-08-27T06:30:36,398355Z dirac-jobexec/LHCbScript INFO: ===== Terminating <class 'LHCbDIRAC.Workflow.Modules.LHCbScript.LHCbScript'> ===== 
2025-08-27T06:30:36,721970Z dirac-jobexec/FileUsage INFO: ===== Executing 12.0.0a30 ===== 
2025-08-27T06:30:36,722409Z dirac-jobexec/FileUsage INFO: Popularity report =  {'/lhcb/MC/2016/D0TAUNU.SAFESTRIPTRIG.DST/00140840/0000/': 2}
2025-08-27T06:30:36,860391Z dirac-jobexec/FileUsage INFO: Reporting input file usage successful!
2025-08-27T06:30:36,861224Z dirac-jobexec/FileUsage INFO: ===== Terminating 12.0.0a30 ===== 
2025-08-27T06:30:36,869433Z dirac-jobexec/UserJobFinalization INFO: ===== Executing 12.0.0a30 ===== 
2025-08-27T06:30:36,870027Z dirac-jobexec/DIRAC.DataManagementSystem.Utilities.ResolveSE INFO: Resolving workflow output SE description Tier1-USER
2025-08-27T06:30:36,879625Z dirac-jobexec/DIRAC.DataManagementSystem.Utilities.ResolveSE INFO: Found SEs, local first: ['CNAF-USER', 'RAL-USER', 'SARA-USER', 'CERN-USER', 'IN2P3-USER', 'GRIDKA-USER', 'PIC-USER']
2025-08-27T06:30:36,880120Z dirac-jobexec/DIRAC.DataManagementSystem.Utilities.ResolveSE INFO: Resolving workflow output SE description Tier1-Failover
2025-08-27T06:30:36,886251Z dirac-jobexec/DIRAC.DataManagementSystem.Utilities.ResolveSE INFO: Found SEs, local first: ['IN2P3-FAILOVER', 'PIC-FAILOVER', 'CNAF-FAILOVER', 'GRIDKA-FAILOVER', 'CERN-EOS-FAILOVER', 'RAL-FAILOVER', 'SARA-FAILOVER']
2025-08-27T06:30:36,887012Z dirac-jobexec/UserJobFinalization INFO: User specified output file list is: *.root
2025-08-27T06:30:36,887757Z dirac-jobexec/UserJobFinalization INFO: Found a pattern in the output data file list,           extra files to upload are: mc.root
2025-08-27T06:30:36,888084Z dirac-jobexec/UserJobFinalization INFO: Final list of files to upload are: mc.root
2025-08-27T06:30:36,888400Z dirac-jobexec/UserJobFinalization INFO: Constructing user output LFN(s) for mc.root
2025-08-27T06:30:37,103237Z dirac-jobexec/ProductionData INFO: Created the following output data LFN(s):
/lhcb/user/a/afernez/2025_08/1164942/1164942594/mc.root
2025-08-27T06:30:37,104134Z dirac-jobexec/UserJobFinalization INFO: No outputDataFileMask provided, the files with all the extensions will be considered
2025-08-27T06:30:37,104449Z dirac-jobexec/UserJobFinalization INFO: No outputDataStep provided, the files output of all the steps will be considered
2025-08-27T06:30:37,104776Z dirac-jobexec/UserJobFinalization INFO: Will search for POOL GUIDs for: mc.root
2025-08-27T06:30:37,275149Z dirac-jobexec INFO: GUIDs not found from POOL XML Catalogue (and were generated) for: mc.root
2025-08-27T06:30:37,275647Z dirac-jobexec/UserJobFinalization WARN: PoolXMLFile generated GUID(s) for the following files  mc.root
2025-08-27T06:30:37,421365Z dirac-jobexec/DIRAC.DataManagementSystem.Utilities.ResolveSE INFO: Resolving workflow output SE description Tier1-USER
2025-08-27T06:30:37,428391Z dirac-jobexec/DIRAC.DataManagementSystem.Utilities.ResolveSE INFO: Found associated SEs ['CERN-USER'] in /Resources/Countries/cern/AssociatedSEs/Tier1-USER
2025-08-27T06:30:37,428840Z dirac-jobexec/UserJobFinalization INFO: Ordered list of output SEs is: CERN-USER, CNAF-USER, PIC-USER, SARA-USER, IN2P3-USER, RAL-USER, GRIDKA-USER
2025-08-27T06:30:37,429180Z dirac-jobexec/UserJobFinalization INFO: Creating DISABLE_WATCHDOG_CPU_WALLCLOCK_CHECK in order to disable the Watchdog
2025-08-27T06:30:37,429822Z dirac-jobexec/UserJobFinalization INFO: Attempting to store mc.root to the following SE(s): CERN-USER, CNAF-USER, PIC-USER, SARA-USER, IN2P3-USER, RAL-USER, GRIDKA-USER
2025-08-27T06:30:37,430160Z dirac-jobexec/FailoverTransfer INFO: Attempting dm.putAndRegister ('/lhcb/user/a/afernez/2025_08/1164942/1164942594/mc.root','/tmp/1164942594/mc.root','CERN-USER',guid='B87DC37B-5EF3-8BC1-075F-5A042FE670BB',catalog='None', checksum = '1270d9a1')
2025-08-27T06:30:53,948984Z dirac-jobexec/FailoverTransfer INFO: dm.putAndRegister successfully uploaded and registered mc.root to CERN-USER
2025-08-27T06:30:54,315359Z dirac-jobexec/UserJobFinalization INFO: ===== Terminating 12.0.0a30 ===== 
