WARNING: Parsing of '.cfg' files as command line arguments is changing!
          Set the environment variable 'export DIRAC_NO_CFG=1' to pass the file as a positional
          argument (this will become the default).
          To modify the local configuration use '--cfg <configfile>' instead.
2025-08-26T23:18:40,071793Z dirac-jobexec INFO: JobID: 1164942702
2025-08-26T23:18:40,080894Z dirac-jobexec INFO: DIRAC JobID 1164942702 is running at site LCG.RAL.uk
Executing StepInstance RunScriptStep1 of type ScriptStep1 ['ScriptStep1']
2025-08-26T23:18:42,249647Z dirac-jobexec/CreateDataFile INFO: ===== Executing 12.0.0a30 ===== 
2025-08-26T23:18:42,250742Z dirac-jobexec INFO: Running in MultiProcessor is not allowed here
2025-08-26T23:18:42,250907Z dirac-jobexec/CreateDataFile INFO: Creating Ganga data file data.py from scratch
2025-08-26T23:18:42,556772Z dirac-jobexec/CreateDataFile INFO: Created Ganga data file data.py
2025-08-26T23:18:42,556982Z dirac-jobexec/CreateDataFile INFO: ===== Terminating 12.0.0a30 ===== 
2025-08-26T23:18:42,563930Z dirac-jobexec/LHCbScript INFO: Command is: /cvmfs/lhcb.cern.ch/lhcbdirac/versions/v12.0.0a30-1755085183/Linux-x86_64/bin/python3 jobScript/GaudiExec_afernez_Job_501.6_c4b7d374-3967-41ba-bc35-1901373c3880_script.py
2025-08-27T03:28:31,512106Z dirac-jobexec/LHCbScript INFO: /cvmfs/lhcb.cern.ch/lhcbdirac/versions/v12.0.0a30-1755085183/Linux-x86_64/bin/python3 jobScript/GaudiExec_afernez_Job_501.6_c4b7d374-3967-41ba-bc35-1901373c3880_script.py execution completed with status 0
2025-08-27T03:28:31,512868Z dirac-jobexec/LHCbScript INFO: Output written to Script1_Ganga_GaudiExec.log, execution complete.
2025-08-27T03:28:31,746587Z dirac-jobexec/LHCbScript INFO: GaudiExec successful
2025-08-27T03:28:31,747097Z dirac-jobexec/LHCbScript INFO: ===== Terminating <class 'LHCbDIRAC.Workflow.Modules.LHCbScript.LHCbScript'> ===== 
2025-08-27T03:28:31,756552Z dirac-jobexec/FileUsage INFO: ===== Executing 12.0.0a30 ===== 
2025-08-27T03:28:31,756983Z dirac-jobexec/FileUsage INFO: Popularity report =  {'/lhcb/MC/2016/D0TAUNU.SAFESTRIPTRIG.DST/00140813/0000/': 3}
2025-08-27T03:28:32,007136Z dirac-jobexec/FileUsage INFO: Reporting input file usage successful!
2025-08-27T03:28:32,012649Z dirac-jobexec/FileUsage INFO: ===== Terminating 12.0.0a30 ===== 
2025-08-27T03:28:32,279189Z dirac-jobexec/UserJobFinalization INFO: ===== Executing 12.0.0a30 ===== 
2025-08-27T03:28:32,279505Z dirac-jobexec/DIRAC.DataManagementSystem.Utilities.ResolveSE INFO: Resolving workflow output SE description Tier1-USER
2025-08-27T03:28:32,289030Z dirac-jobexec/DIRAC.DataManagementSystem.Utilities.ResolveSE INFO: Found SEs, local first: ['RAL-USER', 'SARA-USER', 'GRIDKA-USER', 'IN2P3-USER', 'PIC-USER', 'CNAF-USER', 'CERN-USER']
2025-08-27T03:28:32,289288Z dirac-jobexec/DIRAC.DataManagementSystem.Utilities.ResolveSE INFO: Resolving workflow output SE description Tier1-Failover
2025-08-27T03:28:32,295805Z dirac-jobexec/DIRAC.DataManagementSystem.Utilities.ResolveSE INFO: Found SEs, local first: ['RAL-FAILOVER', 'CERN-EOS-FAILOVER', 'SARA-FAILOVER', 'CNAF-FAILOVER', 'PIC-FAILOVER', 'IN2P3-FAILOVER', 'GRIDKA-FAILOVER']
2025-08-27T03:28:32,296353Z dirac-jobexec/UserJobFinalization INFO: User specified output file list is: *.root
2025-08-27T03:28:32,297186Z dirac-jobexec/UserJobFinalization INFO: Found a pattern in the output data file list,           extra files to upload are: mc.root
2025-08-27T03:28:32,297330Z dirac-jobexec/UserJobFinalization INFO: Final list of files to upload are: mc.root
2025-08-27T03:28:32,297408Z dirac-jobexec/UserJobFinalization INFO: Constructing user output LFN(s) for mc.root
2025-08-27T03:28:33,644101Z dirac-jobexec/ProductionData INFO: Created the following output data LFN(s):
/lhcb/user/a/afernez/2025_08/1164942/1164942702/mc.root
2025-08-27T03:28:33,644546Z dirac-jobexec/UserJobFinalization INFO: No outputDataFileMask provided, the files with all the extensions will be considered
2025-08-27T03:28:33,644696Z dirac-jobexec/UserJobFinalization INFO: No outputDataStep provided, the files output of all the steps will be considered
2025-08-27T03:28:33,644823Z dirac-jobexec/UserJobFinalization INFO: Will search for POOL GUIDs for: mc.root
2025-08-27T03:28:33,848847Z dirac-jobexec INFO: GUIDs not found from POOL XML Catalogue (and were generated) for: mc.root
2025-08-27T03:28:33,849128Z dirac-jobexec/UserJobFinalization WARN: PoolXMLFile generated GUID(s) for the following files  mc.root
2025-08-27T03:28:34,136809Z dirac-jobexec/DIRAC.DataManagementSystem.Utilities.ResolveSE INFO: Resolving workflow output SE description Tier1-USER
2025-08-27T03:28:34,141432Z dirac-jobexec/DIRAC.DataManagementSystem.Utilities.ResolveSE INFO: Found eligible local SE ['RAL-USER']
2025-08-27T03:28:34,141669Z dirac-jobexec/UserJobFinalization INFO: Ordered list of output SEs is: RAL-USER, SARA-USER, CNAF-USER, GRIDKA-USER, CERN-USER, IN2P3-USER, PIC-USER
2025-08-27T03:28:34,141763Z dirac-jobexec/UserJobFinalization INFO: Creating DISABLE_WATCHDOG_CPU_WALLCLOCK_CHECK in order to disable the Watchdog
2025-08-27T03:28:34,142216Z dirac-jobexec/UserJobFinalization INFO: Attempting to store mc.root to the following SE(s): RAL-USER, SARA-USER, CNAF-USER, GRIDKA-USER, CERN-USER, IN2P3-USER, PIC-USER
2025-08-27T03:28:34,142350Z dirac-jobexec/FailoverTransfer INFO: Attempting dm.putAndRegister ('/lhcb/user/a/afernez/2025_08/1164942/1164942702/mc.root','/tmp/1164942702/mc.root','RAL-USER',guid='9FA852D6-3B82-D1C8-2382-13EB26300B51',catalog='None', checksum = '790692a0')
2025-08-27T03:28:45,769758Z dirac-jobexec/FailoverTransfer INFO: dm.putAndRegister successfully uploaded and registered mc.root to RAL-USER
2025-08-27T03:28:46,152202Z dirac-jobexec/UserJobFinalization INFO: ===== Terminating 12.0.0a30 ===== 
