WARNING: Parsing of '.cfg' files as command line arguments is changing!
          Set the environment variable 'export DIRAC_NO_CFG=1' to pass the file as a positional
          argument (this will become the default).
          To modify the local configuration use '--cfg <configfile>' instead.
2025-08-26T23:09:15,624078Z dirac-jobexec INFO: JobID: 1164942629
2025-08-26T23:09:15,633190Z dirac-jobexec INFO: DIRAC JobID 1164942629 is running at site LCG.GRIDKA.de
Executing StepInstance RunScriptStep1 of type ScriptStep1 ['ScriptStep1']
2025-08-26T23:09:17,412447Z dirac-jobexec/CreateDataFile INFO: ===== Executing 12.0.0a30 ===== 
2025-08-26T23:09:17,413932Z dirac-jobexec INFO: Running in MultiProcessor is not allowed here
2025-08-26T23:09:17,414109Z dirac-jobexec/CreateDataFile INFO: Creating Ganga data file data.py from scratch
2025-08-26T23:09:17,635901Z dirac-jobexec/CreateDataFile INFO: Created Ganga data file data.py
2025-08-26T23:09:17,636182Z dirac-jobexec/CreateDataFile INFO: ===== Terminating 12.0.0a30 ===== 
2025-08-26T23:09:17,642039Z dirac-jobexec/LHCbScript INFO: Command is: /cvmfs/lhcb.cern.ch/lhcbdirac/versions/v12.0.0a30-1755085183/Linux-x86_64/bin/python3 jobScript/GaudiExec_afernez_Job_496.17_e3c5c5bd-4ba0-469b-bec5-679b83091e74_script.py
2025-08-27T02:36:14,202335Z dirac-jobexec/LHCbScript INFO: /cvmfs/lhcb.cern.ch/lhcbdirac/versions/v12.0.0a30-1755085183/Linux-x86_64/bin/python3 jobScript/GaudiExec_afernez_Job_496.17_e3c5c5bd-4ba0-469b-bec5-679b83091e74_script.py execution completed with status 0
2025-08-27T02:36:14,204850Z dirac-jobexec/LHCbScript INFO: Output written to Script1_Ganga_GaudiExec.log, execution complete.
2025-08-27T02:36:14,531153Z dirac-jobexec/LHCbScript INFO: GaudiExec successful
2025-08-27T02:36:14,540156Z dirac-jobexec/LHCbScript INFO: ===== Terminating <class 'LHCbDIRAC.Workflow.Modules.LHCbScript.LHCbScript'> ===== 
2025-08-27T02:36:14,893169Z dirac-jobexec/FileUsage INFO: ===== Executing 12.0.0a30 ===== 
2025-08-27T02:36:14,893959Z dirac-jobexec/FileUsage INFO: Popularity report =  {'/lhcb/MC/2016/D0TAUNU.SAFESTRIPTRIG.DST/00140846/0000/': 3}
2025-08-27T02:36:14,990365Z dirac-jobexec/FileUsage INFO: Reporting input file usage successful!
2025-08-27T02:36:14,990788Z dirac-jobexec/FileUsage INFO: ===== Terminating 12.0.0a30 ===== 
2025-08-27T02:36:14,995177Z dirac-jobexec/UserJobFinalization INFO: ===== Executing 12.0.0a30 ===== 
2025-08-27T02:36:14,995339Z dirac-jobexec/DIRAC.DataManagementSystem.Utilities.ResolveSE INFO: Resolving workflow output SE description Tier1-USER
2025-08-27T02:36:15,002422Z dirac-jobexec/DIRAC.DataManagementSystem.Utilities.ResolveSE INFO: Found SEs, local first: ['GRIDKA-USER', 'CERN-USER', 'CNAF-USER', 'RAL-USER', 'IN2P3-USER', 'PIC-USER', 'SARA-USER']
2025-08-27T02:36:15,002531Z dirac-jobexec/DIRAC.DataManagementSystem.Utilities.ResolveSE INFO: Resolving workflow output SE description Tier1-Failover
2025-08-27T02:36:15,004725Z dirac-jobexec/DIRAC.DataManagementSystem.Utilities.ResolveSE INFO: Found SEs, local first: ['GRIDKA-FAILOVER', 'RAL-FAILOVER', 'CERN-EOS-FAILOVER', 'PIC-FAILOVER', 'SARA-FAILOVER', 'CNAF-FAILOVER', 'IN2P3-FAILOVER']
2025-08-27T02:36:15,005007Z dirac-jobexec/UserJobFinalization INFO: User specified output file list is: *.root
2025-08-27T02:36:15,005553Z dirac-jobexec/UserJobFinalization INFO: Found a pattern in the output data file list,           extra files to upload are: mc.root
2025-08-27T02:36:15,005640Z dirac-jobexec/UserJobFinalization INFO: Final list of files to upload are: mc.root
2025-08-27T02:36:15,005693Z dirac-jobexec/UserJobFinalization INFO: Constructing user output LFN(s) for mc.root
2025-08-27T02:36:15,113068Z dirac-jobexec/ProductionData INFO: Created the following output data LFN(s):
/lhcb/user/a/afernez/2025_08/1164942/1164942629/mc.root
2025-08-27T02:36:15,113461Z dirac-jobexec/UserJobFinalization INFO: No outputDataFileMask provided, the files with all the extensions will be considered
2025-08-27T02:36:15,113578Z dirac-jobexec/UserJobFinalization INFO: No outputDataStep provided, the files output of all the steps will be considered
2025-08-27T02:36:15,113676Z dirac-jobexec/UserJobFinalization INFO: Will search for POOL GUIDs for: mc.root
2025-08-27T02:36:15,336636Z dirac-jobexec INFO: GUIDs not found from POOL XML Catalogue (and were generated) for: mc.root
2025-08-27T02:36:15,337079Z dirac-jobexec/UserJobFinalization WARN: PoolXMLFile generated GUID(s) for the following files  mc.root
2025-08-27T02:36:15,588017Z dirac-jobexec/DIRAC.DataManagementSystem.Utilities.ResolveSE INFO: Resolving workflow output SE description Tier1-USER
2025-08-27T02:36:15,592006Z dirac-jobexec/DIRAC.DataManagementSystem.Utilities.ResolveSE INFO: Found eligible local SE ['GRIDKA-USER']
2025-08-27T02:36:15,592234Z dirac-jobexec/UserJobFinalization INFO: Ordered list of output SEs is: GRIDKA-USER, PIC-USER, IN2P3-USER, CERN-USER, SARA-USER, CNAF-USER, RAL-USER
2025-08-27T02:36:15,592356Z dirac-jobexec/UserJobFinalization INFO: Creating DISABLE_WATCHDOG_CPU_WALLCLOCK_CHECK in order to disable the Watchdog
2025-08-27T02:36:15,592763Z dirac-jobexec/UserJobFinalization INFO: Attempting to store mc.root to the following SE(s): GRIDKA-USER, PIC-USER, IN2P3-USER, CERN-USER, SARA-USER, CNAF-USER, RAL-USER
2025-08-27T02:36:15,592890Z dirac-jobexec/FailoverTransfer INFO: Attempting dm.putAndRegister ('/lhcb/user/a/afernez/2025_08/1164942/1164942629/mc.root','/tmp/1164942629/mc.root','GRIDKA-USER',guid='D62A13DC-B4CC-CC77-1DF3-041B32304120',catalog='None', checksum = '36d7ab68')
2025-08-27T02:36:18,086211Z dirac-jobexec/FailoverTransfer INFO: dm.putAndRegister successfully uploaded and registered mc.root to GRIDKA-USER
2025-08-27T02:36:18,397019Z dirac-jobexec/UserJobFinalization INFO: ===== Terminating 12.0.0a30 ===== 
