Total events in data: 1311403
Initialize fit model...
y range is: -33.57870517785247, 22.832803320947924
y major ticks are: -0.29109831059555397,0.152073670889955,0.595245652375464,1.038417633860973
Max y tick is at: 0.595245652375464
Start to fit...
Compute errors...
Fit & error computation took a total of 674.38 sec.
Fit result:
FitResult of
<ExtendedUnbinnedNLL model=[<zfit.<class 'zfit.models.functor.SumPDF'>  params=[Composed_autoparam_3, Composed_autoparam_4]] data=[<zfit.core.data.Data object at 0x7f86043c9c70>] constraints=[]> 
with
<Minuit Minuit tol=0.001>

╒═════════╤═════════════╤══════════════════╤═════════╤═════════════╕
│ valid   │ converged   │ param at limit   │ edm     │ min value   │
╞═════════╪═════════════╪══════════════════╪═════════╪═════════════╡
│ True    │ True        │ False            │ 0.00011 │ -3454       │
╘═════════╧═════════════╧══════════════════╧═════════╧═════════════╛

Parameters
name               value         minuit_minos    at limit
-------------  ---------  -------------------  ----------
yld_bkg_ratio     0.2322  - 0.0021   +  0.002       False
yld_sig_ratio     0.7678  - 0.0021   + 0.0022       False
expc           -0.001743  -8.3e-05   +  8e-05       False
frac_sig_cb       0.4252  -  0.028   +  0.031       False
frac_sig_g          0.53  -  0.033   +   0.03       False
alpha              1.857  -  0.045   +  0.049       False
peak                5280  -  0.011   +  0.011       False
n_cb                 150  -1.1e+02   +  0.022       False
width_cb           11.66  -   0.28   +   0.28       False
width_g_sig        7.351  -    0.1   +  0.093       False
width_g2_sig       34.03  -    2.4   +    2.5       False
Compute sWeights...
Dump result...
Plot fitting results...
y range is: -3.786220181316583, 3.2264735616252214
y major ticks are: -0.17308324920150295,0.1834131402945051,0.5399095297905131,0.8964059192865211,1.2529023087825293
Max y tick is at: 0.8964059192865211
Added y pad. Now y max is: 4.476473561625221
y range is: -3.786220181316583, 3.2264735616252214
y major ticks are: -0.17308324920150295,0.1834131402945051,0.5399095297905131,0.8964059192865211,1.2529023087825293
Max y tick is at: 0.8964059192865211
Added y pad. Now y max is: 4.476473561625221
