WARNING: Parsing of '.cfg' files as command line arguments is changing!
          Set the environment variable 'export DIRAC_NO_CFG=1' to pass the file as a positional
          argument (this will become the default).
          To modify the local configuration use '--cfg <configfile>' instead.
2025-08-26T23:05:04,175518Z dirac-jobexec INFO: JobID: 1164942574
2025-08-26T23:05:04,185509Z dirac-jobexec INFO: DIRAC JobID 1164942574 is running at site LCG.PIC.es
Executing StepInstance RunScriptStep1 of type ScriptStep1 ['ScriptStep1']
2025-08-26T23:05:06,483171Z dirac-jobexec/CreateDataFile INFO: ===== Executing 12.0.0a30 ===== 
2025-08-26T23:05:06,484238Z dirac-jobexec INFO: Running in MultiProcessor is not allowed here
2025-08-26T23:05:06,484397Z dirac-jobexec/CreateDataFile INFO: Creating Ganga data file data.py from scratch
2025-08-26T23:05:07,009188Z dirac-jobexec/CreateDataFile INFO: Created Ganga data file data.py
2025-08-26T23:05:07,009485Z dirac-jobexec/CreateDataFile INFO: ===== Terminating 12.0.0a30 ===== 
2025-08-26T23:05:07,017858Z dirac-jobexec/LHCbScript INFO: Command is: /cvmfs/lhcb.cern.ch/lhcbdirac/versions/v12.0.0a30-1755085183/Linux-x86_64/bin/python3 jobScript/GaudiExec_afernez_Job_489.9_03310399-c3fa-40ff-ade7-75b37927ec8d_script.py
2025-08-27T04:20:12,957852Z dirac-jobexec/LHCbScript INFO: /cvmfs/lhcb.cern.ch/lhcbdirac/versions/v12.0.0a30-1755085183/Linux-x86_64/bin/python3 jobScript/GaudiExec_afernez_Job_489.9_03310399-c3fa-40ff-ade7-75b37927ec8d_script.py execution completed with status 0
2025-08-27T04:20:12,962218Z dirac-jobexec/LHCbScript INFO: Output written to Script1_Ganga_GaudiExec.log, execution complete.
2025-08-27T04:20:13,505607Z dirac-jobexec/LHCbScript INFO: GaudiExec successful
2025-08-27T04:20:13,511710Z dirac-jobexec/LHCbScript INFO: ===== Terminating <class 'LHCbDIRAC.Workflow.Modules.LHCbScript.LHCbScript'> ===== 
2025-08-27T04:20:13,871723Z dirac-jobexec/FileUsage INFO: ===== Executing 12.0.0a30 ===== 
2025-08-27T04:20:13,872323Z dirac-jobexec/FileUsage INFO: Popularity report =  {'/lhcb/MC/2016/D0TAUNU.SAFESTRIPTRIG.DST/00140861/0000/': 3}
2025-08-27T04:20:14,245055Z dirac-jobexec/FileUsage INFO: Reporting input file usage successful!
2025-08-27T04:20:14,245483Z dirac-jobexec/FileUsage INFO: ===== Terminating 12.0.0a30 ===== 
2025-08-27T04:20:14,252126Z dirac-jobexec/UserJobFinalization INFO: ===== Executing 12.0.0a30 ===== 
2025-08-27T04:20:14,252495Z dirac-jobexec/DIRAC.DataManagementSystem.Utilities.ResolveSE INFO: Resolving workflow output SE description Tier1-USER
2025-08-27T04:20:14,262649Z dirac-jobexec/DIRAC.DataManagementSystem.Utilities.ResolveSE INFO: Found SEs, local first: ['PIC-USER', 'CNAF-USER', 'IN2P3-USER', 'SARA-USER', 'CERN-USER', 'GRIDKA-USER', 'RAL-USER']
2025-08-27T04:20:14,262960Z dirac-jobexec/DIRAC.DataManagementSystem.Utilities.ResolveSE INFO: Resolving workflow output SE description Tier1-Failover
2025-08-27T04:20:14,267070Z dirac-jobexec/DIRAC.DataManagementSystem.Utilities.ResolveSE INFO: Found SEs, local first: ['PIC-FAILOVER', 'CERN-EOS-FAILOVER', 'GRIDKA-FAILOVER', 'CNAF-FAILOVER', 'RAL-FAILOVER', 'IN2P3-FAILOVER', 'SARA-FAILOVER']
2025-08-27T04:20:14,267614Z dirac-jobexec/UserJobFinalization INFO: User specified output file list is: *.root
2025-08-27T04:20:14,268359Z dirac-jobexec/UserJobFinalization INFO: Found a pattern in the output data file list,           extra files to upload are: mc.root
2025-08-27T04:20:14,268455Z dirac-jobexec/UserJobFinalization INFO: Final list of files to upload are: mc.root
2025-08-27T04:20:14,268530Z dirac-jobexec/UserJobFinalization INFO: Constructing user output LFN(s) for mc.root
2025-08-27T04:20:14,583200Z dirac-jobexec/ProductionData INFO: Created the following output data LFN(s):
/lhcb/user/a/afernez/2025_08/1164942/1164942574/mc.root
2025-08-27T04:20:14,584115Z dirac-jobexec/UserJobFinalization INFO: No outputDataFileMask provided, the files with all the extensions will be considered
2025-08-27T04:20:14,584248Z dirac-jobexec/UserJobFinalization INFO: No outputDataStep provided, the files output of all the steps will be considered
2025-08-27T04:20:14,584386Z dirac-jobexec/UserJobFinalization INFO: Will search for POOL GUIDs for: mc.root
2025-08-27T04:20:15,004297Z dirac-jobexec INFO: GUIDs not found from POOL XML Catalogue (and were generated) for: mc.root
2025-08-27T04:20:15,004835Z dirac-jobexec/UserJobFinalization WARN: PoolXMLFile generated GUID(s) for the following files  mc.root
2025-08-27T04:20:15,430506Z dirac-jobexec/DIRAC.DataManagementSystem.Utilities.ResolveSE INFO: Resolving workflow output SE description Tier1-USER
2025-08-27T04:20:15,436156Z dirac-jobexec/DIRAC.DataManagementSystem.Utilities.ResolveSE INFO: Found eligible local SE ['PIC-USER']
2025-08-27T04:20:15,436664Z dirac-jobexec/UserJobFinalization INFO: Ordered list of output SEs is: PIC-USER, GRIDKA-USER, CNAF-USER, IN2P3-USER, SARA-USER, CERN-USER, RAL-USER
2025-08-27T04:20:15,436815Z dirac-jobexec/UserJobFinalization INFO: Creating DISABLE_WATCHDOG_CPU_WALLCLOCK_CHECK in order to disable the Watchdog
2025-08-27T04:20:15,437544Z dirac-jobexec/UserJobFinalization INFO: Attempting to store mc.root to the following SE(s): PIC-USER, GRIDKA-USER, CNAF-USER, IN2P3-USER, SARA-USER, CERN-USER, RAL-USER
2025-08-27T04:20:15,437740Z dirac-jobexec/FailoverTransfer INFO: Attempting dm.putAndRegister ('/lhcb/user/a/afernez/2025_08/1164942/1164942574/mc.root','/tmp/1164942574/mc.root','PIC-USER',guid='647384AF-BE58-4F9E-FD88-1279DA5F9746',catalog='None', checksum = '11120b45')
2025-08-27T04:20:24,578729Z dirac-jobexec/FailoverTransfer INFO: dm.putAndRegister successfully uploaded and registered mc.root to PIC-USER
2025-08-27T04:20:25,339879Z dirac-jobexec/UserJobFinalization INFO: ===== Terminating 12.0.0a30 ===== 
