WARNING: Parsing of '.cfg' files as command line arguments is changing!
          Set the environment variable 'export DIRAC_NO_CFG=1' to pass the file as a positional
          argument (this will become the default).
          To modify the local configuration use '--cfg <configfile>' instead.
2025-08-27T03:09:31,016060Z dirac-jobexec INFO: JobID: 1164942771
2025-08-27T03:09:31,025145Z dirac-jobexec INFO: DIRAC JobID 1164942771 is running at site LCG.Glasgow.uk
Executing StepInstance RunScriptStep1 of type ScriptStep1 ['ScriptStep1']
2025-08-27T03:09:33,956298Z dirac-jobexec/CreateDataFile INFO: ===== Executing 12.0.0a30 ===== 
2025-08-27T03:09:33,957428Z dirac-jobexec INFO: Running in MultiProcessor is not allowed here
2025-08-27T03:09:33,957562Z dirac-jobexec/CreateDataFile INFO: Creating Ganga data file data.py from scratch
2025-08-27T03:09:38,268039Z dirac-jobexec/CreateDataFile INFO: Created Ganga data file data.py
2025-08-27T03:09:38,268247Z dirac-jobexec/CreateDataFile INFO: ===== Terminating 12.0.0a30 ===== 
2025-08-27T03:09:38,276764Z dirac-jobexec/LHCbScript INFO: Command is: /cvmfs/lhcb.cern.ch/lhcbdirac/versions/v12.0.0a30-1755085183/Linux-x86_64/bin/python3 jobScript/GaudiExec_afernez_Job_504.4_7d1fc639-e1d7-4824-a878-0f96a5b07652_script.py
2025-08-27T03:44:19,097848Z dirac-jobexec/LHCbScript INFO: /cvmfs/lhcb.cern.ch/lhcbdirac/versions/v12.0.0a30-1755085183/Linux-x86_64/bin/python3 jobScript/GaudiExec_afernez_Job_504.4_7d1fc639-e1d7-4824-a878-0f96a5b07652_script.py execution completed with status 0
2025-08-27T03:44:19,099116Z dirac-jobexec/LHCbScript INFO: Output written to Script1_Ganga_GaudiExec.log, execution complete.
2025-08-27T03:44:21,303538Z dirac-jobexec/LHCbScript INFO: GaudiExec successful
2025-08-27T03:44:21,304140Z dirac-jobexec/LHCbScript INFO: ===== Terminating <class 'LHCbDIRAC.Workflow.Modules.LHCbScript.LHCbScript'> ===== 
2025-08-27T03:44:21,313774Z dirac-jobexec/FileUsage INFO: ===== Executing 12.0.0a30 ===== 
2025-08-27T03:44:21,314195Z dirac-jobexec/FileUsage INFO: Popularity report =  {'/lhcb/MC/2016/D0TAUNU.SAFESTRIPTRIG.DST/00140792/0000/': 1}
2025-08-27T03:44:21,567006Z dirac-jobexec/FileUsage INFO: Reporting input file usage successful!
2025-08-27T03:44:21,567350Z dirac-jobexec/FileUsage INFO: ===== Terminating 12.0.0a30 ===== 
2025-08-27T03:44:21,574771Z dirac-jobexec/UserJobFinalization INFO: ===== Executing 12.0.0a30 ===== 
2025-08-27T03:44:21,575008Z dirac-jobexec/DIRAC.DataManagementSystem.Utilities.ResolveSE INFO: Resolving workflow output SE description Tier1-USER
2025-08-27T03:44:21,583704Z dirac-jobexec/DIRAC.DataManagementSystem.Utilities.ResolveSE INFO: Found SEs, local first: ['IN2P3-USER', 'SARA-USER', 'RAL-USER', 'GRIDKA-USER', 'PIC-USER', 'CNAF-USER', 'CERN-USER']
2025-08-27T03:44:21,584857Z dirac-jobexec/DIRAC.DataManagementSystem.Utilities.ResolveSE INFO: Resolving workflow output SE description Tier1-Failover
2025-08-27T03:44:21,588930Z dirac-jobexec/DIRAC.DataManagementSystem.Utilities.ResolveSE INFO: Found SEs, local first: ['CNAF-FAILOVER', 'RAL-FAILOVER', 'SARA-FAILOVER', 'GRIDKA-FAILOVER', 'IN2P3-FAILOVER', 'CERN-EOS-FAILOVER', 'PIC-FAILOVER']
2025-08-27T03:44:21,589415Z dirac-jobexec/UserJobFinalization INFO: User specified output file list is: *.root
2025-08-27T03:44:21,590230Z dirac-jobexec/UserJobFinalization INFO: Found a pattern in the output data file list,           extra files to upload are: mc.root
2025-08-27T03:44:21,590435Z dirac-jobexec/UserJobFinalization INFO: Final list of files to upload are: mc.root
2025-08-27T03:44:21,590771Z dirac-jobexec/UserJobFinalization INFO: Constructing user output LFN(s) for mc.root
2025-08-27T03:44:22,206264Z dirac-jobexec/ProductionData INFO: Created the following output data LFN(s):
/lhcb/user/a/afernez/2025_08/1164942/1164942771/mc.root
2025-08-27T03:44:22,207038Z dirac-jobexec/UserJobFinalization INFO: No outputDataFileMask provided, the files with all the extensions will be considered
2025-08-27T03:44:22,207141Z dirac-jobexec/UserJobFinalization INFO: No outputDataStep provided, the files output of all the steps will be considered
2025-08-27T03:44:22,207237Z dirac-jobexec/UserJobFinalization INFO: Will search for POOL GUIDs for: mc.root
2025-08-27T03:44:22,272429Z dirac-jobexec INFO: GUIDs not found from POOL XML Catalogue (and were generated) for: mc.root
2025-08-27T03:44:22,272637Z dirac-jobexec/UserJobFinalization WARN: PoolXMLFile generated GUID(s) for the following files  mc.root
2025-08-27T03:44:22,315002Z dirac-jobexec/DIRAC.DataManagementSystem.Utilities.ResolveSE INFO: Resolving workflow output SE description Tier1-USER
2025-08-27T03:44:22,317981Z dirac-jobexec/DIRAC.DataManagementSystem.Utilities.ResolveSE INFO: Found associated SEs ['CERN-USER'] in /Resources/Countries/cern/AssociatedSEs/Tier1-USER
2025-08-27T03:44:22,318120Z dirac-jobexec/UserJobFinalization INFO: Ordered list of output SEs is: CERN-USER, IN2P3-USER, RAL-USER, GRIDKA-USER, PIC-USER, CNAF-USER, SARA-USER
2025-08-27T03:44:22,318200Z dirac-jobexec/UserJobFinalization INFO: Creating DISABLE_WATCHDOG_CPU_WALLCLOCK_CHECK in order to disable the Watchdog
2025-08-27T03:44:22,318526Z dirac-jobexec/UserJobFinalization INFO: Attempting to store mc.root to the following SE(s): CERN-USER, IN2P3-USER, RAL-USER, GRIDKA-USER, PIC-USER, CNAF-USER, SARA-USER
2025-08-27T03:44:22,318596Z dirac-jobexec/FailoverTransfer INFO: Attempting dm.putAndRegister ('/lhcb/user/a/afernez/2025_08/1164942/1164942771/mc.root','/tmp/1164942771/mc.root','CERN-USER',guid='53E8E8D6-ACFE-F08E-890C-EA7900A20E97',catalog='None', checksum = 'e81c52d6')
2025-08-27T03:44:54,833975Z dirac-jobexec/FailoverTransfer INFO: dm.putAndRegister successfully uploaded and registered mc.root to CERN-USER
2025-08-27T03:44:55,410130Z dirac-jobexec/UserJobFinalization INFO: ===== Terminating 12.0.0a30 ===== 
