WARNING: Parsing of '.cfg' files as command line arguments is changing!
          Set the environment variable 'export DIRAC_NO_CFG=1' to pass the file as a positional
          argument (this will become the default).
          To modify the local configuration use '--cfg <configfile>' instead.
2025-08-27T00:12:42,554708Z dirac-jobexec INFO: JobID: 1164942884
2025-08-27T00:12:42,559404Z dirac-jobexec INFO: DIRAC JobID 1164942884 is running at site LCG.CNAF.it
Executing StepInstance RunScriptStep1 of type ScriptStep1 ['ScriptStep1']
2025-08-27T00:12:43,718782Z dirac-jobexec/CreateDataFile INFO: ===== Executing 12.0.0a30 ===== 
2025-08-27T00:12:43,719511Z dirac-jobexec INFO: Running in MultiProcessor is not allowed here
2025-08-27T00:12:43,719610Z dirac-jobexec/CreateDataFile INFO: Creating Ganga data file data.py from scratch
2025-08-27T00:12:44,146033Z dirac-jobexec/CreateDataFile INFO: Created Ganga data file data.py
2025-08-27T00:12:44,146326Z dirac-jobexec/CreateDataFile INFO: ===== Terminating 12.0.0a30 ===== 
2025-08-27T00:12:44,151086Z dirac-jobexec/LHCbScript INFO: Command is: /cvmfs/lhcb.cern.ch/lhcbdirac/versions/v12.0.0a30-1755085183/Linux-x86_64/bin/python3 jobScript/GaudiExec_afernez_Job_512.2_b901b1bf-bdd4-40f9-ba7a-3d1893ed79cf_script.py
2025-08-27T01:56:54,588629Z dirac-jobexec/LHCbScript INFO: /cvmfs/lhcb.cern.ch/lhcbdirac/versions/v12.0.0a30-1755085183/Linux-x86_64/bin/python3 jobScript/GaudiExec_afernez_Job_512.2_b901b1bf-bdd4-40f9-ba7a-3d1893ed79cf_script.py execution completed with status 0
2025-08-27T01:56:54,590813Z dirac-jobexec/LHCbScript INFO: Output written to Script1_Ganga_GaudiExec.log, execution complete.
2025-08-27T01:56:54,883924Z dirac-jobexec/LHCbScript INFO: GaudiExec successful
2025-08-27T01:56:54,884335Z dirac-jobexec/LHCbScript INFO: ===== Terminating <class 'LHCbDIRAC.Workflow.Modules.LHCbScript.LHCbScript'> ===== 
2025-08-27T01:56:54,954530Z dirac-jobexec/FileUsage INFO: ===== Executing 12.0.0a30 ===== 
2025-08-27T01:56:54,954866Z dirac-jobexec/FileUsage INFO: Popularity report =  {'/lhcb/MC/2016/D0TAUNU.SAFESTRIPTRIG.DST/00140831/0000/': 3}
2025-08-27T01:56:55,110097Z dirac-jobexec/FileUsage INFO: Reporting input file usage successful!
2025-08-27T01:56:55,110925Z dirac-jobexec/FileUsage INFO: ===== Terminating 12.0.0a30 ===== 
2025-08-27T01:56:55,115990Z dirac-jobexec/UserJobFinalization INFO: ===== Executing 12.0.0a30 ===== 
2025-08-27T01:56:55,116760Z dirac-jobexec/DIRAC.DataManagementSystem.Utilities.ResolveSE INFO: Resolving workflow output SE description Tier1-USER
2025-08-27T01:56:55,121225Z dirac-jobexec/DIRAC.DataManagementSystem.Utilities.ResolveSE INFO: Found SEs, local first: ['CNAF-USER', 'PIC-USER', 'GRIDKA-USER', 'SARA-USER', 'IN2P3-USER', 'CERN-USER', 'RAL-USER']
2025-08-27T01:56:55,121790Z dirac-jobexec/DIRAC.DataManagementSystem.Utilities.ResolveSE INFO: Resolving workflow output SE description Tier1-Failover
2025-08-27T01:56:55,124066Z dirac-jobexec/DIRAC.DataManagementSystem.Utilities.ResolveSE INFO: Found SEs, local first: ['CNAF-FAILOVER', 'CERN-EOS-FAILOVER', 'RAL-FAILOVER', 'GRIDKA-FAILOVER', 'IN2P3-FAILOVER', 'PIC-FAILOVER', 'SARA-FAILOVER']
2025-08-27T01:56:55,124696Z dirac-jobexec/UserJobFinalization INFO: User specified output file list is: *.root
2025-08-27T01:56:55,125151Z dirac-jobexec/UserJobFinalization INFO: Found a pattern in the output data file list,           extra files to upload are: mc.root
2025-08-27T01:56:55,125477Z dirac-jobexec/UserJobFinalization INFO: Final list of files to upload are: mc.root
2025-08-27T01:56:55,125590Z dirac-jobexec/UserJobFinalization INFO: Constructing user output LFN(s) for mc.root
2025-08-27T01:56:55,330809Z dirac-jobexec/ProductionData INFO: Created the following output data LFN(s):
/lhcb/user/a/afernez/2025_08/1164942/1164942884/mc.root
2025-08-27T01:56:55,331201Z dirac-jobexec/UserJobFinalization INFO: No outputDataFileMask provided, the files with all the extensions will be considered
2025-08-27T01:56:55,331652Z dirac-jobexec/UserJobFinalization INFO: No outputDataStep provided, the files output of all the steps will be considered
2025-08-27T01:56:55,331813Z dirac-jobexec/UserJobFinalization INFO: Will search for POOL GUIDs for: mc.root
2025-08-27T01:56:55,381865Z dirac-jobexec INFO: GUIDs not found from POOL XML Catalogue (and were generated) for: mc.root
2025-08-27T01:56:55,382243Z dirac-jobexec/UserJobFinalization WARN: PoolXMLFile generated GUID(s) for the following files  mc.root
2025-08-27T01:56:55,549147Z dirac-jobexec/DIRAC.DataManagementSystem.Utilities.ResolveSE INFO: Resolving workflow output SE description Tier1-USER
2025-08-27T01:56:55,551880Z dirac-jobexec/DIRAC.DataManagementSystem.Utilities.ResolveSE INFO: Found eligible local SE ['CNAF-USER']
2025-08-27T01:56:55,552463Z dirac-jobexec/UserJobFinalization INFO: Ordered list of output SEs is: CNAF-USER, CERN-USER, SARA-USER, GRIDKA-USER, RAL-USER, PIC-USER, IN2P3-USER
2025-08-27T01:56:55,552654Z dirac-jobexec/UserJobFinalization INFO: Creating DISABLE_WATCHDOG_CPU_WALLCLOCK_CHECK in order to disable the Watchdog
2025-08-27T01:56:55,553254Z dirac-jobexec/UserJobFinalization INFO: Attempting to store mc.root to the following SE(s): CNAF-USER, CERN-USER, SARA-USER, GRIDKA-USER, RAL-USER, PIC-USER, IN2P3-USER
2025-08-27T01:56:55,553406Z dirac-jobexec/FailoverTransfer INFO: Attempting dm.putAndRegister ('/lhcb/user/a/afernez/2025_08/1164942/1164942884/mc.root','/tmp/1164942884/mc.root','CNAF-USER',guid='F7578F75-62B2-95B5-7D04-44A9C396B848',catalog='None', checksum = '6893a71e')
2025-08-27T01:56:59,873934Z dirac-jobexec/FailoverTransfer INFO: dm.putAndRegister successfully uploaded and registered mc.root to CNAF-USER
2025-08-27T01:57:00,218256Z dirac-jobexec/UserJobFinalization INFO: ===== Terminating 12.0.0a30 ===== 
