WARNING: Parsing of '.cfg' files as command line arguments is changing!
          Set the environment variable 'export DIRAC_NO_CFG=1' to pass the file as a positional
          argument (this will become the default).
          To modify the local configuration use '--cfg <configfile>' instead.
2025-08-26T23:08:20,262593Z dirac-jobexec INFO: JobID: 1164942596
2025-08-26T23:08:20,266739Z dirac-jobexec INFO: DIRAC JobID 1164942596 is running at site LCG.Beijing.cn
Executing StepInstance RunScriptStep1 of type ScriptStep1 ['ScriptStep1']
2025-08-26T23:08:25,065924Z dirac-jobexec/CreateDataFile INFO: ===== Executing 12.0.0a30 ===== 
2025-08-26T23:08:25,066483Z dirac-jobexec INFO: Running in MultiProcessor is not allowed here
2025-08-26T23:08:25,066579Z dirac-jobexec/CreateDataFile INFO: Creating Ganga data file data.py from scratch
2025-08-26T23:08:28,141503Z dirac-jobexec/CreateDataFile INFO: Created Ganga data file data.py
2025-08-26T23:08:28,141670Z dirac-jobexec/CreateDataFile INFO: ===== Terminating 12.0.0a30 ===== 
2025-08-26T23:08:28,145685Z dirac-jobexec/LHCbScript INFO: Command is: /cvmfs/lhcb.cern.ch/lhcbdirac/versions/v12.0.0a30-1755085183/Linux-x86_64/bin/python3 jobScript/GaudiExec_afernez_Job_494.8_f13e03bc-78a2-4569-adcf-4f9bdb2798a3_script.py
2025-08-26T23:49:16,928616Z dirac-jobexec/LHCbScript INFO: /cvmfs/lhcb.cern.ch/lhcbdirac/versions/v12.0.0a30-1755085183/Linux-x86_64/bin/python3 jobScript/GaudiExec_afernez_Job_494.8_f13e03bc-78a2-4569-adcf-4f9bdb2798a3_script.py execution completed with status 0
2025-08-26T23:49:16,929471Z dirac-jobexec/LHCbScript INFO: Output written to Script1_Ganga_GaudiExec.log, execution complete.
2025-08-26T23:49:19,708648Z dirac-jobexec/LHCbScript INFO: GaudiExec successful
2025-08-26T23:49:19,708869Z dirac-jobexec/LHCbScript INFO: ===== Terminating <class 'LHCbDIRAC.Workflow.Modules.LHCbScript.LHCbScript'> ===== 
2025-08-26T23:49:19,714732Z dirac-jobexec/FileUsage INFO: ===== Executing 12.0.0a30 ===== 
2025-08-26T23:49:19,714962Z dirac-jobexec/FileUsage INFO: Popularity report =  {'/lhcb/MC/2016/D0TAUNU.SAFESTRIPTRIG.DST/00140840/0000/': 1}
2025-08-26T23:49:21,797022Z dirac-jobexec/FileUsage INFO: Reporting input file usage successful!
2025-08-26T23:49:21,797131Z dirac-jobexec/FileUsage INFO: ===== Terminating 12.0.0a30 ===== 
2025-08-26T23:49:21,800381Z dirac-jobexec/UserJobFinalization INFO: ===== Executing 12.0.0a30 ===== 
2025-08-26T23:49:21,800487Z dirac-jobexec/DIRAC.DataManagementSystem.Utilities.ResolveSE INFO: Resolving workflow output SE description Tier1-USER
2025-08-26T23:49:21,804034Z dirac-jobexec/DIRAC.DataManagementSystem.Utilities.ResolveSE INFO: Found SEs, local first: ['PIC-USER', 'SARA-USER', 'GRIDKA-USER', 'CNAF-USER', 'RAL-USER', 'IN2P3-USER', 'CERN-USER']
2025-08-26T23:49:21,804113Z dirac-jobexec/DIRAC.DataManagementSystem.Utilities.ResolveSE INFO: Resolving workflow output SE description Tier1-Failover
2025-08-26T23:49:21,806015Z dirac-jobexec/DIRAC.DataManagementSystem.Utilities.ResolveSE INFO: Found SEs, local first: ['SARA-FAILOVER', 'PIC-FAILOVER', 'CNAF-FAILOVER', 'GRIDKA-FAILOVER', 'CERN-EOS-FAILOVER', 'IN2P3-FAILOVER', 'RAL-FAILOVER']
2025-08-26T23:49:21,806202Z dirac-jobexec/UserJobFinalization INFO: User specified output file list is: *.root
2025-08-26T23:49:21,806594Z dirac-jobexec/UserJobFinalization INFO: Found a pattern in the output data file list,           extra files to upload are: mc.root
2025-08-26T23:49:21,806649Z dirac-jobexec/UserJobFinalization INFO: Final list of files to upload are: mc.root
2025-08-26T23:49:21,806691Z dirac-jobexec/UserJobFinalization INFO: Constructing user output LFN(s) for mc.root
2025-08-26T23:49:23,925266Z dirac-jobexec/ProductionData INFO: Created the following output data LFN(s):
/lhcb/user/a/afernez/2025_08/1164942/1164942596/mc.root
2025-08-26T23:49:23,925438Z dirac-jobexec/UserJobFinalization INFO: No outputDataFileMask provided, the files with all the extensions will be considered
2025-08-26T23:49:23,925491Z dirac-jobexec/UserJobFinalization INFO: No outputDataStep provided, the files output of all the steps will be considered
2025-08-26T23:49:23,925550Z dirac-jobexec/UserJobFinalization INFO: Will search for POOL GUIDs for: mc.root
2025-08-26T23:49:23,974066Z dirac-jobexec INFO: GUIDs not found from POOL XML Catalogue (and were generated) for: mc.root
2025-08-26T23:49:23,974164Z dirac-jobexec/UserJobFinalization WARN: PoolXMLFile generated GUID(s) for the following files  mc.root
2025-08-26T23:49:24,026684Z dirac-jobexec/DIRAC.DataManagementSystem.Utilities.ResolveSE INFO: Resolving workflow output SE description Tier1-USER
2025-08-26T23:49:24,028949Z dirac-jobexec/DIRAC.DataManagementSystem.Utilities.ResolveSE INFO: Found associated SEs ['CERN-USER'] in /Resources/Countries/cern/AssociatedSEs/Tier1-USER
2025-08-26T23:49:24,029051Z dirac-jobexec/UserJobFinalization INFO: Ordered list of output SEs is: CERN-USER, GRIDKA-USER, IN2P3-USER, CNAF-USER, SARA-USER, RAL-USER, PIC-USER
2025-08-26T23:49:24,029109Z dirac-jobexec/UserJobFinalization INFO: Creating DISABLE_WATCHDOG_CPU_WALLCLOCK_CHECK in order to disable the Watchdog
2025-08-26T23:49:24,029338Z dirac-jobexec/UserJobFinalization INFO: Attempting to store mc.root to the following SE(s): CERN-USER, GRIDKA-USER, IN2P3-USER, CNAF-USER, SARA-USER, RAL-USER, PIC-USER
2025-08-26T23:49:24,029408Z dirac-jobexec/FailoverTransfer INFO: Attempting dm.putAndRegister ('/lhcb/user/a/afernez/2025_08/1164942/1164942596/mc.root','/tmp/1164942596/mc.root','CERN-USER',guid='AB8C6343-31C3-2F7A-803F-AB04B01C93CD',catalog='None', checksum = 'f3ee6820')
2025-08-26T23:50:01,583715Z dirac-jobexec/FailoverTransfer INFO: dm.putAndRegister successfully uploaded and registered mc.root to CERN-USER
2025-08-26T23:50:05,287833Z dirac-jobexec/UserJobFinalization INFO: ===== Terminating 12.0.0a30 ===== 
